This file contains any messages produced by compilers while
running configure, to aid debugging if configure makes a mistake.

It was created by configure, which was
generated by GNU Autoconf 2.63.  Invocation command line was

  $ /scratch/ptc/ppm/work/mpich2-1.4.1p1/src/pmi/simple/configure --prefix=/scratch/ptc/prefix-O2/mpich2/1.4.1p1 FC=ifort CFLAGS=-D_LARGEFILE_SOURCE -D_LARGEFILE64_SOURCE -D_FILE_OFFSET_BITS=64 -O2 -O2 CC=icc CFLAGS=-D_LARGEFILE_SOURCE -D_LARGEFILE64_SOURCE -D_FILE_OFFSET_BITS=64 -O2 -O2 CXX=icpc CXXFLAGS=-O2 -O2 --enable-fc --enable-fast=defopt --enable-timer-type=gettimeofday --with-mpe RSHCOMMAND=/usr/bin/ssh --disable-dependencies --disable-option-checking

## --------- ##
## Platform. ##
## --------- ##

hostname = mitsuko.aer.mw.tum.de
uname -m = x86_64
uname -r = 2.6.32-431.1.2.el6.x86_64
uname -s = Linux
uname -v = #1 SMP Thu Dec 12 13:59:19 CST 2013

/usr/bin/uname -p = unknown
/bin/uname -X     = unknown

/bin/arch              = x86_64
/usr/bin/arch -k       = unknown
/usr/convex/getsysinfo = unknown
/usr/bin/hostinfo      = unknown
/bin/machine           = unknown
/usr/bin/oslevel       = unknown
/bin/universe          = unknown

PATH: /scratch/utils/SublimeText2
PATH: /scratch2/utils/swftools-2013-02-19-1826/work/bin
PATH: /global/tecplotchorus2012r3/bin
PATH: /global/ANSYS/v145/CFD-Post/bin
PATH: /global/ANSYS/v145/icemcfd/linux64_amd/bin
PATH: /global/ANSYS/v145/fluent/bin
PATH: /scratch2/utils/matlab2009/bin
PATH: /scratch2/utils/nasm/bin
PATH: /global/tecplot2012/bin
PATH: /scratch2/utils/tgif-QPL-4.2.2
PATH: /scratch2/utils/Adobe/Reader9/bin
PATH: /scratch2/project/trunk/punto/local/bin
PATH: /scratch2/ptc/prefix-O2/mpich2/1.4.1p1/bin
PATH: /global/intel/composer_xe_2013.3.163/bin/intel64
PATH: /global/intel/composerxe/bin
PATH: /global/bin
PATH: /global/texlive/2013/bin/x86_64-linux
PATH: /global/bin
PATH: /global/texlive/2013/bin/x86_64-linux
PATH: /global/bin
PATH: /global/texlive/2013/bin/x86_64-linux
PATH: /usr/lib64/qt-3.3/bin
PATH: /usr/local/bin
PATH: /usr/bin
PATH: /bin
PATH: /usr/local/sbin
PATH: /usr/sbin
PATH: /sbin
PATH: /global/ANSYS/v145/icemcfd/linux64_amd/bin
PATH: /global/ANSYS/v145/CFX/bin
PATH: /global/intel/composer_xe_2013.3.163/bin
PATH: /global/tecplot2013/bin
PATH: /global/tecplotchorusde2013r1/bin
PATH: /global/ANSYS/v145/icemcfd/linux64_amd/bin
PATH: /global/ANSYS/v145/CFX/bin
PATH: /global/intel/composer_xe_2013.3.163/bin
PATH: /global/tecplot2013/bin
PATH: /global/tecplotchorusde2013r1/bin
PATH: /global/ANSYS/v145/icemcfd/linux64_amd/bin
PATH: /global/ANSYS/v145/CFX/bin
PATH: /global/intel/composer_xe_2013.3.163/bin
PATH: /global/tecplot2013/bin
PATH: /global/tecplotchorusde2013r1/bin


## ----------- ##
## Core tests. ##
## ----------- ##

configure:1989: checking for make
configure:2005: found /usr/bin/make
configure:2016: result: make
configure:2030: checking whether clock skew breaks make
configure:2055: result: no
configure:2065: checking whether make supports include
configure:2093: result: no
configure:2102: checking whether make allows comments in actions
configure:2129: result: no
configure:2134: WARNING: Your make does not allow comments in target code.
Using this make may cause problems when building programs.
You should consider using gnumake instead.
configure:2143: checking for virtual path format
configure:2186: result: VPATH
configure:2196: checking whether make sets CFLAGS
configure:2222: result: yes
configure:2315: checking for gcc
configure:2342: result: icc
configure:2574: checking for C compiler version
configure:2582: icc --version >&5
icc (ICC) 13.1.1 20130313
Copyright (C) 1985-2013 Intel Corporation.  All rights reserved.

configure:2586: $? = 0
configure:2593: icc -v >&5
icc version 13.1.1 (gcc version 4.4.7 compatibility)
configure:2597: $? = 0
configure:2604: icc -V >&5
Intel(R) C Intel(R) 64 Compiler XE for applications running on Intel(R) 64, Version 13.1.1.163 Build 20130313
Copyright (C) 1985-2013 Intel Corporation.  All rights reserved.
FOR NON-COMMERCIAL USE ONLY

configure:2608: $? = 0
configure:2631: checking for C compiler default output file name
configure:2653: icc -D_LARGEFILE_SOURCE -D_LARGEFILE64_SOURCE -D_FILE_OFFSET_BITS=64 -O2 -O2  -I/scratch/ptc/ppm/work/mpich2-1.4.1p1/src/mpl/include -I/scratch/ptc/ppm/work/mpich2-1.4.1p1/src/mpl/include -I/scratch/ptc/ppm/work/mpich2-1.4.1p1/src/openpa/src -I/scratch/ptc/ppm/work/mpich2-1.4.1p1/src/openpa/src -I/scratch/ptc/ppm/work/mpich2-1.4.1p1/src/mpid/ch3/include -I/scratch/ptc/ppm/work/mpich2-1.4.1p1/src/mpid/ch3/include -I/scratch/ptc/ppm/work/mpich2-1.4.1p1/src/mpid/common/datatype -I/scratch/ptc/ppm/work/mpich2-1.4.1p1/src/mpid/common/datatype -I/scratch/ptc/ppm/work/mpich2-1.4.1p1/src/mpid/common/locks -I/scratch/ptc/ppm/work/mpich2-1.4.1p1/src/mpid/common/locks -I/scratch/ptc/ppm/work/mpich2-1.4.1p1/src/mpid/ch3/channels/nemesis/include -I/scratch/ptc/ppm/work/mpich2-1.4.1p1/src/mpid/ch3/channels/nemesis/include -I/scratch/ptc/ppm/work/mpich2-1.4.1p1/src/mpid/ch3/channels/nemesis/nemesis/include -I/scratch/ptc/ppm/work/mpich2-1.4.1p1/src/mpid/ch3/channels/nemesis/nemesis/include -I/scratch/ptc/ppm/work/mpich2-1.4.1p1/src/mpid/ch3/channels/nemesis/nemesis/utils/monitor -I/scratch/ptc/ppm/work/mpich2-1.4.1p1/src/mpid/ch3/channels/nemesis/nemesis/utils/monitor -I/scratch/ptc/ppm/work/mpich2-1.4.1p1/src/util/wrappers -I/scratch/ptc/ppm/work/mpich2-1.4.1p1/src/util/wrappers   conftest.c -lrt -lpthread   >&5
configure:2657: $? = 0
configure:2695: result: a.out
configure:2714: checking whether the C compiler works
configure:2724: ./a.out
configure:2728: $? = 0
configure:2747: result: yes
configure:2754: checking whether we are cross compiling
configure:2756: result: no
configure:2759: checking for suffix of executables
configure:2766: icc -o conftest -D_LARGEFILE_SOURCE -D_LARGEFILE64_SOURCE -D_FILE_OFFSET_BITS=64 -O2 -O2  -I/scratch/ptc/ppm/work/mpich2-1.4.1p1/src/mpl/include -I/scratch/ptc/ppm/work/mpich2-1.4.1p1/src/mpl/include -I/scratch/ptc/ppm/work/mpich2-1.4.1p1/src/openpa/src -I/scratch/ptc/ppm/work/mpich2-1.4.1p1/src/openpa/src -I/scratch/ptc/ppm/work/mpich2-1.4.1p1/src/mpid/ch3/include -I/scratch/ptc/ppm/work/mpich2-1.4.1p1/src/mpid/ch3/include -I/scratch/ptc/ppm/work/mpich2-1.4.1p1/src/mpid/common/datatype -I/scratch/ptc/ppm/work/mpich2-1.4.1p1/src/mpid/common/datatype -I/scratch/ptc/ppm/work/mpich2-1.4.1p1/src/mpid/common/locks -I/scratch/ptc/ppm/work/mpich2-1.4.1p1/src/mpid/common/locks -I/scratch/ptc/ppm/work/mpich2-1.4.1p1/src/mpid/ch3/channels/nemesis/include -I/scratch/ptc/ppm/work/mpich2-1.4.1p1/src/mpid/ch3/channels/nemesis/include -I/scratch/ptc/ppm/work/mpich2-1.4.1p1/src/mpid/ch3/channels/nemesis/nemesis/include -I/scratch/ptc/ppm/work/mpich2-1.4.1p1/src/mpid/ch3/channels/nemesis/nemesis/include -I/scratch/ptc/ppm/work/mpich2-1.4.1p1/src/mpid/ch3/channels/nemesis/nemesis/utils/monitor -I/scratch/ptc/ppm/work/mpich2-1.4.1p1/src/mpid/ch3/channels/nemesis/nemesis/utils/monitor -I/scratch/ptc/ppm/work/mpich2-1.4.1p1/src/util/wrappers -I/scratch/ptc/ppm/work/mpich2-1.4.1p1/src/util/wrappers   conftest.c -lrt -lpthread   >&5
configure:2770: $? = 0
configure:2796: result: 
configure:2802: checking for suffix of object files
configure:2828: icc -c -D_LARGEFILE_SOURCE -D_LARGEFILE64_SOURCE -D_FILE_OFFSET_BITS=64 -O2 -O2  -I/scratch/ptc/ppm/work/mpich2-1.4.1p1/src/mpl/include -I/scratch/ptc/ppm/work/mpich2-1.4.1p1/src/mpl/include -I/scratch/ptc/ppm/work/mpich2-1.4.1p1/src/openpa/src -I/scratch/ptc/ppm/work/mpich2-1.4.1p1/src/openpa/src -I/scratch/ptc/ppm/work/mpich2-1.4.1p1/src/mpid/ch3/include -I/scratch/ptc/ppm/work/mpich2-1.4.1p1/src/mpid/ch3/include -I/scratch/ptc/ppm/work/mpich2-1.4.1p1/src/mpid/common/datatype -I/scratch/ptc/ppm/work/mpich2-1.4.1p1/src/mpid/common/datatype -I/scratch/ptc/ppm/work/mpich2-1.4.1p1/src/mpid/common/locks -I/scratch/ptc/ppm/work/mpich2-1.4.1p1/src/mpid/common/locks -I/scratch/ptc/ppm/work/mpich2-1.4.1p1/src/mpid/ch3/channels/nemesis/include -I/scratch/ptc/ppm/work/mpich2-1.4.1p1/src/mpid/ch3/channels/nemesis/include -I/scratch/ptc/ppm/work/mpich2-1.4.1p1/src/mpid/ch3/channels/nemesis/nemesis/include -I/scratch/ptc/ppm/work/mpich2-1.4.1p1/src/mpid/ch3/channels/nemesis/nemesis/include -I/scratch/ptc/ppm/work/mpich2-1.4.1p1/src/mpid/ch3/channels/nemesis/nemesis/utils/monitor -I/scratch/ptc/ppm/work/mpich2-1.4.1p1/src/mpid/ch3/channels/nemesis/nemesis/utils/monitor -I/scratch/ptc/ppm/work/mpich2-1.4.1p1/src/util/wrappers -I/scratch/ptc/ppm/work/mpich2-1.4.1p1/src/util/wrappers conftest.c >&5
configure:2832: $? = 0
configure:2857: result: o
configure:2861: checking whether we are using the GNU C compiler
configure:2890: icc -c -D_LARGEFILE_SOURCE -D_LARGEFILE64_SOURCE -D_FILE_OFFSET_BITS=64 -O2 -O2  -I/scratch/ptc/ppm/work/mpich2-1.4.1p1/src/mpl/include -I/scratch/ptc/ppm/work/mpich2-1.4.1p1/src/mpl/include -I/scratch/ptc/ppm/work/mpich2-1.4.1p1/src/openpa/src -I/scratch/ptc/ppm/work/mpich2-1.4.1p1/src/openpa/src -I/scratch/ptc/ppm/work/mpich2-1.4.1p1/src/mpid/ch3/include -I/scratch/ptc/ppm/work/mpich2-1.4.1p1/src/mpid/ch3/include -I/scratch/ptc/ppm/work/mpich2-1.4.1p1/src/mpid/common/datatype -I/scratch/ptc/ppm/work/mpich2-1.4.1p1/src/mpid/common/datatype -I/scratch/ptc/ppm/work/mpich2-1.4.1p1/src/mpid/common/locks -I/scratch/ptc/ppm/work/mpich2-1.4.1p1/src/mpid/common/locks -I/scratch/ptc/ppm/work/mpich2-1.4.1p1/src/mpid/ch3/channels/nemesis/include -I/scratch/ptc/ppm/work/mpich2-1.4.1p1/src/mpid/ch3/channels/nemesis/include -I/scratch/ptc/ppm/work/mpich2-1.4.1p1/src/mpid/ch3/channels/nemesis/nemesis/include -I/scratch/ptc/ppm/work/mpich2-1.4.1p1/src/mpid/ch3/channels/nemesis/nemesis/include -I/scratch/ptc/ppm/work/mpich2-1.4.1p1/src/mpid/ch3/channels/nemesis/nemesis/utils/monitor -I/scratch/ptc/ppm/work/mpich2-1.4.1p1/src/mpid/ch3/channels/nemesis/nemesis/utils/monitor -I/scratch/ptc/ppm/work/mpich2-1.4.1p1/src/util/wrappers -I/scratch/ptc/ppm/work/mpich2-1.4.1p1/src/util/wrappers conftest.c >&5
configure:2897: $? = 0
configure:2914: result: yes
configure:2923: checking whether icc accepts -g
configure:2953: icc -c -g  -I/scratch/ptc/ppm/work/mpich2-1.4.1p1/src/mpl/include -I/scratch/ptc/ppm/work/mpich2-1.4.1p1/src/mpl/include -I/scratch/ptc/ppm/work/mpich2-1.4.1p1/src/openpa/src -I/scratch/ptc/ppm/work/mpich2-1.4.1p1/src/openpa/src -I/scratch/ptc/ppm/work/mpich2-1.4.1p1/src/mpid/ch3/include -I/scratch/ptc/ppm/work/mpich2-1.4.1p1/src/mpid/ch3/include -I/scratch/ptc/ppm/work/mpich2-1.4.1p1/src/mpid/common/datatype -I/scratch/ptc/ppm/work/mpich2-1.4.1p1/src/mpid/common/datatype -I/scratch/ptc/ppm/work/mpich2-1.4.1p1/src/mpid/common/locks -I/scratch/ptc/ppm/work/mpich2-1.4.1p1/src/mpid/common/locks -I/scratch/ptc/ppm/work/mpich2-1.4.1p1/src/mpid/ch3/channels/nemesis/include -I/scratch/ptc/ppm/work/mpich2-1.4.1p1/src/mpid/ch3/channels/nemesis/include -I/scratch/ptc/ppm/work/mpich2-1.4.1p1/src/mpid/ch3/channels/nemesis/nemesis/include -I/scratch/ptc/ppm/work/mpich2-1.4.1p1/src/mpid/ch3/channels/nemesis/nemesis/include -I/scratch/ptc/ppm/work/mpich2-1.4.1p1/src/mpid/ch3/channels/nemesis/nemesis/utils/monitor -I/scratch/ptc/ppm/work/mpich2-1.4.1p1/src/mpid/ch3/channels/nemesis/nemesis/utils/monitor -I/scratch/ptc/ppm/work/mpich2-1.4.1p1/src/util/wrappers -I/scratch/ptc/ppm/work/mpich2-1.4.1p1/src/util/wrappers conftest.c >&5
configure:2960: $? = 0
configure:3061: result: yes
configure:3078: checking for icc option to accept ISO C89
configure:3152: icc  -c -D_LARGEFILE_SOURCE -D_LARGEFILE64_SOURCE -D_FILE_OFFSET_BITS=64 -O2 -O2  -I/scratch/ptc/ppm/work/mpich2-1.4.1p1/src/mpl/include -I/scratch/ptc/ppm/work/mpich2-1.4.1p1/src/mpl/include -I/scratch/ptc/ppm/work/mpich2-1.4.1p1/src/openpa/src -I/scratch/ptc/ppm/work/mpich2-1.4.1p1/src/openpa/src -I/scratch/ptc/ppm/work/mpich2-1.4.1p1/src/mpid/ch3/include -I/scratch/ptc/ppm/work/mpich2-1.4.1p1/src/mpid/ch3/include -I/scratch/ptc/ppm/work/mpich2-1.4.1p1/src/mpid/common/datatype -I/scratch/ptc/ppm/work/mpich2-1.4.1p1/src/mpid/common/datatype -I/scratch/ptc/ppm/work/mpich2-1.4.1p1/src/mpid/common/locks -I/scratch/ptc/ppm/work/mpich2-1.4.1p1/src/mpid/common/locks -I/scratch/ptc/ppm/work/mpich2-1.4.1p1/src/mpid/ch3/channels/nemesis/include -I/scratch/ptc/ppm/work/mpich2-1.4.1p1/src/mpid/ch3/channels/nemesis/include -I/scratch/ptc/ppm/work/mpich2-1.4.1p1/src/mpid/ch3/channels/nemesis/nemesis/include -I/scratch/ptc/ppm/work/mpich2-1.4.1p1/src/mpid/ch3/channels/nemesis/nemesis/include -I/scratch/ptc/ppm/work/mpich2-1.4.1p1/src/mpid/ch3/channels/nemesis/nemesis/utils/monitor -I/scratch/ptc/ppm/work/mpich2-1.4.1p1/src/mpid/ch3/channels/nemesis/nemesis/utils/monitor -I/scratch/ptc/ppm/work/mpich2-1.4.1p1/src/util/wrappers -I/scratch/ptc/ppm/work/mpich2-1.4.1p1/src/util/wrappers conftest.c >&5
configure:3159: $? = 0
configure:3182: result: none needed
configure:3206: checking how to run the C preprocessor
configure:3246: icc -E  -I/scratch/ptc/ppm/work/mpich2-1.4.1p1/src/mpl/include -I/scratch/ptc/ppm/work/mpich2-1.4.1p1/src/mpl/include -I/scratch/ptc/ppm/work/mpich2-1.4.1p1/src/openpa/src -I/scratch/ptc/ppm/work/mpich2-1.4.1p1/src/openpa/src -I/scratch/ptc/ppm/work/mpich2-1.4.1p1/src/mpid/ch3/include -I/scratch/ptc/ppm/work/mpich2-1.4.1p1/src/mpid/ch3/include -I/scratch/ptc/ppm/work/mpich2-1.4.1p1/src/mpid/common/datatype -I/scratch/ptc/ppm/work/mpich2-1.4.1p1/src/mpid/common/datatype -I/scratch/ptc/ppm/work/mpich2-1.4.1p1/src/mpid/common/locks -I/scratch/ptc/ppm/work/mpich2-1.4.1p1/src/mpid/common/locks -I/scratch/ptc/ppm/work/mpich2-1.4.1p1/src/mpid/ch3/channels/nemesis/include -I/scratch/ptc/ppm/work/mpich2-1.4.1p1/src/mpid/ch3/channels/nemesis/include -I/scratch/ptc/ppm/work/mpich2-1.4.1p1/src/mpid/ch3/channels/nemesis/nemesis/include -I/scratch/ptc/ppm/work/mpich2-1.4.1p1/src/mpid/ch3/channels/nemesis/nemesis/include -I/scratch/ptc/ppm/work/mpich2-1.4.1p1/src/mpid/ch3/channels/nemesis/nemesis/utils/monitor -I/scratch/ptc/ppm/work/mpich2-1.4.1p1/src/mpid/ch3/channels/nemesis/nemesis/utils/monitor -I/scratch/ptc/ppm/work/mpich2-1.4.1p1/src/util/wrappers -I/scratch/ptc/ppm/work/mpich2-1.4.1p1/src/util/wrappers conftest.c
configure:3253: $? = 0
configure:3284: icc -E  -I/scratch/ptc/ppm/work/mpich2-1.4.1p1/src/mpl/include -I/scratch/ptc/ppm/work/mpich2-1.4.1p1/src/mpl/include -I/scratch/ptc/ppm/work/mpich2-1.4.1p1/src/openpa/src -I/scratch/ptc/ppm/work/mpich2-1.4.1p1/src/openpa/src -I/scratch/ptc/ppm/work/mpich2-1.4.1p1/src/mpid/ch3/include -I/scratch/ptc/ppm/work/mpich2-1.4.1p1/src/mpid/ch3/include -I/scratch/ptc/ppm/work/mpich2-1.4.1p1/src/mpid/common/datatype -I/scratch/ptc/ppm/work/mpich2-1.4.1p1/src/mpid/common/datatype -I/scratch/ptc/ppm/work/mpich2-1.4.1p1/src/mpid/common/locks -I/scratch/ptc/ppm/work/mpich2-1.4.1p1/src/mpid/common/locks -I/scratch/ptc/ppm/work/mpich2-1.4.1p1/src/mpid/ch3/channels/nemesis/include -I/scratch/ptc/ppm/work/mpich2-1.4.1p1/src/mpid/ch3/channels/nemesis/include -I/scratch/ptc/ppm/work/mpich2-1.4.1p1/src/mpid/ch3/channels/nemesis/nemesis/include -I/scratch/ptc/ppm/work/mpich2-1.4.1p1/src/mpid/ch3/channels/nemesis/nemesis/include -I/scratch/ptc/ppm/work/mpich2-1.4.1p1/src/mpid/ch3/channels/nemesis/nemesis/utils/monitor -I/scratch/ptc/ppm/work/mpich2-1.4.1p1/src/mpid/ch3/channels/nemesis/nemesis/utils/monitor -I/scratch/ptc/ppm/work/mpich2-1.4.1p1/src/util/wrappers -I/scratch/ptc/ppm/work/mpich2-1.4.1p1/src/util/wrappers conftest.c
conftest.c(8): error #2379: cannot open source file "ac_nonexistent.h"
  #include <ac_nonexistent.h>
                             ^

configure:3291: $? = 2
configure: failed program was:
| /* confdefs.h.  */
| #define PACKAGE_NAME ""
| #define PACKAGE_TARNAME ""
| #define PACKAGE_VERSION ""
| #define PACKAGE_STRING ""
| #define PACKAGE_BUGREPORT ""
| /* end confdefs.h.  */
| #include <ac_nonexistent.h>
configure:3324: result: icc -E
configure:3353: icc -E  -I/scratch/ptc/ppm/work/mpich2-1.4.1p1/src/mpl/include -I/scratch/ptc/ppm/work/mpich2-1.4.1p1/src/mpl/include -I/scratch/ptc/ppm/work/mpich2-1.4.1p1/src/openpa/src -I/scratch/ptc/ppm/work/mpich2-1.4.1p1/src/openpa/src -I/scratch/ptc/ppm/work/mpich2-1.4.1p1/src/mpid/ch3/include -I/scratch/ptc/ppm/work/mpich2-1.4.1p1/src/mpid/ch3/include -I/scratch/ptc/ppm/work/mpich2-1.4.1p1/src/mpid/common/datatype -I/scratch/ptc/ppm/work/mpich2-1.4.1p1/src/mpid/common/datatype -I/scratch/ptc/ppm/work/mpich2-1.4.1p1/src/mpid/common/locks -I/scratch/ptc/ppm/work/mpich2-1.4.1p1/src/mpid/common/locks -I/scratch/ptc/ppm/work/mpich2-1.4.1p1/src/mpid/ch3/channels/nemesis/include -I/scratch/ptc/ppm/work/mpich2-1.4.1p1/src/mpid/ch3/channels/nemesis/include -I/scratch/ptc/ppm/work/mpich2-1.4.1p1/src/mpid/ch3/channels/nemesis/nemesis/include -I/scratch/ptc/ppm/work/mpich2-1.4.1p1/src/mpid/ch3/channels/nemesis/nemesis/include -I/scratch/ptc/ppm/work/mpich2-1.4.1p1/src/mpid/ch3/channels/nemesis/nemesis/utils/monitor -I/scratch/ptc/ppm/work/mpich2-1.4.1p1/src/mpid/ch3/channels/nemesis/nemesis/utils/monitor -I/scratch/ptc/ppm/work/mpich2-1.4.1p1/src/util/wrappers -I/scratch/ptc/ppm/work/mpich2-1.4.1p1/src/util/wrappers conftest.c
configure:3360: $? = 0
configure:3391: icc -E  -I/scratch/ptc/ppm/work/mpich2-1.4.1p1/src/mpl/include -I/scratch/ptc/ppm/work/mpich2-1.4.1p1/src/mpl/include -I/scratch/ptc/ppm/work/mpich2-1.4.1p1/src/openpa/src -I/scratch/ptc/ppm/work/mpich2-1.4.1p1/src/openpa/src -I/scratch/ptc/ppm/work/mpich2-1.4.1p1/src/mpid/ch3/include -I/scratch/ptc/ppm/work/mpich2-1.4.1p1/src/mpid/ch3/include -I/scratch/ptc/ppm/work/mpich2-1.4.1p1/src/mpid/common/datatype -I/scratch/ptc/ppm/work/mpich2-1.4.1p1/src/mpid/common/datatype -I/scratch/ptc/ppm/work/mpich2-1.4.1p1/src/mpid/common/locks -I/scratch/ptc/ppm/work/mpich2-1.4.1p1/src/mpid/common/locks -I/scratch/ptc/ppm/work/mpich2-1.4.1p1/src/mpid/ch3/channels/nemesis/include -I/scratch/ptc/ppm/work/mpich2-1.4.1p1/src/mpid/ch3/channels/nemesis/include -I/scratch/ptc/ppm/work/mpich2-1.4.1p1/src/mpid/ch3/channels/nemesis/nemesis/include -I/scratch/ptc/ppm/work/mpich2-1.4.1p1/src/mpid/ch3/channels/nemesis/nemesis/include -I/scratch/ptc/ppm/work/mpich2-1.4.1p1/src/mpid/ch3/channels/nemesis/nemesis/utils/monitor -I/scratch/ptc/ppm/work/mpich2-1.4.1p1/src/mpid/ch3/channels/nemesis/nemesis/utils/monitor -I/scratch/ptc/ppm/work/mpich2-1.4.1p1/src/util/wrappers -I/scratch/ptc/ppm/work/mpich2-1.4.1p1/src/util/wrappers conftest.c
conftest.c(8): error #2379: cannot open source file "ac_nonexistent.h"
  #include <ac_nonexistent.h>
                             ^

configure:3398: $? = 2
configure: failed program was:
| /* confdefs.h.  */
| #define PACKAGE_NAME ""
| #define PACKAGE_TARNAME ""
| #define PACKAGE_VERSION ""
| #define PACKAGE_STRING ""
| #define PACKAGE_BUGREPORT ""
| /* end confdefs.h.  */
| #include <ac_nonexistent.h>
configure:3438: checking for grep that handles long lines and -e
configure:3498: result: /bin/grep
configure:3503: checking for egrep
configure:3567: result: /bin/grep -E
configure:3572: checking for ANSI C header files
configure:3602: icc -c -D_LARGEFILE_SOURCE -D_LARGEFILE64_SOURCE -D_FILE_OFFSET_BITS=64 -O2 -O2  -I/scratch/ptc/ppm/work/mpich2-1.4.1p1/src/mpl/include -I/scratch/ptc/ppm/work/mpich2-1.4.1p1/src/mpl/include -I/scratch/ptc/ppm/work/mpich2-1.4.1p1/src/openpa/src -I/scratch/ptc/ppm/work/mpich2-1.4.1p1/src/openpa/src -I/scratch/ptc/ppm/work/mpich2-1.4.1p1/src/mpid/ch3/include -I/scratch/ptc/ppm/work/mpich2-1.4.1p1/src/mpid/ch3/include -I/scratch/ptc/ppm/work/mpich2-1.4.1p1/src/mpid/common/datatype -I/scratch/ptc/ppm/work/mpich2-1.4.1p1/src/mpid/common/datatype -I/scratch/ptc/ppm/work/mpich2-1.4.1p1/src/mpid/common/locks -I/scratch/ptc/ppm/work/mpich2-1.4.1p1/src/mpid/common/locks -I/scratch/ptc/ppm/work/mpich2-1.4.1p1/src/mpid/ch3/channels/nemesis/include -I/scratch/ptc/ppm/work/mpich2-1.4.1p1/src/mpid/ch3/channels/nemesis/include -I/scratch/ptc/ppm/work/mpich2-1.4.1p1/src/mpid/ch3/channels/nemesis/nemesis/include -I/scratch/ptc/ppm/work/mpich2-1.4.1p1/src/mpid/ch3/channels/nemesis/nemesis/include -I/scratch/ptc/ppm/work/mpich2-1.4.1p1/src/mpid/ch3/channels/nemesis/nemesis/utils/monitor -I/scratch/ptc/ppm/work/mpich2-1.4.1p1/src/mpid/ch3/channels/nemesis/nemesis/utils/monitor -I/scratch/ptc/ppm/work/mpich2-1.4.1p1/src/util/wrappers -I/scratch/ptc/ppm/work/mpich2-1.4.1p1/src/util/wrappers conftest.c >&5
configure:3609: $? = 0
configure:3708: icc -o conftest -D_LARGEFILE_SOURCE -D_LARGEFILE64_SOURCE -D_FILE_OFFSET_BITS=64 -O2 -O2  -I/scratch/ptc/ppm/work/mpich2-1.4.1p1/src/mpl/include -I/scratch/ptc/ppm/work/mpich2-1.4.1p1/src/mpl/include -I/scratch/ptc/ppm/work/mpich2-1.4.1p1/src/openpa/src -I/scratch/ptc/ppm/work/mpich2-1.4.1p1/src/openpa/src -I/scratch/ptc/ppm/work/mpich2-1.4.1p1/src/mpid/ch3/include -I/scratch/ptc/ppm/work/mpich2-1.4.1p1/src/mpid/ch3/include -I/scratch/ptc/ppm/work/mpich2-1.4.1p1/src/mpid/common/datatype -I/scratch/ptc/ppm/work/mpich2-1.4.1p1/src/mpid/common/datatype -I/scratch/ptc/ppm/work/mpich2-1.4.1p1/src/mpid/common/locks -I/scratch/ptc/ppm/work/mpich2-1.4.1p1/src/mpid/common/locks -I/scratch/ptc/ppm/work/mpich2-1.4.1p1/src/mpid/ch3/channels/nemesis/include -I/scratch/ptc/ppm/work/mpich2-1.4.1p1/src/mpid/ch3/channels/nemesis/include -I/scratch/ptc/ppm/work/mpich2-1.4.1p1/src/mpid/ch3/channels/nemesis/nemesis/include -I/scratch/ptc/ppm/work/mpich2-1.4.1p1/src/mpid/ch3/channels/nemesis/nemesis/include -I/scratch/ptc/ppm/work/mpich2-1.4.1p1/src/mpid/ch3/channels/nemesis/nemesis/utils/monitor -I/scratch/ptc/ppm/work/mpich2-1.4.1p1/src/mpid/ch3/channels/nemesis/nemesis/utils/monitor -I/scratch/ptc/ppm/work/mpich2-1.4.1p1/src/util/wrappers -I/scratch/ptc/ppm/work/mpich2-1.4.1p1/src/util/wrappers   conftest.c -lrt -lpthread   >&5
configure:3712: $? = 0
configure:3718: ./conftest
configure:3722: $? = 0
configure:3740: result: yes
configure:3764: checking for sys/types.h
configure:3785: icc -c -D_LARGEFILE_SOURCE -D_LARGEFILE64_SOURCE -D_FILE_OFFSET_BITS=64 -O2 -O2  -I/scratch/ptc/ppm/work/mpich2-1.4.1p1/src/mpl/include -I/scratch/ptc/ppm/work/mpich2-1.4.1p1/src/mpl/include -I/scratch/ptc/ppm/work/mpich2-1.4.1p1/src/openpa/src -I/scratch/ptc/ppm/work/mpich2-1.4.1p1/src/openpa/src -I/scratch/ptc/ppm/work/mpich2-1.4.1p1/src/mpid/ch3/include -I/scratch/ptc/ppm/work/mpich2-1.4.1p1/src/mpid/ch3/include -I/scratch/ptc/ppm/work/mpich2-1.4.1p1/src/mpid/common/datatype -I/scratch/ptc/ppm/work/mpich2-1.4.1p1/src/mpid/common/datatype -I/scratch/ptc/ppm/work/mpich2-1.4.1p1/src/mpid/common/locks -I/scratch/ptc/ppm/work/mpich2-1.4.1p1/src/mpid/common/locks -I/scratch/ptc/ppm/work/mpich2-1.4.1p1/src/mpid/ch3/channels/nemesis/include -I/scratch/ptc/ppm/work/mpich2-1.4.1p1/src/mpid/ch3/channels/nemesis/include -I/scratch/ptc/ppm/work/mpich2-1.4.1p1/src/mpid/ch3/channels/nemesis/nemesis/include -I/scratch/ptc/ppm/work/mpich2-1.4.1p1/src/mpid/ch3/channels/nemesis/nemesis/include -I/scratch/ptc/ppm/work/mpich2-1.4.1p1/src/mpid/ch3/channels/nemesis/nemesis/utils/monitor -I/scratch/ptc/ppm/work/mpich2-1.4.1p1/src/mpid/ch3/channels/nemesis/nemesis/utils/monitor -I/scratch/ptc/ppm/work/mpich2-1.4.1p1/src/util/wrappers -I/scratch/ptc/ppm/work/mpich2-1.4.1p1/src/util/wrappers conftest.c >&5
configure:3792: $? = 0
configure:3809: result: yes
configure:3764: checking for sys/stat.h
configure:3785: icc -c -D_LARGEFILE_SOURCE -D_LARGEFILE64_SOURCE -D_FILE_OFFSET_BITS=64 -O2 -O2  -I/scratch/ptc/ppm/work/mpich2-1.4.1p1/src/mpl/include -I/scratch/ptc/ppm/work/mpich2-1.4.1p1/src/mpl/include -I/scratch/ptc/ppm/work/mpich2-1.4.1p1/src/openpa/src -I/scratch/ptc/ppm/work/mpich2-1.4.1p1/src/openpa/src -I/scratch/ptc/ppm/work/mpich2-1.4.1p1/src/mpid/ch3/include -I/scratch/ptc/ppm/work/mpich2-1.4.1p1/src/mpid/ch3/include -I/scratch/ptc/ppm/work/mpich2-1.4.1p1/src/mpid/common/datatype -I/scratch/ptc/ppm/work/mpich2-1.4.1p1/src/mpid/common/datatype -I/scratch/ptc/ppm/work/mpich2-1.4.1p1/src/mpid/common/locks -I/scratch/ptc/ppm/work/mpich2-1.4.1p1/src/mpid/common/locks -I/scratch/ptc/ppm/work/mpich2-1.4.1p1/src/mpid/ch3/channels/nemesis/include -I/scratch/ptc/ppm/work/mpich2-1.4.1p1/src/mpid/ch3/channels/nemesis/include -I/scratch/ptc/ppm/work/mpich2-1.4.1p1/src/mpid/ch3/channels/nemesis/nemesis/include -I/scratch/ptc/ppm/work/mpich2-1.4.1p1/src/mpid/ch3/channels/nemesis/nemesis/include -I/scratch/ptc/ppm/work/mpich2-1.4.1p1/src/mpid/ch3/channels/nemesis/nemesis/utils/monitor -I/scratch/ptc/ppm/work/mpich2-1.4.1p1/src/mpid/ch3/channels/nemesis/nemesis/utils/monitor -I/scratch/ptc/ppm/work/mpich2-1.4.1p1/src/util/wrappers -I/scratch/ptc/ppm/work/mpich2-1.4.1p1/src/util/wrappers conftest.c >&5
configure:3792: $? = 0
configure:3809: result: yes
configure:3764: checking for stdlib.h
configure:3785: icc -c -D_LARGEFILE_SOURCE -D_LARGEFILE64_SOURCE -D_FILE_OFFSET_BITS=64 -O2 -O2  -I/scratch/ptc/ppm/work/mpich2-1.4.1p1/src/mpl/include -I/scratch/ptc/ppm/work/mpich2-1.4.1p1/src/mpl/include -I/scratch/ptc/ppm/work/mpich2-1.4.1p1/src/openpa/src -I/scratch/ptc/ppm/work/mpich2-1.4.1p1/src/openpa/src -I/scratch/ptc/ppm/work/mpich2-1.4.1p1/src/mpid/ch3/include -I/scratch/ptc/ppm/work/mpich2-1.4.1p1/src/mpid/ch3/include -I/scratch/ptc/ppm/work/mpich2-1.4.1p1/src/mpid/common/datatype -I/scratch/ptc/ppm/work/mpich2-1.4.1p1/src/mpid/common/datatype -I/scratch/ptc/ppm/work/mpich2-1.4.1p1/src/mpid/common/locks -I/scratch/ptc/ppm/work/mpich2-1.4.1p1/src/mpid/common/locks -I/scratch/ptc/ppm/work/mpich2-1.4.1p1/src/mpid/ch3/channels/nemesis/include -I/scratch/ptc/ppm/work/mpich2-1.4.1p1/src/mpid/ch3/channels/nemesis/include -I/scratch/ptc/ppm/work/mpich2-1.4.1p1/src/mpid/ch3/channels/nemesis/nemesis/include -I/scratch/ptc/ppm/work/mpich2-1.4.1p1/src/mpid/ch3/channels/nemesis/nemesis/include -I/scratch/ptc/ppm/work/mpich2-1.4.1p1/src/mpid/ch3/channels/nemesis/nemesis/utils/monitor -I/scratch/ptc/ppm/work/mpich2-1.4.1p1/src/mpid/ch3/channels/nemesis/nemesis/utils/monitor -I/scratch/ptc/ppm/work/mpich2-1.4.1p1/src/util/wrappers -I/scratch/ptc/ppm/work/mpich2-1.4.1p1/src/util/wrappers conftest.c >&5
configure:3792: $? = 0
configure:3809: result: yes
configure:3764: checking for string.h
configure:3785: icc -c -D_LARGEFILE_SOURCE -D_LARGEFILE64_SOURCE -D_FILE_OFFSET_BITS=64 -O2 -O2  -I/scratch/ptc/ppm/work/mpich2-1.4.1p1/src/mpl/include -I/scratch/ptc/ppm/work/mpich2-1.4.1p1/src/mpl/include -I/scratch/ptc/ppm/work/mpich2-1.4.1p1/src/openpa/src -I/scratch/ptc/ppm/work/mpich2-1.4.1p1/src/openpa/src -I/scratch/ptc/ppm/work/mpich2-1.4.1p1/src/mpid/ch3/include -I/scratch/ptc/ppm/work/mpich2-1.4.1p1/src/mpid/ch3/include -I/scratch/ptc/ppm/work/mpich2-1.4.1p1/src/mpid/common/datatype -I/scratch/ptc/ppm/work/mpich2-1.4.1p1/src/mpid/common/datatype -I/scratch/ptc/ppm/work/mpich2-1.4.1p1/src/mpid/common/locks -I/scratch/ptc/ppm/work/mpich2-1.4.1p1/src/mpid/common/locks -I/scratch/ptc/ppm/work/mpich2-1.4.1p1/src/mpid/ch3/channels/nemesis/include -I/scratch/ptc/ppm/work/mpich2-1.4.1p1/src/mpid/ch3/channels/nemesis/include -I/scratch/ptc/ppm/work/mpich2-1.4.1p1/src/mpid/ch3/channels/nemesis/nemesis/include -I/scratch/ptc/ppm/work/mpich2-1.4.1p1/src/mpid/ch3/channels/nemesis/nemesis/include -I/scratch/ptc/ppm/work/mpich2-1.4.1p1/src/mpid/ch3/channels/nemesis/nemesis/utils/monitor -I/scratch/ptc/ppm/work/mpich2-1.4.1p1/src/mpid/ch3/channels/nemesis/nemesis/utils/monitor -I/scratch/ptc/ppm/work/mpich2-1.4.1p1/src/util/wrappers -I/scratch/ptc/ppm/work/mpich2-1.4.1p1/src/util/wrappers conftest.c >&5
configure:3792: $? = 0
configure:3809: result: yes
configure:3764: checking for memory.h
configure:3785: icc -c -D_LARGEFILE_SOURCE -D_LARGEFILE64_SOURCE -D_FILE_OFFSET_BITS=64 -O2 -O2  -I/scratch/ptc/ppm/work/mpich2-1.4.1p1/src/mpl/include -I/scratch/ptc/ppm/work/mpich2-1.4.1p1/src/mpl/include -I/scratch/ptc/ppm/work/mpich2-1.4.1p1/src/openpa/src -I/scratch/ptc/ppm/work/mpich2-1.4.1p1/src/openpa/src -I/scratch/ptc/ppm/work/mpich2-1.4.1p1/src/mpid/ch3/include -I/scratch/ptc/ppm/work/mpich2-1.4.1p1/src/mpid/ch3/include -I/scratch/ptc/ppm/work/mpich2-1.4.1p1/src/mpid/common/datatype -I/scratch/ptc/ppm/work/mpich2-1.4.1p1/src/mpid/common/datatype -I/scratch/ptc/ppm/work/mpich2-1.4.1p1/src/mpid/common/locks -I/scratch/ptc/ppm/work/mpich2-1.4.1p1/src/mpid/common/locks -I/scratch/ptc/ppm/work/mpich2-1.4.1p1/src/mpid/ch3/channels/nemesis/include -I/scratch/ptc/ppm/work/mpich2-1.4.1p1/src/mpid/ch3/channels/nemesis/include -I/scratch/ptc/ppm/work/mpich2-1.4.1p1/src/mpid/ch3/channels/nemesis/nemesis/include -I/scratch/ptc/ppm/work/mpich2-1.4.1p1/src/mpid/ch3/channels/nemesis/nemesis/include -I/scratch/ptc/ppm/work/mpich2-1.4.1p1/src/mpid/ch3/channels/nemesis/nemesis/utils/monitor -I/scratch/ptc/ppm/work/mpich2-1.4.1p1/src/mpid/ch3/channels/nemesis/nemesis/utils/monitor -I/scratch/ptc/ppm/work/mpich2-1.4.1p1/src/util/wrappers -I/scratch/ptc/ppm/work/mpich2-1.4.1p1/src/util/wrappers conftest.c >&5
configure:3792: $? = 0
configure:3809: result: yes
configure:3764: checking for strings.h
configure:3785: icc -c -D_LARGEFILE_SOURCE -D_LARGEFILE64_SOURCE -D_FILE_OFFSET_BITS=64 -O2 -O2  -I/scratch/ptc/ppm/work/mpich2-1.4.1p1/src/mpl/include -I/scratch/ptc/ppm/work/mpich2-1.4.1p1/src/mpl/include -I/scratch/ptc/ppm/work/mpich2-1.4.1p1/src/openpa/src -I/scratch/ptc/ppm/work/mpich2-1.4.1p1/src/openpa/src -I/scratch/ptc/ppm/work/mpich2-1.4.1p1/src/mpid/ch3/include -I/scratch/ptc/ppm/work/mpich2-1.4.1p1/src/mpid/ch3/include -I/scratch/ptc/ppm/work/mpich2-1.4.1p1/src/mpid/common/datatype -I/scratch/ptc/ppm/work/mpich2-1.4.1p1/src/mpid/common/datatype -I/scratch/ptc/ppm/work/mpich2-1.4.1p1/src/mpid/common/locks -I/scratch/ptc/ppm/work/mpich2-1.4.1p1/src/mpid/common/locks -I/scratch/ptc/ppm/work/mpich2-1.4.1p1/src/mpid/ch3/channels/nemesis/include -I/scratch/ptc/ppm/work/mpich2-1.4.1p1/src/mpid/ch3/channels/nemesis/include -I/scratch/ptc/ppm/work/mpich2-1.4.1p1/src/mpid/ch3/channels/nemesis/nemesis/include -I/scratch/ptc/ppm/work/mpich2-1.4.1p1/src/mpid/ch3/channels/nemesis/nemesis/include -I/scratch/ptc/ppm/work/mpich2-1.4.1p1/src/mpid/ch3/channels/nemesis/nemesis/utils/monitor -I/scratch/ptc/ppm/work/mpich2-1.4.1p1/src/mpid/ch3/channels/nemesis/nemesis/utils/monitor -I/scratch/ptc/ppm/work/mpich2-1.4.1p1/src/util/wrappers -I/scratch/ptc/ppm/work/mpich2-1.4.1p1/src/util/wrappers conftest.c >&5
configure:3792: $? = 0
configure:3809: result: yes
configure:3764: checking for inttypes.h
configure:3785: icc -c -D_LARGEFILE_SOURCE -D_LARGEFILE64_SOURCE -D_FILE_OFFSET_BITS=64 -O2 -O2  -I/scratch/ptc/ppm/work/mpich2-1.4.1p1/src/mpl/include -I/scratch/ptc/ppm/work/mpich2-1.4.1p1/src/mpl/include -I/scratch/ptc/ppm/work/mpich2-1.4.1p1/src/openpa/src -I/scratch/ptc/ppm/work/mpich2-1.4.1p1/src/openpa/src -I/scratch/ptc/ppm/work/mpich2-1.4.1p1/src/mpid/ch3/include -I/scratch/ptc/ppm/work/mpich2-1.4.1p1/src/mpid/ch3/include -I/scratch/ptc/ppm/work/mpich2-1.4.1p1/src/mpid/common/datatype -I/scratch/ptc/ppm/work/mpich2-1.4.1p1/src/mpid/common/datatype -I/scratch/ptc/ppm/work/mpich2-1.4.1p1/src/mpid/common/locks -I/scratch/ptc/ppm/work/mpich2-1.4.1p1/src/mpid/common/locks -I/scratch/ptc/ppm/work/mpich2-1.4.1p1/src/mpid/ch3/channels/nemesis/include -I/scratch/ptc/ppm/work/mpich2-1.4.1p1/src/mpid/ch3/channels/nemesis/include -I/scratch/ptc/ppm/work/mpich2-1.4.1p1/src/mpid/ch3/channels/nemesis/nemesis/include -I/scratch/ptc/ppm/work/mpich2-1.4.1p1/src/mpid/ch3/channels/nemesis/nemesis/include -I/scratch/ptc/ppm/work/mpich2-1.4.1p1/src/mpid/ch3/channels/nemesis/nemesis/utils/monitor -I/scratch/ptc/ppm/work/mpich2-1.4.1p1/src/mpid/ch3/channels/nemesis/nemesis/utils/monitor -I/scratch/ptc/ppm/work/mpich2-1.4.1p1/src/util/wrappers -I/scratch/ptc/ppm/work/mpich2-1.4.1p1/src/util/wrappers conftest.c >&5
configure:3792: $? = 0
configure:3809: result: yes
configure:3764: checking for stdint.h
configure:3785: icc -c -D_LARGEFILE_SOURCE -D_LARGEFILE64_SOURCE -D_FILE_OFFSET_BITS=64 -O2 -O2  -I/scratch/ptc/ppm/work/mpich2-1.4.1p1/src/mpl/include -I/scratch/ptc/ppm/work/mpich2-1.4.1p1/src/mpl/include -I/scratch/ptc/ppm/work/mpich2-1.4.1p1/src/openpa/src -I/scratch/ptc/ppm/work/mpich2-1.4.1p1/src/openpa/src -I/scratch/ptc/ppm/work/mpich2-1.4.1p1/src/mpid/ch3/include -I/scratch/ptc/ppm/work/mpich2-1.4.1p1/src/mpid/ch3/include -I/scratch/ptc/ppm/work/mpich2-1.4.1p1/src/mpid/common/datatype -I/scratch/ptc/ppm/work/mpich2-1.4.1p1/src/mpid/common/datatype -I/scratch/ptc/ppm/work/mpich2-1.4.1p1/src/mpid/common/locks -I/scratch/ptc/ppm/work/mpich2-1.4.1p1/src/mpid/common/locks -I/scratch/ptc/ppm/work/mpich2-1.4.1p1/src/mpid/ch3/channels/nemesis/include -I/scratch/ptc/ppm/work/mpich2-1.4.1p1/src/mpid/ch3/channels/nemesis/include -I/scratch/ptc/ppm/work/mpich2-1.4.1p1/src/mpid/ch3/channels/nemesis/nemesis/include -I/scratch/ptc/ppm/work/mpich2-1.4.1p1/src/mpid/ch3/channels/nemesis/nemesis/include -I/scratch/ptc/ppm/work/mpich2-1.4.1p1/src/mpid/ch3/channels/nemesis/nemesis/utils/monitor -I/scratch/ptc/ppm/work/mpich2-1.4.1p1/src/mpid/ch3/channels/nemesis/nemesis/utils/monitor -I/scratch/ptc/ppm/work/mpich2-1.4.1p1/src/util/wrappers -I/scratch/ptc/ppm/work/mpich2-1.4.1p1/src/util/wrappers conftest.c >&5
configure:3792: $? = 0
configure:3809: result: yes
configure:3764: checking for unistd.h
configure:3785: icc -c -D_LARGEFILE_SOURCE -D_LARGEFILE64_SOURCE -D_FILE_OFFSET_BITS=64 -O2 -O2  -I/scratch/ptc/ppm/work/mpich2-1.4.1p1/src/mpl/include -I/scratch/ptc/ppm/work/mpich2-1.4.1p1/src/mpl/include -I/scratch/ptc/ppm/work/mpich2-1.4.1p1/src/openpa/src -I/scratch/ptc/ppm/work/mpich2-1.4.1p1/src/openpa/src -I/scratch/ptc/ppm/work/mpich2-1.4.1p1/src/mpid/ch3/include -I/scratch/ptc/ppm/work/mpich2-1.4.1p1/src/mpid/ch3/include -I/scratch/ptc/ppm/work/mpich2-1.4.1p1/src/mpid/common/datatype -I/scratch/ptc/ppm/work/mpich2-1.4.1p1/src/mpid/common/datatype -I/scratch/ptc/ppm/work/mpich2-1.4.1p1/src/mpid/common/locks -I/scratch/ptc/ppm/work/mpich2-1.4.1p1/src/mpid/common/locks -I/scratch/ptc/ppm/work/mpich2-1.4.1p1/src/mpid/ch3/channels/nemesis/include -I/scratch/ptc/ppm/work/mpich2-1.4.1p1/src/mpid/ch3/channels/nemesis/include -I/scratch/ptc/ppm/work/mpich2-1.4.1p1/src/mpid/ch3/channels/nemesis/nemesis/include -I/scratch/ptc/ppm/work/mpich2-1.4.1p1/src/mpid/ch3/channels/nemesis/nemesis/include -I/scratch/ptc/ppm/work/mpich2-1.4.1p1/src/mpid/ch3/channels/nemesis/nemesis/utils/monitor -I/scratch/ptc/ppm/work/mpich2-1.4.1p1/src/mpid/ch3/channels/nemesis/nemesis/utils/monitor -I/scratch/ptc/ppm/work/mpich2-1.4.1p1/src/util/wrappers -I/scratch/ptc/ppm/work/mpich2-1.4.1p1/src/util/wrappers conftest.c >&5
configure:3792: $? = 0
configure:3809: result: yes
configure:3833: checking for unistd.h
configure:3840: result: yes
configure:3833: checking for string.h
configure:3840: result: yes
configure:3833: checking for stdlib.h
configure:3840: result: yes
configure:3844: checking sys/socket.h usability
configure:3861: icc -c -D_LARGEFILE_SOURCE -D_LARGEFILE64_SOURCE -D_FILE_OFFSET_BITS=64 -O2 -O2  -I/scratch/ptc/ppm/work/mpich2-1.4.1p1/src/mpl/include -I/scratch/ptc/ppm/work/mpich2-1.4.1p1/src/mpl/include -I/scratch/ptc/ppm/work/mpich2-1.4.1p1/src/openpa/src -I/scratch/ptc/ppm/work/mpich2-1.4.1p1/src/openpa/src -I/scratch/ptc/ppm/work/mpich2-1.4.1p1/src/mpid/ch3/include -I/scratch/ptc/ppm/work/mpich2-1.4.1p1/src/mpid/ch3/include -I/scratch/ptc/ppm/work/mpich2-1.4.1p1/src/mpid/common/datatype -I/scratch/ptc/ppm/work/mpich2-1.4.1p1/src/mpid/common/datatype -I/scratch/ptc/ppm/work/mpich2-1.4.1p1/src/mpid/common/locks -I/scratch/ptc/ppm/work/mpich2-1.4.1p1/src/mpid/common/locks -I/scratch/ptc/ppm/work/mpich2-1.4.1p1/src/mpid/ch3/channels/nemesis/include -I/scratch/ptc/ppm/work/mpich2-1.4.1p1/src/mpid/ch3/channels/nemesis/include -I/scratch/ptc/ppm/work/mpich2-1.4.1p1/src/mpid/ch3/channels/nemesis/nemesis/include -I/scratch/ptc/ppm/work/mpich2-1.4.1p1/src/mpid/ch3/channels/nemesis/nemesis/include -I/scratch/ptc/ppm/work/mpich2-1.4.1p1/src/mpid/ch3/channels/nemesis/nemesis/utils/monitor -I/scratch/ptc/ppm/work/mpich2-1.4.1p1/src/mpid/ch3/channels/nemesis/nemesis/utils/monitor -I/scratch/ptc/ppm/work/mpich2-1.4.1p1/src/util/wrappers -I/scratch/ptc/ppm/work/mpich2-1.4.1p1/src/util/wrappers conftest.c >&5
configure:3868: $? = 0
configure:3882: result: yes
configure:3886: checking sys/socket.h presence
configure:3901: icc -E  -I/scratch/ptc/ppm/work/mpich2-1.4.1p1/src/mpl/include -I/scratch/ptc/ppm/work/mpich2-1.4.1p1/src/mpl/include -I/scratch/ptc/ppm/work/mpich2-1.4.1p1/src/openpa/src -I/scratch/ptc/ppm/work/mpich2-1.4.1p1/src/openpa/src -I/scratch/ptc/ppm/work/mpich2-1.4.1p1/src/mpid/ch3/include -I/scratch/ptc/ppm/work/mpich2-1.4.1p1/src/mpid/ch3/include -I/scratch/ptc/ppm/work/mpich2-1.4.1p1/src/mpid/common/datatype -I/scratch/ptc/ppm/work/mpich2-1.4.1p1/src/mpid/common/datatype -I/scratch/ptc/ppm/work/mpich2-1.4.1p1/src/mpid/common/locks -I/scratch/ptc/ppm/work/mpich2-1.4.1p1/src/mpid/common/locks -I/scratch/ptc/ppm/work/mpich2-1.4.1p1/src/mpid/ch3/channels/nemesis/include -I/scratch/ptc/ppm/work/mpich2-1.4.1p1/src/mpid/ch3/channels/nemesis/include -I/scratch/ptc/ppm/work/mpich2-1.4.1p1/src/mpid/ch3/channels/nemesis/nemesis/include -I/scratch/ptc/ppm/work/mpich2-1.4.1p1/src/mpid/ch3/channels/nemesis/nemesis/include -I/scratch/ptc/ppm/work/mpich2-1.4.1p1/src/mpid/ch3/channels/nemesis/nemesis/utils/monitor -I/scratch/ptc/ppm/work/mpich2-1.4.1p1/src/mpid/ch3/channels/nemesis/nemesis/utils/monitor -I/scratch/ptc/ppm/work/mpich2-1.4.1p1/src/util/wrappers -I/scratch/ptc/ppm/work/mpich2-1.4.1p1/src/util/wrappers conftest.c
configure:3908: $? = 0
configure:3922: result: yes
configure:3950: checking for sys/socket.h
configure:3959: result: yes
configure:3833: checking for strings.h
configure:3840: result: yes
configure:3844: checking assert.h usability
configure:3861: icc -c -D_LARGEFILE_SOURCE -D_LARGEFILE64_SOURCE -D_FILE_OFFSET_BITS=64 -O2 -O2  -I/scratch/ptc/ppm/work/mpich2-1.4.1p1/src/mpl/include -I/scratch/ptc/ppm/work/mpich2-1.4.1p1/src/mpl/include -I/scratch/ptc/ppm/work/mpich2-1.4.1p1/src/openpa/src -I/scratch/ptc/ppm/work/mpich2-1.4.1p1/src/openpa/src -I/scratch/ptc/ppm/work/mpich2-1.4.1p1/src/mpid/ch3/include -I/scratch/ptc/ppm/work/mpich2-1.4.1p1/src/mpid/ch3/include -I/scratch/ptc/ppm/work/mpich2-1.4.1p1/src/mpid/common/datatype -I/scratch/ptc/ppm/work/mpich2-1.4.1p1/src/mpid/common/datatype -I/scratch/ptc/ppm/work/mpich2-1.4.1p1/src/mpid/common/locks -I/scratch/ptc/ppm/work/mpich2-1.4.1p1/src/mpid/common/locks -I/scratch/ptc/ppm/work/mpich2-1.4.1p1/src/mpid/ch3/channels/nemesis/include -I/scratch/ptc/ppm/work/mpich2-1.4.1p1/src/mpid/ch3/channels/nemesis/include -I/scratch/ptc/ppm/work/mpich2-1.4.1p1/src/mpid/ch3/channels/nemesis/nemesis/include -I/scratch/ptc/ppm/work/mpich2-1.4.1p1/src/mpid/ch3/channels/nemesis/nemesis/include -I/scratch/ptc/ppm/work/mpich2-1.4.1p1/src/mpid/ch3/channels/nemesis/nemesis/utils/monitor -I/scratch/ptc/ppm/work/mpich2-1.4.1p1/src/mpid/ch3/channels/nemesis/nemesis/utils/monitor -I/scratch/ptc/ppm/work/mpich2-1.4.1p1/src/util/wrappers -I/scratch/ptc/ppm/work/mpich2-1.4.1p1/src/util/wrappers conftest.c >&5
configure:3868: $? = 0
configure:3882: result: yes
configure:3886: checking assert.h presence
configure:3901: icc -E  -I/scratch/ptc/ppm/work/mpich2-1.4.1p1/src/mpl/include -I/scratch/ptc/ppm/work/mpich2-1.4.1p1/src/mpl/include -I/scratch/ptc/ppm/work/mpich2-1.4.1p1/src/openpa/src -I/scratch/ptc/ppm/work/mpich2-1.4.1p1/src/openpa/src -I/scratch/ptc/ppm/work/mpich2-1.4.1p1/src/mpid/ch3/include -I/scratch/ptc/ppm/work/mpich2-1.4.1p1/src/mpid/ch3/include -I/scratch/ptc/ppm/work/mpich2-1.4.1p1/src/mpid/common/datatype -I/scratch/ptc/ppm/work/mpich2-1.4.1p1/src/mpid/common/datatype -I/scratch/ptc/ppm/work/mpich2-1.4.1p1/src/mpid/common/locks -I/scratch/ptc/ppm/work/mpich2-1.4.1p1/src/mpid/common/locks -I/scratch/ptc/ppm/work/mpich2-1.4.1p1/src/mpid/ch3/channels/nemesis/include -I/scratch/ptc/ppm/work/mpich2-1.4.1p1/src/mpid/ch3/channels/nemesis/include -I/scratch/ptc/ppm/work/mpich2-1.4.1p1/src/mpid/ch3/channels/nemesis/nemesis/include -I/scratch/ptc/ppm/work/mpich2-1.4.1p1/src/mpid/ch3/channels/nemesis/nemesis/include -I/scratch/ptc/ppm/work/mpich2-1.4.1p1/src/mpid/ch3/channels/nemesis/nemesis/utils/monitor -I/scratch/ptc/ppm/work/mpich2-1.4.1p1/src/mpid/ch3/channels/nemesis/nemesis/utils/monitor -I/scratch/ptc/ppm/work/mpich2-1.4.1p1/src/util/wrappers -I/scratch/ptc/ppm/work/mpich2-1.4.1p1/src/util/wrappers conftest.c
configure:3908: $? = 0
configure:3922: result: yes
configure:3950: checking for assert.h
configure:3959: result: yes
configure:3978: checking for snprintf
configure:4034: icc -o conftest -D_LARGEFILE_SOURCE -D_LARGEFILE64_SOURCE -D_FILE_OFFSET_BITS=64 -O2 -O2  -I/scratch/ptc/ppm/work/mpich2-1.4.1p1/src/mpl/include -I/scratch/ptc/ppm/work/mpich2-1.4.1p1/src/mpl/include -I/scratch/ptc/ppm/work/mpich2-1.4.1p1/src/openpa/src -I/scratch/ptc/ppm/work/mpich2-1.4.1p1/src/openpa/src -I/scratch/ptc/ppm/work/mpich2-1.4.1p1/src/mpid/ch3/include -I/scratch/ptc/ppm/work/mpich2-1.4.1p1/src/mpid/ch3/include -I/scratch/ptc/ppm/work/mpich2-1.4.1p1/src/mpid/common/datatype -I/scratch/ptc/ppm/work/mpich2-1.4.1p1/src/mpid/common/datatype -I/scratch/ptc/ppm/work/mpich2-1.4.1p1/src/mpid/common/locks -I/scratch/ptc/ppm/work/mpich2-1.4.1p1/src/mpid/common/locks -I/scratch/ptc/ppm/work/mpich2-1.4.1p1/src/mpid/ch3/channels/nemesis/include -I/scratch/ptc/ppm/work/mpich2-1.4.1p1/src/mpid/ch3/channels/nemesis/include -I/scratch/ptc/ppm/work/mpich2-1.4.1p1/src/mpid/ch3/channels/nemesis/nemesis/include -I/scratch/ptc/ppm/work/mpich2-1.4.1p1/src/mpid/ch3/channels/nemesis/nemesis/include -I/scratch/ptc/ppm/work/mpich2-1.4.1p1/src/mpid/ch3/channels/nemesis/nemesis/utils/monitor -I/scratch/ptc/ppm/work/mpich2-1.4.1p1/src/mpid/ch3/channels/nemesis/nemesis/utils/monitor -I/scratch/ptc/ppm/work/mpich2-1.4.1p1/src/util/wrappers -I/scratch/ptc/ppm/work/mpich2-1.4.1p1/src/util/wrappers   conftest.c -lrt -lpthread   >&5
configure:4041: $? = 0
configure:4063: result: yes
configure:4077: checking whether snprintf needs a declaration
configure:4105: icc -c -D_LARGEFILE_SOURCE -D_LARGEFILE64_SOURCE -D_FILE_OFFSET_BITS=64 -O2 -O2  -I/scratch/ptc/ppm/work/mpich2-1.4.1p1/src/mpl/include -I/scratch/ptc/ppm/work/mpich2-1.4.1p1/src/mpl/include -I/scratch/ptc/ppm/work/mpich2-1.4.1p1/src/openpa/src -I/scratch/ptc/ppm/work/mpich2-1.4.1p1/src/openpa/src -I/scratch/ptc/ppm/work/mpich2-1.4.1p1/src/mpid/ch3/include -I/scratch/ptc/ppm/work/mpich2-1.4.1p1/src/mpid/ch3/include -I/scratch/ptc/ppm/work/mpich2-1.4.1p1/src/mpid/common/datatype -I/scratch/ptc/ppm/work/mpich2-1.4.1p1/src/mpid/common/datatype -I/scratch/ptc/ppm/work/mpich2-1.4.1p1/src/mpid/common/locks -I/scratch/ptc/ppm/work/mpich2-1.4.1p1/src/mpid/common/locks -I/scratch/ptc/ppm/work/mpich2-1.4.1p1/src/mpid/ch3/channels/nemesis/include -I/scratch/ptc/ppm/work/mpich2-1.4.1p1/src/mpid/ch3/channels/nemesis/include -I/scratch/ptc/ppm/work/mpich2-1.4.1p1/src/mpid/ch3/channels/nemesis/nemesis/include -I/scratch/ptc/ppm/work/mpich2-1.4.1p1/src/mpid/ch3/channels/nemesis/nemesis/include -I/scratch/ptc/ppm/work/mpich2-1.4.1p1/src/mpid/ch3/channels/nemesis/nemesis/utils/monitor -I/scratch/ptc/ppm/work/mpich2-1.4.1p1/src/mpid/ch3/channels/nemesis/nemesis/utils/monitor -I/scratch/ptc/ppm/work/mpich2-1.4.1p1/src/util/wrappers -I/scratch/ptc/ppm/work/mpich2-1.4.1p1/src/util/wrappers conftest.c >&5
conftest.c(26): warning #147: declaration is incompatible with "int snprintf(char *__restrict__, size_t={unsigned long}, const char *__restrict__, ...)" (declared at line 385 of "/usr/include/stdio.h")
  int snprintf(double, int, double, const char *);
      ^

configure:4112: $? = 0
configure:4127: result: yes
configure:4143: checking for strncasecmp
configure:4199: icc -o conftest -D_LARGEFILE_SOURCE -D_LARGEFILE64_SOURCE -D_FILE_OFFSET_BITS=64 -O2 -O2  -I/scratch/ptc/ppm/work/mpich2-1.4.1p1/src/mpl/include -I/scratch/ptc/ppm/work/mpich2-1.4.1p1/src/mpl/include -I/scratch/ptc/ppm/work/mpich2-1.4.1p1/src/openpa/src -I/scratch/ptc/ppm/work/mpich2-1.4.1p1/src/openpa/src -I/scratch/ptc/ppm/work/mpich2-1.4.1p1/src/mpid/ch3/include -I/scratch/ptc/ppm/work/mpich2-1.4.1p1/src/mpid/ch3/include -I/scratch/ptc/ppm/work/mpich2-1.4.1p1/src/mpid/common/datatype -I/scratch/ptc/ppm/work/mpich2-1.4.1p1/src/mpid/common/datatype -I/scratch/ptc/ppm/work/mpich2-1.4.1p1/src/mpid/common/locks -I/scratch/ptc/ppm/work/mpich2-1.4.1p1/src/mpid/common/locks -I/scratch/ptc/ppm/work/mpich2-1.4.1p1/src/mpid/ch3/channels/nemesis/include -I/scratch/ptc/ppm/work/mpich2-1.4.1p1/src/mpid/ch3/channels/nemesis/include -I/scratch/ptc/ppm/work/mpich2-1.4.1p1/src/mpid/ch3/channels/nemesis/nemesis/include -I/scratch/ptc/ppm/work/mpich2-1.4.1p1/src/mpid/ch3/channels/nemesis/nemesis/include -I/scratch/ptc/ppm/work/mpich2-1.4.1p1/src/mpid/ch3/channels/nemesis/nemesis/utils/monitor -I/scratch/ptc/ppm/work/mpich2-1.4.1p1/src/mpid/ch3/channels/nemesis/nemesis/utils/monitor -I/scratch/ptc/ppm/work/mpich2-1.4.1p1/src/util/wrappers -I/scratch/ptc/ppm/work/mpich2-1.4.1p1/src/util/wrappers   conftest.c -lrt -lpthread   >&5
configure:4206: $? = 0
configure:4228: result: yes
configure:4271: checking for sys/types.h
configure:4278: result: yes
configure:4282: checking sys/param.h usability
configure:4299: icc -c -D_LARGEFILE_SOURCE -D_LARGEFILE64_SOURCE -D_FILE_OFFSET_BITS=64 -O2 -O2  -I/scratch/ptc/ppm/work/mpich2-1.4.1p1/src/mpl/include -I/scratch/ptc/ppm/work/mpich2-1.4.1p1/src/mpl/include -I/scratch/ptc/ppm/work/mpich2-1.4.1p1/src/openpa/src -I/scratch/ptc/ppm/work/mpich2-1.4.1p1/src/openpa/src -I/scratch/ptc/ppm/work/mpich2-1.4.1p1/src/mpid/ch3/include -I/scratch/ptc/ppm/work/mpich2-1.4.1p1/src/mpid/ch3/include -I/scratch/ptc/ppm/work/mpich2-1.4.1p1/src/mpid/common/datatype -I/scratch/ptc/ppm/work/mpich2-1.4.1p1/src/mpid/common/datatype -I/scratch/ptc/ppm/work/mpich2-1.4.1p1/src/mpid/common/locks -I/scratch/ptc/ppm/work/mpich2-1.4.1p1/src/mpid/common/locks -I/scratch/ptc/ppm/work/mpich2-1.4.1p1/src/mpid/ch3/channels/nemesis/include -I/scratch/ptc/ppm/work/mpich2-1.4.1p1/src/mpid/ch3/channels/nemesis/include -I/scratch/ptc/ppm/work/mpich2-1.4.1p1/src/mpid/ch3/channels/nemesis/nemesis/include -I/scratch/ptc/ppm/work/mpich2-1.4.1p1/src/mpid/ch3/channels/nemesis/nemesis/include -I/scratch/ptc/ppm/work/mpich2-1.4.1p1/src/mpid/ch3/channels/nemesis/nemesis/utils/monitor -I/scratch/ptc/ppm/work/mpich2-1.4.1p1/src/mpid/ch3/channels/nemesis/nemesis/utils/monitor -I/scratch/ptc/ppm/work/mpich2-1.4.1p1/src/util/wrappers -I/scratch/ptc/ppm/work/mpich2-1.4.1p1/src/util/wrappers conftest.c >&5
configure:4306: $? = 0
configure:4320: result: yes
configure:4324: checking sys/param.h presence
configure:4339: icc -E  -I/scratch/ptc/ppm/work/mpich2-1.4.1p1/src/mpl/include -I/scratch/ptc/ppm/work/mpich2-1.4.1p1/src/mpl/include -I/scratch/ptc/ppm/work/mpich2-1.4.1p1/src/openpa/src -I/scratch/ptc/ppm/work/mpich2-1.4.1p1/src/openpa/src -I/scratch/ptc/ppm/work/mpich2-1.4.1p1/src/mpid/ch3/include -I/scratch/ptc/ppm/work/mpich2-1.4.1p1/src/mpid/ch3/include -I/scratch/ptc/ppm/work/mpich2-1.4.1p1/src/mpid/common/datatype -I/scratch/ptc/ppm/work/mpich2-1.4.1p1/src/mpid/common/datatype -I/scratch/ptc/ppm/work/mpich2-1.4.1p1/src/mpid/common/locks -I/scratch/ptc/ppm/work/mpich2-1.4.1p1/src/mpid/common/locks -I/scratch/ptc/ppm/work/mpich2-1.4.1p1/src/mpid/ch3/channels/nemesis/include -I/scratch/ptc/ppm/work/mpich2-1.4.1p1/src/mpid/ch3/channels/nemesis/include -I/scratch/ptc/ppm/work/mpich2-1.4.1p1/src/mpid/ch3/channels/nemesis/nemesis/include -I/scratch/ptc/ppm/work/mpich2-1.4.1p1/src/mpid/ch3/channels/nemesis/nemesis/include -I/scratch/ptc/ppm/work/mpich2-1.4.1p1/src/mpid/ch3/channels/nemesis/nemesis/utils/monitor -I/scratch/ptc/ppm/work/mpich2-1.4.1p1/src/mpid/ch3/channels/nemesis/nemesis/utils/monitor -I/scratch/ptc/ppm/work/mpich2-1.4.1p1/src/util/wrappers -I/scratch/ptc/ppm/work/mpich2-1.4.1p1/src/util/wrappers conftest.c
configure:4346: $? = 0
configure:4360: result: yes
configure:4388: checking for sys/param.h
configure:4397: result: yes
configure:4271: checking for sys/socket.h
configure:4278: result: yes
configure:4282: checking netinet/in.h usability
configure:4299: icc -c -D_LARGEFILE_SOURCE -D_LARGEFILE64_SOURCE -D_FILE_OFFSET_BITS=64 -O2 -O2  -I/scratch/ptc/ppm/work/mpich2-1.4.1p1/src/mpl/include -I/scratch/ptc/ppm/work/mpich2-1.4.1p1/src/mpl/include -I/scratch/ptc/ppm/work/mpich2-1.4.1p1/src/openpa/src -I/scratch/ptc/ppm/work/mpich2-1.4.1p1/src/openpa/src -I/scratch/ptc/ppm/work/mpich2-1.4.1p1/src/mpid/ch3/include -I/scratch/ptc/ppm/work/mpich2-1.4.1p1/src/mpid/ch3/include -I/scratch/ptc/ppm/work/mpich2-1.4.1p1/src/mpid/common/datatype -I/scratch/ptc/ppm/work/mpich2-1.4.1p1/src/mpid/common/datatype -I/scratch/ptc/ppm/work/mpich2-1.4.1p1/src/mpid/common/locks -I/scratch/ptc/ppm/work/mpich2-1.4.1p1/src/mpid/common/locks -I/scratch/ptc/ppm/work/mpich2-1.4.1p1/src/mpid/ch3/channels/nemesis/include -I/scratch/ptc/ppm/work/mpich2-1.4.1p1/src/mpid/ch3/channels/nemesis/include -I/scratch/ptc/ppm/work/mpich2-1.4.1p1/src/mpid/ch3/channels/nemesis/nemesis/include -I/scratch/ptc/ppm/work/mpich2-1.4.1p1/src/mpid/ch3/channels/nemesis/nemesis/include -I/scratch/ptc/ppm/work/mpich2-1.4.1p1/src/mpid/ch3/channels/nemesis/nemesis/utils/monitor -I/scratch/ptc/ppm/work/mpich2-1.4.1p1/src/mpid/ch3/channels/nemesis/nemesis/utils/monitor -I/scratch/ptc/ppm/work/mpich2-1.4.1p1/src/util/wrappers -I/scratch/ptc/ppm/work/mpich2-1.4.1p1/src/util/wrappers conftest.c >&5
configure:4306: $? = 0
configure:4320: result: yes
configure:4324: checking netinet/in.h presence
configure:4339: icc -E  -I/scratch/ptc/ppm/work/mpich2-1.4.1p1/src/mpl/include -I/scratch/ptc/ppm/work/mpich2-1.4.1p1/src/mpl/include -I/scratch/ptc/ppm/work/mpich2-1.4.1p1/src/openpa/src -I/scratch/ptc/ppm/work/mpich2-1.4.1p1/src/openpa/src -I/scratch/ptc/ppm/work/mpich2-1.4.1p1/src/mpid/ch3/include -I/scratch/ptc/ppm/work/mpich2-1.4.1p1/src/mpid/ch3/include -I/scratch/ptc/ppm/work/mpich2-1.4.1p1/src/mpid/common/datatype -I/scratch/ptc/ppm/work/mpich2-1.4.1p1/src/mpid/common/datatype -I/scratch/ptc/ppm/work/mpich2-1.4.1p1/src/mpid/common/locks -I/scratch/ptc/ppm/work/mpich2-1.4.1p1/src/mpid/common/locks -I/scratch/ptc/ppm/work/mpich2-1.4.1p1/src/mpid/ch3/channels/nemesis/include -I/scratch/ptc/ppm/work/mpich2-1.4.1p1/src/mpid/ch3/channels/nemesis/include -I/scratch/ptc/ppm/work/mpich2-1.4.1p1/src/mpid/ch3/channels/nemesis/nemesis/include -I/scratch/ptc/ppm/work/mpich2-1.4.1p1/src/mpid/ch3/channels/nemesis/nemesis/include -I/scratch/ptc/ppm/work/mpich2-1.4.1p1/src/mpid/ch3/channels/nemesis/nemesis/utils/monitor -I/scratch/ptc/ppm/work/mpich2-1.4.1p1/src/mpid/ch3/channels/nemesis/nemesis/utils/monitor -I/scratch/ptc/ppm/work/mpich2-1.4.1p1/src/util/wrappers -I/scratch/ptc/ppm/work/mpich2-1.4.1p1/src/util/wrappers conftest.c
configure:4346: $? = 0
configure:4360: result: yes
configure:4388: checking for netinet/in.h
configure:4397: result: yes
configure:4282: checking netinet/tcp.h usability
configure:4299: icc -c -D_LARGEFILE_SOURCE -D_LARGEFILE64_SOURCE -D_FILE_OFFSET_BITS=64 -O2 -O2  -I/scratch/ptc/ppm/work/mpich2-1.4.1p1/src/mpl/include -I/scratch/ptc/ppm/work/mpich2-1.4.1p1/src/mpl/include -I/scratch/ptc/ppm/work/mpich2-1.4.1p1/src/openpa/src -I/scratch/ptc/ppm/work/mpich2-1.4.1p1/src/openpa/src -I/scratch/ptc/ppm/work/mpich2-1.4.1p1/src/mpid/ch3/include -I/scratch/ptc/ppm/work/mpich2-1.4.1p1/src/mpid/ch3/include -I/scratch/ptc/ppm/work/mpich2-1.4.1p1/src/mpid/common/datatype -I/scratch/ptc/ppm/work/mpich2-1.4.1p1/src/mpid/common/datatype -I/scratch/ptc/ppm/work/mpich2-1.4.1p1/src/mpid/common/locks -I/scratch/ptc/ppm/work/mpich2-1.4.1p1/src/mpid/common/locks -I/scratch/ptc/ppm/work/mpich2-1.4.1p1/src/mpid/ch3/channels/nemesis/include -I/scratch/ptc/ppm/work/mpich2-1.4.1p1/src/mpid/ch3/channels/nemesis/include -I/scratch/ptc/ppm/work/mpich2-1.4.1p1/src/mpid/ch3/channels/nemesis/nemesis/include -I/scratch/ptc/ppm/work/mpich2-1.4.1p1/src/mpid/ch3/channels/nemesis/nemesis/include -I/scratch/ptc/ppm/work/mpich2-1.4.1p1/src/mpid/ch3/channels/nemesis/nemesis/utils/monitor -I/scratch/ptc/ppm/work/mpich2-1.4.1p1/src/mpid/ch3/channels/nemesis/nemesis/utils/monitor -I/scratch/ptc/ppm/work/mpich2-1.4.1p1/src/util/wrappers -I/scratch/ptc/ppm/work/mpich2-1.4.1p1/src/util/wrappers conftest.c >&5
configure:4306: $? = 0
configure:4320: result: yes
configure:4324: checking netinet/tcp.h presence
configure:4339: icc -E  -I/scratch/ptc/ppm/work/mpich2-1.4.1p1/src/mpl/include -I/scratch/ptc/ppm/work/mpich2-1.4.1p1/src/mpl/include -I/scratch/ptc/ppm/work/mpich2-1.4.1p1/src/openpa/src -I/scratch/ptc/ppm/work/mpich2-1.4.1p1/src/openpa/src -I/scratch/ptc/ppm/work/mpich2-1.4.1p1/src/mpid/ch3/include -I/scratch/ptc/ppm/work/mpich2-1.4.1p1/src/mpid/ch3/include -I/scratch/ptc/ppm/work/mpich2-1.4.1p1/src/mpid/common/datatype -I/scratch/ptc/ppm/work/mpich2-1.4.1p1/src/mpid/common/datatype -I/scratch/ptc/ppm/work/mpich2-1.4.1p1/src/mpid/common/locks -I/scratch/ptc/ppm/work/mpich2-1.4.1p1/src/mpid/common/locks -I/scratch/ptc/ppm/work/mpich2-1.4.1p1/src/mpid/ch3/channels/nemesis/include -I/scratch/ptc/ppm/work/mpich2-1.4.1p1/src/mpid/ch3/channels/nemesis/include -I/scratch/ptc/ppm/work/mpich2-1.4.1p1/src/mpid/ch3/channels/nemesis/nemesis/include -I/scratch/ptc/ppm/work/mpich2-1.4.1p1/src/mpid/ch3/channels/nemesis/nemesis/include -I/scratch/ptc/ppm/work/mpich2-1.4.1p1/src/mpid/ch3/channels/nemesis/nemesis/utils/monitor -I/scratch/ptc/ppm/work/mpich2-1.4.1p1/src/mpid/ch3/channels/nemesis/nemesis/utils/monitor -I/scratch/ptc/ppm/work/mpich2-1.4.1p1/src/util/wrappers -I/scratch/ptc/ppm/work/mpich2-1.4.1p1/src/util/wrappers conftest.c
configure:4346: $? = 0
configure:4360: result: yes
configure:4388: checking for netinet/tcp.h
configure:4397: result: yes
configure:4282: checking sys/un.h usability
configure:4299: icc -c -D_LARGEFILE_SOURCE -D_LARGEFILE64_SOURCE -D_FILE_OFFSET_BITS=64 -O2 -O2  -I/scratch/ptc/ppm/work/mpich2-1.4.1p1/src/mpl/include -I/scratch/ptc/ppm/work/mpich2-1.4.1p1/src/mpl/include -I/scratch/ptc/ppm/work/mpich2-1.4.1p1/src/openpa/src -I/scratch/ptc/ppm/work/mpich2-1.4.1p1/src/openpa/src -I/scratch/ptc/ppm/work/mpich2-1.4.1p1/src/mpid/ch3/include -I/scratch/ptc/ppm/work/mpich2-1.4.1p1/src/mpid/ch3/include -I/scratch/ptc/ppm/work/mpich2-1.4.1p1/src/mpid/common/datatype -I/scratch/ptc/ppm/work/mpich2-1.4.1p1/src/mpid/common/datatype -I/scratch/ptc/ppm/work/mpich2-1.4.1p1/src/mpid/common/locks -I/scratch/ptc/ppm/work/mpich2-1.4.1p1/src/mpid/common/locks -I/scratch/ptc/ppm/work/mpich2-1.4.1p1/src/mpid/ch3/channels/nemesis/include -I/scratch/ptc/ppm/work/mpich2-1.4.1p1/src/mpid/ch3/channels/nemesis/include -I/scratch/ptc/ppm/work/mpich2-1.4.1p1/src/mpid/ch3/channels/nemesis/nemesis/include -I/scratch/ptc/ppm/work/mpich2-1.4.1p1/src/mpid/ch3/channels/nemesis/nemesis/include -I/scratch/ptc/ppm/work/mpich2-1.4.1p1/src/mpid/ch3/channels/nemesis/nemesis/utils/monitor -I/scratch/ptc/ppm/work/mpich2-1.4.1p1/src/mpid/ch3/channels/nemesis/nemesis/utils/monitor -I/scratch/ptc/ppm/work/mpich2-1.4.1p1/src/util/wrappers -I/scratch/ptc/ppm/work/mpich2-1.4.1p1/src/util/wrappers conftest.c >&5
configure:4306: $? = 0
configure:4320: result: yes
configure:4324: checking sys/un.h presence
configure:4339: icc -E  -I/scratch/ptc/ppm/work/mpich2-1.4.1p1/src/mpl/include -I/scratch/ptc/ppm/work/mpich2-1.4.1p1/src/mpl/include -I/scratch/ptc/ppm/work/mpich2-1.4.1p1/src/openpa/src -I/scratch/ptc/ppm/work/mpich2-1.4.1p1/src/openpa/src -I/scratch/ptc/ppm/work/mpich2-1.4.1p1/src/mpid/ch3/include -I/scratch/ptc/ppm/work/mpich2-1.4.1p1/src/mpid/ch3/include -I/scratch/ptc/ppm/work/mpich2-1.4.1p1/src/mpid/common/datatype -I/scratch/ptc/ppm/work/mpich2-1.4.1p1/src/mpid/common/datatype -I/scratch/ptc/ppm/work/mpich2-1.4.1p1/src/mpid/common/locks -I/scratch/ptc/ppm/work/mpich2-1.4.1p1/src/mpid/common/locks -I/scratch/ptc/ppm/work/mpich2-1.4.1p1/src/mpid/ch3/channels/nemesis/include -I/scratch/ptc/ppm/work/mpich2-1.4.1p1/src/mpid/ch3/channels/nemesis/include -I/scratch/ptc/ppm/work/mpich2-1.4.1p1/src/mpid/ch3/channels/nemesis/nemesis/include -I/scratch/ptc/ppm/work/mpich2-1.4.1p1/src/mpid/ch3/channels/nemesis/nemesis/include -I/scratch/ptc/ppm/work/mpich2-1.4.1p1/src/mpid/ch3/channels/nemesis/nemesis/utils/monitor -I/scratch/ptc/ppm/work/mpich2-1.4.1p1/src/mpid/ch3/channels/nemesis/nemesis/utils/monitor -I/scratch/ptc/ppm/work/mpich2-1.4.1p1/src/util/wrappers -I/scratch/ptc/ppm/work/mpich2-1.4.1p1/src/util/wrappers conftest.c
configure:4346: $? = 0
configure:4360: result: yes
configure:4388: checking for sys/un.h
configure:4397: result: yes
configure:4282: checking netdb.h usability
configure:4299: icc -c -D_LARGEFILE_SOURCE -D_LARGEFILE64_SOURCE -D_FILE_OFFSET_BITS=64 -O2 -O2  -I/scratch/ptc/ppm/work/mpich2-1.4.1p1/src/mpl/include -I/scratch/ptc/ppm/work/mpich2-1.4.1p1/src/mpl/include -I/scratch/ptc/ppm/work/mpich2-1.4.1p1/src/openpa/src -I/scratch/ptc/ppm/work/mpich2-1.4.1p1/src/openpa/src -I/scratch/ptc/ppm/work/mpich2-1.4.1p1/src/mpid/ch3/include -I/scratch/ptc/ppm/work/mpich2-1.4.1p1/src/mpid/ch3/include -I/scratch/ptc/ppm/work/mpich2-1.4.1p1/src/mpid/common/datatype -I/scratch/ptc/ppm/work/mpich2-1.4.1p1/src/mpid/common/datatype -I/scratch/ptc/ppm/work/mpich2-1.4.1p1/src/mpid/common/locks -I/scratch/ptc/ppm/work/mpich2-1.4.1p1/src/mpid/common/locks -I/scratch/ptc/ppm/work/mpich2-1.4.1p1/src/mpid/ch3/channels/nemesis/include -I/scratch/ptc/ppm/work/mpich2-1.4.1p1/src/mpid/ch3/channels/nemesis/include -I/scratch/ptc/ppm/work/mpich2-1.4.1p1/src/mpid/ch3/channels/nemesis/nemesis/include -I/scratch/ptc/ppm/work/mpich2-1.4.1p1/src/mpid/ch3/channels/nemesis/nemesis/include -I/scratch/ptc/ppm/work/mpich2-1.4.1p1/src/mpid/ch3/channels/nemesis/nemesis/utils/monitor -I/scratch/ptc/ppm/work/mpich2-1.4.1p1/src/mpid/ch3/channels/nemesis/nemesis/utils/monitor -I/scratch/ptc/ppm/work/mpich2-1.4.1p1/src/util/wrappers -I/scratch/ptc/ppm/work/mpich2-1.4.1p1/src/util/wrappers conftest.c >&5
configure:4306: $? = 0
configure:4320: result: yes
configure:4324: checking netdb.h presence
configure:4339: icc -E  -I/scratch/ptc/ppm/work/mpich2-1.4.1p1/src/mpl/include -I/scratch/ptc/ppm/work/mpich2-1.4.1p1/src/mpl/include -I/scratch/ptc/ppm/work/mpich2-1.4.1p1/src/openpa/src -I/scratch/ptc/ppm/work/mpich2-1.4.1p1/src/openpa/src -I/scratch/ptc/ppm/work/mpich2-1.4.1p1/src/mpid/ch3/include -I/scratch/ptc/ppm/work/mpich2-1.4.1p1/src/mpid/ch3/include -I/scratch/ptc/ppm/work/mpich2-1.4.1p1/src/mpid/common/datatype -I/scratch/ptc/ppm/work/mpich2-1.4.1p1/src/mpid/common/datatype -I/scratch/ptc/ppm/work/mpich2-1.4.1p1/src/mpid/common/locks -I/scratch/ptc/ppm/work/mpich2-1.4.1p1/src/mpid/common/locks -I/scratch/ptc/ppm/work/mpich2-1.4.1p1/src/mpid/ch3/channels/nemesis/include -I/scratch/ptc/ppm/work/mpich2-1.4.1p1/src/mpid/ch3/channels/nemesis/include -I/scratch/ptc/ppm/work/mpich2-1.4.1p1/src/mpid/ch3/channels/nemesis/nemesis/include -I/scratch/ptc/ppm/work/mpich2-1.4.1p1/src/mpid/ch3/channels/nemesis/nemesis/include -I/scratch/ptc/ppm/work/mpich2-1.4.1p1/src/mpid/ch3/channels/nemesis/nemesis/utils/monitor -I/scratch/ptc/ppm/work/mpich2-1.4.1p1/src/mpid/ch3/channels/nemesis/nemesis/utils/monitor -I/scratch/ptc/ppm/work/mpich2-1.4.1p1/src/util/wrappers -I/scratch/ptc/ppm/work/mpich2-1.4.1p1/src/util/wrappers conftest.c
configure:4346: $? = 0
configure:4360: result: yes
configure:4388: checking for netdb.h
configure:4397: result: yes
configure:4414: checking for library containing socket
configure:4455: icc -o conftest -D_LARGEFILE_SOURCE -D_LARGEFILE64_SOURCE -D_FILE_OFFSET_BITS=64 -O2 -O2  -I/scratch/ptc/ppm/work/mpich2-1.4.1p1/src/mpl/include -I/scratch/ptc/ppm/work/mpich2-1.4.1p1/src/mpl/include -I/scratch/ptc/ppm/work/mpich2-1.4.1p1/src/openpa/src -I/scratch/ptc/ppm/work/mpich2-1.4.1p1/src/openpa/src -I/scratch/ptc/ppm/work/mpich2-1.4.1p1/src/mpid/ch3/include -I/scratch/ptc/ppm/work/mpich2-1.4.1p1/src/mpid/ch3/include -I/scratch/ptc/ppm/work/mpich2-1.4.1p1/src/mpid/common/datatype -I/scratch/ptc/ppm/work/mpich2-1.4.1p1/src/mpid/common/datatype -I/scratch/ptc/ppm/work/mpich2-1.4.1p1/src/mpid/common/locks -I/scratch/ptc/ppm/work/mpich2-1.4.1p1/src/mpid/common/locks -I/scratch/ptc/ppm/work/mpich2-1.4.1p1/src/mpid/ch3/channels/nemesis/include -I/scratch/ptc/ppm/work/mpich2-1.4.1p1/src/mpid/ch3/channels/nemesis/include -I/scratch/ptc/ppm/work/mpich2-1.4.1p1/src/mpid/ch3/channels/nemesis/nemesis/include -I/scratch/ptc/ppm/work/mpich2-1.4.1p1/src/mpid/ch3/channels/nemesis/nemesis/include -I/scratch/ptc/ppm/work/mpich2-1.4.1p1/src/mpid/ch3/channels/nemesis/nemesis/utils/monitor -I/scratch/ptc/ppm/work/mpich2-1.4.1p1/src/mpid/ch3/channels/nemesis/nemesis/utils/monitor -I/scratch/ptc/ppm/work/mpich2-1.4.1p1/src/util/wrappers -I/scratch/ptc/ppm/work/mpich2-1.4.1p1/src/util/wrappers   conftest.c -lrt -lpthread   >&5
configure:4462: $? = 0
configure:4493: result: none required
configure:4501: checking for library containing gethostbyname
configure:4542: icc -o conftest -D_LARGEFILE_SOURCE -D_LARGEFILE64_SOURCE -D_FILE_OFFSET_BITS=64 -O2 -O2  -I/scratch/ptc/ppm/work/mpich2-1.4.1p1/src/mpl/include -I/scratch/ptc/ppm/work/mpich2-1.4.1p1/src/mpl/include -I/scratch/ptc/ppm/work/mpich2-1.4.1p1/src/openpa/src -I/scratch/ptc/ppm/work/mpich2-1.4.1p1/src/openpa/src -I/scratch/ptc/ppm/work/mpich2-1.4.1p1/src/mpid/ch3/include -I/scratch/ptc/ppm/work/mpich2-1.4.1p1/src/mpid/ch3/include -I/scratch/ptc/ppm/work/mpich2-1.4.1p1/src/mpid/common/datatype -I/scratch/ptc/ppm/work/mpich2-1.4.1p1/src/mpid/common/datatype -I/scratch/ptc/ppm/work/mpich2-1.4.1p1/src/mpid/common/locks -I/scratch/ptc/ppm/work/mpich2-1.4.1p1/src/mpid/common/locks -I/scratch/ptc/ppm/work/mpich2-1.4.1p1/src/mpid/ch3/channels/nemesis/include -I/scratch/ptc/ppm/work/mpich2-1.4.1p1/src/mpid/ch3/channels/nemesis/include -I/scratch/ptc/ppm/work/mpich2-1.4.1p1/src/mpid/ch3/channels/nemesis/nemesis/include -I/scratch/ptc/ppm/work/mpich2-1.4.1p1/src/mpid/ch3/channels/nemesis/nemesis/include -I/scratch/ptc/ppm/work/mpich2-1.4.1p1/src/mpid/ch3/channels/nemesis/nemesis/utils/monitor -I/scratch/ptc/ppm/work/mpich2-1.4.1p1/src/mpid/ch3/channels/nemesis/nemesis/utils/monitor -I/scratch/ptc/ppm/work/mpich2-1.4.1p1/src/util/wrappers -I/scratch/ptc/ppm/work/mpich2-1.4.1p1/src/util/wrappers   conftest.c -lrt -lpthread   >&5
configure:4549: $? = 0
configure:4580: result: none required
configure:4595: checking for socket
configure:4651: icc -o conftest -D_LARGEFILE_SOURCE -D_LARGEFILE64_SOURCE -D_FILE_OFFSET_BITS=64 -O2 -O2  -I/scratch/ptc/ppm/work/mpich2-1.4.1p1/src/mpl/include -I/scratch/ptc/ppm/work/mpich2-1.4.1p1/src/mpl/include -I/scratch/ptc/ppm/work/mpich2-1.4.1p1/src/openpa/src -I/scratch/ptc/ppm/work/mpich2-1.4.1p1/src/openpa/src -I/scratch/ptc/ppm/work/mpich2-1.4.1p1/src/mpid/ch3/include -I/scratch/ptc/ppm/work/mpich2-1.4.1p1/src/mpid/ch3/include -I/scratch/ptc/ppm/work/mpich2-1.4.1p1/src/mpid/common/datatype -I/scratch/ptc/ppm/work/mpich2-1.4.1p1/src/mpid/common/datatype -I/scratch/ptc/ppm/work/mpich2-1.4.1p1/src/mpid/common/locks -I/scratch/ptc/ppm/work/mpich2-1.4.1p1/src/mpid/common/locks -I/scratch/ptc/ppm/work/mpich2-1.4.1p1/src/mpid/ch3/channels/nemesis/include -I/scratch/ptc/ppm/work/mpich2-1.4.1p1/src/mpid/ch3/channels/nemesis/include -I/scratch/ptc/ppm/work/mpich2-1.4.1p1/src/mpid/ch3/channels/nemesis/nemesis/include -I/scratch/ptc/ppm/work/mpich2-1.4.1p1/src/mpid/ch3/channels/nemesis/nemesis/include -I/scratch/ptc/ppm/work/mpich2-1.4.1p1/src/mpid/ch3/channels/nemesis/nemesis/utils/monitor -I/scratch/ptc/ppm/work/mpich2-1.4.1p1/src/mpid/ch3/channels/nemesis/nemesis/utils/monitor -I/scratch/ptc/ppm/work/mpich2-1.4.1p1/src/util/wrappers -I/scratch/ptc/ppm/work/mpich2-1.4.1p1/src/util/wrappers   conftest.c -lrt -lpthread   >&5
configure:4658: $? = 0
configure:4680: result: yes
configure:4595: checking for setsockopt
configure:4651: icc -o conftest -D_LARGEFILE_SOURCE -D_LARGEFILE64_SOURCE -D_FILE_OFFSET_BITS=64 -O2 -O2  -I/scratch/ptc/ppm/work/mpich2-1.4.1p1/src/mpl/include -I/scratch/ptc/ppm/work/mpich2-1.4.1p1/src/mpl/include -I/scratch/ptc/ppm/work/mpich2-1.4.1p1/src/openpa/src -I/scratch/ptc/ppm/work/mpich2-1.4.1p1/src/openpa/src -I/scratch/ptc/ppm/work/mpich2-1.4.1p1/src/mpid/ch3/include -I/scratch/ptc/ppm/work/mpich2-1.4.1p1/src/mpid/ch3/include -I/scratch/ptc/ppm/work/mpich2-1.4.1p1/src/mpid/common/datatype -I/scratch/ptc/ppm/work/mpich2-1.4.1p1/src/mpid/common/datatype -I/scratch/ptc/ppm/work/mpich2-1.4.1p1/src/mpid/common/locks -I/scratch/ptc/ppm/work/mpich2-1.4.1p1/src/mpid/common/locks -I/scratch/ptc/ppm/work/mpich2-1.4.1p1/src/mpid/ch3/channels/nemesis/include -I/scratch/ptc/ppm/work/mpich2-1.4.1p1/src/mpid/ch3/channels/nemesis/include -I/scratch/ptc/ppm/work/mpich2-1.4.1p1/src/mpid/ch3/channels/nemesis/nemesis/include -I/scratch/ptc/ppm/work/mpich2-1.4.1p1/src/mpid/ch3/channels/nemesis/nemesis/include -I/scratch/ptc/ppm/work/mpich2-1.4.1p1/src/mpid/ch3/channels/nemesis/nemesis/utils/monitor -I/scratch/ptc/ppm/work/mpich2-1.4.1p1/src/mpid/ch3/channels/nemesis/nemesis/utils/monitor -I/scratch/ptc/ppm/work/mpich2-1.4.1p1/src/util/wrappers -I/scratch/ptc/ppm/work/mpich2-1.4.1p1/src/util/wrappers   conftest.c -lrt -lpthread   >&5
configure:4658: $? = 0
configure:4680: result: yes
configure:4595: checking for gethostbyname
configure:4651: icc -o conftest -D_LARGEFILE_SOURCE -D_LARGEFILE64_SOURCE -D_FILE_OFFSET_BITS=64 -O2 -O2  -I/scratch/ptc/ppm/work/mpich2-1.4.1p1/src/mpl/include -I/scratch/ptc/ppm/work/mpich2-1.4.1p1/src/mpl/include -I/scratch/ptc/ppm/work/mpich2-1.4.1p1/src/openpa/src -I/scratch/ptc/ppm/work/mpich2-1.4.1p1/src/openpa/src -I/scratch/ptc/ppm/work/mpich2-1.4.1p1/src/mpid/ch3/include -I/scratch/ptc/ppm/work/mpich2-1.4.1p1/src/mpid/ch3/include -I/scratch/ptc/ppm/work/mpich2-1.4.1p1/src/mpid/common/datatype -I/scratch/ptc/ppm/work/mpich2-1.4.1p1/src/mpid/common/datatype -I/scratch/ptc/ppm/work/mpich2-1.4.1p1/src/mpid/common/locks -I/scratch/ptc/ppm/work/mpich2-1.4.1p1/src/mpid/common/locks -I/scratch/ptc/ppm/work/mpich2-1.4.1p1/src/mpid/ch3/channels/nemesis/include -I/scratch/ptc/ppm/work/mpich2-1.4.1p1/src/mpid/ch3/channels/nemesis/include -I/scratch/ptc/ppm/work/mpich2-1.4.1p1/src/mpid/ch3/channels/nemesis/nemesis/include -I/scratch/ptc/ppm/work/mpich2-1.4.1p1/src/mpid/ch3/channels/nemesis/nemesis/include -I/scratch/ptc/ppm/work/mpich2-1.4.1p1/src/mpid/ch3/channels/nemesis/nemesis/utils/monitor -I/scratch/ptc/ppm/work/mpich2-1.4.1p1/src/mpid/ch3/channels/nemesis/nemesis/utils/monitor -I/scratch/ptc/ppm/work/mpich2-1.4.1p1/src/util/wrappers -I/scratch/ptc/ppm/work/mpich2-1.4.1p1/src/util/wrappers   conftest.c -lrt -lpthread   >&5
configure:4658: $? = 0
configure:4680: result: yes
configure:4710: checking whether socklen_t is defined (in sys/socket.h if present)
configure:4743: icc -c -D_LARGEFILE_SOURCE -D_LARGEFILE64_SOURCE -D_FILE_OFFSET_BITS=64 -O2 -O2  -I/scratch/ptc/ppm/work/mpich2-1.4.1p1/src/mpl/include -I/scratch/ptc/ppm/work/mpich2-1.4.1p1/src/mpl/include -I/scratch/ptc/ppm/work/mpich2-1.4.1p1/src/openpa/src -I/scratch/ptc/ppm/work/mpich2-1.4.1p1/src/openpa/src -I/scratch/ptc/ppm/work/mpich2-1.4.1p1/src/mpid/ch3/include -I/scratch/ptc/ppm/work/mpich2-1.4.1p1/src/mpid/ch3/include -I/scratch/ptc/ppm/work/mpich2-1.4.1p1/src/mpid/common/datatype -I/scratch/ptc/ppm/work/mpich2-1.4.1p1/src/mpid/common/datatype -I/scratch/ptc/ppm/work/mpich2-1.4.1p1/src/mpid/common/locks -I/scratch/ptc/ppm/work/mpich2-1.4.1p1/src/mpid/common/locks -I/scratch/ptc/ppm/work/mpich2-1.4.1p1/src/mpid/ch3/channels/nemesis/include -I/scratch/ptc/ppm/work/mpich2-1.4.1p1/src/mpid/ch3/channels/nemesis/include -I/scratch/ptc/ppm/work/mpich2-1.4.1p1/src/mpid/ch3/channels/nemesis/nemesis/include -I/scratch/ptc/ppm/work/mpich2-1.4.1p1/src/mpid/ch3/channels/nemesis/nemesis/include -I/scratch/ptc/ppm/work/mpich2-1.4.1p1/src/mpid/ch3/channels/nemesis/nemesis/utils/monitor -I/scratch/ptc/ppm/work/mpich2-1.4.1p1/src/mpid/ch3/channels/nemesis/nemesis/utils/monitor -I/scratch/ptc/ppm/work/mpich2-1.4.1p1/src/util/wrappers -I/scratch/ptc/ppm/work/mpich2-1.4.1p1/src/util/wrappers conftest.c >&5
conftest.c(44): error: invalid redeclaration of type name "socklen_t" (declared at line 35 of "/usr/include/bits/socket.h")
  typedef struct { double a; int b; } socklen_t;
                                      ^

compilation aborted for conftest.c (code 2)
configure:4750: $? = 2
configure: failed program was:
| /* confdefs.h.  */
| #define PACKAGE_NAME ""
| #define PACKAGE_TARNAME ""
| #define PACKAGE_VERSION ""
| #define PACKAGE_STRING ""
| #define PACKAGE_BUGREPORT ""
| #define STDC_HEADERS 1
| #define HAVE_SYS_TYPES_H 1
| #define HAVE_SYS_STAT_H 1
| #define HAVE_STDLIB_H 1
| #define HAVE_STRING_H 1
| #define HAVE_MEMORY_H 1
| #define HAVE_STRINGS_H 1
| #define HAVE_INTTYPES_H 1
| #define HAVE_STDINT_H 1
| #define HAVE_UNISTD_H 1
| #define HAVE_UNISTD_H 1
| #define HAVE_STRING_H 1
| #define HAVE_STDLIB_H 1
| #define HAVE_SYS_SOCKET_H 1
| #define HAVE_STRINGS_H 1
| #define HAVE_ASSERT_H 1
| #define HAVE_SNPRINTF 1
| #define NEEDS_SNPRINTF_DECL 1
| #define HAVE_STRNCASECMP 1
| #define HAVE_SYS_TYPES_H 1
| #define HAVE_SYS_PARAM_H 1
| #define HAVE_SYS_SOCKET_H 1
| #define HAVE_NETINET_IN_H 1
| #define HAVE_NETINET_TCP_H 1
| #define HAVE_SYS_UN_H 1
| #define HAVE_NETDB_H 1
| #define HAVE_SOCKET 1
| #define HAVE_SETSOCKOPT 1
| #define HAVE_GETHOSTBYNAME 1
| #define USE_PMI_PORT 1
| /* end confdefs.h.  */
| 
| #include <sys/types.h>
| #ifdef HAVE_SYS_SOCKET_H
| #include <sys/socket.h>
| #endif
| 
| typedef struct { double a; int b; } socklen_t;
| int
| main ()
| {
| socklen_t a;a.a=1.0;
|   ;
|   return 0;
| }
configure:4765: result: yes
configure:4775: checking whether struct hostent contains h_addr_list
configure:4803: icc -c -D_LARGEFILE_SOURCE -D_LARGEFILE64_SOURCE -D_FILE_OFFSET_BITS=64 -O2 -O2  -I/scratch/ptc/ppm/work/mpich2-1.4.1p1/src/mpl/include -I/scratch/ptc/ppm/work/mpich2-1.4.1p1/src/mpl/include -I/scratch/ptc/ppm/work/mpich2-1.4.1p1/src/openpa/src -I/scratch/ptc/ppm/work/mpich2-1.4.1p1/src/openpa/src -I/scratch/ptc/ppm/work/mpich2-1.4.1p1/src/mpid/ch3/include -I/scratch/ptc/ppm/work/mpich2-1.4.1p1/src/mpid/ch3/include -I/scratch/ptc/ppm/work/mpich2-1.4.1p1/src/mpid/common/datatype -I/scratch/ptc/ppm/work/mpich2-1.4.1p1/src/mpid/common/datatype -I/scratch/ptc/ppm/work/mpich2-1.4.1p1/src/mpid/common/locks -I/scratch/ptc/ppm/work/mpich2-1.4.1p1/src/mpid/common/locks -I/scratch/ptc/ppm/work/mpich2-1.4.1p1/src/mpid/ch3/channels/nemesis/include -I/scratch/ptc/ppm/work/mpich2-1.4.1p1/src/mpid/ch3/channels/nemesis/include -I/scratch/ptc/ppm/work/mpich2-1.4.1p1/src/mpid/ch3/channels/nemesis/nemesis/include -I/scratch/ptc/ppm/work/mpich2-1.4.1p1/src/mpid/ch3/channels/nemesis/nemesis/include -I/scratch/ptc/ppm/work/mpich2-1.4.1p1/src/mpid/ch3/channels/nemesis/nemesis/utils/monitor -I/scratch/ptc/ppm/work/mpich2-1.4.1p1/src/mpid/ch3/channels/nemesis/nemesis/utils/monitor -I/scratch/ptc/ppm/work/mpich2-1.4.1p1/src/util/wrappers -I/scratch/ptc/ppm/work/mpich2-1.4.1p1/src/util/wrappers conftest.c >&5
conftest.c(43): warning #592: variable "hp" is used before its value is set
  struct hostent hp;hp.h_addr_list[0]=0;
                    ^

configure:4810: $? = 0
configure:4825: result: yes
configure:4838: checking whether __attribute__ allowed
configure:4865: icc -c -D_LARGEFILE_SOURCE -D_LARGEFILE64_SOURCE -D_FILE_OFFSET_BITS=64 -O2 -O2  -I/scratch/ptc/ppm/work/mpich2-1.4.1p1/src/mpl/include -I/scratch/ptc/ppm/work/mpich2-1.4.1p1/src/mpl/include -I/scratch/ptc/ppm/work/mpich2-1.4.1p1/src/openpa/src -I/scratch/ptc/ppm/work/mpich2-1.4.1p1/src/openpa/src -I/scratch/ptc/ppm/work/mpich2-1.4.1p1/src/mpid/ch3/include -I/scratch/ptc/ppm/work/mpich2-1.4.1p1/src/mpid/ch3/include -I/scratch/ptc/ppm/work/mpich2-1.4.1p1/src/mpid/common/datatype -I/scratch/ptc/ppm/work/mpich2-1.4.1p1/src/mpid/common/datatype -I/scratch/ptc/ppm/work/mpich2-1.4.1p1/src/mpid/common/locks -I/scratch/ptc/ppm/work/mpich2-1.4.1p1/src/mpid/common/locks -I/scratch/ptc/ppm/work/mpich2-1.4.1p1/src/mpid/ch3/channels/nemesis/include -I/scratch/ptc/ppm/work/mpich2-1.4.1p1/src/mpid/ch3/channels/nemesis/include -I/scratch/ptc/ppm/work/mpich2-1.4.1p1/src/mpid/ch3/channels/nemesis/nemesis/include -I/scratch/ptc/ppm/work/mpich2-1.4.1p1/src/mpid/ch3/channels/nemesis/nemesis/include -I/scratch/ptc/ppm/work/mpich2-1.4.1p1/src/mpid/ch3/channels/nemesis/nemesis/utils/monitor -I/scratch/ptc/ppm/work/mpich2-1.4.1p1/src/mpid/ch3/channels/nemesis/nemesis/utils/monitor -I/scratch/ptc/ppm/work/mpich2-1.4.1p1/src/util/wrappers -I/scratch/ptc/ppm/work/mpich2-1.4.1p1/src/util/wrappers conftest.c >&5
configure:4872: $? = 0
configure:4887: result: yes
configure:4889: checking whether __attribute__((format)) allowed
configure:4916: icc -c -D_LARGEFILE_SOURCE -D_LARGEFILE64_SOURCE -D_FILE_OFFSET_BITS=64 -O2 -O2  -I/scratch/ptc/ppm/work/mpich2-1.4.1p1/src/mpl/include -I/scratch/ptc/ppm/work/mpich2-1.4.1p1/src/mpl/include -I/scratch/ptc/ppm/work/mpich2-1.4.1p1/src/openpa/src -I/scratch/ptc/ppm/work/mpich2-1.4.1p1/src/openpa/src -I/scratch/ptc/ppm/work/mpich2-1.4.1p1/src/mpid/ch3/include -I/scratch/ptc/ppm/work/mpich2-1.4.1p1/src/mpid/ch3/include -I/scratch/ptc/ppm/work/mpich2-1.4.1p1/src/mpid/common/datatype -I/scratch/ptc/ppm/work/mpich2-1.4.1p1/src/mpid/common/datatype -I/scratch/ptc/ppm/work/mpich2-1.4.1p1/src/mpid/common/locks -I/scratch/ptc/ppm/work/mpich2-1.4.1p1/src/mpid/common/locks -I/scratch/ptc/ppm/work/mpich2-1.4.1p1/src/mpid/ch3/channels/nemesis/include -I/scratch/ptc/ppm/work/mpich2-1.4.1p1/src/mpid/ch3/channels/nemesis/include -I/scratch/ptc/ppm/work/mpich2-1.4.1p1/src/mpid/ch3/channels/nemesis/nemesis/include -I/scratch/ptc/ppm/work/mpich2-1.4.1p1/src/mpid/ch3/channels/nemesis/nemesis/include -I/scratch/ptc/ppm/work/mpich2-1.4.1p1/src/mpid/ch3/channels/nemesis/nemesis/utils/monitor -I/scratch/ptc/ppm/work/mpich2-1.4.1p1/src/mpid/ch3/channels/nemesis/nemesis/utils/monitor -I/scratch/ptc/ppm/work/mpich2-1.4.1p1/src/util/wrappers -I/scratch/ptc/ppm/work/mpich2-1.4.1p1/src/util/wrappers conftest.c >&5
configure:4923: $? = 0
configure:4938: result: yes
configure:5101: creating ./config.status

## ---------------------- ##
## Running config.status. ##
## ---------------------- ##

This file was extended by config.status, which was
generated by GNU Autoconf 2.63.  Invocation command line was

  CONFIG_FILES    = 
  CONFIG_HEADERS  = 
  CONFIG_LINKS    = 
  CONFIG_COMMANDS = 
  $ ./config.status 

on mitsuko.aer.mw.tum.de

config.status:770: creating Makefile
config.status:770: creating localdefs
config.status:770: creating pmiconf.h
config.status:981: pmiconf.h is unchanged

## ---------------- ##
## Cache variables. ##
## ---------------- ##

ac_cv_c_compiler_gnu=yes
ac_cv_env_CC_set=set
ac_cv_env_CC_value=icc
ac_cv_env_CFLAGS_set=set
ac_cv_env_CFLAGS_value='-D_LARGEFILE_SOURCE -D_LARGEFILE64_SOURCE -D_FILE_OFFSET_BITS=64 -O2 -O2'
ac_cv_env_CPPFLAGS_set=set
ac_cv_env_CPPFLAGS_value=' -I/scratch/ptc/ppm/work/mpich2-1.4.1p1/src/mpl/include -I/scratch/ptc/ppm/work/mpich2-1.4.1p1/src/mpl/include -I/scratch/ptc/ppm/work/mpich2-1.4.1p1/src/openpa/src -I/scratch/ptc/ppm/work/mpich2-1.4.1p1/src/openpa/src -I/scratch/ptc/ppm/work/mpich2-1.4.1p1/src/mpid/ch3/include -I/scratch/ptc/ppm/work/mpich2-1.4.1p1/src/mpid/ch3/include -I/scratch/ptc/ppm/work/mpich2-1.4.1p1/src/mpid/common/datatype -I/scratch/ptc/ppm/work/mpich2-1.4.1p1/src/mpid/common/datatype -I/scratch/ptc/ppm/work/mpich2-1.4.1p1/src/mpid/common/locks -I/scratch/ptc/ppm/work/mpich2-1.4.1p1/src/mpid/common/locks -I/scratch/ptc/ppm/work/mpich2-1.4.1p1/src/mpid/ch3/channels/nemesis/include -I/scratch/ptc/ppm/work/mpich2-1.4.1p1/src/mpid/ch3/channels/nemesis/include -I/scratch/ptc/ppm/work/mpich2-1.4.1p1/src/mpid/ch3/channels/nemesis/nemesis/include -I/scratch/ptc/ppm/work/mpich2-1.4.1p1/src/mpid/ch3/channels/nemesis/nemesis/include -I/scratch/ptc/ppm/work/mpich2-1.4.1p1/src/mpid/ch3/channels/nemesis/nemesis/utils/monitor -I/scratch/ptc/ppm/work/mpich2-1.4.1p1/src/mpid/ch3/channels/nemesis/nemesis/utils/monitor -I/scratch/ptc/ppm/work/mpich2-1.4.1p1/src/util/wrappers -I/scratch/ptc/ppm/work/mpich2-1.4.1p1/src/util/wrappers'
ac_cv_env_CPP_set=
ac_cv_env_CPP_value=
ac_cv_env_LDFLAGS_set=set
ac_cv_env_LDFLAGS_value=' '
ac_cv_env_LIBS_set=set
ac_cv_env_LIBS_value='-lrt -lpthread  '
ac_cv_env_build_alias_set=
ac_cv_env_build_alias_value=
ac_cv_env_host_alias_set=
ac_cv_env_host_alias_value=
ac_cv_env_target_alias_set=
ac_cv_env_target_alias_value=
ac_cv_func_gethostbyname=yes
ac_cv_func_setsockopt=yes
ac_cv_func_snprintf=yes
ac_cv_func_socket=yes
ac_cv_func_strncasecmp=yes
ac_cv_header_assert_h=yes
ac_cv_header_inttypes_h=yes
ac_cv_header_memory_h=yes
ac_cv_header_netdb_h=yes
ac_cv_header_netinet_in_h=yes
ac_cv_header_netinet_tcp_h=yes
ac_cv_header_stdc=yes
ac_cv_header_stdint_h=yes
ac_cv_header_stdlib_h=yes
ac_cv_header_string_h=yes
ac_cv_header_strings_h=yes
ac_cv_header_sys_param_h=yes
ac_cv_header_sys_socket_h=yes
ac_cv_header_sys_stat_h=yes
ac_cv_header_sys_types_h=yes
ac_cv_header_sys_un_h=yes
ac_cv_header_unistd_h=yes
ac_cv_objext=o
ac_cv_path_EGREP='/bin/grep -E'
ac_cv_path_GREP=/bin/grep
ac_cv_prog_CPP='icc -E'
ac_cv_prog_MAKE=make
ac_cv_prog_ac_ct_CC=icc
ac_cv_prog_cc_c89=
ac_cv_prog_cc_g=yes
ac_cv_search_gethostbyname='none required'
ac_cv_search_socket='none required'
pac_cv_func_decl_snprintf=yes
pac_cv_gnu_attr_format=yes
pac_cv_gnu_attr_pure=yes
pac_cv_have_haddr_list=yes
pac_cv_have_socklen_t=yes
pac_cv_my_conf_dir=/scratch/ptc/ppm/work/mpich2-1.4.1p1/src/pmi/simple
pac_cv_prog_make_allows_comments=no
pac_cv_prog_make_found_clock_skew=no
pac_cv_prog_make_include=no
pac_cv_prog_make_set_cflags=yes
pac_cv_prog_make_vpath=VPATH

## ----------------- ##
## Output variables. ##
## ----------------- ##

AR='ar'
AR_FLAGS='cr'
CC='icc'
CC_SHL='true'
CFLAGS='-D_LARGEFILE_SOURCE -D_LARGEFILE64_SOURCE -D_FILE_OFFSET_BITS=64 -O2 -O2'
CPP='icc -E'
CPPFLAGS=' -I/scratch/ptc/ppm/work/mpich2-1.4.1p1/src/mpl/include -I/scratch/ptc/ppm/work/mpich2-1.4.1p1/src/mpl/include -I/scratch/ptc/ppm/work/mpich2-1.4.1p1/src/openpa/src -I/scratch/ptc/ppm/work/mpich2-1.4.1p1/src/openpa/src -I/scratch/ptc/ppm/work/mpich2-1.4.1p1/src/mpid/ch3/include -I/scratch/ptc/ppm/work/mpich2-1.4.1p1/src/mpid/ch3/include -I/scratch/ptc/ppm/work/mpich2-1.4.1p1/src/mpid/common/datatype -I/scratch/ptc/ppm/work/mpich2-1.4.1p1/src/mpid/common/datatype -I/scratch/ptc/ppm/work/mpich2-1.4.1p1/src/mpid/common/locks -I/scratch/ptc/ppm/work/mpich2-1.4.1p1/src/mpid/common/locks -I/scratch/ptc/ppm/work/mpich2-1.4.1p1/src/mpid/ch3/channels/nemesis/include -I/scratch/ptc/ppm/work/mpich2-1.4.1p1/src/mpid/ch3/channels/nemesis/include -I/scratch/ptc/ppm/work/mpich2-1.4.1p1/src/mpid/ch3/channels/nemesis/nemesis/include -I/scratch/ptc/ppm/work/mpich2-1.4.1p1/src/mpid/ch3/channels/nemesis/nemesis/include -I/scratch/ptc/ppm/work/mpich2-1.4.1p1/src/mpid/ch3/channels/nemesis/nemesis/utils/monitor -I/scratch/ptc/ppm/work/mpich2-1.4.1p1/src/mpid/ch3/channels/nemesis/nemesis/utils/monitor -I/scratch/ptc/ppm/work/mpich2-1.4.1p1/src/util/wrappers -I/scratch/ptc/ppm/work/mpich2-1.4.1p1/src/util/wrappers'
C_LINK_SHL='true'
DEFS='-DHAVE_CONFIG_H'
ECHO_C=''
ECHO_N='-n'
ECHO_T=''
EGREP='/bin/grep -E'
ENABLE_SHLIB='none'
ETAGS=''
ETAGSADD=''
EXEEXT=''
GREP='/bin/grep'
LDFLAGS=' '
LIBOBJS=''
LIBS='-lrt -lpthread  '
LIBTOOL=''
LTLIBOBJS=''
MAKE='make'
MAKE_DEPEND_C='true'
MPILIBNAME='mpich'
OBJEXT='o'
PACKAGE_BUGREPORT=''
PACKAGE_NAME=''
PACKAGE_STRING=''
PACKAGE_TARNAME=''
PACKAGE_VERSION=''
PATH_SEPARATOR=':'
RANLIB='ranlib'
SET_CFLAGS='CFLAGS='
SET_MAKE='MAKE=make'
SHELL='/bin/sh'
SHLIB_EXT='so'
VPATH='VPATH=.:${srcdir}'
ac_ct_CC='icc'
bindir='${exec_prefix}/bin'
build_alias=''
datadir='${datarootdir}'
datarootdir='${prefix}/share'
docdir='${datarootdir}/doc/${PACKAGE}'
dvidir='${docdir}'
exec_prefix='${prefix}'
host_alias=''
htmldir='${docdir}'
includedir='${prefix}/include'
infodir='${datarootdir}/info'
libdir='${exec_prefix}/lib'
libexecdir='${exec_prefix}/libexec'
localedir='${datarootdir}/locale'
localstatedir='${prefix}/var'
mandir='${datarootdir}/man'
master_top_builddir='/scratch/ptc/ppm/work/mpich2-1.4.1p1'
master_top_srcdir='/scratch/ptc/ppm/work/mpich2-1.4.1p1'
oldincludedir='/usr/include'
pdfdir='${docdir}'
prefix='/scratch/ptc/prefix-O2/mpich2/1.4.1p1'
program_transform_name='s,x,x,'
psdir='${docdir}'
sbindir='${exec_prefix}/sbin'
sharedstatedir='${prefix}/com'
sysconfdir='${prefix}/etc'
target_alias=''

## ----------- ##
## confdefs.h. ##
## ----------- ##

#define PACKAGE_NAME ""
#define PACKAGE_TARNAME ""
#define PACKAGE_VERSION ""
#define PACKAGE_STRING ""
#define PACKAGE_BUGREPORT ""
#define STDC_HEADERS 1
#define HAVE_SYS_TYPES_H 1
#define HAVE_SYS_STAT_H 1
#define HAVE_STDLIB_H 1
#define HAVE_STRING_H 1
#define HAVE_MEMORY_H 1
#define HAVE_STRINGS_H 1
#define HAVE_INTTYPES_H 1
#define HAVE_STDINT_H 1
#define HAVE_UNISTD_H 1
#define HAVE_UNISTD_H 1
#define HAVE_STRING_H 1
#define HAVE_STDLIB_H 1
#define HAVE_SYS_SOCKET_H 1
#define HAVE_STRINGS_H 1
#define HAVE_ASSERT_H 1
#define HAVE_SNPRINTF 1
#define NEEDS_SNPRINTF_DECL 1
#define HAVE_STRNCASECMP 1
#define HAVE_SYS_TYPES_H 1
#define HAVE_SYS_PARAM_H 1
#define HAVE_SYS_SOCKET_H 1
#define HAVE_NETINET_IN_H 1
#define HAVE_NETINET_TCP_H 1
#define HAVE_SYS_UN_H 1
#define HAVE_NETDB_H 1
#define HAVE_SOCKET 1
#define HAVE_SETSOCKOPT 1
#define HAVE_GETHOSTBYNAME 1
#define USE_PMI_PORT 1
#define HAVE_H_ADDR_LIST 1
#define HAVE_GCC_ATTRIBUTE 1

configure: exit 0
