This file contains any messages produced by compilers while
running configure, to aid debugging if configure makes a mistake.

It was created by configure, which was
generated by GNU Autoconf 2.63.  Invocation command line was

  $ /scratch/ptc/ppm/work/mpich2-1.4.1p1/src/binding/f90/configure --prefix=/scratch/ptc/prefix-O2/mpich2/1.4.1p1 FC=ifort FCFLAGS=-O2  CC=icc CFLAGS=-D_LARGEFILE_SOURCE -D_LARGEFILE64_SOURCE -D_FILE_OFFSET_BITS=64 -O2 CXX=icpc CXXFLAGS=-O2 --enable-fc --enable-fast=defopt --enable-timer-type=gettimeofday --with-mpe RSHCOMMAND=/usr/bin/ssh --disable-dependencies

## --------- ##
## Platform. ##
## --------- ##

hostname = mitsuko.aer.mw.tum.de
uname -m = x86_64
uname -r = 2.6.32-431.1.2.el6.x86_64
uname -s = Linux
uname -v = #1 SMP Thu Dec 12 13:59:19 CST 2013

/usr/bin/uname -p = unknown
/bin/uname -X     = unknown

/bin/arch              = x86_64
/usr/bin/arch -k       = unknown
/usr/convex/getsysinfo = unknown
/usr/bin/hostinfo      = unknown
/bin/machine           = unknown
/usr/bin/oslevel       = unknown
/bin/universe          = unknown

PATH: /scratch/utils/SublimeText2
PATH: /scratch2/utils/swftools-2013-02-19-1826/work/bin
PATH: /global/tecplotchorus2012r3/bin
PATH: /global/ANSYS/v145/CFD-Post/bin
PATH: /global/ANSYS/v145/icemcfd/linux64_amd/bin
PATH: /global/ANSYS/v145/fluent/bin
PATH: /scratch2/utils/matlab2009/bin
PATH: /scratch2/utils/nasm/bin
PATH: /global/tecplot2012/bin
PATH: /scratch2/utils/tgif-QPL-4.2.2
PATH: /scratch2/utils/Adobe/Reader9/bin
PATH: /scratch2/project/trunk/punto/local/bin
PATH: /scratch2/ptc/prefix-O2/mpich2/1.4.1p1/bin
PATH: /global/intel/composer_xe_2013.3.163/bin/intel64
PATH: /global/intel/composerxe/bin
PATH: /global/bin
PATH: /global/texlive/2013/bin/x86_64-linux
PATH: /global/bin
PATH: /global/texlive/2013/bin/x86_64-linux
PATH: /global/bin
PATH: /global/texlive/2013/bin/x86_64-linux
PATH: /usr/lib64/qt-3.3/bin
PATH: /usr/local/bin
PATH: /usr/bin
PATH: /bin
PATH: /usr/local/sbin
PATH: /usr/sbin
PATH: /sbin
PATH: /global/ANSYS/v145/icemcfd/linux64_amd/bin
PATH: /global/ANSYS/v145/CFX/bin
PATH: /global/intel/composer_xe_2013.3.163/bin
PATH: /global/tecplot2013/bin
PATH: /global/tecplotchorusde2013r1/bin
PATH: /global/ANSYS/v145/icemcfd/linux64_amd/bin
PATH: /global/ANSYS/v145/CFX/bin
PATH: /global/intel/composer_xe_2013.3.163/bin
PATH: /global/tecplot2013/bin
PATH: /global/tecplotchorusde2013r1/bin
PATH: /global/ANSYS/v145/icemcfd/linux64_amd/bin
PATH: /global/ANSYS/v145/CFX/bin
PATH: /global/intel/composer_xe_2013.3.163/bin
PATH: /global/tecplot2013/bin
PATH: /global/tecplotchorusde2013r1/bin


## ----------- ##
## Core tests. ##
## ----------- ##

configure:2091: checking for C compiler version
configure:2099: icc --version >&5
icc (ICC) 13.1.1 20130313
Copyright (C) 1985-2013 Intel Corporation.  All rights reserved.

configure:2103: $? = 0
configure:2110: icc -v >&5
icc version 13.1.1 (gcc version 4.4.7 compatibility)
configure:2114: $? = 0
configure:2121: icc -V >&5
Intel(R) C Intel(R) 64 Compiler XE for applications running on Intel(R) 64, Version 13.1.1.163 Build 20130313
Copyright (C) 1985-2013 Intel Corporation.  All rights reserved.
FOR NON-COMMERCIAL USE ONLY

configure:2125: $? = 0
configure:2148: checking for C compiler default output file name
configure:2170: icc -D_LARGEFILE_SOURCE -D_LARGEFILE64_SOURCE -D_FILE_OFFSET_BITS=64 -O2  -I/scratch/ptc/ppm/work/mpich2-1.4.1p1/src/mpl/include -I/scratch/ptc/ppm/work/mpich2-1.4.1p1/src/mpl/include -I/scratch/ptc/ppm/work/mpich2-1.4.1p1/src/openpa/src -I/scratch/ptc/ppm/work/mpich2-1.4.1p1/src/openpa/src -I/scratch/ptc/ppm/work/mpich2-1.4.1p1/src/mpid/ch3/include -I/scratch/ptc/ppm/work/mpich2-1.4.1p1/src/mpid/ch3/include -I/scratch/ptc/ppm/work/mpich2-1.4.1p1/src/mpid/common/datatype -I/scratch/ptc/ppm/work/mpich2-1.4.1p1/src/mpid/common/datatype -I/scratch/ptc/ppm/work/mpich2-1.4.1p1/src/mpid/common/locks -I/scratch/ptc/ppm/work/mpich2-1.4.1p1/src/mpid/common/locks -I/scratch/ptc/ppm/work/mpich2-1.4.1p1/src/mpid/ch3/channels/nemesis/include -I/scratch/ptc/ppm/work/mpich2-1.4.1p1/src/mpid/ch3/channels/nemesis/include -I/scratch/ptc/ppm/work/mpich2-1.4.1p1/src/mpid/ch3/channels/nemesis/nemesis/include -I/scratch/ptc/ppm/work/mpich2-1.4.1p1/src/mpid/ch3/channels/nemesis/nemesis/include -I/scratch/ptc/ppm/work/mpich2-1.4.1p1/src/mpid/ch3/channels/nemesis/nemesis/utils/monitor -I/scratch/ptc/ppm/work/mpich2-1.4.1p1/src/mpid/ch3/channels/nemesis/nemesis/utils/monitor -I/scratch/ptc/ppm/work/mpich2-1.4.1p1/src/util/wrappers -I/scratch/ptc/ppm/work/mpich2-1.4.1p1/src/util/wrappers   conftest.c -lrt -lpthread   >&5
configure:2174: $? = 0
configure:2212: result: a.out
configure:2231: checking whether the C compiler works
configure:2241: ./a.out
configure:2245: $? = 0
configure:2264: result: yes
configure:2271: checking whether we are cross compiling
configure:2273: result: no
configure:2276: checking for suffix of executables
configure:2283: icc -o conftest -D_LARGEFILE_SOURCE -D_LARGEFILE64_SOURCE -D_FILE_OFFSET_BITS=64 -O2  -I/scratch/ptc/ppm/work/mpich2-1.4.1p1/src/mpl/include -I/scratch/ptc/ppm/work/mpich2-1.4.1p1/src/mpl/include -I/scratch/ptc/ppm/work/mpich2-1.4.1p1/src/openpa/src -I/scratch/ptc/ppm/work/mpich2-1.4.1p1/src/openpa/src -I/scratch/ptc/ppm/work/mpich2-1.4.1p1/src/mpid/ch3/include -I/scratch/ptc/ppm/work/mpich2-1.4.1p1/src/mpid/ch3/include -I/scratch/ptc/ppm/work/mpich2-1.4.1p1/src/mpid/common/datatype -I/scratch/ptc/ppm/work/mpich2-1.4.1p1/src/mpid/common/datatype -I/scratch/ptc/ppm/work/mpich2-1.4.1p1/src/mpid/common/locks -I/scratch/ptc/ppm/work/mpich2-1.4.1p1/src/mpid/common/locks -I/scratch/ptc/ppm/work/mpich2-1.4.1p1/src/mpid/ch3/channels/nemesis/include -I/scratch/ptc/ppm/work/mpich2-1.4.1p1/src/mpid/ch3/channels/nemesis/include -I/scratch/ptc/ppm/work/mpich2-1.4.1p1/src/mpid/ch3/channels/nemesis/nemesis/include -I/scratch/ptc/ppm/work/mpich2-1.4.1p1/src/mpid/ch3/channels/nemesis/nemesis/include -I/scratch/ptc/ppm/work/mpich2-1.4.1p1/src/mpid/ch3/channels/nemesis/nemesis/utils/monitor -I/scratch/ptc/ppm/work/mpich2-1.4.1p1/src/mpid/ch3/channels/nemesis/nemesis/utils/monitor -I/scratch/ptc/ppm/work/mpich2-1.4.1p1/src/util/wrappers -I/scratch/ptc/ppm/work/mpich2-1.4.1p1/src/util/wrappers   conftest.c -lrt -lpthread   >&5
configure:2287: $? = 0
configure:2313: result: 
configure:2319: checking for suffix of object files
configure:2345: icc -c -D_LARGEFILE_SOURCE -D_LARGEFILE64_SOURCE -D_FILE_OFFSET_BITS=64 -O2  -I/scratch/ptc/ppm/work/mpich2-1.4.1p1/src/mpl/include -I/scratch/ptc/ppm/work/mpich2-1.4.1p1/src/mpl/include -I/scratch/ptc/ppm/work/mpich2-1.4.1p1/src/openpa/src -I/scratch/ptc/ppm/work/mpich2-1.4.1p1/src/openpa/src -I/scratch/ptc/ppm/work/mpich2-1.4.1p1/src/mpid/ch3/include -I/scratch/ptc/ppm/work/mpich2-1.4.1p1/src/mpid/ch3/include -I/scratch/ptc/ppm/work/mpich2-1.4.1p1/src/mpid/common/datatype -I/scratch/ptc/ppm/work/mpich2-1.4.1p1/src/mpid/common/datatype -I/scratch/ptc/ppm/work/mpich2-1.4.1p1/src/mpid/common/locks -I/scratch/ptc/ppm/work/mpich2-1.4.1p1/src/mpid/common/locks -I/scratch/ptc/ppm/work/mpich2-1.4.1p1/src/mpid/ch3/channels/nemesis/include -I/scratch/ptc/ppm/work/mpich2-1.4.1p1/src/mpid/ch3/channels/nemesis/include -I/scratch/ptc/ppm/work/mpich2-1.4.1p1/src/mpid/ch3/channels/nemesis/nemesis/include -I/scratch/ptc/ppm/work/mpich2-1.4.1p1/src/mpid/ch3/channels/nemesis/nemesis/include -I/scratch/ptc/ppm/work/mpich2-1.4.1p1/src/mpid/ch3/channels/nemesis/nemesis/utils/monitor -I/scratch/ptc/ppm/work/mpich2-1.4.1p1/src/mpid/ch3/channels/nemesis/nemesis/utils/monitor -I/scratch/ptc/ppm/work/mpich2-1.4.1p1/src/util/wrappers -I/scratch/ptc/ppm/work/mpich2-1.4.1p1/src/util/wrappers conftest.c >&5
configure:2349: $? = 0
configure:2374: result: o
configure:2378: checking whether we are using the GNU C compiler
configure:2407: icc -c -D_LARGEFILE_SOURCE -D_LARGEFILE64_SOURCE -D_FILE_OFFSET_BITS=64 -O2  -I/scratch/ptc/ppm/work/mpich2-1.4.1p1/src/mpl/include -I/scratch/ptc/ppm/work/mpich2-1.4.1p1/src/mpl/include -I/scratch/ptc/ppm/work/mpich2-1.4.1p1/src/openpa/src -I/scratch/ptc/ppm/work/mpich2-1.4.1p1/src/openpa/src -I/scratch/ptc/ppm/work/mpich2-1.4.1p1/src/mpid/ch3/include -I/scratch/ptc/ppm/work/mpich2-1.4.1p1/src/mpid/ch3/include -I/scratch/ptc/ppm/work/mpich2-1.4.1p1/src/mpid/common/datatype -I/scratch/ptc/ppm/work/mpich2-1.4.1p1/src/mpid/common/datatype -I/scratch/ptc/ppm/work/mpich2-1.4.1p1/src/mpid/common/locks -I/scratch/ptc/ppm/work/mpich2-1.4.1p1/src/mpid/common/locks -I/scratch/ptc/ppm/work/mpich2-1.4.1p1/src/mpid/ch3/channels/nemesis/include -I/scratch/ptc/ppm/work/mpich2-1.4.1p1/src/mpid/ch3/channels/nemesis/include -I/scratch/ptc/ppm/work/mpich2-1.4.1p1/src/mpid/ch3/channels/nemesis/nemesis/include -I/scratch/ptc/ppm/work/mpich2-1.4.1p1/src/mpid/ch3/channels/nemesis/nemesis/include -I/scratch/ptc/ppm/work/mpich2-1.4.1p1/src/mpid/ch3/channels/nemesis/nemesis/utils/monitor -I/scratch/ptc/ppm/work/mpich2-1.4.1p1/src/mpid/ch3/channels/nemesis/nemesis/utils/monitor -I/scratch/ptc/ppm/work/mpich2-1.4.1p1/src/util/wrappers -I/scratch/ptc/ppm/work/mpich2-1.4.1p1/src/util/wrappers conftest.c >&5
configure:2414: $? = 0
configure:2431: result: yes
configure:2440: checking whether icc accepts -g
configure:2470: icc -c -g  -I/scratch/ptc/ppm/work/mpich2-1.4.1p1/src/mpl/include -I/scratch/ptc/ppm/work/mpich2-1.4.1p1/src/mpl/include -I/scratch/ptc/ppm/work/mpich2-1.4.1p1/src/openpa/src -I/scratch/ptc/ppm/work/mpich2-1.4.1p1/src/openpa/src -I/scratch/ptc/ppm/work/mpich2-1.4.1p1/src/mpid/ch3/include -I/scratch/ptc/ppm/work/mpich2-1.4.1p1/src/mpid/ch3/include -I/scratch/ptc/ppm/work/mpich2-1.4.1p1/src/mpid/common/datatype -I/scratch/ptc/ppm/work/mpich2-1.4.1p1/src/mpid/common/datatype -I/scratch/ptc/ppm/work/mpich2-1.4.1p1/src/mpid/common/locks -I/scratch/ptc/ppm/work/mpich2-1.4.1p1/src/mpid/common/locks -I/scratch/ptc/ppm/work/mpich2-1.4.1p1/src/mpid/ch3/channels/nemesis/include -I/scratch/ptc/ppm/work/mpich2-1.4.1p1/src/mpid/ch3/channels/nemesis/include -I/scratch/ptc/ppm/work/mpich2-1.4.1p1/src/mpid/ch3/channels/nemesis/nemesis/include -I/scratch/ptc/ppm/work/mpich2-1.4.1p1/src/mpid/ch3/channels/nemesis/nemesis/include -I/scratch/ptc/ppm/work/mpich2-1.4.1p1/src/mpid/ch3/channels/nemesis/nemesis/utils/monitor -I/scratch/ptc/ppm/work/mpich2-1.4.1p1/src/mpid/ch3/channels/nemesis/nemesis/utils/monitor -I/scratch/ptc/ppm/work/mpich2-1.4.1p1/src/util/wrappers -I/scratch/ptc/ppm/work/mpich2-1.4.1p1/src/util/wrappers conftest.c >&5
configure:2477: $? = 0
configure:2578: result: yes
configure:2595: checking for icc option to accept ISO C89
configure:2669: icc  -c -D_LARGEFILE_SOURCE -D_LARGEFILE64_SOURCE -D_FILE_OFFSET_BITS=64 -O2  -I/scratch/ptc/ppm/work/mpich2-1.4.1p1/src/mpl/include -I/scratch/ptc/ppm/work/mpich2-1.4.1p1/src/mpl/include -I/scratch/ptc/ppm/work/mpich2-1.4.1p1/src/openpa/src -I/scratch/ptc/ppm/work/mpich2-1.4.1p1/src/openpa/src -I/scratch/ptc/ppm/work/mpich2-1.4.1p1/src/mpid/ch3/include -I/scratch/ptc/ppm/work/mpich2-1.4.1p1/src/mpid/ch3/include -I/scratch/ptc/ppm/work/mpich2-1.4.1p1/src/mpid/common/datatype -I/scratch/ptc/ppm/work/mpich2-1.4.1p1/src/mpid/common/datatype -I/scratch/ptc/ppm/work/mpich2-1.4.1p1/src/mpid/common/locks -I/scratch/ptc/ppm/work/mpich2-1.4.1p1/src/mpid/common/locks -I/scratch/ptc/ppm/work/mpich2-1.4.1p1/src/mpid/ch3/channels/nemesis/include -I/scratch/ptc/ppm/work/mpich2-1.4.1p1/src/mpid/ch3/channels/nemesis/include -I/scratch/ptc/ppm/work/mpich2-1.4.1p1/src/mpid/ch3/channels/nemesis/nemesis/include -I/scratch/ptc/ppm/work/mpich2-1.4.1p1/src/mpid/ch3/channels/nemesis/nemesis/include -I/scratch/ptc/ppm/work/mpich2-1.4.1p1/src/mpid/ch3/channels/nemesis/nemesis/utils/monitor -I/scratch/ptc/ppm/work/mpich2-1.4.1p1/src/mpid/ch3/channels/nemesis/nemesis/utils/monitor -I/scratch/ptc/ppm/work/mpich2-1.4.1p1/src/util/wrappers -I/scratch/ptc/ppm/work/mpich2-1.4.1p1/src/util/wrappers conftest.c >&5
configure:2676: $? = 0
configure:2699: result: none needed
configure:2724: checking for grep that handles long lines and -e
configure:2784: result: /bin/grep
configure:2789: checking for fgrep
configure:2853: result: /bin/grep -F
configure:3839: checking for an ANSI C-conforming const
configure:3914: icc -c -D_LARGEFILE_SOURCE -D_LARGEFILE64_SOURCE -D_FILE_OFFSET_BITS=64 -O2   -I/scratch/ptc/ppm/work/mpich2-1.4.1p1/src/mpl/include -I/scratch/ptc/ppm/work/mpich2-1.4.1p1/src/mpl/include -I/scratch/ptc/ppm/work/mpich2-1.4.1p1/src/openpa/src -I/scratch/ptc/ppm/work/mpich2-1.4.1p1/src/openpa/src -I/scratch/ptc/ppm/work/mpich2-1.4.1p1/src/mpid/ch3/include -I/scratch/ptc/ppm/work/mpich2-1.4.1p1/src/mpid/ch3/include -I/scratch/ptc/ppm/work/mpich2-1.4.1p1/src/mpid/common/datatype -I/scratch/ptc/ppm/work/mpich2-1.4.1p1/src/mpid/common/datatype -I/scratch/ptc/ppm/work/mpich2-1.4.1p1/src/mpid/common/locks -I/scratch/ptc/ppm/work/mpich2-1.4.1p1/src/mpid/common/locks -I/scratch/ptc/ppm/work/mpich2-1.4.1p1/src/mpid/ch3/channels/nemesis/include -I/scratch/ptc/ppm/work/mpich2-1.4.1p1/src/mpid/ch3/channels/nemesis/include -I/scratch/ptc/ppm/work/mpich2-1.4.1p1/src/mpid/ch3/channels/nemesis/nemesis/include -I/scratch/ptc/ppm/work/mpich2-1.4.1p1/src/mpid/ch3/channels/nemesis/nemesis/include -I/scratch/ptc/ppm/work/mpich2-1.4.1p1/src/mpid/ch3/channels/nemesis/nemesis/utils/monitor -I/scratch/ptc/ppm/work/mpich2-1.4.1p1/src/mpid/ch3/channels/nemesis/nemesis/utils/monitor -I/scratch/ptc/ppm/work/mpich2-1.4.1p1/src/util/wrappers -I/scratch/ptc/ppm/work/mpich2-1.4.1p1/src/util/wrappers conftest.c >&5
conftest.c(37): warning #592: variable "t" is used before its value is set
      *t++ = 0;
       ^

conftest.c(53): warning #592: variable "b" is used before its value is set
      struct s *b; b->j = 5;
                   ^

conftest.c(59): warning #592: variable "cs" is used before its value is set
    return !cs[0] && !zero.x;
            ^

configure:3921: $? = 0
configure:3936: result: yes
configure:4065: checking for Fortran compiler version
configure:4073: ifort --version >&5
ifort (IFORT) 13.1.1 20130313
Copyright (C) 1985-2013 Intel Corporation.  All rights reserved.

configure:4077: $? = 0
configure:4084: ifort -v >&5
ifort version 13.1.1
configure:4088: $? = 0
configure:4095: ifort -V >&5
Intel(R) Fortran Intel(R) 64 Compiler XE for applications running on Intel(R) 64, Version 13.1.1.163 Build 20130313
Copyright (C) 1985-2013 Intel Corporation.  All rights reserved.
FOR NON-COMMERCIAL USE ONLY

configure:4099: $? = 0
configure:4107: checking whether we are using the GNU Fortran compiler
configure:4126: ifort -c -O2   conftest.F >&5
conftest.F(3): error #5082: Syntax error, found END-OF-STATEMENT when expecting one of: ( % [ : . = =>
       choke me
---------------^
conftest.F(3): error #6218: This statement is positioned incorrectly and/or has syntax errors.
       choke me
---------------^
compilation aborted for conftest.F (code 1)
configure:4133: $? = 1
configure: failed program was:
|       program main
| #ifndef __GNUC__
|        choke me
| #endif
| 
|       end
configure:4150: result: no
configure:4156: checking whether ifort accepts -g
configure:4173: ifort -c -g  conftest.f >&5
configure:4180: $? = 0
configure:4196: result: yes
configure:4238: checking for extension for Fortran 90 programs
configure:4259: ifort -c -O2   conftest.f90 >&5
configure:4266: $? = 0
configure:4272: result: f90
configure:4345: checking for the precision and range of reals
configure:4370: ifort -o conftest -O2     conftest.f90 -lrt -lpthread   >&5
configure:4377: $? = 0
configure:4388: ./conftest > pac_conftest.out
configure:4391: $? = 0
configure:4395: result:  6 , 37
configure:4432: checking for the precision and range of double precision
configure:4457: ifort -o conftest -O2     conftest.f90 -lrt -lpthread   >&5
configure:4464: $? = 0
configure:4475: ./conftest > pac_conftest.out
configure:4478: $? = 0
configure:4482: result:  15 , 307
configure:4519: checking for the range of integer
configure:4544: ifort -o conftest -O2     conftest.f90 -lrt -lpthread   >&5
configure:4551: $? = 0
configure:4562: ./conftest > pac_conftest.out
configure:4565: $? = 0
configure:4569: result:  9
configure:4724: checking for Fortran 77 compiler version
configure:4732: ifort --version >&5
ifort (IFORT) 13.1.1 20130313
Copyright (C) 1985-2013 Intel Corporation.  All rights reserved.

configure:4736: $? = 0
configure:4743: ifort -v >&5
ifort version 13.1.1
configure:4747: $? = 0
configure:4754: ifort -V >&5
Intel(R) Fortran Intel(R) 64 Compiler XE for applications running on Intel(R) 64, Version 13.1.1.163 Build 20130313
Copyright (C) 1985-2013 Intel Corporation.  All rights reserved.
FOR NON-COMMERCIAL USE ONLY

configure:4758: $? = 0
configure:4766: checking whether we are using the GNU Fortran 77 compiler
configure:4785: ifort -c   -O2 conftest.F >&5
conftest.F(3): error #5082: Syntax error, found END-OF-STATEMENT when expecting one of: ( % [ : . = =>
       choke me
---------------^
conftest.F(3): error #6218: This statement is positioned incorrectly and/or has syntax errors.
       choke me
---------------^
compilation aborted for conftest.F (code 1)
configure:4792: $? = 1
configure: failed program was:
|       program main
| #ifndef __GNUC__
|        choke me
| #endif
| 
|       end
configure:4809: result: no
configure:4815: checking whether ifort accepts -g
configure:4832: ifort -c -g conftest.f >&5
configure:4839: $? = 0
configure:4855: result: yes
configure:4896: checking how to get verbose linking output from ifort
configure:4912: ifort -c   -O2 conftest.f >&5
configure:4919: $? = 0
configure:4941: ifort -o conftest -O2 -v conftest.f -lrt -lpthread
ifort version 13.1.1
/global/intel/composer_xe_2013.3.163/bin/intel64/fortcom    -D__INTEL_COMPILER=1310 -D__unix__ -D__unix -D__linux__ -D__linux -D__gnu_linux__ -Dunix -Dlinux -D__ELF__ -D__x86_64 -D__x86_64__ -D_MT -D__INTEL_COMPILER_BUILD_DATE=20130313 -D__INTEL_OFFLOAD -D__i686 -D__i686__ -D__pentiumpro -D__pentiumpro__ -D__pentium4 -D__pentium4__ -D__tune_pentium4__ -D__SSE2__ -D__SSE__ -D__MMX__ -mGLOB_pack_sort_init_list -I. -I/global/intel/composer_xe_2013.3.163/compiler/include/intel64 -I/global/intel/composer_xe_2013.3.163/compiler/include -I/usr/local/include -I/usr/lib/gcc/x86_64-redhat-linux/4.4.7/include -I/usr/include -O2 -simd -offload_host -mP1OPT_version=13.1-intel64 -mGLOB_diag_file=/tmp/ifortn1J4jY.diag -mGLOB_source_language=GLOB_SOURCE_LANGUAGE_F90 -mGLOB_tune_for_fort -mGLOB_use_fort_dope_vector -mP2OPT_static_promotion -mP1OPT_print_version=FALSE -mCG_use_gas_got_workaround=F -mP2OPT_align_option_used=TRUE -mGLOB_gcc_version=447 "-mGLOB_options_string=-o conftest -O2 -v -lrt -lpthread" -mGLOB_cxx_limited_range=FALSE -mCG_extend_parms=FALSE -mGLOB_compiler_bin_directory=/global/intel/composer_xe_2013.3.163/bin/intel64 -mGLOB_as_output_backup_file_name=/tmp/ifortbBltCdas_.s -mIPOPT_activate -mIPOPT_lite -mGLOB_machine_model=GLOB_MACHINE_MODEL_EFI2 -mGLOB_product_id_code=0x22006d91 -mCG_bnl_movbe=T -mGLOB_extended_instructions=0x8 -mP3OPT_use_mspp_call_convention -mP2OPT_subs_out_of_bound=FALSE -mGLOB_ansi_alias -mPGOPTI_value_profile_use=T -mP2OPT_il0_array_sections=TRUE -mGLOB_offload_mode=1 -mP2OPT_offload_unique_var_string=ifort1372419437lZCq6I -mGLOB_opt_level=2 -mP2OPT_hlo_level=2 -mP2OPT_hlo -mP2OPT_hpo_rtt_control=0 -mIPOPT_args_in_regs=0 -mP2OPT_disam_assume_nonstd_intent_in=FALSE -mGLOB_imf_mapping_library=/global/intel/composer_xe_2013.3.163/bin/intel64/libiml_attr.so -mIPOPT_obj_output_file_name=/tmp/ifortn1J4jY.o -mIPOPT_whole_archive_fixup_file_name=/tmp/ifortwarchoaGwX1 "-mGLOB_linker_version=2.20.51.0.2-5.36.el6 20100205" -mGLOB_long_size_64 -mGLOB_routine_pointer_size_64 -mGLOB_driver_tempfile_name=/tmp/iforttempfileOeo9DE -mP3OPT_asm_target=P3OPT_ASM_TARGET_GAS -mGLOB_async_unwind_tables=TRUE -mGLOB_obj_output_file=/tmp/ifortn1J4jY.o -mGLOB_source_dialect=GLOB_SOURCE_DIALECT_FORTRAN -mP1OPT_source_file_name=conftest.f -mP2OPT_symtab_type_copy=true conftest.f
#include "..." search starts here:
#include <...> search starts here:
 .
 /global/intel/composer_xe_2013.3.163/compiler/include/intel64
 /global/intel/composer_xe_2013.3.163/compiler/include
 /usr/local/include
 /usr/lib/gcc/x86_64-redhat-linux/4.4.7/include
 /usr/include
End of search list.
ld    /usr/lib/gcc/x86_64-redhat-linux/4.4.7/../../../../lib64/crt1.o /usr/lib/gcc/x86_64-redhat-linux/4.4.7/../../../../lib64/crti.o /usr/lib/gcc/x86_64-redhat-linux/4.4.7/crtbegin.o --eh-frame-hdr --build-id -dynamic-linker /lib64/ld-linux-x86-64.so.2 -o conftest /global/intel/composer_xe_2013.3.163/compiler/lib/intel64/for_main.o -L/usr/lib64/nvidia -L/usr/lib64/nvidia -L/usr/lib64/nvidia -L/global/intel/composer_xe_2013.3.163/compiler/lib/intel64 -L/usr/lib/gcc/x86_64-redhat-linux/4.4.7/ -L/usr/lib/gcc/x86_64-redhat-linux/4.4.7/../../../../lib64 -L/usr/lib/gcc/x86_64-redhat-linux/4.4.7/../../../../lib64/ -L/lib/../lib64 -L/lib/../lib64/ -L/usr/lib/../lib64 -L/usr/lib/../lib64/ -L/usr/lib64/nvidia/ -L/usr/lib/gcc/x86_64-redhat-linux/4.4.7/../../../ -L/lib64 -L/lib/ -L/usr/lib64 -L/usr/lib /tmp/ifortn1J4jY.o -lrt -lpthread -Bstatic -lifport -lifcore -limf -lsvml -Bdynamic -lm -Bstatic -lipgo -lirc -Bdynamic -lpthread -Bstatic -lsvml -Bdynamic -lc -lgcc -lgcc_s -Bstatic -lirc_s -Bdynamic -ldl -lc /usr/lib/gcc/x86_64-redhat-linux/4.4.7/crtend.o /usr/lib/gcc/x86_64-redhat-linux/4.4.7/../../../../lib64/crtn.o
configure:5010: result: -v
configure:5012: checking for Fortran 77 libraries of ifort
configure:5035: ifort -o conftest -O2 -v conftest.f -lrt -lpthread
ifort version 13.1.1
/global/intel/composer_xe_2013.3.163/bin/intel64/fortcom    -D__INTEL_COMPILER=1310 -D__unix__ -D__unix -D__linux__ -D__linux -D__gnu_linux__ -Dunix -Dlinux -D__ELF__ -D__x86_64 -D__x86_64__ -D_MT -D__INTEL_COMPILER_BUILD_DATE=20130313 -D__INTEL_OFFLOAD -D__i686 -D__i686__ -D__pentiumpro -D__pentiumpro__ -D__pentium4 -D__pentium4__ -D__tune_pentium4__ -D__SSE2__ -D__SSE__ -D__MMX__ -mGLOB_pack_sort_init_list -I. -I/global/intel/composer_xe_2013.3.163/compiler/include/intel64 -I/global/intel/composer_xe_2013.3.163/compiler/include -I/usr/local/include -I/usr/lib/gcc/x86_64-redhat-linux/4.4.7/include -I/usr/include -O2 -simd -offload_host -mP1OPT_version=13.1-intel64 -mGLOB_diag_file=/tmp/ifortTILgje.diag -mGLOB_source_language=GLOB_SOURCE_LANGUAGE_F90 -mGLOB_tune_for_fort -mGLOB_use_fort_dope_vector -mP2OPT_static_promotion -mP1OPT_print_version=FALSE -mCG_use_gas_got_workaround=F -mP2OPT_align_option_used=TRUE -mGLOB_gcc_version=447 "-mGLOB_options_string=-o conftest -O2 -v -lrt -lpthread" -mGLOB_cxx_limited_range=FALSE -mCG_extend_parms=FALSE -mGLOB_compiler_bin_directory=/global/intel/composer_xe_2013.3.163/bin/intel64 -mGLOB_as_output_backup_file_name=/tmp/ifortio9huvas_.s -mIPOPT_activate -mIPOPT_lite -mGLOB_machine_model=GLOB_MACHINE_MODEL_EFI2 -mGLOB_product_id_code=0x22006d91 -mCG_bnl_movbe=T -mGLOB_extended_instructions=0x8 -mP3OPT_use_mspp_call_convention -mP2OPT_subs_out_of_bound=FALSE -mGLOB_ansi_alias -mPGOPTI_value_profile_use=T -mP2OPT_il0_array_sections=TRUE -mGLOB_offload_mode=1 -mP2OPT_offload_unique_var_string=ifort8833002631w6WcX -mGLOB_opt_level=2 -mP2OPT_hlo_level=2 -mP2OPT_hlo -mP2OPT_hpo_rtt_control=0 -mIPOPT_args_in_regs=0 -mP2OPT_disam_assume_nonstd_intent_in=FALSE -mGLOB_imf_mapping_library=/global/intel/composer_xe_2013.3.163/bin/intel64/libiml_attr.so -mIPOPT_obj_output_file_name=/tmp/ifortTILgje.o -mIPOPT_whole_archive_fixup_file_name=/tmp/ifortwarcheTzuik "-mGLOB_linker_version=2.20.51.0.2-5.36.el6 20100205" -mGLOB_long_size_64 -mGLOB_routine_pointer_size_64 -mGLOB_driver_tempfile_name=/tmp/iforttempfile7ZQpVX -mP3OPT_asm_target=P3OPT_ASM_TARGET_GAS -mGLOB_async_unwind_tables=TRUE -mGLOB_obj_output_file=/tmp/ifortTILgje.o -mGLOB_source_dialect=GLOB_SOURCE_DIALECT_FORTRAN -mP1OPT_source_file_name=conftest.f -mP2OPT_symtab_type_copy=true conftest.f
#include "..." search starts here:
#include <...> search starts here:
 .
 /global/intel/composer_xe_2013.3.163/compiler/include/intel64
 /global/intel/composer_xe_2013.3.163/compiler/include
 /usr/local/include
 /usr/lib/gcc/x86_64-redhat-linux/4.4.7/include
 /usr/include
End of search list.
ld    /usr/lib/gcc/x86_64-redhat-linux/4.4.7/../../../../lib64/crt1.o /usr/lib/gcc/x86_64-redhat-linux/4.4.7/../../../../lib64/crti.o /usr/lib/gcc/x86_64-redhat-linux/4.4.7/crtbegin.o --eh-frame-hdr --build-id -dynamic-linker /lib64/ld-linux-x86-64.so.2 -o conftest /global/intel/composer_xe_2013.3.163/compiler/lib/intel64/for_main.o -L/usr/lib64/nvidia -L/usr/lib64/nvidia -L/usr/lib64/nvidia -L/global/intel/composer_xe_2013.3.163/compiler/lib/intel64 -L/usr/lib/gcc/x86_64-redhat-linux/4.4.7/ -L/usr/lib/gcc/x86_64-redhat-linux/4.4.7/../../../../lib64 -L/usr/lib/gcc/x86_64-redhat-linux/4.4.7/../../../../lib64/ -L/lib/../lib64 -L/lib/../lib64/ -L/usr/lib/../lib64 -L/usr/lib/../lib64/ -L/usr/lib64/nvidia/ -L/usr/lib/gcc/x86_64-redhat-linux/4.4.7/../../../ -L/lib64 -L/lib/ -L/usr/lib64 -L/usr/lib /tmp/ifortTILgje.o -lrt -lpthread -Bstatic -lifport -lifcore -limf -lsvml -Bdynamic -lm -Bstatic -lipgo -lirc -Bdynamic -lpthread -Bstatic -lsvml -Bdynamic -lc -lgcc -lgcc_s -Bstatic -lirc_s -Bdynamic -ldl -lc /usr/lib/gcc/x86_64-redhat-linux/4.4.7/crtend.o /usr/lib/gcc/x86_64-redhat-linux/4.4.7/../../../../lib64/crtn.o
configure:5212: result:  -L/usr/lib64/nvidia -L/global/intel/composer_xe_2013.3.163/compiler/lib/intel64 -L/usr/lib/gcc/x86_64-redhat-linux/4.4.7/ -L/usr/lib/gcc/x86_64-redhat-linux/4.4.7/../../../../lib64 -L/usr/lib/gcc/x86_64-redhat-linux/4.4.7/../../../../lib64/ -L/lib/../lib64 -L/lib/../lib64/ -L/usr/lib/../lib64 -L/usr/lib/../lib64/ -L/usr/lib64/nvidia/ -L/usr/lib/gcc/x86_64-redhat-linux/4.4.7/../../../ -L/lib64 -L/lib/ -L/usr/lib64 -L/usr/lib -lrt -lpthread -lifport -lifcore -limf -lsvml -lm -lipgo -lirc -lirc_s -ldl
configure:5225: checking for linker for Fortran main program
configure:5256: icc -c -D_LARGEFILE_SOURCE -D_LARGEFILE64_SOURCE -D_FILE_OFFSET_BITS=64 -O2   -I/scratch/ptc/ppm/work/mpich2-1.4.1p1/src/mpl/include -I/scratch/ptc/ppm/work/mpich2-1.4.1p1/src/mpl/include -I/scratch/ptc/ppm/work/mpich2-1.4.1p1/src/openpa/src -I/scratch/ptc/ppm/work/mpich2-1.4.1p1/src/openpa/src -I/scratch/ptc/ppm/work/mpich2-1.4.1p1/src/mpid/ch3/include -I/scratch/ptc/ppm/work/mpich2-1.4.1p1/src/mpid/ch3/include -I/scratch/ptc/ppm/work/mpich2-1.4.1p1/src/mpid/common/datatype -I/scratch/ptc/ppm/work/mpich2-1.4.1p1/src/mpid/common/datatype -I/scratch/ptc/ppm/work/mpich2-1.4.1p1/src/mpid/common/locks -I/scratch/ptc/ppm/work/mpich2-1.4.1p1/src/mpid/common/locks -I/scratch/ptc/ppm/work/mpich2-1.4.1p1/src/mpid/ch3/channels/nemesis/include -I/scratch/ptc/ppm/work/mpich2-1.4.1p1/src/mpid/ch3/channels/nemesis/include -I/scratch/ptc/ppm/work/mpich2-1.4.1p1/src/mpid/ch3/channels/nemesis/nemesis/include -I/scratch/ptc/ppm/work/mpich2-1.4.1p1/src/mpid/ch3/channels/nemesis/nemesis/include -I/scratch/ptc/ppm/work/mpich2-1.4.1p1/src/mpid/ch3/channels/nemesis/nemesis/utils/monitor -I/scratch/ptc/ppm/work/mpich2-1.4.1p1/src/mpid/ch3/channels/nemesis/nemesis/utils/monitor -I/scratch/ptc/ppm/work/mpich2-1.4.1p1/src/util/wrappers -I/scratch/ptc/ppm/work/mpich2-1.4.1p1/src/util/wrappers conftest.c >&5
configure:5263: $? = 0
configure:5344: icc -c -D_LARGEFILE_SOURCE -D_LARGEFILE64_SOURCE -D_FILE_OFFSET_BITS=64 -O2   -I/scratch/ptc/ppm/work/mpich2-1.4.1p1/src/mpl/include -I/scratch/ptc/ppm/work/mpich2-1.4.1p1/src/mpl/include -I/scratch/ptc/ppm/work/mpich2-1.4.1p1/src/openpa/src -I/scratch/ptc/ppm/work/mpich2-1.4.1p1/src/openpa/src -I/scratch/ptc/ppm/work/mpich2-1.4.1p1/src/mpid/ch3/include -I/scratch/ptc/ppm/work/mpich2-1.4.1p1/src/mpid/ch3/include -I/scratch/ptc/ppm/work/mpich2-1.4.1p1/src/mpid/common/datatype -I/scratch/ptc/ppm/work/mpich2-1.4.1p1/src/mpid/common/datatype -I/scratch/ptc/ppm/work/mpich2-1.4.1p1/src/mpid/common/locks -I/scratch/ptc/ppm/work/mpich2-1.4.1p1/src/mpid/common/locks -I/scratch/ptc/ppm/work/mpich2-1.4.1p1/src/mpid/ch3/channels/nemesis/include -I/scratch/ptc/ppm/work/mpich2-1.4.1p1/src/mpid/ch3/channels/nemesis/include -I/scratch/ptc/ppm/work/mpich2-1.4.1p1/src/mpid/ch3/channels/nemesis/nemesis/include -I/scratch/ptc/ppm/work/mpich2-1.4.1p1/src/mpid/ch3/channels/nemesis/nemesis/include -I/scratch/ptc/ppm/work/mpich2-1.4.1p1/src/mpid/ch3/channels/nemesis/nemesis/utils/monitor -I/scratch/ptc/ppm/work/mpich2-1.4.1p1/src/mpid/ch3/channels/nemesis/nemesis/utils/monitor -I/scratch/ptc/ppm/work/mpich2-1.4.1p1/src/util/wrappers -I/scratch/ptc/ppm/work/mpich2-1.4.1p1/src/util/wrappers conftest.c >&5
configure:5351: $? = 0
configure:5358: mv conftest.o pac_conftest.o
configure:5361: $? = 0
configure:5376: ifort -o conftest   -O2   conftest.f pac_conftest.o -lrt -lpthread   >&5
configure:5383: $? = 0
configure:5392: result: Use Fortran to link programs
configure:5568: checking for Fortran 77 name mangling
configure:5596: ifort -c   -O2 conftest.f >&5
configure:5603: $? = 0
configure:5610: mv conftest.o f77conftest.o
configure:5613: $? = 0
configure:5648: icc -o conftest -D_LARGEFILE_SOURCE -D_LARGEFILE64_SOURCE -D_FILE_OFFSET_BITS=64 -O2   -I/scratch/ptc/ppm/work/mpich2-1.4.1p1/src/mpl/include -I/scratch/ptc/ppm/work/mpich2-1.4.1p1/src/mpl/include -I/scratch/ptc/ppm/work/mpich2-1.4.1p1/src/openpa/src -I/scratch/ptc/ppm/work/mpich2-1.4.1p1/src/openpa/src -I/scratch/ptc/ppm/work/mpich2-1.4.1p1/src/mpid/ch3/include -I/scratch/ptc/ppm/work/mpich2-1.4.1p1/src/mpid/ch3/include -I/scratch/ptc/ppm/work/mpich2-1.4.1p1/src/mpid/common/datatype -I/scratch/ptc/ppm/work/mpich2-1.4.1p1/src/mpid/common/datatype -I/scratch/ptc/ppm/work/mpich2-1.4.1p1/src/mpid/common/locks -I/scratch/ptc/ppm/work/mpich2-1.4.1p1/src/mpid/common/locks -I/scratch/ptc/ppm/work/mpich2-1.4.1p1/src/mpid/ch3/channels/nemesis/include -I/scratch/ptc/ppm/work/mpich2-1.4.1p1/src/mpid/ch3/channels/nemesis/include -I/scratch/ptc/ppm/work/mpich2-1.4.1p1/src/mpid/ch3/channels/nemesis/nemesis/include -I/scratch/ptc/ppm/work/mpich2-1.4.1p1/src/mpid/ch3/channels/nemesis/nemesis/include -I/scratch/ptc/ppm/work/mpich2-1.4.1p1/src/mpid/ch3/channels/nemesis/nemesis/utils/monitor -I/scratch/ptc/ppm/work/mpich2-1.4.1p1/src/mpid/ch3/channels/nemesis/nemesis/utils/monitor -I/scratch/ptc/ppm/work/mpich2-1.4.1p1/src/util/wrappers -I/scratch/ptc/ppm/work/mpich2-1.4.1p1/src/util/wrappers   conftest.c f77conftest.o  -L/usr/lib64/nvidia -L/global/intel/composer_xe_2013.3.163/compiler/lib/intel64 -L/usr/lib/gcc/x86_64-redhat-linux/4.4.7/ -L/usr/lib/gcc/x86_64-redhat-linux/4.4.7/../../../../lib64 -L/usr/lib/gcc/x86_64-redhat-linux/4.4.7/../../../../lib64/ -L/lib/../lib64 -L/lib/../lib64/ -L/usr/lib/../lib64 -L/usr/lib/../lib64/ -L/usr/lib64/nvidia/ -L/usr/lib/gcc/x86_64-redhat-linux/4.4.7/../../../ -L/lib64 -L/lib/ -L/usr/lib64 -L/usr/lib -lrt -lpthread -lifport -lifcore -limf -lsvml -lm -lipgo -lirc -lirc_s -ldl -lrt -lpthread   >&5
configure:5655: $? = 0
configure:5852: result: lower uscore
configure:5921: checking for available integer kinds
configure:5957: ifort -o conftest -O2     conftest.f90 -lrt -lpthread >&5
configure:5964: $? = 0
configure:5975: ./conftest > pac_conftest.out
configure:5978: $? = 0
configure:5982: result:  2 , 1, 4 , 2, 9 , 4, 18 , 8,
configure:7001: checking for available integer ranges
configure:7040: icc -c -D_LARGEFILE_SOURCE -D_LARGEFILE64_SOURCE -D_FILE_OFFSET_BITS=64 -O2   -I/scratch/ptc/ppm/work/mpich2-1.4.1p1/src/mpl/include -I/scratch/ptc/ppm/work/mpich2-1.4.1p1/src/mpl/include -I/scratch/ptc/ppm/work/mpich2-1.4.1p1/src/openpa/src -I/scratch/ptc/ppm/work/mpich2-1.4.1p1/src/openpa/src -I/scratch/ptc/ppm/work/mpich2-1.4.1p1/src/mpid/ch3/include -I/scratch/ptc/ppm/work/mpich2-1.4.1p1/src/mpid/ch3/include -I/scratch/ptc/ppm/work/mpich2-1.4.1p1/src/mpid/common/datatype -I/scratch/ptc/ppm/work/mpich2-1.4.1p1/src/mpid/common/datatype -I/scratch/ptc/ppm/work/mpich2-1.4.1p1/src/mpid/common/locks -I/scratch/ptc/ppm/work/mpich2-1.4.1p1/src/mpid/common/locks -I/scratch/ptc/ppm/work/mpich2-1.4.1p1/src/mpid/ch3/channels/nemesis/include -I/scratch/ptc/ppm/work/mpich2-1.4.1p1/src/mpid/ch3/channels/nemesis/include -I/scratch/ptc/ppm/work/mpich2-1.4.1p1/src/mpid/ch3/channels/nemesis/nemesis/include -I/scratch/ptc/ppm/work/mpich2-1.4.1p1/src/mpid/ch3/channels/nemesis/nemesis/include -I/scratch/ptc/ppm/work/mpich2-1.4.1p1/src/mpid/ch3/channels/nemesis/nemesis/utils/monitor -I/scratch/ptc/ppm/work/mpich2-1.4.1p1/src/mpid/ch3/channels/nemesis/nemesis/utils/monitor -I/scratch/ptc/ppm/work/mpich2-1.4.1p1/src/util/wrappers -I/scratch/ptc/ppm/work/mpich2-1.4.1p1/src/util/wrappers conftest.c >&5
configure:7047: $? = 0
configure:7054: mv conftest.o pac_conftest.o
configure:7057: $? = 0
configure:7109: ifort -o conftest -O2     conftest.f90 pac_conftest.o -lrt -lpthread >&5
configure:7116: $? = 0
configure:7127: ./conftest > pac_conftest.out
configure:7130: $? = 0
configure:7109: ifort -o conftest -O2     conftest.f90 pac_conftest.o -lrt -lpthread >&5
configure:7116: $? = 0
configure:7127: ./conftest > pac_conftest.out
configure:7130: $? = 0
configure:7109: ifort -o conftest -O2     conftest.f90 pac_conftest.o -lrt -lpthread >&5
configure:7116: $? = 0
configure:7127: ./conftest > pac_conftest.out
configure:7130: $? = 0
configure:7109: ifort -o conftest -O2     conftest.f90 pac_conftest.o -lrt -lpthread >&5
configure:7116: $? = 0
configure:7127: ./conftest > pac_conftest.out
configure:7130: $? = 0
configure:7157: result:  {  2 , 1 , 1 }, {  4 , 2 , 2 }, {  9 , 4 , 4 }, {  18 , 8 , 8 },
configure:7317: creating ./config.status

## ---------------------- ##
## Running config.status. ##
## ---------------------- ##

This file was extended by config.status, which was
generated by GNU Autoconf 2.63.  Invocation command line was

  CONFIG_FILES    = 
  CONFIG_HEADERS  = 
  CONFIG_LINKS    = 
  CONFIG_COMMANDS = 
  $ ./config.status 

on mitsuko.aer.mw.tum.de

config.status:670: creating mpif90model.h
configure:8285: WARNING: unrecognized options: --enable-fc, --enable-fast, --enable-timer-type, --with-mpe, --disable-dependencies

## ---------------- ##
## Cache variables. ##
## ---------------- ##

ac_cv_c_compiler_gnu=yes
ac_cv_c_const=yes
ac_cv_env_CC_set=set
ac_cv_env_CC_value=icc
ac_cv_env_CFLAGS_set=set
ac_cv_env_CFLAGS_value='-D_LARGEFILE_SOURCE -D_LARGEFILE64_SOURCE -D_FILE_OFFSET_BITS=64 -O2'
ac_cv_env_CPPFLAGS_set=set
ac_cv_env_CPPFLAGS_value=' -I/scratch/ptc/ppm/work/mpich2-1.4.1p1/src/mpl/include -I/scratch/ptc/ppm/work/mpich2-1.4.1p1/src/mpl/include -I/scratch/ptc/ppm/work/mpich2-1.4.1p1/src/openpa/src -I/scratch/ptc/ppm/work/mpich2-1.4.1p1/src/openpa/src -I/scratch/ptc/ppm/work/mpich2-1.4.1p1/src/mpid/ch3/include -I/scratch/ptc/ppm/work/mpich2-1.4.1p1/src/mpid/ch3/include -I/scratch/ptc/ppm/work/mpich2-1.4.1p1/src/mpid/common/datatype -I/scratch/ptc/ppm/work/mpich2-1.4.1p1/src/mpid/common/datatype -I/scratch/ptc/ppm/work/mpich2-1.4.1p1/src/mpid/common/locks -I/scratch/ptc/ppm/work/mpich2-1.4.1p1/src/mpid/common/locks -I/scratch/ptc/ppm/work/mpich2-1.4.1p1/src/mpid/ch3/channels/nemesis/include -I/scratch/ptc/ppm/work/mpich2-1.4.1p1/src/mpid/ch3/channels/nemesis/include -I/scratch/ptc/ppm/work/mpich2-1.4.1p1/src/mpid/ch3/channels/nemesis/nemesis/include -I/scratch/ptc/ppm/work/mpich2-1.4.1p1/src/mpid/ch3/channels/nemesis/nemesis/include -I/scratch/ptc/ppm/work/mpich2-1.4.1p1/src/mpid/ch3/channels/nemesis/nemesis/utils/monitor -I/scratch/ptc/ppm/work/mpich2-1.4.1p1/src/mpid/ch3/channels/nemesis/nemesis/utils/monitor -I/scratch/ptc/ppm/work/mpich2-1.4.1p1/src/util/wrappers -I/scratch/ptc/ppm/work/mpich2-1.4.1p1/src/util/wrappers'
ac_cv_env_F77_set=set
ac_cv_env_F77_value=ifort
ac_cv_env_FCFLAGS_set=set
ac_cv_env_FCFLAGS_value='-O2 '
ac_cv_env_FC_set=set
ac_cv_env_FC_value=ifort
ac_cv_env_FFLAGS_set=set
ac_cv_env_FFLAGS_value='  -O2'
ac_cv_env_LDFLAGS_set=set
ac_cv_env_LDFLAGS_value=' '
ac_cv_env_LIBS_set=set
ac_cv_env_LIBS_value='-lrt -lpthread  '
ac_cv_env_build_alias_set=
ac_cv_env_build_alias_value=
ac_cv_env_host_alias_set=
ac_cv_env_host_alias_value=
ac_cv_env_target_alias_set=
ac_cv_env_target_alias_value=
ac_cv_f77_compiler_gnu=no
ac_cv_f77_libs=' -L/usr/lib64/nvidia -L/global/intel/composer_xe_2013.3.163/compiler/lib/intel64 -L/usr/lib/gcc/x86_64-redhat-linux/4.4.7/ -L/usr/lib/gcc/x86_64-redhat-linux/4.4.7/../../../../lib64 -L/usr/lib/gcc/x86_64-redhat-linux/4.4.7/../../../../lib64/ -L/lib/../lib64 -L/lib/../lib64/ -L/usr/lib/../lib64 -L/usr/lib/../lib64/ -L/usr/lib64/nvidia/ -L/usr/lib/gcc/x86_64-redhat-linux/4.4.7/../../../ -L/lib64 -L/lib/ -L/usr/lib64 -L/usr/lib -lrt -lpthread -lifport -lifcore -limf -lsvml -lm -lipgo -lirc -lirc_s -ldl'
ac_cv_fc_compiler_gnu=no
ac_cv_objext=o
ac_cv_path_FGREP='/bin/grep -F'
ac_cv_path_GREP=/bin/grep
ac_cv_prog_cc_c89=
ac_cv_prog_cc_g=yes
ac_cv_prog_f77_g=yes
ac_cv_prog_f77_v=-v
ac_cv_prog_fc_g=yes
pac_cv_my_conf_dir=/scratch/ptc/ppm/work/mpich2-1.4.1p1/src/binding/f90
pac_cv_prog_f77_name_mangle='lower uscore'

## ----------------- ##
## Output variables. ##
## ----------------- ##

CC='icc'
CFLAGS='-D_LARGEFILE_SOURCE -D_LARGEFILE64_SOURCE -D_FILE_OFFSET_BITS=64 -O2 '
CPPFLAGS=' -I/scratch/ptc/ppm/work/mpich2-1.4.1p1/src/mpl/include -I/scratch/ptc/ppm/work/mpich2-1.4.1p1/src/mpl/include -I/scratch/ptc/ppm/work/mpich2-1.4.1p1/src/openpa/src -I/scratch/ptc/ppm/work/mpich2-1.4.1p1/src/openpa/src -I/scratch/ptc/ppm/work/mpich2-1.4.1p1/src/mpid/ch3/include -I/scratch/ptc/ppm/work/mpich2-1.4.1p1/src/mpid/ch3/include -I/scratch/ptc/ppm/work/mpich2-1.4.1p1/src/mpid/common/datatype -I/scratch/ptc/ppm/work/mpich2-1.4.1p1/src/mpid/common/datatype -I/scratch/ptc/ppm/work/mpich2-1.4.1p1/src/mpid/common/locks -I/scratch/ptc/ppm/work/mpich2-1.4.1p1/src/mpid/common/locks -I/scratch/ptc/ppm/work/mpich2-1.4.1p1/src/mpid/ch3/channels/nemesis/include -I/scratch/ptc/ppm/work/mpich2-1.4.1p1/src/mpid/ch3/channels/nemesis/include -I/scratch/ptc/ppm/work/mpich2-1.4.1p1/src/mpid/ch3/channels/nemesis/nemesis/include -I/scratch/ptc/ppm/work/mpich2-1.4.1p1/src/mpid/ch3/channels/nemesis/nemesis/include -I/scratch/ptc/ppm/work/mpich2-1.4.1p1/src/mpid/ch3/channels/nemesis/nemesis/utils/monitor -I/scratch/ptc/ppm/work/mpich2-1.4.1p1/src/mpid/ch3/channels/nemesis/nemesis/utils/monitor -I/scratch/ptc/ppm/work/mpich2-1.4.1p1/src/util/wrappers -I/scratch/ptc/ppm/work/mpich2-1.4.1p1/src/util/wrappers'
DEFS='-DPACKAGE_NAME=\"\" -DPACKAGE_TARNAME=\"\" -DPACKAGE_VERSION=\"\" -DPACKAGE_STRING=\"\" -DPACKAGE_BUGREPORT=\"\" -DHAVE_LONG_LONG=1 -DSTDCALL= -DF77_NAME_LOWER_USCORE=1'
ECHO_C=''
ECHO_N='-n'
ECHO_T=''
EXEEXT=''
F77='ifort'
F77_NAME_MANGLE='F77_NAME_LOWER_USCORE'
FC='ifort'
FCEXT='f90'
FCFLAGS='-O2 '
FC_ALL_INTEGER_MODELS=' 2 , 1, 4 , 2, 9 , 4, 18 , 8,'
FC_DOUBLE_MODEL=' 15 , 307'
FC_INTEGER_MODEL=' 9'
FC_INTEGER_MODEL_MAP=' {  2 , 1 , 1 }, {  4 , 2 , 2 }, {  9 , 4 , 4 }, {  18 , 8 , 8 },'
FC_REAL_MODEL=' 6 , 37'
FFLAGS='  -O2'
FGREP='/bin/grep -F'
FLIBS=' -L/usr/lib64/nvidia -L/global/intel/composer_xe_2013.3.163/compiler/lib/intel64 -L/usr/lib/gcc/x86_64-redhat-linux/4.4.7/ -L/usr/lib/gcc/x86_64-redhat-linux/4.4.7/../../../../lib64 -L/usr/lib/gcc/x86_64-redhat-linux/4.4.7/../../../../lib64/ -L/lib/../lib64 -L/lib/../lib64/ -L/usr/lib/../lib64 -L/usr/lib/../lib64/ -L/usr/lib64/nvidia/ -L/usr/lib/gcc/x86_64-redhat-linux/4.4.7/../../../ -L/lib64 -L/lib/ -L/usr/lib64 -L/usr/lib -lrt -lpthread -lifport -lifcore -limf -lsvml -lm -lipgo -lirc -lirc_s -ldl'
GREP='/bin/grep'
LDFLAGS=' '
LIBOBJS=''
LIBS='-lrt -lpthread'
LTLIBOBJS=''
OBJEXT='o'
PACKAGE_BUGREPORT=''
PACKAGE_NAME=''
PACKAGE_STRING=''
PACKAGE_TARNAME=''
PACKAGE_VERSION=''
PATH_SEPARATOR=':'
SHELL='/bin/sh'
ac_ct_CC=''
ac_ct_F77=''
ac_ct_FC=''
bindir='${exec_prefix}/bin'
build_alias=''
datadir='${datarootdir}'
datarootdir='${prefix}/share'
docdir='${datarootdir}/doc/${PACKAGE}'
dvidir='${docdir}'
exec_prefix='${prefix}'
host_alias=''
htmldir='${docdir}'
includedir='${prefix}/include'
infodir='${datarootdir}/info'
libdir='${exec_prefix}/lib'
libexecdir='${exec_prefix}/libexec'
localedir='${datarootdir}/locale'
localstatedir='${prefix}/var'
mandir='${datarootdir}/man'
master_top_builddir='/scratch/ptc/ppm/work/mpich2-1.4.1p1'
master_top_srcdir='/scratch/ptc/ppm/work/mpich2-1.4.1p1'
oldincludedir='/usr/include'
pdfdir='${docdir}'
prefix='/scratch/ptc/prefix-O2/mpich2/1.4.1p1'
program_transform_name='s,x,x,'
psdir='${docdir}'
sbindir='${exec_prefix}/sbin'
sharedstatedir='${prefix}/com'
sysconfdir='${prefix}/etc'
target_alias=''

## ----------- ##
## confdefs.h. ##
## ----------- ##

#define PACKAGE_NAME ""
#define PACKAGE_TARNAME ""
#define PACKAGE_VERSION ""
#define PACKAGE_STRING ""
#define PACKAGE_BUGREPORT ""
#define HAVE_LONG_LONG 1
#define STDCALL 
#define F77_NAME_LOWER_USCORE 1

configure: exit 0
