This file contains any messages produced by compilers while
running configure, to aid debugging if configure makes a mistake.

It was created by configure, which was
generated by GNU Autoconf 2.63.  Invocation command line was

  $ ./configure --disable-option-checking --prefix=/scratch/ptc/prefix-O2/mpich2/1.4.1p1 FC=ifort CC=icc CFLAGS=-D_LARGEFILE_SOURCE -D_LARGEFILE64_SOURCE -D_FILE_OFFSET_BITS=64 -O2 -O2 CXX=icpc CXXFLAGS=-O2 -O2 --enable-fc --enable-fast=defopt --enable-timer-type=gettimeofday --with-mpe RSHCOMMAND=/usr/bin/ssh --disable-dependencies MPI_CC=/scratch/ptc/ppm/work/mpich2-1.4.1p1/bin/mpicc MPI_F77=/scratch/ptc/ppm/work/mpich2-1.4.1p1/bin/mpif77 LDFLAGS=  LIBS=-lrt -lpthread   CPPFLAGS= -I/scratch/ptc/ppm/work/mpich2-1.4.1p1/src/mpl/include -I/scratch/ptc/ppm/work/mpich2-1.4.1p1/src/mpl/include -I/scratch/ptc/ppm/work/mpich2-1.4.1p1/src/openpa/src -I/scratch/ptc/ppm/work/mpich2-1.4.1p1/src/openpa/src -I/scratch/ptc/ppm/work/mpich2-1.4.1p1/src/mpid/ch3/include -I/scratch/ptc/ppm/work/mpich2-1.4.1p1/src/mpid/ch3/include -I/scratch/ptc/ppm/work/mpich2-1.4.1p1/src/mpid/common/datatype -I/scratch/ptc/ppm/work/mpich2-1.4.1p1/src/mpid/common/datatype -I/scratch/ptc/ppm/work/mpich2-1.4.1p1/src/mpid/common/locks -I/scratch/ptc/ppm/work/mpich2-1.4.1p1/src/mpid/common/locks -I/scratch/ptc/ppm/work/mpich2-1.4.1p1/src/mpid/ch3/channels/nemesis/include -I/scratch/ptc/ppm/work/mpich2-1.4.1p1/src/mpid/ch3/channels/nemesis/include -I/scratch/ptc/ppm/work/mpich2-1.4.1p1/src/mpid/ch3/channels/nemesis/nemesis/include -I/scratch/ptc/ppm/work/mpich2-1.4.1p1/src/mpid/ch3/channels/nemesis/nemesis/include -I/scratch/ptc/ppm/work/mpich2-1.4.1p1/src/mpid/ch3/channels/nemesis/nemesis/utils/monitor -I/scratch/ptc/ppm/work/mpich2-1.4.1p1/src/mpid/ch3/channels/nemesis/nemesis/utils/monitor -I/scratch/ptc/ppm/work/mpich2-1.4.1p1/src/util/wrappers -I/scratch/ptc/ppm/work/mpich2-1.4.1p1/src/util/wrappers F77=ifort FFLAGS=  -O2 --cache-file=/dev/null --srcdir=.

## --------- ##
## Platform. ##
## --------- ##

hostname = mitsuko.aer.mw.tum.de
uname -m = x86_64
uname -r = 2.6.32-431.1.2.el6.x86_64
uname -s = Linux
uname -v = #1 SMP Thu Dec 12 13:59:19 CST 2013

/usr/bin/uname -p = unknown
/bin/uname -X     = unknown

/bin/arch              = x86_64
/usr/bin/arch -k       = unknown
/usr/convex/getsysinfo = unknown
/usr/bin/hostinfo      = unknown
/bin/machine           = unknown
/usr/bin/oslevel       = unknown
/bin/universe          = unknown

PATH: /scratch/utils/SublimeText2
PATH: /scratch2/utils/swftools-2013-02-19-1826/work/bin
PATH: /global/tecplotchorus2012r3/bin
PATH: /global/ANSYS/v145/CFD-Post/bin
PATH: /global/ANSYS/v145/icemcfd/linux64_amd/bin
PATH: /global/ANSYS/v145/fluent/bin
PATH: /scratch2/utils/matlab2009/bin
PATH: /scratch2/utils/nasm/bin
PATH: /global/tecplot2012/bin
PATH: /scratch2/utils/tgif-QPL-4.2.2
PATH: /scratch2/utils/Adobe/Reader9/bin
PATH: /scratch2/project/trunk/punto/local/bin
PATH: /scratch2/ptc/prefix-O2/mpich2/1.4.1p1/bin
PATH: /global/intel/composer_xe_2013.3.163/bin/intel64
PATH: /global/intel/composerxe/bin
PATH: /global/bin
PATH: /global/texlive/2013/bin/x86_64-linux
PATH: /global/bin
PATH: /global/texlive/2013/bin/x86_64-linux
PATH: /global/bin
PATH: /global/texlive/2013/bin/x86_64-linux
PATH: /usr/lib64/qt-3.3/bin
PATH: /usr/local/bin
PATH: /usr/bin
PATH: /bin
PATH: /usr/local/sbin
PATH: /usr/sbin
PATH: /sbin
PATH: /global/ANSYS/v145/icemcfd/linux64_amd/bin
PATH: /global/ANSYS/v145/CFX/bin
PATH: /global/intel/composer_xe_2013.3.163/bin
PATH: /global/tecplot2013/bin
PATH: /global/tecplotchorusde2013r1/bin
PATH: /global/ANSYS/v145/icemcfd/linux64_amd/bin
PATH: /global/ANSYS/v145/CFX/bin
PATH: /global/intel/composer_xe_2013.3.163/bin
PATH: /global/tecplot2013/bin
PATH: /global/tecplotchorusde2013r1/bin
PATH: /global/ANSYS/v145/icemcfd/linux64_amd/bin
PATH: /global/ANSYS/v145/CFX/bin
PATH: /global/intel/composer_xe_2013.3.163/bin
PATH: /global/tecplot2013/bin
PATH: /global/tecplotchorusde2013r1/bin


## ----------- ##
## Core tests. ##
## ----------- ##

configure:1791: checking for current directory name
configure:1840: result: /scratch/ptc/ppm/work/mpich2-1.4.1p1/src/mpe2/src/callstack
configure:1875: checking gnumake
configure:1890: result: yes using --no-print-directory
configure:1904: checking BSD 4.4 make
configure:1924: result: no - whew
configure:1930: checking OSF V3 make
configure:1949: result: no
configure:1956: checking for virtual path format
configure:1971: result: VPATH
configure:2100: checking for gcc
configure:2127: result: icc
configure:2359: checking for C compiler version
configure:2367: icc --version >&5
icc (ICC) 13.1.1 20130313
Copyright (C) 1985-2013 Intel Corporation.  All rights reserved.

configure:2371: $? = 0
configure:2378: icc -v >&5
icc version 13.1.1 (gcc version 4.4.7 compatibility)
configure:2382: $? = 0
configure:2389: icc -V >&5
Intel(R) C Intel(R) 64 Compiler XE for applications running on Intel(R) 64, Version 13.1.1.163 Build 20130313
Copyright (C) 1985-2013 Intel Corporation.  All rights reserved.
FOR NON-COMMERCIAL USE ONLY

configure:2393: $? = 0
configure:2416: checking for C compiler default output file name
configure:2438: icc -D_LARGEFILE_SOURCE -D_LARGEFILE64_SOURCE -D_FILE_OFFSET_BITS=64 -O2 -O2  -I/scratch/ptc/ppm/work/mpich2-1.4.1p1/src/mpl/include -I/scratch/ptc/ppm/work/mpich2-1.4.1p1/src/mpl/include -I/scratch/ptc/ppm/work/mpich2-1.4.1p1/src/openpa/src -I/scratch/ptc/ppm/work/mpich2-1.4.1p1/src/openpa/src -I/scratch/ptc/ppm/work/mpich2-1.4.1p1/src/mpid/ch3/include -I/scratch/ptc/ppm/work/mpich2-1.4.1p1/src/mpid/ch3/include -I/scratch/ptc/ppm/work/mpich2-1.4.1p1/src/mpid/common/datatype -I/scratch/ptc/ppm/work/mpich2-1.4.1p1/src/mpid/common/datatype -I/scratch/ptc/ppm/work/mpich2-1.4.1p1/src/mpid/common/locks -I/scratch/ptc/ppm/work/mpich2-1.4.1p1/src/mpid/common/locks -I/scratch/ptc/ppm/work/mpich2-1.4.1p1/src/mpid/ch3/channels/nemesis/include -I/scratch/ptc/ppm/work/mpich2-1.4.1p1/src/mpid/ch3/channels/nemesis/include -I/scratch/ptc/ppm/work/mpich2-1.4.1p1/src/mpid/ch3/channels/nemesis/nemesis/include -I/scratch/ptc/ppm/work/mpich2-1.4.1p1/src/mpid/ch3/channels/nemesis/nemesis/include -I/scratch/ptc/ppm/work/mpich2-1.4.1p1/src/mpid/ch3/channels/nemesis/nemesis/utils/monitor -I/scratch/ptc/ppm/work/mpich2-1.4.1p1/src/mpid/ch3/channels/nemesis/nemesis/utils/monitor -I/scratch/ptc/ppm/work/mpich2-1.4.1p1/src/util/wrappers -I/scratch/ptc/ppm/work/mpich2-1.4.1p1/src/util/wrappers   conftest.c -lrt -lpthread   >&5
configure:2442: $? = 0
configure:2480: result: a.out
configure:2499: checking whether the C compiler works
configure:2509: ./a.out
configure:2513: $? = 0
configure:2532: result: yes
configure:2539: checking whether we are cross compiling
configure:2541: result: no
configure:2544: checking for suffix of executables
configure:2551: icc -o conftest -D_LARGEFILE_SOURCE -D_LARGEFILE64_SOURCE -D_FILE_OFFSET_BITS=64 -O2 -O2  -I/scratch/ptc/ppm/work/mpich2-1.4.1p1/src/mpl/include -I/scratch/ptc/ppm/work/mpich2-1.4.1p1/src/mpl/include -I/scratch/ptc/ppm/work/mpich2-1.4.1p1/src/openpa/src -I/scratch/ptc/ppm/work/mpich2-1.4.1p1/src/openpa/src -I/scratch/ptc/ppm/work/mpich2-1.4.1p1/src/mpid/ch3/include -I/scratch/ptc/ppm/work/mpich2-1.4.1p1/src/mpid/ch3/include -I/scratch/ptc/ppm/work/mpich2-1.4.1p1/src/mpid/common/datatype -I/scratch/ptc/ppm/work/mpich2-1.4.1p1/src/mpid/common/datatype -I/scratch/ptc/ppm/work/mpich2-1.4.1p1/src/mpid/common/locks -I/scratch/ptc/ppm/work/mpich2-1.4.1p1/src/mpid/common/locks -I/scratch/ptc/ppm/work/mpich2-1.4.1p1/src/mpid/ch3/channels/nemesis/include -I/scratch/ptc/ppm/work/mpich2-1.4.1p1/src/mpid/ch3/channels/nemesis/include -I/scratch/ptc/ppm/work/mpich2-1.4.1p1/src/mpid/ch3/channels/nemesis/nemesis/include -I/scratch/ptc/ppm/work/mpich2-1.4.1p1/src/mpid/ch3/channels/nemesis/nemesis/include -I/scratch/ptc/ppm/work/mpich2-1.4.1p1/src/mpid/ch3/channels/nemesis/nemesis/utils/monitor -I/scratch/ptc/ppm/work/mpich2-1.4.1p1/src/mpid/ch3/channels/nemesis/nemesis/utils/monitor -I/scratch/ptc/ppm/work/mpich2-1.4.1p1/src/util/wrappers -I/scratch/ptc/ppm/work/mpich2-1.4.1p1/src/util/wrappers   conftest.c -lrt -lpthread   >&5
configure:2555: $? = 0
configure:2581: result: 
configure:2587: checking for suffix of object files
configure:2613: icc -c -D_LARGEFILE_SOURCE -D_LARGEFILE64_SOURCE -D_FILE_OFFSET_BITS=64 -O2 -O2  -I/scratch/ptc/ppm/work/mpich2-1.4.1p1/src/mpl/include -I/scratch/ptc/ppm/work/mpich2-1.4.1p1/src/mpl/include -I/scratch/ptc/ppm/work/mpich2-1.4.1p1/src/openpa/src -I/scratch/ptc/ppm/work/mpich2-1.4.1p1/src/openpa/src -I/scratch/ptc/ppm/work/mpich2-1.4.1p1/src/mpid/ch3/include -I/scratch/ptc/ppm/work/mpich2-1.4.1p1/src/mpid/ch3/include -I/scratch/ptc/ppm/work/mpich2-1.4.1p1/src/mpid/common/datatype -I/scratch/ptc/ppm/work/mpich2-1.4.1p1/src/mpid/common/datatype -I/scratch/ptc/ppm/work/mpich2-1.4.1p1/src/mpid/common/locks -I/scratch/ptc/ppm/work/mpich2-1.4.1p1/src/mpid/common/locks -I/scratch/ptc/ppm/work/mpich2-1.4.1p1/src/mpid/ch3/channels/nemesis/include -I/scratch/ptc/ppm/work/mpich2-1.4.1p1/src/mpid/ch3/channels/nemesis/include -I/scratch/ptc/ppm/work/mpich2-1.4.1p1/src/mpid/ch3/channels/nemesis/nemesis/include -I/scratch/ptc/ppm/work/mpich2-1.4.1p1/src/mpid/ch3/channels/nemesis/nemesis/include -I/scratch/ptc/ppm/work/mpich2-1.4.1p1/src/mpid/ch3/channels/nemesis/nemesis/utils/monitor -I/scratch/ptc/ppm/work/mpich2-1.4.1p1/src/mpid/ch3/channels/nemesis/nemesis/utils/monitor -I/scratch/ptc/ppm/work/mpich2-1.4.1p1/src/util/wrappers -I/scratch/ptc/ppm/work/mpich2-1.4.1p1/src/util/wrappers conftest.c >&5
configure:2617: $? = 0
configure:2642: result: o
configure:2646: checking whether we are using the GNU C compiler
configure:2675: icc -c -D_LARGEFILE_SOURCE -D_LARGEFILE64_SOURCE -D_FILE_OFFSET_BITS=64 -O2 -O2  -I/scratch/ptc/ppm/work/mpich2-1.4.1p1/src/mpl/include -I/scratch/ptc/ppm/work/mpich2-1.4.1p1/src/mpl/include -I/scratch/ptc/ppm/work/mpich2-1.4.1p1/src/openpa/src -I/scratch/ptc/ppm/work/mpich2-1.4.1p1/src/openpa/src -I/scratch/ptc/ppm/work/mpich2-1.4.1p1/src/mpid/ch3/include -I/scratch/ptc/ppm/work/mpich2-1.4.1p1/src/mpid/ch3/include -I/scratch/ptc/ppm/work/mpich2-1.4.1p1/src/mpid/common/datatype -I/scratch/ptc/ppm/work/mpich2-1.4.1p1/src/mpid/common/datatype -I/scratch/ptc/ppm/work/mpich2-1.4.1p1/src/mpid/common/locks -I/scratch/ptc/ppm/work/mpich2-1.4.1p1/src/mpid/common/locks -I/scratch/ptc/ppm/work/mpich2-1.4.1p1/src/mpid/ch3/channels/nemesis/include -I/scratch/ptc/ppm/work/mpich2-1.4.1p1/src/mpid/ch3/channels/nemesis/include -I/scratch/ptc/ppm/work/mpich2-1.4.1p1/src/mpid/ch3/channels/nemesis/nemesis/include -I/scratch/ptc/ppm/work/mpich2-1.4.1p1/src/mpid/ch3/channels/nemesis/nemesis/include -I/scratch/ptc/ppm/work/mpich2-1.4.1p1/src/mpid/ch3/channels/nemesis/nemesis/utils/monitor -I/scratch/ptc/ppm/work/mpich2-1.4.1p1/src/mpid/ch3/channels/nemesis/nemesis/utils/monitor -I/scratch/ptc/ppm/work/mpich2-1.4.1p1/src/util/wrappers -I/scratch/ptc/ppm/work/mpich2-1.4.1p1/src/util/wrappers conftest.c >&5
configure:2682: $? = 0
configure:2699: result: yes
configure:2708: checking whether icc accepts -g
configure:2738: icc -c -g  -I/scratch/ptc/ppm/work/mpich2-1.4.1p1/src/mpl/include -I/scratch/ptc/ppm/work/mpich2-1.4.1p1/src/mpl/include -I/scratch/ptc/ppm/work/mpich2-1.4.1p1/src/openpa/src -I/scratch/ptc/ppm/work/mpich2-1.4.1p1/src/openpa/src -I/scratch/ptc/ppm/work/mpich2-1.4.1p1/src/mpid/ch3/include -I/scratch/ptc/ppm/work/mpich2-1.4.1p1/src/mpid/ch3/include -I/scratch/ptc/ppm/work/mpich2-1.4.1p1/src/mpid/common/datatype -I/scratch/ptc/ppm/work/mpich2-1.4.1p1/src/mpid/common/datatype -I/scratch/ptc/ppm/work/mpich2-1.4.1p1/src/mpid/common/locks -I/scratch/ptc/ppm/work/mpich2-1.4.1p1/src/mpid/common/locks -I/scratch/ptc/ppm/work/mpich2-1.4.1p1/src/mpid/ch3/channels/nemesis/include -I/scratch/ptc/ppm/work/mpich2-1.4.1p1/src/mpid/ch3/channels/nemesis/include -I/scratch/ptc/ppm/work/mpich2-1.4.1p1/src/mpid/ch3/channels/nemesis/nemesis/include -I/scratch/ptc/ppm/work/mpich2-1.4.1p1/src/mpid/ch3/channels/nemesis/nemesis/include -I/scratch/ptc/ppm/work/mpich2-1.4.1p1/src/mpid/ch3/channels/nemesis/nemesis/utils/monitor -I/scratch/ptc/ppm/work/mpich2-1.4.1p1/src/mpid/ch3/channels/nemesis/nemesis/utils/monitor -I/scratch/ptc/ppm/work/mpich2-1.4.1p1/src/util/wrappers -I/scratch/ptc/ppm/work/mpich2-1.4.1p1/src/util/wrappers conftest.c >&5
configure:2745: $? = 0
configure:2846: result: yes
configure:2863: checking for icc option to accept ISO C89
configure:2937: icc  -c -D_LARGEFILE_SOURCE -D_LARGEFILE64_SOURCE -D_FILE_OFFSET_BITS=64 -O2 -O2  -I/scratch/ptc/ppm/work/mpich2-1.4.1p1/src/mpl/include -I/scratch/ptc/ppm/work/mpich2-1.4.1p1/src/mpl/include -I/scratch/ptc/ppm/work/mpich2-1.4.1p1/src/openpa/src -I/scratch/ptc/ppm/work/mpich2-1.4.1p1/src/openpa/src -I/scratch/ptc/ppm/work/mpich2-1.4.1p1/src/mpid/ch3/include -I/scratch/ptc/ppm/work/mpich2-1.4.1p1/src/mpid/ch3/include -I/scratch/ptc/ppm/work/mpich2-1.4.1p1/src/mpid/common/datatype -I/scratch/ptc/ppm/work/mpich2-1.4.1p1/src/mpid/common/datatype -I/scratch/ptc/ppm/work/mpich2-1.4.1p1/src/mpid/common/locks -I/scratch/ptc/ppm/work/mpich2-1.4.1p1/src/mpid/common/locks -I/scratch/ptc/ppm/work/mpich2-1.4.1p1/src/mpid/ch3/channels/nemesis/include -I/scratch/ptc/ppm/work/mpich2-1.4.1p1/src/mpid/ch3/channels/nemesis/include -I/scratch/ptc/ppm/work/mpich2-1.4.1p1/src/mpid/ch3/channels/nemesis/nemesis/include -I/scratch/ptc/ppm/work/mpich2-1.4.1p1/src/mpid/ch3/channels/nemesis/nemesis/include -I/scratch/ptc/ppm/work/mpich2-1.4.1p1/src/mpid/ch3/channels/nemesis/nemesis/utils/monitor -I/scratch/ptc/ppm/work/mpich2-1.4.1p1/src/mpid/ch3/channels/nemesis/nemesis/utils/monitor -I/scratch/ptc/ppm/work/mpich2-1.4.1p1/src/util/wrappers -I/scratch/ptc/ppm/work/mpich2-1.4.1p1/src/util/wrappers conftest.c >&5
configure:2944: $? = 0
configure:2967: result: none needed
configure:2989: checking for ar
configure:3017: result: ar
configure:3068: checking for ranlib
configure:3095: result: ranlib
configure:3119: checking whether icc and cc understand -c and -o together
configure:3154: icc -c conftest.c -o conftest2.o >&5
configure:3158: $? = 0
configure:3164: icc -c conftest.c -o conftest2.o >&5
configure:3168: $? = 0
configure:3179: cc -c conftest.c >&5
configure:3183: $? = 0
configure:3191: cc -c conftest.c -o conftest2.o >&5
configure:3195: $? = 0
configure:3201: cc -c conftest.c -o conftest2.o >&5
configure:3205: $? = 0
configure:3223: result: yes
configure:3244: checking how to run the C preprocessor
configure:3284: icc -E  -I/scratch/ptc/ppm/work/mpich2-1.4.1p1/src/mpl/include -I/scratch/ptc/ppm/work/mpich2-1.4.1p1/src/mpl/include -I/scratch/ptc/ppm/work/mpich2-1.4.1p1/src/openpa/src -I/scratch/ptc/ppm/work/mpich2-1.4.1p1/src/openpa/src -I/scratch/ptc/ppm/work/mpich2-1.4.1p1/src/mpid/ch3/include -I/scratch/ptc/ppm/work/mpich2-1.4.1p1/src/mpid/ch3/include -I/scratch/ptc/ppm/work/mpich2-1.4.1p1/src/mpid/common/datatype -I/scratch/ptc/ppm/work/mpich2-1.4.1p1/src/mpid/common/datatype -I/scratch/ptc/ppm/work/mpich2-1.4.1p1/src/mpid/common/locks -I/scratch/ptc/ppm/work/mpich2-1.4.1p1/src/mpid/common/locks -I/scratch/ptc/ppm/work/mpich2-1.4.1p1/src/mpid/ch3/channels/nemesis/include -I/scratch/ptc/ppm/work/mpich2-1.4.1p1/src/mpid/ch3/channels/nemesis/include -I/scratch/ptc/ppm/work/mpich2-1.4.1p1/src/mpid/ch3/channels/nemesis/nemesis/include -I/scratch/ptc/ppm/work/mpich2-1.4.1p1/src/mpid/ch3/channels/nemesis/nemesis/include -I/scratch/ptc/ppm/work/mpich2-1.4.1p1/src/mpid/ch3/channels/nemesis/nemesis/utils/monitor -I/scratch/ptc/ppm/work/mpich2-1.4.1p1/src/mpid/ch3/channels/nemesis/nemesis/utils/monitor -I/scratch/ptc/ppm/work/mpich2-1.4.1p1/src/util/wrappers -I/scratch/ptc/ppm/work/mpich2-1.4.1p1/src/util/wrappers conftest.c
configure:3291: $? = 0
configure:3322: icc -E  -I/scratch/ptc/ppm/work/mpich2-1.4.1p1/src/mpl/include -I/scratch/ptc/ppm/work/mpich2-1.4.1p1/src/mpl/include -I/scratch/ptc/ppm/work/mpich2-1.4.1p1/src/openpa/src -I/scratch/ptc/ppm/work/mpich2-1.4.1p1/src/openpa/src -I/scratch/ptc/ppm/work/mpich2-1.4.1p1/src/mpid/ch3/include -I/scratch/ptc/ppm/work/mpich2-1.4.1p1/src/mpid/ch3/include -I/scratch/ptc/ppm/work/mpich2-1.4.1p1/src/mpid/common/datatype -I/scratch/ptc/ppm/work/mpich2-1.4.1p1/src/mpid/common/datatype -I/scratch/ptc/ppm/work/mpich2-1.4.1p1/src/mpid/common/locks -I/scratch/ptc/ppm/work/mpich2-1.4.1p1/src/mpid/common/locks -I/scratch/ptc/ppm/work/mpich2-1.4.1p1/src/mpid/ch3/channels/nemesis/include -I/scratch/ptc/ppm/work/mpich2-1.4.1p1/src/mpid/ch3/channels/nemesis/include -I/scratch/ptc/ppm/work/mpich2-1.4.1p1/src/mpid/ch3/channels/nemesis/nemesis/include -I/scratch/ptc/ppm/work/mpich2-1.4.1p1/src/mpid/ch3/channels/nemesis/nemesis/include -I/scratch/ptc/ppm/work/mpich2-1.4.1p1/src/mpid/ch3/channels/nemesis/nemesis/utils/monitor -I/scratch/ptc/ppm/work/mpich2-1.4.1p1/src/mpid/ch3/channels/nemesis/nemesis/utils/monitor -I/scratch/ptc/ppm/work/mpich2-1.4.1p1/src/util/wrappers -I/scratch/ptc/ppm/work/mpich2-1.4.1p1/src/util/wrappers conftest.c
conftest.c(8): error #2379: cannot open source file "ac_nonexistent.h"
  #include <ac_nonexistent.h>
                             ^

configure:3329: $? = 2
configure: failed program was:
| /* confdefs.h.  */
| #define PACKAGE_NAME ""
| #define PACKAGE_TARNAME ""
| #define PACKAGE_VERSION ""
| #define PACKAGE_STRING ""
| #define PACKAGE_BUGREPORT ""
| /* end confdefs.h.  */
| #include <ac_nonexistent.h>
configure:3362: result: icc -E
configure:3391: icc -E  -I/scratch/ptc/ppm/work/mpich2-1.4.1p1/src/mpl/include -I/scratch/ptc/ppm/work/mpich2-1.4.1p1/src/mpl/include -I/scratch/ptc/ppm/work/mpich2-1.4.1p1/src/openpa/src -I/scratch/ptc/ppm/work/mpich2-1.4.1p1/src/openpa/src -I/scratch/ptc/ppm/work/mpich2-1.4.1p1/src/mpid/ch3/include -I/scratch/ptc/ppm/work/mpich2-1.4.1p1/src/mpid/ch3/include -I/scratch/ptc/ppm/work/mpich2-1.4.1p1/src/mpid/common/datatype -I/scratch/ptc/ppm/work/mpich2-1.4.1p1/src/mpid/common/datatype -I/scratch/ptc/ppm/work/mpich2-1.4.1p1/src/mpid/common/locks -I/scratch/ptc/ppm/work/mpich2-1.4.1p1/src/mpid/common/locks -I/scratch/ptc/ppm/work/mpich2-1.4.1p1/src/mpid/ch3/channels/nemesis/include -I/scratch/ptc/ppm/work/mpich2-1.4.1p1/src/mpid/ch3/channels/nemesis/include -I/scratch/ptc/ppm/work/mpich2-1.4.1p1/src/mpid/ch3/channels/nemesis/nemesis/include -I/scratch/ptc/ppm/work/mpich2-1.4.1p1/src/mpid/ch3/channels/nemesis/nemesis/include -I/scratch/ptc/ppm/work/mpich2-1.4.1p1/src/mpid/ch3/channels/nemesis/nemesis/utils/monitor -I/scratch/ptc/ppm/work/mpich2-1.4.1p1/src/mpid/ch3/channels/nemesis/nemesis/utils/monitor -I/scratch/ptc/ppm/work/mpich2-1.4.1p1/src/util/wrappers -I/scratch/ptc/ppm/work/mpich2-1.4.1p1/src/util/wrappers conftest.c
configure:3398: $? = 0
configure:3429: icc -E  -I/scratch/ptc/ppm/work/mpich2-1.4.1p1/src/mpl/include -I/scratch/ptc/ppm/work/mpich2-1.4.1p1/src/mpl/include -I/scratch/ptc/ppm/work/mpich2-1.4.1p1/src/openpa/src -I/scratch/ptc/ppm/work/mpich2-1.4.1p1/src/openpa/src -I/scratch/ptc/ppm/work/mpich2-1.4.1p1/src/mpid/ch3/include -I/scratch/ptc/ppm/work/mpich2-1.4.1p1/src/mpid/ch3/include -I/scratch/ptc/ppm/work/mpich2-1.4.1p1/src/mpid/common/datatype -I/scratch/ptc/ppm/work/mpich2-1.4.1p1/src/mpid/common/datatype -I/scratch/ptc/ppm/work/mpich2-1.4.1p1/src/mpid/common/locks -I/scratch/ptc/ppm/work/mpich2-1.4.1p1/src/mpid/common/locks -I/scratch/ptc/ppm/work/mpich2-1.4.1p1/src/mpid/ch3/channels/nemesis/include -I/scratch/ptc/ppm/work/mpich2-1.4.1p1/src/mpid/ch3/channels/nemesis/include -I/scratch/ptc/ppm/work/mpich2-1.4.1p1/src/mpid/ch3/channels/nemesis/nemesis/include -I/scratch/ptc/ppm/work/mpich2-1.4.1p1/src/mpid/ch3/channels/nemesis/nemesis/include -I/scratch/ptc/ppm/work/mpich2-1.4.1p1/src/mpid/ch3/channels/nemesis/nemesis/utils/monitor -I/scratch/ptc/ppm/work/mpich2-1.4.1p1/src/mpid/ch3/channels/nemesis/nemesis/utils/monitor -I/scratch/ptc/ppm/work/mpich2-1.4.1p1/src/util/wrappers -I/scratch/ptc/ppm/work/mpich2-1.4.1p1/src/util/wrappers conftest.c
conftest.c(8): error #2379: cannot open source file "ac_nonexistent.h"
  #include <ac_nonexistent.h>
                             ^

configure:3436: $? = 2
configure: failed program was:
| /* confdefs.h.  */
| #define PACKAGE_NAME ""
| #define PACKAGE_TARNAME ""
| #define PACKAGE_VERSION ""
| #define PACKAGE_STRING ""
| #define PACKAGE_BUGREPORT ""
| /* end confdefs.h.  */
| #include <ac_nonexistent.h>
configure:3483: checking for grep that handles long lines and -e
configure:3543: result: /bin/grep
configure:3548: checking for egrep
configure:3612: result: /bin/grep -E
configure:3617: checking for ANSI C header files
configure:3647: icc -c -D_LARGEFILE_SOURCE -D_LARGEFILE64_SOURCE -D_FILE_OFFSET_BITS=64 -O2 -O2  -I/scratch/ptc/ppm/work/mpich2-1.4.1p1/src/mpl/include -I/scratch/ptc/ppm/work/mpich2-1.4.1p1/src/mpl/include -I/scratch/ptc/ppm/work/mpich2-1.4.1p1/src/openpa/src -I/scratch/ptc/ppm/work/mpich2-1.4.1p1/src/openpa/src -I/scratch/ptc/ppm/work/mpich2-1.4.1p1/src/mpid/ch3/include -I/scratch/ptc/ppm/work/mpich2-1.4.1p1/src/mpid/ch3/include -I/scratch/ptc/ppm/work/mpich2-1.4.1p1/src/mpid/common/datatype -I/scratch/ptc/ppm/work/mpich2-1.4.1p1/src/mpid/common/datatype -I/scratch/ptc/ppm/work/mpich2-1.4.1p1/src/mpid/common/locks -I/scratch/ptc/ppm/work/mpich2-1.4.1p1/src/mpid/common/locks -I/scratch/ptc/ppm/work/mpich2-1.4.1p1/src/mpid/ch3/channels/nemesis/include -I/scratch/ptc/ppm/work/mpich2-1.4.1p1/src/mpid/ch3/channels/nemesis/include -I/scratch/ptc/ppm/work/mpich2-1.4.1p1/src/mpid/ch3/channels/nemesis/nemesis/include -I/scratch/ptc/ppm/work/mpich2-1.4.1p1/src/mpid/ch3/channels/nemesis/nemesis/include -I/scratch/ptc/ppm/work/mpich2-1.4.1p1/src/mpid/ch3/channels/nemesis/nemesis/utils/monitor -I/scratch/ptc/ppm/work/mpich2-1.4.1p1/src/mpid/ch3/channels/nemesis/nemesis/utils/monitor -I/scratch/ptc/ppm/work/mpich2-1.4.1p1/src/util/wrappers -I/scratch/ptc/ppm/work/mpich2-1.4.1p1/src/util/wrappers conftest.c >&5
configure:3654: $? = 0
configure:3753: icc -o conftest -D_LARGEFILE_SOURCE -D_LARGEFILE64_SOURCE -D_FILE_OFFSET_BITS=64 -O2 -O2  -I/scratch/ptc/ppm/work/mpich2-1.4.1p1/src/mpl/include -I/scratch/ptc/ppm/work/mpich2-1.4.1p1/src/mpl/include -I/scratch/ptc/ppm/work/mpich2-1.4.1p1/src/openpa/src -I/scratch/ptc/ppm/work/mpich2-1.4.1p1/src/openpa/src -I/scratch/ptc/ppm/work/mpich2-1.4.1p1/src/mpid/ch3/include -I/scratch/ptc/ppm/work/mpich2-1.4.1p1/src/mpid/ch3/include -I/scratch/ptc/ppm/work/mpich2-1.4.1p1/src/mpid/common/datatype -I/scratch/ptc/ppm/work/mpich2-1.4.1p1/src/mpid/common/datatype -I/scratch/ptc/ppm/work/mpich2-1.4.1p1/src/mpid/common/locks -I/scratch/ptc/ppm/work/mpich2-1.4.1p1/src/mpid/common/locks -I/scratch/ptc/ppm/work/mpich2-1.4.1p1/src/mpid/ch3/channels/nemesis/include -I/scratch/ptc/ppm/work/mpich2-1.4.1p1/src/mpid/ch3/channels/nemesis/include -I/scratch/ptc/ppm/work/mpich2-1.4.1p1/src/mpid/ch3/channels/nemesis/nemesis/include -I/scratch/ptc/ppm/work/mpich2-1.4.1p1/src/mpid/ch3/channels/nemesis/nemesis/include -I/scratch/ptc/ppm/work/mpich2-1.4.1p1/src/mpid/ch3/channels/nemesis/nemesis/utils/monitor -I/scratch/ptc/ppm/work/mpich2-1.4.1p1/src/mpid/ch3/channels/nemesis/nemesis/utils/monitor -I/scratch/ptc/ppm/work/mpich2-1.4.1p1/src/util/wrappers -I/scratch/ptc/ppm/work/mpich2-1.4.1p1/src/util/wrappers   conftest.c -lrt -lpthread   >&5
configure:3757: $? = 0
configure:3763: ./conftest
configure:3767: $? = 0
configure:3785: result: yes
configure:3796: checking for an ANSI C-conforming const
configure:3871: icc -c -D_LARGEFILE_SOURCE -D_LARGEFILE64_SOURCE -D_FILE_OFFSET_BITS=64 -O2 -O2  -I/scratch/ptc/ppm/work/mpich2-1.4.1p1/src/mpl/include -I/scratch/ptc/ppm/work/mpich2-1.4.1p1/src/mpl/include -I/scratch/ptc/ppm/work/mpich2-1.4.1p1/src/openpa/src -I/scratch/ptc/ppm/work/mpich2-1.4.1p1/src/openpa/src -I/scratch/ptc/ppm/work/mpich2-1.4.1p1/src/mpid/ch3/include -I/scratch/ptc/ppm/work/mpich2-1.4.1p1/src/mpid/ch3/include -I/scratch/ptc/ppm/work/mpich2-1.4.1p1/src/mpid/common/datatype -I/scratch/ptc/ppm/work/mpich2-1.4.1p1/src/mpid/common/datatype -I/scratch/ptc/ppm/work/mpich2-1.4.1p1/src/mpid/common/locks -I/scratch/ptc/ppm/work/mpich2-1.4.1p1/src/mpid/common/locks -I/scratch/ptc/ppm/work/mpich2-1.4.1p1/src/mpid/ch3/channels/nemesis/include -I/scratch/ptc/ppm/work/mpich2-1.4.1p1/src/mpid/ch3/channels/nemesis/include -I/scratch/ptc/ppm/work/mpich2-1.4.1p1/src/mpid/ch3/channels/nemesis/nemesis/include -I/scratch/ptc/ppm/work/mpich2-1.4.1p1/src/mpid/ch3/channels/nemesis/nemesis/include -I/scratch/ptc/ppm/work/mpich2-1.4.1p1/src/mpid/ch3/channels/nemesis/nemesis/utils/monitor -I/scratch/ptc/ppm/work/mpich2-1.4.1p1/src/mpid/ch3/channels/nemesis/nemesis/utils/monitor -I/scratch/ptc/ppm/work/mpich2-1.4.1p1/src/util/wrappers -I/scratch/ptc/ppm/work/mpich2-1.4.1p1/src/util/wrappers conftest.c >&5
conftest.c(38): warning #592: variable "t" is used before its value is set
      *t++ = 0;
       ^

conftest.c(54): warning #592: variable "b" is used before its value is set
      struct s *b; b->j = 5;
                   ^

conftest.c(60): warning #592: variable "cs" is used before its value is set
    return !cs[0] && !zero.x;
            ^

configure:3878: $? = 0
configure:3893: result: yes
configure:3903: checking for inline
configure:3929: icc -c -D_LARGEFILE_SOURCE -D_LARGEFILE64_SOURCE -D_FILE_OFFSET_BITS=64 -O2 -O2  -I/scratch/ptc/ppm/work/mpich2-1.4.1p1/src/mpl/include -I/scratch/ptc/ppm/work/mpich2-1.4.1p1/src/mpl/include -I/scratch/ptc/ppm/work/mpich2-1.4.1p1/src/openpa/src -I/scratch/ptc/ppm/work/mpich2-1.4.1p1/src/openpa/src -I/scratch/ptc/ppm/work/mpich2-1.4.1p1/src/mpid/ch3/include -I/scratch/ptc/ppm/work/mpich2-1.4.1p1/src/mpid/ch3/include -I/scratch/ptc/ppm/work/mpich2-1.4.1p1/src/mpid/common/datatype -I/scratch/ptc/ppm/work/mpich2-1.4.1p1/src/mpid/common/datatype -I/scratch/ptc/ppm/work/mpich2-1.4.1p1/src/mpid/common/locks -I/scratch/ptc/ppm/work/mpich2-1.4.1p1/src/mpid/common/locks -I/scratch/ptc/ppm/work/mpich2-1.4.1p1/src/mpid/ch3/channels/nemesis/include -I/scratch/ptc/ppm/work/mpich2-1.4.1p1/src/mpid/ch3/channels/nemesis/include -I/scratch/ptc/ppm/work/mpich2-1.4.1p1/src/mpid/ch3/channels/nemesis/nemesis/include -I/scratch/ptc/ppm/work/mpich2-1.4.1p1/src/mpid/ch3/channels/nemesis/nemesis/include -I/scratch/ptc/ppm/work/mpich2-1.4.1p1/src/mpid/ch3/channels/nemesis/nemesis/utils/monitor -I/scratch/ptc/ppm/work/mpich2-1.4.1p1/src/mpid/ch3/channels/nemesis/nemesis/utils/monitor -I/scratch/ptc/ppm/work/mpich2-1.4.1p1/src/util/wrappers -I/scratch/ptc/ppm/work/mpich2-1.4.1p1/src/util/wrappers conftest.c >&5
configure:3936: $? = 0
configure:3954: result: inline
configure:3988: checking for sys/types.h
configure:4009: icc -c -D_LARGEFILE_SOURCE -D_LARGEFILE64_SOURCE -D_FILE_OFFSET_BITS=64 -O2 -O2  -I/scratch/ptc/ppm/work/mpich2-1.4.1p1/src/mpl/include -I/scratch/ptc/ppm/work/mpich2-1.4.1p1/src/mpl/include -I/scratch/ptc/ppm/work/mpich2-1.4.1p1/src/openpa/src -I/scratch/ptc/ppm/work/mpich2-1.4.1p1/src/openpa/src -I/scratch/ptc/ppm/work/mpich2-1.4.1p1/src/mpid/ch3/include -I/scratch/ptc/ppm/work/mpich2-1.4.1p1/src/mpid/ch3/include -I/scratch/ptc/ppm/work/mpich2-1.4.1p1/src/mpid/common/datatype -I/scratch/ptc/ppm/work/mpich2-1.4.1p1/src/mpid/common/datatype -I/scratch/ptc/ppm/work/mpich2-1.4.1p1/src/mpid/common/locks -I/scratch/ptc/ppm/work/mpich2-1.4.1p1/src/mpid/common/locks -I/scratch/ptc/ppm/work/mpich2-1.4.1p1/src/mpid/ch3/channels/nemesis/include -I/scratch/ptc/ppm/work/mpich2-1.4.1p1/src/mpid/ch3/channels/nemesis/include -I/scratch/ptc/ppm/work/mpich2-1.4.1p1/src/mpid/ch3/channels/nemesis/nemesis/include -I/scratch/ptc/ppm/work/mpich2-1.4.1p1/src/mpid/ch3/channels/nemesis/nemesis/include -I/scratch/ptc/ppm/work/mpich2-1.4.1p1/src/mpid/ch3/channels/nemesis/nemesis/utils/monitor -I/scratch/ptc/ppm/work/mpich2-1.4.1p1/src/mpid/ch3/channels/nemesis/nemesis/utils/monitor -I/scratch/ptc/ppm/work/mpich2-1.4.1p1/src/util/wrappers -I/scratch/ptc/ppm/work/mpich2-1.4.1p1/src/util/wrappers conftest.c >&5
configure:4016: $? = 0
configure:4033: result: yes
configure:3988: checking for sys/stat.h
configure:4009: icc -c -D_LARGEFILE_SOURCE -D_LARGEFILE64_SOURCE -D_FILE_OFFSET_BITS=64 -O2 -O2  -I/scratch/ptc/ppm/work/mpich2-1.4.1p1/src/mpl/include -I/scratch/ptc/ppm/work/mpich2-1.4.1p1/src/mpl/include -I/scratch/ptc/ppm/work/mpich2-1.4.1p1/src/openpa/src -I/scratch/ptc/ppm/work/mpich2-1.4.1p1/src/openpa/src -I/scratch/ptc/ppm/work/mpich2-1.4.1p1/src/mpid/ch3/include -I/scratch/ptc/ppm/work/mpich2-1.4.1p1/src/mpid/ch3/include -I/scratch/ptc/ppm/work/mpich2-1.4.1p1/src/mpid/common/datatype -I/scratch/ptc/ppm/work/mpich2-1.4.1p1/src/mpid/common/datatype -I/scratch/ptc/ppm/work/mpich2-1.4.1p1/src/mpid/common/locks -I/scratch/ptc/ppm/work/mpich2-1.4.1p1/src/mpid/common/locks -I/scratch/ptc/ppm/work/mpich2-1.4.1p1/src/mpid/ch3/channels/nemesis/include -I/scratch/ptc/ppm/work/mpich2-1.4.1p1/src/mpid/ch3/channels/nemesis/include -I/scratch/ptc/ppm/work/mpich2-1.4.1p1/src/mpid/ch3/channels/nemesis/nemesis/include -I/scratch/ptc/ppm/work/mpich2-1.4.1p1/src/mpid/ch3/channels/nemesis/nemesis/include -I/scratch/ptc/ppm/work/mpich2-1.4.1p1/src/mpid/ch3/channels/nemesis/nemesis/utils/monitor -I/scratch/ptc/ppm/work/mpich2-1.4.1p1/src/mpid/ch3/channels/nemesis/nemesis/utils/monitor -I/scratch/ptc/ppm/work/mpich2-1.4.1p1/src/util/wrappers -I/scratch/ptc/ppm/work/mpich2-1.4.1p1/src/util/wrappers conftest.c >&5
configure:4016: $? = 0
configure:4033: result: yes
configure:3988: checking for stdlib.h
configure:4009: icc -c -D_LARGEFILE_SOURCE -D_LARGEFILE64_SOURCE -D_FILE_OFFSET_BITS=64 -O2 -O2  -I/scratch/ptc/ppm/work/mpich2-1.4.1p1/src/mpl/include -I/scratch/ptc/ppm/work/mpich2-1.4.1p1/src/mpl/include -I/scratch/ptc/ppm/work/mpich2-1.4.1p1/src/openpa/src -I/scratch/ptc/ppm/work/mpich2-1.4.1p1/src/openpa/src -I/scratch/ptc/ppm/work/mpich2-1.4.1p1/src/mpid/ch3/include -I/scratch/ptc/ppm/work/mpich2-1.4.1p1/src/mpid/ch3/include -I/scratch/ptc/ppm/work/mpich2-1.4.1p1/src/mpid/common/datatype -I/scratch/ptc/ppm/work/mpich2-1.4.1p1/src/mpid/common/datatype -I/scratch/ptc/ppm/work/mpich2-1.4.1p1/src/mpid/common/locks -I/scratch/ptc/ppm/work/mpich2-1.4.1p1/src/mpid/common/locks -I/scratch/ptc/ppm/work/mpich2-1.4.1p1/src/mpid/ch3/channels/nemesis/include -I/scratch/ptc/ppm/work/mpich2-1.4.1p1/src/mpid/ch3/channels/nemesis/include -I/scratch/ptc/ppm/work/mpich2-1.4.1p1/src/mpid/ch3/channels/nemesis/nemesis/include -I/scratch/ptc/ppm/work/mpich2-1.4.1p1/src/mpid/ch3/channels/nemesis/nemesis/include -I/scratch/ptc/ppm/work/mpich2-1.4.1p1/src/mpid/ch3/channels/nemesis/nemesis/utils/monitor -I/scratch/ptc/ppm/work/mpich2-1.4.1p1/src/mpid/ch3/channels/nemesis/nemesis/utils/monitor -I/scratch/ptc/ppm/work/mpich2-1.4.1p1/src/util/wrappers -I/scratch/ptc/ppm/work/mpich2-1.4.1p1/src/util/wrappers conftest.c >&5
configure:4016: $? = 0
configure:4033: result: yes
configure:3988: checking for string.h
configure:4009: icc -c -D_LARGEFILE_SOURCE -D_LARGEFILE64_SOURCE -D_FILE_OFFSET_BITS=64 -O2 -O2  -I/scratch/ptc/ppm/work/mpich2-1.4.1p1/src/mpl/include -I/scratch/ptc/ppm/work/mpich2-1.4.1p1/src/mpl/include -I/scratch/ptc/ppm/work/mpich2-1.4.1p1/src/openpa/src -I/scratch/ptc/ppm/work/mpich2-1.4.1p1/src/openpa/src -I/scratch/ptc/ppm/work/mpich2-1.4.1p1/src/mpid/ch3/include -I/scratch/ptc/ppm/work/mpich2-1.4.1p1/src/mpid/ch3/include -I/scratch/ptc/ppm/work/mpich2-1.4.1p1/src/mpid/common/datatype -I/scratch/ptc/ppm/work/mpich2-1.4.1p1/src/mpid/common/datatype -I/scratch/ptc/ppm/work/mpich2-1.4.1p1/src/mpid/common/locks -I/scratch/ptc/ppm/work/mpich2-1.4.1p1/src/mpid/common/locks -I/scratch/ptc/ppm/work/mpich2-1.4.1p1/src/mpid/ch3/channels/nemesis/include -I/scratch/ptc/ppm/work/mpich2-1.4.1p1/src/mpid/ch3/channels/nemesis/include -I/scratch/ptc/ppm/work/mpich2-1.4.1p1/src/mpid/ch3/channels/nemesis/nemesis/include -I/scratch/ptc/ppm/work/mpich2-1.4.1p1/src/mpid/ch3/channels/nemesis/nemesis/include -I/scratch/ptc/ppm/work/mpich2-1.4.1p1/src/mpid/ch3/channels/nemesis/nemesis/utils/monitor -I/scratch/ptc/ppm/work/mpich2-1.4.1p1/src/mpid/ch3/channels/nemesis/nemesis/utils/monitor -I/scratch/ptc/ppm/work/mpich2-1.4.1p1/src/util/wrappers -I/scratch/ptc/ppm/work/mpich2-1.4.1p1/src/util/wrappers conftest.c >&5
configure:4016: $? = 0
configure:4033: result: yes
configure:3988: checking for memory.h
configure:4009: icc -c -D_LARGEFILE_SOURCE -D_LARGEFILE64_SOURCE -D_FILE_OFFSET_BITS=64 -O2 -O2  -I/scratch/ptc/ppm/work/mpich2-1.4.1p1/src/mpl/include -I/scratch/ptc/ppm/work/mpich2-1.4.1p1/src/mpl/include -I/scratch/ptc/ppm/work/mpich2-1.4.1p1/src/openpa/src -I/scratch/ptc/ppm/work/mpich2-1.4.1p1/src/openpa/src -I/scratch/ptc/ppm/work/mpich2-1.4.1p1/src/mpid/ch3/include -I/scratch/ptc/ppm/work/mpich2-1.4.1p1/src/mpid/ch3/include -I/scratch/ptc/ppm/work/mpich2-1.4.1p1/src/mpid/common/datatype -I/scratch/ptc/ppm/work/mpich2-1.4.1p1/src/mpid/common/datatype -I/scratch/ptc/ppm/work/mpich2-1.4.1p1/src/mpid/common/locks -I/scratch/ptc/ppm/work/mpich2-1.4.1p1/src/mpid/common/locks -I/scratch/ptc/ppm/work/mpich2-1.4.1p1/src/mpid/ch3/channels/nemesis/include -I/scratch/ptc/ppm/work/mpich2-1.4.1p1/src/mpid/ch3/channels/nemesis/include -I/scratch/ptc/ppm/work/mpich2-1.4.1p1/src/mpid/ch3/channels/nemesis/nemesis/include -I/scratch/ptc/ppm/work/mpich2-1.4.1p1/src/mpid/ch3/channels/nemesis/nemesis/include -I/scratch/ptc/ppm/work/mpich2-1.4.1p1/src/mpid/ch3/channels/nemesis/nemesis/utils/monitor -I/scratch/ptc/ppm/work/mpich2-1.4.1p1/src/mpid/ch3/channels/nemesis/nemesis/utils/monitor -I/scratch/ptc/ppm/work/mpich2-1.4.1p1/src/util/wrappers -I/scratch/ptc/ppm/work/mpich2-1.4.1p1/src/util/wrappers conftest.c >&5
configure:4016: $? = 0
configure:4033: result: yes
configure:3988: checking for strings.h
configure:4009: icc -c -D_LARGEFILE_SOURCE -D_LARGEFILE64_SOURCE -D_FILE_OFFSET_BITS=64 -O2 -O2  -I/scratch/ptc/ppm/work/mpich2-1.4.1p1/src/mpl/include -I/scratch/ptc/ppm/work/mpich2-1.4.1p1/src/mpl/include -I/scratch/ptc/ppm/work/mpich2-1.4.1p1/src/openpa/src -I/scratch/ptc/ppm/work/mpich2-1.4.1p1/src/openpa/src -I/scratch/ptc/ppm/work/mpich2-1.4.1p1/src/mpid/ch3/include -I/scratch/ptc/ppm/work/mpich2-1.4.1p1/src/mpid/ch3/include -I/scratch/ptc/ppm/work/mpich2-1.4.1p1/src/mpid/common/datatype -I/scratch/ptc/ppm/work/mpich2-1.4.1p1/src/mpid/common/datatype -I/scratch/ptc/ppm/work/mpich2-1.4.1p1/src/mpid/common/locks -I/scratch/ptc/ppm/work/mpich2-1.4.1p1/src/mpid/common/locks -I/scratch/ptc/ppm/work/mpich2-1.4.1p1/src/mpid/ch3/channels/nemesis/include -I/scratch/ptc/ppm/work/mpich2-1.4.1p1/src/mpid/ch3/channels/nemesis/include -I/scratch/ptc/ppm/work/mpich2-1.4.1p1/src/mpid/ch3/channels/nemesis/nemesis/include -I/scratch/ptc/ppm/work/mpich2-1.4.1p1/src/mpid/ch3/channels/nemesis/nemesis/include -I/scratch/ptc/ppm/work/mpich2-1.4.1p1/src/mpid/ch3/channels/nemesis/nemesis/utils/monitor -I/scratch/ptc/ppm/work/mpich2-1.4.1p1/src/mpid/ch3/channels/nemesis/nemesis/utils/monitor -I/scratch/ptc/ppm/work/mpich2-1.4.1p1/src/util/wrappers -I/scratch/ptc/ppm/work/mpich2-1.4.1p1/src/util/wrappers conftest.c >&5
configure:4016: $? = 0
configure:4033: result: yes
configure:3988: checking for inttypes.h
configure:4009: icc -c -D_LARGEFILE_SOURCE -D_LARGEFILE64_SOURCE -D_FILE_OFFSET_BITS=64 -O2 -O2  -I/scratch/ptc/ppm/work/mpich2-1.4.1p1/src/mpl/include -I/scratch/ptc/ppm/work/mpich2-1.4.1p1/src/mpl/include -I/scratch/ptc/ppm/work/mpich2-1.4.1p1/src/openpa/src -I/scratch/ptc/ppm/work/mpich2-1.4.1p1/src/openpa/src -I/scratch/ptc/ppm/work/mpich2-1.4.1p1/src/mpid/ch3/include -I/scratch/ptc/ppm/work/mpich2-1.4.1p1/src/mpid/ch3/include -I/scratch/ptc/ppm/work/mpich2-1.4.1p1/src/mpid/common/datatype -I/scratch/ptc/ppm/work/mpich2-1.4.1p1/src/mpid/common/datatype -I/scratch/ptc/ppm/work/mpich2-1.4.1p1/src/mpid/common/locks -I/scratch/ptc/ppm/work/mpich2-1.4.1p1/src/mpid/common/locks -I/scratch/ptc/ppm/work/mpich2-1.4.1p1/src/mpid/ch3/channels/nemesis/include -I/scratch/ptc/ppm/work/mpich2-1.4.1p1/src/mpid/ch3/channels/nemesis/include -I/scratch/ptc/ppm/work/mpich2-1.4.1p1/src/mpid/ch3/channels/nemesis/nemesis/include -I/scratch/ptc/ppm/work/mpich2-1.4.1p1/src/mpid/ch3/channels/nemesis/nemesis/include -I/scratch/ptc/ppm/work/mpich2-1.4.1p1/src/mpid/ch3/channels/nemesis/nemesis/utils/monitor -I/scratch/ptc/ppm/work/mpich2-1.4.1p1/src/mpid/ch3/channels/nemesis/nemesis/utils/monitor -I/scratch/ptc/ppm/work/mpich2-1.4.1p1/src/util/wrappers -I/scratch/ptc/ppm/work/mpich2-1.4.1p1/src/util/wrappers conftest.c >&5
configure:4016: $? = 0
configure:4033: result: yes
configure:3988: checking for stdint.h
configure:4009: icc -c -D_LARGEFILE_SOURCE -D_LARGEFILE64_SOURCE -D_FILE_OFFSET_BITS=64 -O2 -O2  -I/scratch/ptc/ppm/work/mpich2-1.4.1p1/src/mpl/include -I/scratch/ptc/ppm/work/mpich2-1.4.1p1/src/mpl/include -I/scratch/ptc/ppm/work/mpich2-1.4.1p1/src/openpa/src -I/scratch/ptc/ppm/work/mpich2-1.4.1p1/src/openpa/src -I/scratch/ptc/ppm/work/mpich2-1.4.1p1/src/mpid/ch3/include -I/scratch/ptc/ppm/work/mpich2-1.4.1p1/src/mpid/ch3/include -I/scratch/ptc/ppm/work/mpich2-1.4.1p1/src/mpid/common/datatype -I/scratch/ptc/ppm/work/mpich2-1.4.1p1/src/mpid/common/datatype -I/scratch/ptc/ppm/work/mpich2-1.4.1p1/src/mpid/common/locks -I/scratch/ptc/ppm/work/mpich2-1.4.1p1/src/mpid/common/locks -I/scratch/ptc/ppm/work/mpich2-1.4.1p1/src/mpid/ch3/channels/nemesis/include -I/scratch/ptc/ppm/work/mpich2-1.4.1p1/src/mpid/ch3/channels/nemesis/include -I/scratch/ptc/ppm/work/mpich2-1.4.1p1/src/mpid/ch3/channels/nemesis/nemesis/include -I/scratch/ptc/ppm/work/mpich2-1.4.1p1/src/mpid/ch3/channels/nemesis/nemesis/include -I/scratch/ptc/ppm/work/mpich2-1.4.1p1/src/mpid/ch3/channels/nemesis/nemesis/utils/monitor -I/scratch/ptc/ppm/work/mpich2-1.4.1p1/src/mpid/ch3/channels/nemesis/nemesis/utils/monitor -I/scratch/ptc/ppm/work/mpich2-1.4.1p1/src/util/wrappers -I/scratch/ptc/ppm/work/mpich2-1.4.1p1/src/util/wrappers conftest.c >&5
configure:4016: $? = 0
configure:4033: result: yes
configure:3988: checking for unistd.h
configure:4009: icc -c -D_LARGEFILE_SOURCE -D_LARGEFILE64_SOURCE -D_FILE_OFFSET_BITS=64 -O2 -O2  -I/scratch/ptc/ppm/work/mpich2-1.4.1p1/src/mpl/include -I/scratch/ptc/ppm/work/mpich2-1.4.1p1/src/mpl/include -I/scratch/ptc/ppm/work/mpich2-1.4.1p1/src/openpa/src -I/scratch/ptc/ppm/work/mpich2-1.4.1p1/src/openpa/src -I/scratch/ptc/ppm/work/mpich2-1.4.1p1/src/mpid/ch3/include -I/scratch/ptc/ppm/work/mpich2-1.4.1p1/src/mpid/ch3/include -I/scratch/ptc/ppm/work/mpich2-1.4.1p1/src/mpid/common/datatype -I/scratch/ptc/ppm/work/mpich2-1.4.1p1/src/mpid/common/datatype -I/scratch/ptc/ppm/work/mpich2-1.4.1p1/src/mpid/common/locks -I/scratch/ptc/ppm/work/mpich2-1.4.1p1/src/mpid/common/locks -I/scratch/ptc/ppm/work/mpich2-1.4.1p1/src/mpid/ch3/channels/nemesis/include -I/scratch/ptc/ppm/work/mpich2-1.4.1p1/src/mpid/ch3/channels/nemesis/include -I/scratch/ptc/ppm/work/mpich2-1.4.1p1/src/mpid/ch3/channels/nemesis/nemesis/include -I/scratch/ptc/ppm/work/mpich2-1.4.1p1/src/mpid/ch3/channels/nemesis/nemesis/include -I/scratch/ptc/ppm/work/mpich2-1.4.1p1/src/mpid/ch3/channels/nemesis/nemesis/utils/monitor -I/scratch/ptc/ppm/work/mpich2-1.4.1p1/src/mpid/ch3/channels/nemesis/nemesis/utils/monitor -I/scratch/ptc/ppm/work/mpich2-1.4.1p1/src/util/wrappers -I/scratch/ptc/ppm/work/mpich2-1.4.1p1/src/util/wrappers conftest.c >&5
configure:4016: $? = 0
configure:4033: result: yes
configure:4066: checking stdio.h usability
configure:4083: icc -c -D_LARGEFILE_SOURCE -D_LARGEFILE64_SOURCE -D_FILE_OFFSET_BITS=64 -O2 -O2  -I/scratch/ptc/ppm/work/mpich2-1.4.1p1/src/mpl/include -I/scratch/ptc/ppm/work/mpich2-1.4.1p1/src/mpl/include -I/scratch/ptc/ppm/work/mpich2-1.4.1p1/src/openpa/src -I/scratch/ptc/ppm/work/mpich2-1.4.1p1/src/openpa/src -I/scratch/ptc/ppm/work/mpich2-1.4.1p1/src/mpid/ch3/include -I/scratch/ptc/ppm/work/mpich2-1.4.1p1/src/mpid/ch3/include -I/scratch/ptc/ppm/work/mpich2-1.4.1p1/src/mpid/common/datatype -I/scratch/ptc/ppm/work/mpich2-1.4.1p1/src/mpid/common/datatype -I/scratch/ptc/ppm/work/mpich2-1.4.1p1/src/mpid/common/locks -I/scratch/ptc/ppm/work/mpich2-1.4.1p1/src/mpid/common/locks -I/scratch/ptc/ppm/work/mpich2-1.4.1p1/src/mpid/ch3/channels/nemesis/include -I/scratch/ptc/ppm/work/mpich2-1.4.1p1/src/mpid/ch3/channels/nemesis/include -I/scratch/ptc/ppm/work/mpich2-1.4.1p1/src/mpid/ch3/channels/nemesis/nemesis/include -I/scratch/ptc/ppm/work/mpich2-1.4.1p1/src/mpid/ch3/channels/nemesis/nemesis/include -I/scratch/ptc/ppm/work/mpich2-1.4.1p1/src/mpid/ch3/channels/nemesis/nemesis/utils/monitor -I/scratch/ptc/ppm/work/mpich2-1.4.1p1/src/mpid/ch3/channels/nemesis/nemesis/utils/monitor -I/scratch/ptc/ppm/work/mpich2-1.4.1p1/src/util/wrappers -I/scratch/ptc/ppm/work/mpich2-1.4.1p1/src/util/wrappers conftest.c >&5
configure:4090: $? = 0
configure:4104: result: yes
configure:4108: checking stdio.h presence
configure:4123: icc -E  -I/scratch/ptc/ppm/work/mpich2-1.4.1p1/src/mpl/include -I/scratch/ptc/ppm/work/mpich2-1.4.1p1/src/mpl/include -I/scratch/ptc/ppm/work/mpich2-1.4.1p1/src/openpa/src -I/scratch/ptc/ppm/work/mpich2-1.4.1p1/src/openpa/src -I/scratch/ptc/ppm/work/mpich2-1.4.1p1/src/mpid/ch3/include -I/scratch/ptc/ppm/work/mpich2-1.4.1p1/src/mpid/ch3/include -I/scratch/ptc/ppm/work/mpich2-1.4.1p1/src/mpid/common/datatype -I/scratch/ptc/ppm/work/mpich2-1.4.1p1/src/mpid/common/datatype -I/scratch/ptc/ppm/work/mpich2-1.4.1p1/src/mpid/common/locks -I/scratch/ptc/ppm/work/mpich2-1.4.1p1/src/mpid/common/locks -I/scratch/ptc/ppm/work/mpich2-1.4.1p1/src/mpid/ch3/channels/nemesis/include -I/scratch/ptc/ppm/work/mpich2-1.4.1p1/src/mpid/ch3/channels/nemesis/include -I/scratch/ptc/ppm/work/mpich2-1.4.1p1/src/mpid/ch3/channels/nemesis/nemesis/include -I/scratch/ptc/ppm/work/mpich2-1.4.1p1/src/mpid/ch3/channels/nemesis/nemesis/include -I/scratch/ptc/ppm/work/mpich2-1.4.1p1/src/mpid/ch3/channels/nemesis/nemesis/utils/monitor -I/scratch/ptc/ppm/work/mpich2-1.4.1p1/src/mpid/ch3/channels/nemesis/nemesis/utils/monitor -I/scratch/ptc/ppm/work/mpich2-1.4.1p1/src/util/wrappers -I/scratch/ptc/ppm/work/mpich2-1.4.1p1/src/util/wrappers conftest.c
configure:4130: $? = 0
configure:4144: result: yes
configure:4172: checking for stdio.h
configure:4181: result: yes
configure:4055: checking for string.h
configure:4062: result: yes
configure:4055: checking for unistd.h
configure:4062: result: yes
configure:4066: checking fcntl.h usability
configure:4083: icc -c -D_LARGEFILE_SOURCE -D_LARGEFILE64_SOURCE -D_FILE_OFFSET_BITS=64 -O2 -O2  -I/scratch/ptc/ppm/work/mpich2-1.4.1p1/src/mpl/include -I/scratch/ptc/ppm/work/mpich2-1.4.1p1/src/mpl/include -I/scratch/ptc/ppm/work/mpich2-1.4.1p1/src/openpa/src -I/scratch/ptc/ppm/work/mpich2-1.4.1p1/src/openpa/src -I/scratch/ptc/ppm/work/mpich2-1.4.1p1/src/mpid/ch3/include -I/scratch/ptc/ppm/work/mpich2-1.4.1p1/src/mpid/ch3/include -I/scratch/ptc/ppm/work/mpich2-1.4.1p1/src/mpid/common/datatype -I/scratch/ptc/ppm/work/mpich2-1.4.1p1/src/mpid/common/datatype -I/scratch/ptc/ppm/work/mpich2-1.4.1p1/src/mpid/common/locks -I/scratch/ptc/ppm/work/mpich2-1.4.1p1/src/mpid/common/locks -I/scratch/ptc/ppm/work/mpich2-1.4.1p1/src/mpid/ch3/channels/nemesis/include -I/scratch/ptc/ppm/work/mpich2-1.4.1p1/src/mpid/ch3/channels/nemesis/include -I/scratch/ptc/ppm/work/mpich2-1.4.1p1/src/mpid/ch3/channels/nemesis/nemesis/include -I/scratch/ptc/ppm/work/mpich2-1.4.1p1/src/mpid/ch3/channels/nemesis/nemesis/include -I/scratch/ptc/ppm/work/mpich2-1.4.1p1/src/mpid/ch3/channels/nemesis/nemesis/utils/monitor -I/scratch/ptc/ppm/work/mpich2-1.4.1p1/src/mpid/ch3/channels/nemesis/nemesis/utils/monitor -I/scratch/ptc/ppm/work/mpich2-1.4.1p1/src/util/wrappers -I/scratch/ptc/ppm/work/mpich2-1.4.1p1/src/util/wrappers conftest.c >&5
configure:4090: $? = 0
configure:4104: result: yes
configure:4108: checking fcntl.h presence
configure:4123: icc -E  -I/scratch/ptc/ppm/work/mpich2-1.4.1p1/src/mpl/include -I/scratch/ptc/ppm/work/mpich2-1.4.1p1/src/mpl/include -I/scratch/ptc/ppm/work/mpich2-1.4.1p1/src/openpa/src -I/scratch/ptc/ppm/work/mpich2-1.4.1p1/src/openpa/src -I/scratch/ptc/ppm/work/mpich2-1.4.1p1/src/mpid/ch3/include -I/scratch/ptc/ppm/work/mpich2-1.4.1p1/src/mpid/ch3/include -I/scratch/ptc/ppm/work/mpich2-1.4.1p1/src/mpid/common/datatype -I/scratch/ptc/ppm/work/mpich2-1.4.1p1/src/mpid/common/datatype -I/scratch/ptc/ppm/work/mpich2-1.4.1p1/src/mpid/common/locks -I/scratch/ptc/ppm/work/mpich2-1.4.1p1/src/mpid/common/locks -I/scratch/ptc/ppm/work/mpich2-1.4.1p1/src/mpid/ch3/channels/nemesis/include -I/scratch/ptc/ppm/work/mpich2-1.4.1p1/src/mpid/ch3/channels/nemesis/include -I/scratch/ptc/ppm/work/mpich2-1.4.1p1/src/mpid/ch3/channels/nemesis/nemesis/include -I/scratch/ptc/ppm/work/mpich2-1.4.1p1/src/mpid/ch3/channels/nemesis/nemesis/include -I/scratch/ptc/ppm/work/mpich2-1.4.1p1/src/mpid/ch3/channels/nemesis/nemesis/utils/monitor -I/scratch/ptc/ppm/work/mpich2-1.4.1p1/src/mpid/ch3/channels/nemesis/nemesis/utils/monitor -I/scratch/ptc/ppm/work/mpich2-1.4.1p1/src/util/wrappers -I/scratch/ptc/ppm/work/mpich2-1.4.1p1/src/util/wrappers conftest.c
configure:4130: $? = 0
configure:4144: result: yes
configure:4172: checking for fcntl.h
configure:4181: result: yes
configure:4216: checking execinfo.h usability
configure:4233: icc -c -D_LARGEFILE_SOURCE -D_LARGEFILE64_SOURCE -D_FILE_OFFSET_BITS=64 -O2 -O2  -I/scratch/ptc/ppm/work/mpich2-1.4.1p1/src/mpl/include -I/scratch/ptc/ppm/work/mpich2-1.4.1p1/src/mpl/include -I/scratch/ptc/ppm/work/mpich2-1.4.1p1/src/openpa/src -I/scratch/ptc/ppm/work/mpich2-1.4.1p1/src/openpa/src -I/scratch/ptc/ppm/work/mpich2-1.4.1p1/src/mpid/ch3/include -I/scratch/ptc/ppm/work/mpich2-1.4.1p1/src/mpid/ch3/include -I/scratch/ptc/ppm/work/mpich2-1.4.1p1/src/mpid/common/datatype -I/scratch/ptc/ppm/work/mpich2-1.4.1p1/src/mpid/common/datatype -I/scratch/ptc/ppm/work/mpich2-1.4.1p1/src/mpid/common/locks -I/scratch/ptc/ppm/work/mpich2-1.4.1p1/src/mpid/common/locks -I/scratch/ptc/ppm/work/mpich2-1.4.1p1/src/mpid/ch3/channels/nemesis/include -I/scratch/ptc/ppm/work/mpich2-1.4.1p1/src/mpid/ch3/channels/nemesis/include -I/scratch/ptc/ppm/work/mpich2-1.4.1p1/src/mpid/ch3/channels/nemesis/nemesis/include -I/scratch/ptc/ppm/work/mpich2-1.4.1p1/src/mpid/ch3/channels/nemesis/nemesis/include -I/scratch/ptc/ppm/work/mpich2-1.4.1p1/src/mpid/ch3/channels/nemesis/nemesis/utils/monitor -I/scratch/ptc/ppm/work/mpich2-1.4.1p1/src/mpid/ch3/channels/nemesis/nemesis/utils/monitor -I/scratch/ptc/ppm/work/mpich2-1.4.1p1/src/util/wrappers -I/scratch/ptc/ppm/work/mpich2-1.4.1p1/src/util/wrappers conftest.c >&5
configure:4240: $? = 0
configure:4254: result: yes
configure:4258: checking execinfo.h presence
configure:4273: icc -E  -I/scratch/ptc/ppm/work/mpich2-1.4.1p1/src/mpl/include -I/scratch/ptc/ppm/work/mpich2-1.4.1p1/src/mpl/include -I/scratch/ptc/ppm/work/mpich2-1.4.1p1/src/openpa/src -I/scratch/ptc/ppm/work/mpich2-1.4.1p1/src/openpa/src -I/scratch/ptc/ppm/work/mpich2-1.4.1p1/src/mpid/ch3/include -I/scratch/ptc/ppm/work/mpich2-1.4.1p1/src/mpid/ch3/include -I/scratch/ptc/ppm/work/mpich2-1.4.1p1/src/mpid/common/datatype -I/scratch/ptc/ppm/work/mpich2-1.4.1p1/src/mpid/common/datatype -I/scratch/ptc/ppm/work/mpich2-1.4.1p1/src/mpid/common/locks -I/scratch/ptc/ppm/work/mpich2-1.4.1p1/src/mpid/common/locks -I/scratch/ptc/ppm/work/mpich2-1.4.1p1/src/mpid/ch3/channels/nemesis/include -I/scratch/ptc/ppm/work/mpich2-1.4.1p1/src/mpid/ch3/channels/nemesis/include -I/scratch/ptc/ppm/work/mpich2-1.4.1p1/src/mpid/ch3/channels/nemesis/nemesis/include -I/scratch/ptc/ppm/work/mpich2-1.4.1p1/src/mpid/ch3/channels/nemesis/nemesis/include -I/scratch/ptc/ppm/work/mpich2-1.4.1p1/src/mpid/ch3/channels/nemesis/nemesis/utils/monitor -I/scratch/ptc/ppm/work/mpich2-1.4.1p1/src/mpid/ch3/channels/nemesis/nemesis/utils/monitor -I/scratch/ptc/ppm/work/mpich2-1.4.1p1/src/util/wrappers -I/scratch/ptc/ppm/work/mpich2-1.4.1p1/src/util/wrappers conftest.c
configure:4280: $? = 0
configure:4294: result: yes
configure:4322: checking for execinfo.h
configure:4331: result: yes
configure:4342: checking whether <execinfo.h> defines backtrace_symbols_fd() 
configure:4374: icc -c -D_LARGEFILE_SOURCE -D_LARGEFILE64_SOURCE -D_FILE_OFFSET_BITS=64 -O2 -O2  -I/scratch/ptc/ppm/work/mpich2-1.4.1p1/src/mpl/include -I/scratch/ptc/ppm/work/mpich2-1.4.1p1/src/mpl/include -I/scratch/ptc/ppm/work/mpich2-1.4.1p1/src/openpa/src -I/scratch/ptc/ppm/work/mpich2-1.4.1p1/src/openpa/src -I/scratch/ptc/ppm/work/mpich2-1.4.1p1/src/mpid/ch3/include -I/scratch/ptc/ppm/work/mpich2-1.4.1p1/src/mpid/ch3/include -I/scratch/ptc/ppm/work/mpich2-1.4.1p1/src/mpid/common/datatype -I/scratch/ptc/ppm/work/mpich2-1.4.1p1/src/mpid/common/datatype -I/scratch/ptc/ppm/work/mpich2-1.4.1p1/src/mpid/common/locks -I/scratch/ptc/ppm/work/mpich2-1.4.1p1/src/mpid/common/locks -I/scratch/ptc/ppm/work/mpich2-1.4.1p1/src/mpid/ch3/channels/nemesis/include -I/scratch/ptc/ppm/work/mpich2-1.4.1p1/src/mpid/ch3/channels/nemesis/include -I/scratch/ptc/ppm/work/mpich2-1.4.1p1/src/mpid/ch3/channels/nemesis/nemesis/include -I/scratch/ptc/ppm/work/mpich2-1.4.1p1/src/mpid/ch3/channels/nemesis/nemesis/include -I/scratch/ptc/ppm/work/mpich2-1.4.1p1/src/mpid/ch3/channels/nemesis/nemesis/utils/monitor -I/scratch/ptc/ppm/work/mpich2-1.4.1p1/src/mpid/ch3/channels/nemesis/nemesis/utils/monitor -I/scratch/ptc/ppm/work/mpich2-1.4.1p1/src/util/wrappers -I/scratch/ptc/ppm/work/mpich2-1.4.1p1/src/util/wrappers conftest.c >&5
configure:4381: $? = 0
configure:4387: result: yes
configure:4390: checking if <execinfo.h> links with -Wl,--export-dynamic 
configure:4424: icc -o conftest -D_LARGEFILE_SOURCE -D_LARGEFILE64_SOURCE -D_FILE_OFFSET_BITS=64 -O2 -O2  -I/scratch/ptc/ppm/work/mpich2-1.4.1p1/src/mpl/include -I/scratch/ptc/ppm/work/mpich2-1.4.1p1/src/mpl/include -I/scratch/ptc/ppm/work/mpich2-1.4.1p1/src/openpa/src -I/scratch/ptc/ppm/work/mpich2-1.4.1p1/src/openpa/src -I/scratch/ptc/ppm/work/mpich2-1.4.1p1/src/mpid/ch3/include -I/scratch/ptc/ppm/work/mpich2-1.4.1p1/src/mpid/ch3/include -I/scratch/ptc/ppm/work/mpich2-1.4.1p1/src/mpid/common/datatype -I/scratch/ptc/ppm/work/mpich2-1.4.1p1/src/mpid/common/datatype -I/scratch/ptc/ppm/work/mpich2-1.4.1p1/src/mpid/common/locks -I/scratch/ptc/ppm/work/mpich2-1.4.1p1/src/mpid/common/locks -I/scratch/ptc/ppm/work/mpich2-1.4.1p1/src/mpid/ch3/channels/nemesis/include -I/scratch/ptc/ppm/work/mpich2-1.4.1p1/src/mpid/ch3/channels/nemesis/include -I/scratch/ptc/ppm/work/mpich2-1.4.1p1/src/mpid/ch3/channels/nemesis/nemesis/include -I/scratch/ptc/ppm/work/mpich2-1.4.1p1/src/mpid/ch3/channels/nemesis/nemesis/include -I/scratch/ptc/ppm/work/mpich2-1.4.1p1/src/mpid/ch3/channels/nemesis/nemesis/utils/monitor -I/scratch/ptc/ppm/work/mpich2-1.4.1p1/src/mpid/ch3/channels/nemesis/nemesis/utils/monitor -I/scratch/ptc/ppm/work/mpich2-1.4.1p1/src/util/wrappers -I/scratch/ptc/ppm/work/mpich2-1.4.1p1/src/util/wrappers   -Wl,--export-dynamic conftest.c -lrt -lpthread   >&5
configure:4431: $? = 0
configure:4440: result: yes
configure:4757: checking for fdopen
configure:4813: icc -o conftest -D_LARGEFILE_SOURCE -D_LARGEFILE64_SOURCE -D_FILE_OFFSET_BITS=64 -O2 -O2  -I/scratch/ptc/ppm/work/mpich2-1.4.1p1/src/mpl/include -I/scratch/ptc/ppm/work/mpich2-1.4.1p1/src/mpl/include -I/scratch/ptc/ppm/work/mpich2-1.4.1p1/src/openpa/src -I/scratch/ptc/ppm/work/mpich2-1.4.1p1/src/openpa/src -I/scratch/ptc/ppm/work/mpich2-1.4.1p1/src/mpid/ch3/include -I/scratch/ptc/ppm/work/mpich2-1.4.1p1/src/mpid/ch3/include -I/scratch/ptc/ppm/work/mpich2-1.4.1p1/src/mpid/common/datatype -I/scratch/ptc/ppm/work/mpich2-1.4.1p1/src/mpid/common/datatype -I/scratch/ptc/ppm/work/mpich2-1.4.1p1/src/mpid/common/locks -I/scratch/ptc/ppm/work/mpich2-1.4.1p1/src/mpid/common/locks -I/scratch/ptc/ppm/work/mpich2-1.4.1p1/src/mpid/ch3/channels/nemesis/include -I/scratch/ptc/ppm/work/mpich2-1.4.1p1/src/mpid/ch3/channels/nemesis/include -I/scratch/ptc/ppm/work/mpich2-1.4.1p1/src/mpid/ch3/channels/nemesis/nemesis/include -I/scratch/ptc/ppm/work/mpich2-1.4.1p1/src/mpid/ch3/channels/nemesis/nemesis/include -I/scratch/ptc/ppm/work/mpich2-1.4.1p1/src/mpid/ch3/channels/nemesis/nemesis/utils/monitor -I/scratch/ptc/ppm/work/mpich2-1.4.1p1/src/mpid/ch3/channels/nemesis/nemesis/utils/monitor -I/scratch/ptc/ppm/work/mpich2-1.4.1p1/src/util/wrappers -I/scratch/ptc/ppm/work/mpich2-1.4.1p1/src/util/wrappers   -Wl,--export-dynamic conftest.c -lrt -lpthread   >&5
configure:4820: $? = 0
configure:4842: result: yes
configure:4856: checking whether fdopen needs a declaration
configure:4883: icc -c -D_LARGEFILE_SOURCE -D_LARGEFILE64_SOURCE -D_FILE_OFFSET_BITS=64 -O2 -O2  -I/scratch/ptc/ppm/work/mpich2-1.4.1p1/src/mpl/include -I/scratch/ptc/ppm/work/mpich2-1.4.1p1/src/mpl/include -I/scratch/ptc/ppm/work/mpich2-1.4.1p1/src/openpa/src -I/scratch/ptc/ppm/work/mpich2-1.4.1p1/src/openpa/src -I/scratch/ptc/ppm/work/mpich2-1.4.1p1/src/mpid/ch3/include -I/scratch/ptc/ppm/work/mpich2-1.4.1p1/src/mpid/ch3/include -I/scratch/ptc/ppm/work/mpich2-1.4.1p1/src/mpid/common/datatype -I/scratch/ptc/ppm/work/mpich2-1.4.1p1/src/mpid/common/datatype -I/scratch/ptc/ppm/work/mpich2-1.4.1p1/src/mpid/common/locks -I/scratch/ptc/ppm/work/mpich2-1.4.1p1/src/mpid/common/locks -I/scratch/ptc/ppm/work/mpich2-1.4.1p1/src/mpid/ch3/channels/nemesis/include -I/scratch/ptc/ppm/work/mpich2-1.4.1p1/src/mpid/ch3/channels/nemesis/include -I/scratch/ptc/ppm/work/mpich2-1.4.1p1/src/mpid/ch3/channels/nemesis/nemesis/include -I/scratch/ptc/ppm/work/mpich2-1.4.1p1/src/mpid/ch3/channels/nemesis/nemesis/include -I/scratch/ptc/ppm/work/mpich2-1.4.1p1/src/mpid/ch3/channels/nemesis/nemesis/utils/monitor -I/scratch/ptc/ppm/work/mpich2-1.4.1p1/src/mpid/ch3/channels/nemesis/nemesis/utils/monitor -I/scratch/ptc/ppm/work/mpich2-1.4.1p1/src/util/wrappers -I/scratch/ptc/ppm/work/mpich2-1.4.1p1/src/util/wrappers conftest.c >&5
conftest.c(28): warning #167: argument of type "int" is incompatible with parameter of type "const char *"
  int a=fdopen(1.0,27,1.0,"foo");
                   ^

conftest.c(28): warning #152: conversion of nonzero integer to pointer
  int a=fdopen(1.0,27,1.0,"foo");
                   ^

conftest.c(28): error #140: too many arguments in function call
  int a=fdopen(1.0,27,1.0,"foo");
                      ^

conftest.c(28): warning #810: conversion from "FILE *" to "int" may lose significant bits
  int a=fdopen(1.0,27,1.0,"foo");
        ^

compilation aborted for conftest.c (code 2)
configure:4890: $? = 2
configure: failed program was:
| /* confdefs.h.  */
| #define PACKAGE_NAME ""
| #define PACKAGE_TARNAME ""
| #define PACKAGE_VERSION ""
| #define PACKAGE_STRING ""
| #define PACKAGE_BUGREPORT ""
| #define STDC_HEADERS 1
| #define HAVE_SYS_TYPES_H 1
| #define HAVE_SYS_STAT_H 1
| #define HAVE_STDLIB_H 1
| #define HAVE_STRING_H 1
| #define HAVE_MEMORY_H 1
| #define HAVE_STRINGS_H 1
| #define HAVE_INTTYPES_H 1
| #define HAVE_STDINT_H 1
| #define HAVE_UNISTD_H 1
| #define HAVE_STDIO_H 1
| #define HAVE_STRING_H 1
| #define HAVE_UNISTD_H 1
| #define HAVE_FCNTL_H 1
| #define HAVE_EXECINFO_H 1
| #define HAVE_FDOPEN 1
| /* end confdefs.h.  */
| #include <stdio.h>
| int
| main ()
| {
| int a=fdopen(1.0,27,1.0,"foo");
|   ;
|   return 0;
| }
configure:4905: result: no
configure:4960: creating ./config.status

## ---------------------- ##
## Running config.status. ##
## ---------------------- ##

This file was extended by config.status, which was
generated by GNU Autoconf 2.63.  Invocation command line was

  CONFIG_FILES    = 
  CONFIG_HEADERS  = 
  CONFIG_LINKS    = 
  CONFIG_COMMANDS = 
  $ ./config.status 

on mitsuko.aer.mw.tum.de

config.status:774: creating Makefile
config.status:774: creating src/Makefile
config.status:774: creating include/mpe_callstack.h
config.status:774: creating etc/mpe_callstack_ldflags.conf
config.status:774: creating bin/bt2line
config.status:774: creating mpe_callstack_conf.h
config.status:1003: executing default-1 commands

## ---------------- ##
## Cache variables. ##
## ---------------- ##

ac_cv_c_compiler_gnu=yes
ac_cv_c_const=yes
ac_cv_c_inline=inline
ac_cv_env_CC_set=set
ac_cv_env_CC_value=icc
ac_cv_env_CFLAGS_set=set
ac_cv_env_CFLAGS_value='-D_LARGEFILE_SOURCE -D_LARGEFILE64_SOURCE -D_FILE_OFFSET_BITS=64 -O2 -O2'
ac_cv_env_CPPFLAGS_set=set
ac_cv_env_CPPFLAGS_value=' -I/scratch/ptc/ppm/work/mpich2-1.4.1p1/src/mpl/include -I/scratch/ptc/ppm/work/mpich2-1.4.1p1/src/mpl/include -I/scratch/ptc/ppm/work/mpich2-1.4.1p1/src/openpa/src -I/scratch/ptc/ppm/work/mpich2-1.4.1p1/src/openpa/src -I/scratch/ptc/ppm/work/mpich2-1.4.1p1/src/mpid/ch3/include -I/scratch/ptc/ppm/work/mpich2-1.4.1p1/src/mpid/ch3/include -I/scratch/ptc/ppm/work/mpich2-1.4.1p1/src/mpid/common/datatype -I/scratch/ptc/ppm/work/mpich2-1.4.1p1/src/mpid/common/datatype -I/scratch/ptc/ppm/work/mpich2-1.4.1p1/src/mpid/common/locks -I/scratch/ptc/ppm/work/mpich2-1.4.1p1/src/mpid/common/locks -I/scratch/ptc/ppm/work/mpich2-1.4.1p1/src/mpid/ch3/channels/nemesis/include -I/scratch/ptc/ppm/work/mpich2-1.4.1p1/src/mpid/ch3/channels/nemesis/include -I/scratch/ptc/ppm/work/mpich2-1.4.1p1/src/mpid/ch3/channels/nemesis/nemesis/include -I/scratch/ptc/ppm/work/mpich2-1.4.1p1/src/mpid/ch3/channels/nemesis/nemesis/include -I/scratch/ptc/ppm/work/mpich2-1.4.1p1/src/mpid/ch3/channels/nemesis/nemesis/utils/monitor -I/scratch/ptc/ppm/work/mpich2-1.4.1p1/src/mpid/ch3/channels/nemesis/nemesis/utils/monitor -I/scratch/ptc/ppm/work/mpich2-1.4.1p1/src/util/wrappers -I/scratch/ptc/ppm/work/mpich2-1.4.1p1/src/util/wrappers'
ac_cv_env_CPP_set=
ac_cv_env_CPP_value=
ac_cv_env_LDFLAGS_set=set
ac_cv_env_LDFLAGS_value=' '
ac_cv_env_LIBS_set=set
ac_cv_env_LIBS_value='-lrt -lpthread  '
ac_cv_env_build_alias_set=
ac_cv_env_build_alias_value=
ac_cv_env_host_alias_set=
ac_cv_env_host_alias_value=
ac_cv_env_target_alias_set=
ac_cv_env_target_alias_value=
ac_cv_func_fdopen=yes
ac_cv_header_execinfo_h=yes
ac_cv_header_fcntl_h=yes
ac_cv_header_inttypes_h=yes
ac_cv_header_memory_h=yes
ac_cv_header_stdc=yes
ac_cv_header_stdint_h=yes
ac_cv_header_stdio_h=yes
ac_cv_header_stdlib_h=yes
ac_cv_header_string_h=yes
ac_cv_header_strings_h=yes
ac_cv_header_sys_stat_h=yes
ac_cv_header_sys_types_h=yes
ac_cv_header_unistd_h=yes
ac_cv_objext=o
ac_cv_path_EGREP='/bin/grep -E'
ac_cv_path_GREP=/bin/grep
ac_cv_prog_AR=ar
ac_cv_prog_CPP='icc -E'
ac_cv_prog_ac_ct_CC=icc
ac_cv_prog_ac_ct_RANLIB=ranlib
ac_cv_prog_cc_c89=
ac_cv_prog_cc_g=yes
ac_cv_prog_cc_icc_c_o=yes
pac_cv_func_decl_fdopen=no

## ----------------- ##
## Output variables. ##
## ----------------- ##

AR='ar'
CC='icc'
CC_DOES_C_O='yes'
CFLAGS='-D_LARGEFILE_SOURCE -D_LARGEFILE64_SOURCE -D_FILE_OFFSET_BITS=64 -O2 -O2'
CLINKER='icc'
CPP='icc -E'
CPPFLAGS=' -I/scratch/ptc/ppm/work/mpich2-1.4.1p1/src/mpl/include -I/scratch/ptc/ppm/work/mpich2-1.4.1p1/src/mpl/include -I/scratch/ptc/ppm/work/mpich2-1.4.1p1/src/openpa/src -I/scratch/ptc/ppm/work/mpich2-1.4.1p1/src/openpa/src -I/scratch/ptc/ppm/work/mpich2-1.4.1p1/src/mpid/ch3/include -I/scratch/ptc/ppm/work/mpich2-1.4.1p1/src/mpid/ch3/include -I/scratch/ptc/ppm/work/mpich2-1.4.1p1/src/mpid/common/datatype -I/scratch/ptc/ppm/work/mpich2-1.4.1p1/src/mpid/common/datatype -I/scratch/ptc/ppm/work/mpich2-1.4.1p1/src/mpid/common/locks -I/scratch/ptc/ppm/work/mpich2-1.4.1p1/src/mpid/common/locks -I/scratch/ptc/ppm/work/mpich2-1.4.1p1/src/mpid/ch3/channels/nemesis/include -I/scratch/ptc/ppm/work/mpich2-1.4.1p1/src/mpid/ch3/channels/nemesis/include -I/scratch/ptc/ppm/work/mpich2-1.4.1p1/src/mpid/ch3/channels/nemesis/nemesis/include -I/scratch/ptc/ppm/work/mpich2-1.4.1p1/src/mpid/ch3/channels/nemesis/nemesis/include -I/scratch/ptc/ppm/work/mpich2-1.4.1p1/src/mpid/ch3/channels/nemesis/nemesis/utils/monitor -I/scratch/ptc/ppm/work/mpich2-1.4.1p1/src/mpid/ch3/channels/nemesis/nemesis/utils/monitor -I/scratch/ptc/ppm/work/mpich2-1.4.1p1/src/util/wrappers -I/scratch/ptc/ppm/work/mpich2-1.4.1p1/src/util/wrappers'
CPRP='cp'
DEFS='-DHAVE_CONFIG_H'
ECHO_C=''
ECHO_N='-n'
ECHO_T=''
EGREP='/bin/grep -E'
EXEEXT=''
GREP='/bin/grep'
LDFLAGS='  -Wl,--export-dynamic'
LIBOBJS=''
LIBS='-lrt -lpthread  '
LTLIBOBJS=''
MAKE='make --no-print-directory'
MKDIR='mkdir'
MPE_BUILD_FORTRAN2C='yes'
MPI_CC='/scratch/ptc/ppm/work/mpich2-1.4.1p1/bin/mpicc'
MPI_CFLAGS=''
MPI_LIBS=''
MV='mv'
OBJEXT='o'
PACKAGE_BUGREPORT=''
PACKAGE_NAME=''
PACKAGE_STRING=''
PACKAGE_TARNAME=''
PACKAGE_VERSION=''
PATH_SEPARATOR=':'
PROF_LIBNAME='mpe'
RANLIB='ranlib'
RM='rm'
SHELL='/bin/sh'
VPATH='VPATH=.:$(srcdir)'
ac_ct_CC='icc'
binbuild_dir='/scratch/ptc/ppm/work/mpich2-1.4.1p1/src/mpe2/bin'
bindir='${exec_prefix}/bin'
build_alias=''
datadir='${datarootdir}'
datarootdir='${prefix}/share'
docdir='${datarootdir}/doc/${PACKAGE}'
dvidir='${docdir}'
etcbuild_dir='/scratch/ptc/ppm/work/mpich2-1.4.1p1/src/mpe2/etc'
exec_prefix='${prefix}'
host_alias=''
htmldir='${docdir}'
includebuild_dir='/scratch/ptc/ppm/work/mpich2-1.4.1p1/src/mpe2/include'
includedir='${prefix}/include'
infodir='${datarootdir}/info'
libbuild_dir='/scratch/ptc/ppm/work/mpich2-1.4.1p1/src/mpe2/lib'
libdir='${exec_prefix}/lib'
libexecdir='${exec_prefix}/libexec'
localedir='${datarootdir}/locale'
localstatedir='${prefix}/var'
mandir='${datarootdir}/man'
mpe_callstack_impl_type='#define HAVE_BACKTRACE 1'
mpe_callstack_ldflags='-Wl,--export-dynamic'
mpe_callstack_string_h=''
mpe_callstack_unistd_h=''
oldincludedir='/usr/include'
pdfdir='${docdir}'
prefix='/scratch/ptc/prefix-O2/mpich2/1.4.1p1'
program_transform_name='s,x,x,'
psdir='${docdir}'
sbindir='${exec_prefix}/sbin'
sharedstatedir='${prefix}/com'
sysconfdir='${prefix}/etc'
target_alias=''
top_srcdir_abs='/scratch/ptc/ppm/work/mpich2-1.4.1p1/src/mpe2/src/callstack'

## ----------- ##
## confdefs.h. ##
## ----------- ##

#define PACKAGE_NAME ""
#define PACKAGE_TARNAME ""
#define PACKAGE_VERSION ""
#define PACKAGE_STRING ""
#define PACKAGE_BUGREPORT ""
#define STDC_HEADERS 1
#define HAVE_SYS_TYPES_H 1
#define HAVE_SYS_STAT_H 1
#define HAVE_STDLIB_H 1
#define HAVE_STRING_H 1
#define HAVE_MEMORY_H 1
#define HAVE_STRINGS_H 1
#define HAVE_INTTYPES_H 1
#define HAVE_STDINT_H 1
#define HAVE_UNISTD_H 1
#define HAVE_STDIO_H 1
#define HAVE_STRING_H 1
#define HAVE_UNISTD_H 1
#define HAVE_FCNTL_H 1
#define HAVE_EXECINFO_H 1
#define HAVE_FDOPEN 1

configure: exit 0
