[0] (initialize) : PROGRAM STARTED ON: mitsuko
[0] (initialize) : using the command: ./ppmsph_2 res3.txt
[0] (initialize) : RUNNING WITH     1 Processors
[0] (initialize) : ctrlfile ok
[0] (sph_init) : Using double precision
[0] (dump_setup) :                 Interactions symmetric:  T
[0] (dump_setup) :                                  isymm:  1
[0] (dump_setup) :                                SIMCASE:  1
[0] (dump_setup) :                                 CUTOFF:         0.0001250000
[0] (dump_setup) :                        SMOOTHINGLENGTH:         0.0000416667
[0] (dump_setup) :                      PARTICLE SPACING :         0.0000416667
[0] (dump_setup) :                      VERLET_SKIN / DX :         0.1000000000
[0] (dump_setup) :                           Sound speeds:  FLUID1
[0] (dump_setup) :                               Cs (vel):      0.31250E-02
[0] (dump_setup) :                              Cs (visc):      0.79057E-02
[0] (dump_setup) :                             Cs (force):      0.22361E-01
[0] (dump_setup) :                          Max. Cs (used):      0.22361E-01
[0] (dump_setup) :                             Mach number:      0.13975E-01
[0] (dump_setup) :                         Reynolds number:      0.15625E+00
[0] (dump_setup) :                      Equation of state:  FLUID1
[0] (dump_setup) :                                     p0:      0.71429E-01
[0] (dump_setup) :                           b (constant):      0.71429E-01
[0] (dump_setup) :                              Timesteps:  FLUID1
[0] (dump_setup) :                               dt (vel):      0.45943E-03
[0] (dump_setup) :                              dt (visc):      0.21701E-03
[0] (dump_setup) :                             dt (force):      0.16137E-01
[0] (dump_setup) :                   Min. timestep (used):         0.0002170139
[0] (create_particles) :                             Initial dx:         0.0000416667
[0] (create_particles) :                    Initial points in x:         24
[0] (create_particles) :                    Initial points in y:         24
[0] (create_particles) :                    Comp. box size in x:         0.0010000000
[0] (create_particles) :                    Comp. box size in y:         0.0010000000
[0] (create_particles) :         Total number of lattice points:        576
[0] (create_particles) : __________________________________________
[0] (create_particles) :             Global number of particles:        576
[0] (create_particles) : __________________________________________
[0] (create_particles) : Initialized particles locally on Proc.     0:             576
[0] (main) : PPM MAKE TOPOLOGY SUCCESSFUL!
[0] (main) : Mapped on topology!
[0] (main) : Topology check ok!
[0] (main) : No duplicates found
[0] (init_state) : mapping getghost successfull
[0] (init_state) : create neighlist_vlist done
[0] (init_state) : Initial velocity defined
[0] (init_state) : map_ghost_push successfull
[0] (init_state) : Forces computed
[0] (main) : Initial state defined
[0] (write_output_ascii) :                 Output written to file: res3/particles-000000.out
[0] (run_steps) :  ----------------------------------
[0] (run_steps) :  |  Starting main time loop...
[0] (run_steps) :  ----------------------------------
[0] (run_steps) :                    Number of timesteps:       2304
[0] (run_steps) :                               Timestep:         0.0002170139
[0] (run_steps) :               Start time of simulation:         0.0000000000
[0] (run_steps) :                               End time:         0.5000000000
[0] (write_logoutput) : _________________________________________________________________
[0] (write_logoutput) : Completed steps:            1 (of         2304) with dt:     0.2170139E-03
[0] (write_logoutput) :          Avg. time for a time step (s):         0.0020530224
[0] (write_logoutput) : Performance (Time/Particle/Iteration) :     0.3564275E-05
[0] (write_logoutput) : WCT to finish (approx.) res3.txt :       0.00 h and       0.08 min.
[0] (write_logoutput) : Calculated time:     0.2170139E-03 of     0.5000000E+00 sec.
[0] (write_output_ascii) :                 Output written to file: res3/particles-000046.out
[0] (write_output_ascii) :                 Output written to file: res3/particles-000092.out
[0] (write_logoutput) : _________________________________________________________________
[0] (write_logoutput) : Completed steps:          100 (of         2304) with dt:     0.2170139E-03
[0] (write_logoutput) :          Avg. time for a time step (s):         0.0012025595
[0] (write_logoutput) : Performance (Time/Particle/Iteration) :     0.2087777E-05
[0] (write_logoutput) : WCT to finish (approx.) res3.txt :       0.00 h and       0.04 min.
[0] (write_logoutput) : Calculated time:     0.2170139E-01 of     0.5000000E+00 sec.
[0] (write_output_ascii) :                 Output written to file: res3/particles-000138.out
[0] (write_output_ascii) :                 Output written to file: res3/particles-000184.out
[0] (write_logoutput) : _________________________________________________________________
[0] (write_logoutput) : Completed steps:          200 (of         2304) with dt:     0.2170139E-03
[0] (write_logoutput) :          Avg. time for a time step (s):         0.0011960745
[0] (write_logoutput) : Performance (Time/Particle/Iteration) :     0.2076518E-05
[0] (write_logoutput) : WCT to finish (approx.) res3.txt :       0.00 h and       0.04 min.
[0] (write_logoutput) : Calculated time:     0.4340278E-01 of     0.5000000E+00 sec.
[0] (write_output_ascii) :                 Output written to file: res3/particles-000230.out
[0] (write_output_ascii) :                 Output written to file: res3/particles-000276.out
[0] (write_logoutput) : _________________________________________________________________
[0] (write_logoutput) : Completed steps:          300 (of         2304) with dt:     0.2170139E-03
[0] (write_logoutput) :          Avg. time for a time step (s):         0.0011875733
[0] (write_logoutput) : Performance (Time/Particle/Iteration) :     0.2061759E-05
[0] (write_logoutput) : WCT to finish (approx.) res3.txt :       0.00 h and       0.04 min.
[0] (write_logoutput) : Calculated time:     0.6510417E-01 of     0.5000000E+00 sec.
[0] (write_output_ascii) :                 Output written to file: res3/particles-000323.out
[0] (write_output_ascii) :                 Output written to file: res3/particles-000369.out
[0] (write_logoutput) : _________________________________________________________________
[0] (write_logoutput) : Completed steps:          400 (of         2304) with dt:     0.2170139E-03
[0] (write_logoutput) :          Avg. time for a time step (s):         0.0011834502
[0] (write_logoutput) : Performance (Time/Particle/Iteration) :     0.2054601E-05
[0] (write_logoutput) : WCT to finish (approx.) res3.txt :       0.00 h and       0.04 min.
[0] (write_logoutput) : Calculated time:     0.8680556E-01 of     0.5000000E+00 sec.
[0] (write_output_ascii) :                 Output written to file: res3/particles-000415.out
[0] (write_output_ascii) :                 Output written to file: res3/particles-000461.out
