This file contains any messages produced by compilers while
running configure, to aid debugging if configure makes a mistake.

It was created by configure, which was
generated by GNU Autoconf 2.63.  Invocation command line was

  $ ./configure --disable-option-checking --prefix=/scratch/ptc/prefix-O2/mpich2/1.4.1p1 FC=ifort CC=icc CFLAGS=-D_LARGEFILE_SOURCE -D_LARGEFILE64_SOURCE -D_FILE_OFFSET_BITS=64 -O2 -O2 CXX=icpc CXXFLAGS=-O2 -O2 --enable-fc --enable-fast=defopt --enable-timer-type=gettimeofday --with-mpe RSHCOMMAND=/usr/bin/ssh --disable-dependencies MPI_CC=/scratch/ptc/ppm/work/mpich2-1.4.1p1/bin/mpicc MPI_F77=/scratch/ptc/ppm/work/mpich2-1.4.1p1/bin/mpif77 LDFLAGS=  LIBS=-lrt -lpthread   CPPFLAGS= -I/scratch/ptc/ppm/work/mpich2-1.4.1p1/src/mpl/include -I/scratch/ptc/ppm/work/mpich2-1.4.1p1/src/mpl/include -I/scratch/ptc/ppm/work/mpich2-1.4.1p1/src/openpa/src -I/scratch/ptc/ppm/work/mpich2-1.4.1p1/src/openpa/src -I/scratch/ptc/ppm/work/mpich2-1.4.1p1/src/mpid/ch3/include -I/scratch/ptc/ppm/work/mpich2-1.4.1p1/src/mpid/ch3/include -I/scratch/ptc/ppm/work/mpich2-1.4.1p1/src/mpid/common/datatype -I/scratch/ptc/ppm/work/mpich2-1.4.1p1/src/mpid/common/datatype -I/scratch/ptc/ppm/work/mpich2-1.4.1p1/src/mpid/common/locks -I/scratch/ptc/ppm/work/mpich2-1.4.1p1/src/mpid/common/locks -I/scratch/ptc/ppm/work/mpich2-1.4.1p1/src/mpid/ch3/channels/nemesis/include -I/scratch/ptc/ppm/work/mpich2-1.4.1p1/src/mpid/ch3/channels/nemesis/include -I/scratch/ptc/ppm/work/mpich2-1.4.1p1/src/mpid/ch3/channels/nemesis/nemesis/include -I/scratch/ptc/ppm/work/mpich2-1.4.1p1/src/mpid/ch3/channels/nemesis/nemesis/include -I/scratch/ptc/ppm/work/mpich2-1.4.1p1/src/mpid/ch3/channels/nemesis/nemesis/utils/monitor -I/scratch/ptc/ppm/work/mpich2-1.4.1p1/src/mpid/ch3/channels/nemesis/nemesis/utils/monitor -I/scratch/ptc/ppm/work/mpich2-1.4.1p1/src/util/wrappers -I/scratch/ptc/ppm/work/mpich2-1.4.1p1/src/util/wrappers F77=ifort FFLAGS=  -O2 --cache-file=/dev/null --srcdir=.

## --------- ##
## Platform. ##
## --------- ##

hostname = mitsuko.aer.mw.tum.de
uname -m = x86_64
uname -r = 2.6.32-431.1.2.el6.x86_64
uname -s = Linux
uname -v = #1 SMP Thu Dec 12 13:59:19 CST 2013

/usr/bin/uname -p = unknown
/bin/uname -X     = unknown

/bin/arch              = x86_64
/usr/bin/arch -k       = unknown
/usr/convex/getsysinfo = unknown
/usr/bin/hostinfo      = unknown
/bin/machine           = unknown
/usr/bin/oslevel       = unknown
/bin/universe          = unknown

PATH: /scratch/utils/SublimeText2
PATH: /scratch2/utils/swftools-2013-02-19-1826/work/bin
PATH: /global/tecplotchorus2012r3/bin
PATH: /global/ANSYS/v145/CFD-Post/bin
PATH: /global/ANSYS/v145/icemcfd/linux64_amd/bin
PATH: /global/ANSYS/v145/fluent/bin
PATH: /scratch2/utils/matlab2009/bin
PATH: /scratch2/utils/nasm/bin
PATH: /global/tecplot2012/bin
PATH: /scratch2/utils/tgif-QPL-4.2.2
PATH: /scratch2/utils/Adobe/Reader9/bin
PATH: /scratch2/project/trunk/punto/local/bin
PATH: /scratch2/ptc/prefix-O2/mpich2/1.4.1p1/bin
PATH: /global/intel/composer_xe_2013.3.163/bin/intel64
PATH: /global/intel/composerxe/bin
PATH: /global/bin
PATH: /global/texlive/2013/bin/x86_64-linux
PATH: /global/bin
PATH: /global/texlive/2013/bin/x86_64-linux
PATH: /global/bin
PATH: /global/texlive/2013/bin/x86_64-linux
PATH: /usr/lib64/qt-3.3/bin
PATH: /usr/local/bin
PATH: /usr/bin
PATH: /bin
PATH: /usr/local/sbin
PATH: /usr/sbin
PATH: /sbin
PATH: /global/ANSYS/v145/icemcfd/linux64_amd/bin
PATH: /global/ANSYS/v145/CFX/bin
PATH: /global/intel/composer_xe_2013.3.163/bin
PATH: /global/tecplot2013/bin
PATH: /global/tecplotchorusde2013r1/bin
PATH: /global/ANSYS/v145/icemcfd/linux64_amd/bin
PATH: /global/ANSYS/v145/CFX/bin
PATH: /global/intel/composer_xe_2013.3.163/bin
PATH: /global/tecplot2013/bin
PATH: /global/tecplotchorusde2013r1/bin
PATH: /global/ANSYS/v145/icemcfd/linux64_amd/bin
PATH: /global/ANSYS/v145/CFX/bin
PATH: /global/intel/composer_xe_2013.3.163/bin
PATH: /global/tecplot2013/bin
PATH: /global/tecplotchorusde2013r1/bin


## ----------- ##
## Core tests. ##
## ----------- ##

configure:1822: checking for current directory name
configure:1871: result: /scratch/ptc/ppm/work/mpich2-1.4.1p1/src/mpe2/src/graphics
configure:1920: checking gnumake
configure:1935: result: yes using --no-print-directory
configure:1949: checking BSD 4.4 make
configure:1969: result: no - whew
configure:1975: checking OSF V3 make
configure:1994: result: no
configure:2001: checking for virtual path format
configure:2016: result: VPATH
configure:2152: checking for gcc
configure:2179: result: icc
configure:2411: checking for C compiler version
configure:2419: icc --version >&5
icc (ICC) 13.1.1 20130313
Copyright (C) 1985-2013 Intel Corporation.  All rights reserved.

configure:2423: $? = 0
configure:2430: icc -v >&5
icc version 13.1.1 (gcc version 4.4.7 compatibility)
configure:2434: $? = 0
configure:2441: icc -V >&5
Intel(R) C Intel(R) 64 Compiler XE for applications running on Intel(R) 64, Version 13.1.1.163 Build 20130313
Copyright (C) 1985-2013 Intel Corporation.  All rights reserved.
FOR NON-COMMERCIAL USE ONLY

configure:2445: $? = 0
configure:2468: checking for C compiler default output file name
configure:2490: icc -D_LARGEFILE_SOURCE -D_LARGEFILE64_SOURCE -D_FILE_OFFSET_BITS=64 -O2 -O2  -I/scratch/ptc/ppm/work/mpich2-1.4.1p1/src/mpl/include -I/scratch/ptc/ppm/work/mpich2-1.4.1p1/src/mpl/include -I/scratch/ptc/ppm/work/mpich2-1.4.1p1/src/openpa/src -I/scratch/ptc/ppm/work/mpich2-1.4.1p1/src/openpa/src -I/scratch/ptc/ppm/work/mpich2-1.4.1p1/src/mpid/ch3/include -I/scratch/ptc/ppm/work/mpich2-1.4.1p1/src/mpid/ch3/include -I/scratch/ptc/ppm/work/mpich2-1.4.1p1/src/mpid/common/datatype -I/scratch/ptc/ppm/work/mpich2-1.4.1p1/src/mpid/common/datatype -I/scratch/ptc/ppm/work/mpich2-1.4.1p1/src/mpid/common/locks -I/scratch/ptc/ppm/work/mpich2-1.4.1p1/src/mpid/common/locks -I/scratch/ptc/ppm/work/mpich2-1.4.1p1/src/mpid/ch3/channels/nemesis/include -I/scratch/ptc/ppm/work/mpich2-1.4.1p1/src/mpid/ch3/channels/nemesis/include -I/scratch/ptc/ppm/work/mpich2-1.4.1p1/src/mpid/ch3/channels/nemesis/nemesis/include -I/scratch/ptc/ppm/work/mpich2-1.4.1p1/src/mpid/ch3/channels/nemesis/nemesis/include -I/scratch/ptc/ppm/work/mpich2-1.4.1p1/src/mpid/ch3/channels/nemesis/nemesis/utils/monitor -I/scratch/ptc/ppm/work/mpich2-1.4.1p1/src/mpid/ch3/channels/nemesis/nemesis/utils/monitor -I/scratch/ptc/ppm/work/mpich2-1.4.1p1/src/util/wrappers -I/scratch/ptc/ppm/work/mpich2-1.4.1p1/src/util/wrappers   conftest.c -lrt -lpthread   >&5
configure:2494: $? = 0
configure:2532: result: a.out
configure:2551: checking whether the C compiler works
configure:2561: ./a.out
configure:2565: $? = 0
configure:2584: result: yes
configure:2591: checking whether we are cross compiling
configure:2593: result: no
configure:2596: checking for suffix of executables
configure:2603: icc -o conftest -D_LARGEFILE_SOURCE -D_LARGEFILE64_SOURCE -D_FILE_OFFSET_BITS=64 -O2 -O2  -I/scratch/ptc/ppm/work/mpich2-1.4.1p1/src/mpl/include -I/scratch/ptc/ppm/work/mpich2-1.4.1p1/src/mpl/include -I/scratch/ptc/ppm/work/mpich2-1.4.1p1/src/openpa/src -I/scratch/ptc/ppm/work/mpich2-1.4.1p1/src/openpa/src -I/scratch/ptc/ppm/work/mpich2-1.4.1p1/src/mpid/ch3/include -I/scratch/ptc/ppm/work/mpich2-1.4.1p1/src/mpid/ch3/include -I/scratch/ptc/ppm/work/mpich2-1.4.1p1/src/mpid/common/datatype -I/scratch/ptc/ppm/work/mpich2-1.4.1p1/src/mpid/common/datatype -I/scratch/ptc/ppm/work/mpich2-1.4.1p1/src/mpid/common/locks -I/scratch/ptc/ppm/work/mpich2-1.4.1p1/src/mpid/common/locks -I/scratch/ptc/ppm/work/mpich2-1.4.1p1/src/mpid/ch3/channels/nemesis/include -I/scratch/ptc/ppm/work/mpich2-1.4.1p1/src/mpid/ch3/channels/nemesis/include -I/scratch/ptc/ppm/work/mpich2-1.4.1p1/src/mpid/ch3/channels/nemesis/nemesis/include -I/scratch/ptc/ppm/work/mpich2-1.4.1p1/src/mpid/ch3/channels/nemesis/nemesis/include -I/scratch/ptc/ppm/work/mpich2-1.4.1p1/src/mpid/ch3/channels/nemesis/nemesis/utils/monitor -I/scratch/ptc/ppm/work/mpich2-1.4.1p1/src/mpid/ch3/channels/nemesis/nemesis/utils/monitor -I/scratch/ptc/ppm/work/mpich2-1.4.1p1/src/util/wrappers -I/scratch/ptc/ppm/work/mpich2-1.4.1p1/src/util/wrappers   conftest.c -lrt -lpthread   >&5
configure:2607: $? = 0
configure:2633: result: 
configure:2639: checking for suffix of object files
configure:2665: icc -c -D_LARGEFILE_SOURCE -D_LARGEFILE64_SOURCE -D_FILE_OFFSET_BITS=64 -O2 -O2  -I/scratch/ptc/ppm/work/mpich2-1.4.1p1/src/mpl/include -I/scratch/ptc/ppm/work/mpich2-1.4.1p1/src/mpl/include -I/scratch/ptc/ppm/work/mpich2-1.4.1p1/src/openpa/src -I/scratch/ptc/ppm/work/mpich2-1.4.1p1/src/openpa/src -I/scratch/ptc/ppm/work/mpich2-1.4.1p1/src/mpid/ch3/include -I/scratch/ptc/ppm/work/mpich2-1.4.1p1/src/mpid/ch3/include -I/scratch/ptc/ppm/work/mpich2-1.4.1p1/src/mpid/common/datatype -I/scratch/ptc/ppm/work/mpich2-1.4.1p1/src/mpid/common/datatype -I/scratch/ptc/ppm/work/mpich2-1.4.1p1/src/mpid/common/locks -I/scratch/ptc/ppm/work/mpich2-1.4.1p1/src/mpid/common/locks -I/scratch/ptc/ppm/work/mpich2-1.4.1p1/src/mpid/ch3/channels/nemesis/include -I/scratch/ptc/ppm/work/mpich2-1.4.1p1/src/mpid/ch3/channels/nemesis/include -I/scratch/ptc/ppm/work/mpich2-1.4.1p1/src/mpid/ch3/channels/nemesis/nemesis/include -I/scratch/ptc/ppm/work/mpich2-1.4.1p1/src/mpid/ch3/channels/nemesis/nemesis/include -I/scratch/ptc/ppm/work/mpich2-1.4.1p1/src/mpid/ch3/channels/nemesis/nemesis/utils/monitor -I/scratch/ptc/ppm/work/mpich2-1.4.1p1/src/mpid/ch3/channels/nemesis/nemesis/utils/monitor -I/scratch/ptc/ppm/work/mpich2-1.4.1p1/src/util/wrappers -I/scratch/ptc/ppm/work/mpich2-1.4.1p1/src/util/wrappers conftest.c >&5
configure:2669: $? = 0
configure:2694: result: o
configure:2698: checking whether we are using the GNU C compiler
configure:2727: icc -c -D_LARGEFILE_SOURCE -D_LARGEFILE64_SOURCE -D_FILE_OFFSET_BITS=64 -O2 -O2  -I/scratch/ptc/ppm/work/mpich2-1.4.1p1/src/mpl/include -I/scratch/ptc/ppm/work/mpich2-1.4.1p1/src/mpl/include -I/scratch/ptc/ppm/work/mpich2-1.4.1p1/src/openpa/src -I/scratch/ptc/ppm/work/mpich2-1.4.1p1/src/openpa/src -I/scratch/ptc/ppm/work/mpich2-1.4.1p1/src/mpid/ch3/include -I/scratch/ptc/ppm/work/mpich2-1.4.1p1/src/mpid/ch3/include -I/scratch/ptc/ppm/work/mpich2-1.4.1p1/src/mpid/common/datatype -I/scratch/ptc/ppm/work/mpich2-1.4.1p1/src/mpid/common/datatype -I/scratch/ptc/ppm/work/mpich2-1.4.1p1/src/mpid/common/locks -I/scratch/ptc/ppm/work/mpich2-1.4.1p1/src/mpid/common/locks -I/scratch/ptc/ppm/work/mpich2-1.4.1p1/src/mpid/ch3/channels/nemesis/include -I/scratch/ptc/ppm/work/mpich2-1.4.1p1/src/mpid/ch3/channels/nemesis/include -I/scratch/ptc/ppm/work/mpich2-1.4.1p1/src/mpid/ch3/channels/nemesis/nemesis/include -I/scratch/ptc/ppm/work/mpich2-1.4.1p1/src/mpid/ch3/channels/nemesis/nemesis/include -I/scratch/ptc/ppm/work/mpich2-1.4.1p1/src/mpid/ch3/channels/nemesis/nemesis/utils/monitor -I/scratch/ptc/ppm/work/mpich2-1.4.1p1/src/mpid/ch3/channels/nemesis/nemesis/utils/monitor -I/scratch/ptc/ppm/work/mpich2-1.4.1p1/src/util/wrappers -I/scratch/ptc/ppm/work/mpich2-1.4.1p1/src/util/wrappers conftest.c >&5
configure:2734: $? = 0
configure:2751: result: yes
configure:2760: checking whether icc accepts -g
configure:2790: icc -c -g  -I/scratch/ptc/ppm/work/mpich2-1.4.1p1/src/mpl/include -I/scratch/ptc/ppm/work/mpich2-1.4.1p1/src/mpl/include -I/scratch/ptc/ppm/work/mpich2-1.4.1p1/src/openpa/src -I/scratch/ptc/ppm/work/mpich2-1.4.1p1/src/openpa/src -I/scratch/ptc/ppm/work/mpich2-1.4.1p1/src/mpid/ch3/include -I/scratch/ptc/ppm/work/mpich2-1.4.1p1/src/mpid/ch3/include -I/scratch/ptc/ppm/work/mpich2-1.4.1p1/src/mpid/common/datatype -I/scratch/ptc/ppm/work/mpich2-1.4.1p1/src/mpid/common/datatype -I/scratch/ptc/ppm/work/mpich2-1.4.1p1/src/mpid/common/locks -I/scratch/ptc/ppm/work/mpich2-1.4.1p1/src/mpid/common/locks -I/scratch/ptc/ppm/work/mpich2-1.4.1p1/src/mpid/ch3/channels/nemesis/include -I/scratch/ptc/ppm/work/mpich2-1.4.1p1/src/mpid/ch3/channels/nemesis/include -I/scratch/ptc/ppm/work/mpich2-1.4.1p1/src/mpid/ch3/channels/nemesis/nemesis/include -I/scratch/ptc/ppm/work/mpich2-1.4.1p1/src/mpid/ch3/channels/nemesis/nemesis/include -I/scratch/ptc/ppm/work/mpich2-1.4.1p1/src/mpid/ch3/channels/nemesis/nemesis/utils/monitor -I/scratch/ptc/ppm/work/mpich2-1.4.1p1/src/mpid/ch3/channels/nemesis/nemesis/utils/monitor -I/scratch/ptc/ppm/work/mpich2-1.4.1p1/src/util/wrappers -I/scratch/ptc/ppm/work/mpich2-1.4.1p1/src/util/wrappers conftest.c >&5
configure:2797: $? = 0
configure:2898: result: yes
configure:2915: checking for icc option to accept ISO C89
configure:2989: icc  -c -D_LARGEFILE_SOURCE -D_LARGEFILE64_SOURCE -D_FILE_OFFSET_BITS=64 -O2 -O2  -I/scratch/ptc/ppm/work/mpich2-1.4.1p1/src/mpl/include -I/scratch/ptc/ppm/work/mpich2-1.4.1p1/src/mpl/include -I/scratch/ptc/ppm/work/mpich2-1.4.1p1/src/openpa/src -I/scratch/ptc/ppm/work/mpich2-1.4.1p1/src/openpa/src -I/scratch/ptc/ppm/work/mpich2-1.4.1p1/src/mpid/ch3/include -I/scratch/ptc/ppm/work/mpich2-1.4.1p1/src/mpid/ch3/include -I/scratch/ptc/ppm/work/mpich2-1.4.1p1/src/mpid/common/datatype -I/scratch/ptc/ppm/work/mpich2-1.4.1p1/src/mpid/common/datatype -I/scratch/ptc/ppm/work/mpich2-1.4.1p1/src/mpid/common/locks -I/scratch/ptc/ppm/work/mpich2-1.4.1p1/src/mpid/common/locks -I/scratch/ptc/ppm/work/mpich2-1.4.1p1/src/mpid/ch3/channels/nemesis/include -I/scratch/ptc/ppm/work/mpich2-1.4.1p1/src/mpid/ch3/channels/nemesis/include -I/scratch/ptc/ppm/work/mpich2-1.4.1p1/src/mpid/ch3/channels/nemesis/nemesis/include -I/scratch/ptc/ppm/work/mpich2-1.4.1p1/src/mpid/ch3/channels/nemesis/nemesis/include -I/scratch/ptc/ppm/work/mpich2-1.4.1p1/src/mpid/ch3/channels/nemesis/nemesis/utils/monitor -I/scratch/ptc/ppm/work/mpich2-1.4.1p1/src/mpid/ch3/channels/nemesis/nemesis/utils/monitor -I/scratch/ptc/ppm/work/mpich2-1.4.1p1/src/util/wrappers -I/scratch/ptc/ppm/work/mpich2-1.4.1p1/src/util/wrappers conftest.c >&5
configure:2996: $? = 0
configure:3019: result: none needed
configure:3041: checking for ar
configure:3069: result: ar
configure:3120: checking for ranlib
configure:3147: result: ranlib
configure:3171: checking whether icc and cc understand -c and -o together
configure:3206: icc -c conftest.c -o conftest2.o >&5
configure:3210: $? = 0
configure:3216: icc -c conftest.c -o conftest2.o >&5
configure:3220: $? = 0
configure:3231: cc -c conftest.c >&5
configure:3235: $? = 0
configure:3243: cc -c conftest.c -o conftest2.o >&5
configure:3247: $? = 0
configure:3253: cc -c conftest.c -o conftest2.o >&5
configure:3257: $? = 0
configure:3275: result: yes
configure:3296: checking how to run the C preprocessor
configure:3336: icc -E  -I/scratch/ptc/ppm/work/mpich2-1.4.1p1/src/mpl/include -I/scratch/ptc/ppm/work/mpich2-1.4.1p1/src/mpl/include -I/scratch/ptc/ppm/work/mpich2-1.4.1p1/src/openpa/src -I/scratch/ptc/ppm/work/mpich2-1.4.1p1/src/openpa/src -I/scratch/ptc/ppm/work/mpich2-1.4.1p1/src/mpid/ch3/include -I/scratch/ptc/ppm/work/mpich2-1.4.1p1/src/mpid/ch3/include -I/scratch/ptc/ppm/work/mpich2-1.4.1p1/src/mpid/common/datatype -I/scratch/ptc/ppm/work/mpich2-1.4.1p1/src/mpid/common/datatype -I/scratch/ptc/ppm/work/mpich2-1.4.1p1/src/mpid/common/locks -I/scratch/ptc/ppm/work/mpich2-1.4.1p1/src/mpid/common/locks -I/scratch/ptc/ppm/work/mpich2-1.4.1p1/src/mpid/ch3/channels/nemesis/include -I/scratch/ptc/ppm/work/mpich2-1.4.1p1/src/mpid/ch3/channels/nemesis/include -I/scratch/ptc/ppm/work/mpich2-1.4.1p1/src/mpid/ch3/channels/nemesis/nemesis/include -I/scratch/ptc/ppm/work/mpich2-1.4.1p1/src/mpid/ch3/channels/nemesis/nemesis/include -I/scratch/ptc/ppm/work/mpich2-1.4.1p1/src/mpid/ch3/channels/nemesis/nemesis/utils/monitor -I/scratch/ptc/ppm/work/mpich2-1.4.1p1/src/mpid/ch3/channels/nemesis/nemesis/utils/monitor -I/scratch/ptc/ppm/work/mpich2-1.4.1p1/src/util/wrappers -I/scratch/ptc/ppm/work/mpich2-1.4.1p1/src/util/wrappers conftest.c
configure:3343: $? = 0
configure:3374: icc -E  -I/scratch/ptc/ppm/work/mpich2-1.4.1p1/src/mpl/include -I/scratch/ptc/ppm/work/mpich2-1.4.1p1/src/mpl/include -I/scratch/ptc/ppm/work/mpich2-1.4.1p1/src/openpa/src -I/scratch/ptc/ppm/work/mpich2-1.4.1p1/src/openpa/src -I/scratch/ptc/ppm/work/mpich2-1.4.1p1/src/mpid/ch3/include -I/scratch/ptc/ppm/work/mpich2-1.4.1p1/src/mpid/ch3/include -I/scratch/ptc/ppm/work/mpich2-1.4.1p1/src/mpid/common/datatype -I/scratch/ptc/ppm/work/mpich2-1.4.1p1/src/mpid/common/datatype -I/scratch/ptc/ppm/work/mpich2-1.4.1p1/src/mpid/common/locks -I/scratch/ptc/ppm/work/mpich2-1.4.1p1/src/mpid/common/locks -I/scratch/ptc/ppm/work/mpich2-1.4.1p1/src/mpid/ch3/channels/nemesis/include -I/scratch/ptc/ppm/work/mpich2-1.4.1p1/src/mpid/ch3/channels/nemesis/include -I/scratch/ptc/ppm/work/mpich2-1.4.1p1/src/mpid/ch3/channels/nemesis/nemesis/include -I/scratch/ptc/ppm/work/mpich2-1.4.1p1/src/mpid/ch3/channels/nemesis/nemesis/include -I/scratch/ptc/ppm/work/mpich2-1.4.1p1/src/mpid/ch3/channels/nemesis/nemesis/utils/monitor -I/scratch/ptc/ppm/work/mpich2-1.4.1p1/src/mpid/ch3/channels/nemesis/nemesis/utils/monitor -I/scratch/ptc/ppm/work/mpich2-1.4.1p1/src/util/wrappers -I/scratch/ptc/ppm/work/mpich2-1.4.1p1/src/util/wrappers conftest.c
conftest.c(8): error #2379: cannot open source file "ac_nonexistent.h"
  #include <ac_nonexistent.h>
                             ^

configure:3381: $? = 2
configure: failed program was:
| /* confdefs.h.  */
| #define PACKAGE_NAME ""
| #define PACKAGE_TARNAME ""
| #define PACKAGE_VERSION ""
| #define PACKAGE_STRING ""
| #define PACKAGE_BUGREPORT ""
| /* end confdefs.h.  */
| #include <ac_nonexistent.h>
configure:3414: result: icc -E
configure:3443: icc -E  -I/scratch/ptc/ppm/work/mpich2-1.4.1p1/src/mpl/include -I/scratch/ptc/ppm/work/mpich2-1.4.1p1/src/mpl/include -I/scratch/ptc/ppm/work/mpich2-1.4.1p1/src/openpa/src -I/scratch/ptc/ppm/work/mpich2-1.4.1p1/src/openpa/src -I/scratch/ptc/ppm/work/mpich2-1.4.1p1/src/mpid/ch3/include -I/scratch/ptc/ppm/work/mpich2-1.4.1p1/src/mpid/ch3/include -I/scratch/ptc/ppm/work/mpich2-1.4.1p1/src/mpid/common/datatype -I/scratch/ptc/ppm/work/mpich2-1.4.1p1/src/mpid/common/datatype -I/scratch/ptc/ppm/work/mpich2-1.4.1p1/src/mpid/common/locks -I/scratch/ptc/ppm/work/mpich2-1.4.1p1/src/mpid/common/locks -I/scratch/ptc/ppm/work/mpich2-1.4.1p1/src/mpid/ch3/channels/nemesis/include -I/scratch/ptc/ppm/work/mpich2-1.4.1p1/src/mpid/ch3/channels/nemesis/include -I/scratch/ptc/ppm/work/mpich2-1.4.1p1/src/mpid/ch3/channels/nemesis/nemesis/include -I/scratch/ptc/ppm/work/mpich2-1.4.1p1/src/mpid/ch3/channels/nemesis/nemesis/include -I/scratch/ptc/ppm/work/mpich2-1.4.1p1/src/mpid/ch3/channels/nemesis/nemesis/utils/monitor -I/scratch/ptc/ppm/work/mpich2-1.4.1p1/src/mpid/ch3/channels/nemesis/nemesis/utils/monitor -I/scratch/ptc/ppm/work/mpich2-1.4.1p1/src/util/wrappers -I/scratch/ptc/ppm/work/mpich2-1.4.1p1/src/util/wrappers conftest.c
configure:3450: $? = 0
configure:3481: icc -E  -I/scratch/ptc/ppm/work/mpich2-1.4.1p1/src/mpl/include -I/scratch/ptc/ppm/work/mpich2-1.4.1p1/src/mpl/include -I/scratch/ptc/ppm/work/mpich2-1.4.1p1/src/openpa/src -I/scratch/ptc/ppm/work/mpich2-1.4.1p1/src/openpa/src -I/scratch/ptc/ppm/work/mpich2-1.4.1p1/src/mpid/ch3/include -I/scratch/ptc/ppm/work/mpich2-1.4.1p1/src/mpid/ch3/include -I/scratch/ptc/ppm/work/mpich2-1.4.1p1/src/mpid/common/datatype -I/scratch/ptc/ppm/work/mpich2-1.4.1p1/src/mpid/common/datatype -I/scratch/ptc/ppm/work/mpich2-1.4.1p1/src/mpid/common/locks -I/scratch/ptc/ppm/work/mpich2-1.4.1p1/src/mpid/common/locks -I/scratch/ptc/ppm/work/mpich2-1.4.1p1/src/mpid/ch3/channels/nemesis/include -I/scratch/ptc/ppm/work/mpich2-1.4.1p1/src/mpid/ch3/channels/nemesis/include -I/scratch/ptc/ppm/work/mpich2-1.4.1p1/src/mpid/ch3/channels/nemesis/nemesis/include -I/scratch/ptc/ppm/work/mpich2-1.4.1p1/src/mpid/ch3/channels/nemesis/nemesis/include -I/scratch/ptc/ppm/work/mpich2-1.4.1p1/src/mpid/ch3/channels/nemesis/nemesis/utils/monitor -I/scratch/ptc/ppm/work/mpich2-1.4.1p1/src/mpid/ch3/channels/nemesis/nemesis/utils/monitor -I/scratch/ptc/ppm/work/mpich2-1.4.1p1/src/util/wrappers -I/scratch/ptc/ppm/work/mpich2-1.4.1p1/src/util/wrappers conftest.c
conftest.c(8): error #2379: cannot open source file "ac_nonexistent.h"
  #include <ac_nonexistent.h>
                             ^

configure:3488: $? = 2
configure: failed program was:
| /* confdefs.h.  */
| #define PACKAGE_NAME ""
| #define PACKAGE_TARNAME ""
| #define PACKAGE_VERSION ""
| #define PACKAGE_STRING ""
| #define PACKAGE_BUGREPORT ""
| /* end confdefs.h.  */
| #include <ac_nonexistent.h>
configure:3609: checking for X
configure:3780: icc -o conftest -D_LARGEFILE_SOURCE -D_LARGEFILE64_SOURCE -D_FILE_OFFSET_BITS=64 -O2 -O2  -I/scratch/ptc/ppm/work/mpich2-1.4.1p1/src/mpl/include -I/scratch/ptc/ppm/work/mpich2-1.4.1p1/src/mpl/include -I/scratch/ptc/ppm/work/mpich2-1.4.1p1/src/openpa/src -I/scratch/ptc/ppm/work/mpich2-1.4.1p1/src/openpa/src -I/scratch/ptc/ppm/work/mpich2-1.4.1p1/src/mpid/ch3/include -I/scratch/ptc/ppm/work/mpich2-1.4.1p1/src/mpid/ch3/include -I/scratch/ptc/ppm/work/mpich2-1.4.1p1/src/mpid/common/datatype -I/scratch/ptc/ppm/work/mpich2-1.4.1p1/src/mpid/common/datatype -I/scratch/ptc/ppm/work/mpich2-1.4.1p1/src/mpid/common/locks -I/scratch/ptc/ppm/work/mpich2-1.4.1p1/src/mpid/common/locks -I/scratch/ptc/ppm/work/mpich2-1.4.1p1/src/mpid/ch3/channels/nemesis/include -I/scratch/ptc/ppm/work/mpich2-1.4.1p1/src/mpid/ch3/channels/nemesis/include -I/scratch/ptc/ppm/work/mpich2-1.4.1p1/src/mpid/ch3/channels/nemesis/nemesis/include -I/scratch/ptc/ppm/work/mpich2-1.4.1p1/src/mpid/ch3/channels/nemesis/nemesis/include -I/scratch/ptc/ppm/work/mpich2-1.4.1p1/src/mpid/ch3/channels/nemesis/nemesis/utils/monitor -I/scratch/ptc/ppm/work/mpich2-1.4.1p1/src/mpid/ch3/channels/nemesis/nemesis/utils/monitor -I/scratch/ptc/ppm/work/mpich2-1.4.1p1/src/util/wrappers -I/scratch/ptc/ppm/work/mpich2-1.4.1p1/src/util/wrappers   conftest.c -lX11 -lrt -lpthread   >&5
configure:3787: $? = 0
configure:3849: result: libraries , headers 
configure:3881: checking for grep that handles long lines and -e
configure:3941: result: /bin/grep
configure:3946: checking for egrep
configure:4010: result: /bin/grep -E
configure:4015: checking for ANSI C header files
configure:4045: icc -c -D_LARGEFILE_SOURCE -D_LARGEFILE64_SOURCE -D_FILE_OFFSET_BITS=64 -O2 -O2  -I/scratch/ptc/ppm/work/mpich2-1.4.1p1/src/mpl/include -I/scratch/ptc/ppm/work/mpich2-1.4.1p1/src/mpl/include -I/scratch/ptc/ppm/work/mpich2-1.4.1p1/src/openpa/src -I/scratch/ptc/ppm/work/mpich2-1.4.1p1/src/openpa/src -I/scratch/ptc/ppm/work/mpich2-1.4.1p1/src/mpid/ch3/include -I/scratch/ptc/ppm/work/mpich2-1.4.1p1/src/mpid/ch3/include -I/scratch/ptc/ppm/work/mpich2-1.4.1p1/src/mpid/common/datatype -I/scratch/ptc/ppm/work/mpich2-1.4.1p1/src/mpid/common/datatype -I/scratch/ptc/ppm/work/mpich2-1.4.1p1/src/mpid/common/locks -I/scratch/ptc/ppm/work/mpich2-1.4.1p1/src/mpid/common/locks -I/scratch/ptc/ppm/work/mpich2-1.4.1p1/src/mpid/ch3/channels/nemesis/include -I/scratch/ptc/ppm/work/mpich2-1.4.1p1/src/mpid/ch3/channels/nemesis/include -I/scratch/ptc/ppm/work/mpich2-1.4.1p1/src/mpid/ch3/channels/nemesis/nemesis/include -I/scratch/ptc/ppm/work/mpich2-1.4.1p1/src/mpid/ch3/channels/nemesis/nemesis/include -I/scratch/ptc/ppm/work/mpich2-1.4.1p1/src/mpid/ch3/channels/nemesis/nemesis/utils/monitor -I/scratch/ptc/ppm/work/mpich2-1.4.1p1/src/mpid/ch3/channels/nemesis/nemesis/utils/monitor -I/scratch/ptc/ppm/work/mpich2-1.4.1p1/src/util/wrappers -I/scratch/ptc/ppm/work/mpich2-1.4.1p1/src/util/wrappers conftest.c >&5
configure:4052: $? = 0
configure:4151: icc -o conftest -D_LARGEFILE_SOURCE -D_LARGEFILE64_SOURCE -D_FILE_OFFSET_BITS=64 -O2 -O2  -I/scratch/ptc/ppm/work/mpich2-1.4.1p1/src/mpl/include -I/scratch/ptc/ppm/work/mpich2-1.4.1p1/src/mpl/include -I/scratch/ptc/ppm/work/mpich2-1.4.1p1/src/openpa/src -I/scratch/ptc/ppm/work/mpich2-1.4.1p1/src/openpa/src -I/scratch/ptc/ppm/work/mpich2-1.4.1p1/src/mpid/ch3/include -I/scratch/ptc/ppm/work/mpich2-1.4.1p1/src/mpid/ch3/include -I/scratch/ptc/ppm/work/mpich2-1.4.1p1/src/mpid/common/datatype -I/scratch/ptc/ppm/work/mpich2-1.4.1p1/src/mpid/common/datatype -I/scratch/ptc/ppm/work/mpich2-1.4.1p1/src/mpid/common/locks -I/scratch/ptc/ppm/work/mpich2-1.4.1p1/src/mpid/common/locks -I/scratch/ptc/ppm/work/mpich2-1.4.1p1/src/mpid/ch3/channels/nemesis/include -I/scratch/ptc/ppm/work/mpich2-1.4.1p1/src/mpid/ch3/channels/nemesis/include -I/scratch/ptc/ppm/work/mpich2-1.4.1p1/src/mpid/ch3/channels/nemesis/nemesis/include -I/scratch/ptc/ppm/work/mpich2-1.4.1p1/src/mpid/ch3/channels/nemesis/nemesis/include -I/scratch/ptc/ppm/work/mpich2-1.4.1p1/src/mpid/ch3/channels/nemesis/nemesis/utils/monitor -I/scratch/ptc/ppm/work/mpich2-1.4.1p1/src/mpid/ch3/channels/nemesis/nemesis/utils/monitor -I/scratch/ptc/ppm/work/mpich2-1.4.1p1/src/util/wrappers -I/scratch/ptc/ppm/work/mpich2-1.4.1p1/src/util/wrappers   conftest.c -lrt -lpthread   >&5
configure:4155: $? = 0
configure:4161: ./conftest
configure:4165: $? = 0
configure:4183: result: yes
configure:4193: checking for an ANSI C-conforming const
configure:4268: icc -c -D_LARGEFILE_SOURCE -D_LARGEFILE64_SOURCE -D_FILE_OFFSET_BITS=64 -O2 -O2  -I/scratch/ptc/ppm/work/mpich2-1.4.1p1/src/mpl/include -I/scratch/ptc/ppm/work/mpich2-1.4.1p1/src/mpl/include -I/scratch/ptc/ppm/work/mpich2-1.4.1p1/src/openpa/src -I/scratch/ptc/ppm/work/mpich2-1.4.1p1/src/openpa/src -I/scratch/ptc/ppm/work/mpich2-1.4.1p1/src/mpid/ch3/include -I/scratch/ptc/ppm/work/mpich2-1.4.1p1/src/mpid/ch3/include -I/scratch/ptc/ppm/work/mpich2-1.4.1p1/src/mpid/common/datatype -I/scratch/ptc/ppm/work/mpich2-1.4.1p1/src/mpid/common/datatype -I/scratch/ptc/ppm/work/mpich2-1.4.1p1/src/mpid/common/locks -I/scratch/ptc/ppm/work/mpich2-1.4.1p1/src/mpid/common/locks -I/scratch/ptc/ppm/work/mpich2-1.4.1p1/src/mpid/ch3/channels/nemesis/include -I/scratch/ptc/ppm/work/mpich2-1.4.1p1/src/mpid/ch3/channels/nemesis/include -I/scratch/ptc/ppm/work/mpich2-1.4.1p1/src/mpid/ch3/channels/nemesis/nemesis/include -I/scratch/ptc/ppm/work/mpich2-1.4.1p1/src/mpid/ch3/channels/nemesis/nemesis/include -I/scratch/ptc/ppm/work/mpich2-1.4.1p1/src/mpid/ch3/channels/nemesis/nemesis/utils/monitor -I/scratch/ptc/ppm/work/mpich2-1.4.1p1/src/mpid/ch3/channels/nemesis/nemesis/utils/monitor -I/scratch/ptc/ppm/work/mpich2-1.4.1p1/src/util/wrappers -I/scratch/ptc/ppm/work/mpich2-1.4.1p1/src/util/wrappers conftest.c >&5
conftest.c(38): warning #592: variable "t" is used before its value is set
      *t++ = 0;
       ^

conftest.c(54): warning #592: variable "b" is used before its value is set
      struct s *b; b->j = 5;
                   ^

conftest.c(60): warning #592: variable "cs" is used before its value is set
    return !cs[0] && !zero.x;
            ^

configure:4275: $? = 0
configure:4290: result: yes
configure:4315: checking for sys/types.h
configure:4336: icc -c -D_LARGEFILE_SOURCE -D_LARGEFILE64_SOURCE -D_FILE_OFFSET_BITS=64 -O2 -O2  -I/scratch/ptc/ppm/work/mpich2-1.4.1p1/src/mpl/include -I/scratch/ptc/ppm/work/mpich2-1.4.1p1/src/mpl/include -I/scratch/ptc/ppm/work/mpich2-1.4.1p1/src/openpa/src -I/scratch/ptc/ppm/work/mpich2-1.4.1p1/src/openpa/src -I/scratch/ptc/ppm/work/mpich2-1.4.1p1/src/mpid/ch3/include -I/scratch/ptc/ppm/work/mpich2-1.4.1p1/src/mpid/ch3/include -I/scratch/ptc/ppm/work/mpich2-1.4.1p1/src/mpid/common/datatype -I/scratch/ptc/ppm/work/mpich2-1.4.1p1/src/mpid/common/datatype -I/scratch/ptc/ppm/work/mpich2-1.4.1p1/src/mpid/common/locks -I/scratch/ptc/ppm/work/mpich2-1.4.1p1/src/mpid/common/locks -I/scratch/ptc/ppm/work/mpich2-1.4.1p1/src/mpid/ch3/channels/nemesis/include -I/scratch/ptc/ppm/work/mpich2-1.4.1p1/src/mpid/ch3/channels/nemesis/include -I/scratch/ptc/ppm/work/mpich2-1.4.1p1/src/mpid/ch3/channels/nemesis/nemesis/include -I/scratch/ptc/ppm/work/mpich2-1.4.1p1/src/mpid/ch3/channels/nemesis/nemesis/include -I/scratch/ptc/ppm/work/mpich2-1.4.1p1/src/mpid/ch3/channels/nemesis/nemesis/utils/monitor -I/scratch/ptc/ppm/work/mpich2-1.4.1p1/src/mpid/ch3/channels/nemesis/nemesis/utils/monitor -I/scratch/ptc/ppm/work/mpich2-1.4.1p1/src/util/wrappers -I/scratch/ptc/ppm/work/mpich2-1.4.1p1/src/util/wrappers conftest.c >&5
configure:4343: $? = 0
configure:4360: result: yes
configure:4315: checking for sys/stat.h
configure:4336: icc -c -D_LARGEFILE_SOURCE -D_LARGEFILE64_SOURCE -D_FILE_OFFSET_BITS=64 -O2 -O2  -I/scratch/ptc/ppm/work/mpich2-1.4.1p1/src/mpl/include -I/scratch/ptc/ppm/work/mpich2-1.4.1p1/src/mpl/include -I/scratch/ptc/ppm/work/mpich2-1.4.1p1/src/openpa/src -I/scratch/ptc/ppm/work/mpich2-1.4.1p1/src/openpa/src -I/scratch/ptc/ppm/work/mpich2-1.4.1p1/src/mpid/ch3/include -I/scratch/ptc/ppm/work/mpich2-1.4.1p1/src/mpid/ch3/include -I/scratch/ptc/ppm/work/mpich2-1.4.1p1/src/mpid/common/datatype -I/scratch/ptc/ppm/work/mpich2-1.4.1p1/src/mpid/common/datatype -I/scratch/ptc/ppm/work/mpich2-1.4.1p1/src/mpid/common/locks -I/scratch/ptc/ppm/work/mpich2-1.4.1p1/src/mpid/common/locks -I/scratch/ptc/ppm/work/mpich2-1.4.1p1/src/mpid/ch3/channels/nemesis/include -I/scratch/ptc/ppm/work/mpich2-1.4.1p1/src/mpid/ch3/channels/nemesis/include -I/scratch/ptc/ppm/work/mpich2-1.4.1p1/src/mpid/ch3/channels/nemesis/nemesis/include -I/scratch/ptc/ppm/work/mpich2-1.4.1p1/src/mpid/ch3/channels/nemesis/nemesis/include -I/scratch/ptc/ppm/work/mpich2-1.4.1p1/src/mpid/ch3/channels/nemesis/nemesis/utils/monitor -I/scratch/ptc/ppm/work/mpich2-1.4.1p1/src/mpid/ch3/channels/nemesis/nemesis/utils/monitor -I/scratch/ptc/ppm/work/mpich2-1.4.1p1/src/util/wrappers -I/scratch/ptc/ppm/work/mpich2-1.4.1p1/src/util/wrappers conftest.c >&5
configure:4343: $? = 0
configure:4360: result: yes
configure:4315: checking for stdlib.h
configure:4336: icc -c -D_LARGEFILE_SOURCE -D_LARGEFILE64_SOURCE -D_FILE_OFFSET_BITS=64 -O2 -O2  -I/scratch/ptc/ppm/work/mpich2-1.4.1p1/src/mpl/include -I/scratch/ptc/ppm/work/mpich2-1.4.1p1/src/mpl/include -I/scratch/ptc/ppm/work/mpich2-1.4.1p1/src/openpa/src -I/scratch/ptc/ppm/work/mpich2-1.4.1p1/src/openpa/src -I/scratch/ptc/ppm/work/mpich2-1.4.1p1/src/mpid/ch3/include -I/scratch/ptc/ppm/work/mpich2-1.4.1p1/src/mpid/ch3/include -I/scratch/ptc/ppm/work/mpich2-1.4.1p1/src/mpid/common/datatype -I/scratch/ptc/ppm/work/mpich2-1.4.1p1/src/mpid/common/datatype -I/scratch/ptc/ppm/work/mpich2-1.4.1p1/src/mpid/common/locks -I/scratch/ptc/ppm/work/mpich2-1.4.1p1/src/mpid/common/locks -I/scratch/ptc/ppm/work/mpich2-1.4.1p1/src/mpid/ch3/channels/nemesis/include -I/scratch/ptc/ppm/work/mpich2-1.4.1p1/src/mpid/ch3/channels/nemesis/include -I/scratch/ptc/ppm/work/mpich2-1.4.1p1/src/mpid/ch3/channels/nemesis/nemesis/include -I/scratch/ptc/ppm/work/mpich2-1.4.1p1/src/mpid/ch3/channels/nemesis/nemesis/include -I/scratch/ptc/ppm/work/mpich2-1.4.1p1/src/mpid/ch3/channels/nemesis/nemesis/utils/monitor -I/scratch/ptc/ppm/work/mpich2-1.4.1p1/src/mpid/ch3/channels/nemesis/nemesis/utils/monitor -I/scratch/ptc/ppm/work/mpich2-1.4.1p1/src/util/wrappers -I/scratch/ptc/ppm/work/mpich2-1.4.1p1/src/util/wrappers conftest.c >&5
configure:4343: $? = 0
configure:4360: result: yes
configure:4315: checking for string.h
configure:4336: icc -c -D_LARGEFILE_SOURCE -D_LARGEFILE64_SOURCE -D_FILE_OFFSET_BITS=64 -O2 -O2  -I/scratch/ptc/ppm/work/mpich2-1.4.1p1/src/mpl/include -I/scratch/ptc/ppm/work/mpich2-1.4.1p1/src/mpl/include -I/scratch/ptc/ppm/work/mpich2-1.4.1p1/src/openpa/src -I/scratch/ptc/ppm/work/mpich2-1.4.1p1/src/openpa/src -I/scratch/ptc/ppm/work/mpich2-1.4.1p1/src/mpid/ch3/include -I/scratch/ptc/ppm/work/mpich2-1.4.1p1/src/mpid/ch3/include -I/scratch/ptc/ppm/work/mpich2-1.4.1p1/src/mpid/common/datatype -I/scratch/ptc/ppm/work/mpich2-1.4.1p1/src/mpid/common/datatype -I/scratch/ptc/ppm/work/mpich2-1.4.1p1/src/mpid/common/locks -I/scratch/ptc/ppm/work/mpich2-1.4.1p1/src/mpid/common/locks -I/scratch/ptc/ppm/work/mpich2-1.4.1p1/src/mpid/ch3/channels/nemesis/include -I/scratch/ptc/ppm/work/mpich2-1.4.1p1/src/mpid/ch3/channels/nemesis/include -I/scratch/ptc/ppm/work/mpich2-1.4.1p1/src/mpid/ch3/channels/nemesis/nemesis/include -I/scratch/ptc/ppm/work/mpich2-1.4.1p1/src/mpid/ch3/channels/nemesis/nemesis/include -I/scratch/ptc/ppm/work/mpich2-1.4.1p1/src/mpid/ch3/channels/nemesis/nemesis/utils/monitor -I/scratch/ptc/ppm/work/mpich2-1.4.1p1/src/mpid/ch3/channels/nemesis/nemesis/utils/monitor -I/scratch/ptc/ppm/work/mpich2-1.4.1p1/src/util/wrappers -I/scratch/ptc/ppm/work/mpich2-1.4.1p1/src/util/wrappers conftest.c >&5
configure:4343: $? = 0
configure:4360: result: yes
configure:4315: checking for memory.h
configure:4336: icc -c -D_LARGEFILE_SOURCE -D_LARGEFILE64_SOURCE -D_FILE_OFFSET_BITS=64 -O2 -O2  -I/scratch/ptc/ppm/work/mpich2-1.4.1p1/src/mpl/include -I/scratch/ptc/ppm/work/mpich2-1.4.1p1/src/mpl/include -I/scratch/ptc/ppm/work/mpich2-1.4.1p1/src/openpa/src -I/scratch/ptc/ppm/work/mpich2-1.4.1p1/src/openpa/src -I/scratch/ptc/ppm/work/mpich2-1.4.1p1/src/mpid/ch3/include -I/scratch/ptc/ppm/work/mpich2-1.4.1p1/src/mpid/ch3/include -I/scratch/ptc/ppm/work/mpich2-1.4.1p1/src/mpid/common/datatype -I/scratch/ptc/ppm/work/mpich2-1.4.1p1/src/mpid/common/datatype -I/scratch/ptc/ppm/work/mpich2-1.4.1p1/src/mpid/common/locks -I/scratch/ptc/ppm/work/mpich2-1.4.1p1/src/mpid/common/locks -I/scratch/ptc/ppm/work/mpich2-1.4.1p1/src/mpid/ch3/channels/nemesis/include -I/scratch/ptc/ppm/work/mpich2-1.4.1p1/src/mpid/ch3/channels/nemesis/include -I/scratch/ptc/ppm/work/mpich2-1.4.1p1/src/mpid/ch3/channels/nemesis/nemesis/include -I/scratch/ptc/ppm/work/mpich2-1.4.1p1/src/mpid/ch3/channels/nemesis/nemesis/include -I/scratch/ptc/ppm/work/mpich2-1.4.1p1/src/mpid/ch3/channels/nemesis/nemesis/utils/monitor -I/scratch/ptc/ppm/work/mpich2-1.4.1p1/src/mpid/ch3/channels/nemesis/nemesis/utils/monitor -I/scratch/ptc/ppm/work/mpich2-1.4.1p1/src/util/wrappers -I/scratch/ptc/ppm/work/mpich2-1.4.1p1/src/util/wrappers conftest.c >&5
configure:4343: $? = 0
configure:4360: result: yes
configure:4315: checking for strings.h
configure:4336: icc -c -D_LARGEFILE_SOURCE -D_LARGEFILE64_SOURCE -D_FILE_OFFSET_BITS=64 -O2 -O2  -I/scratch/ptc/ppm/work/mpich2-1.4.1p1/src/mpl/include -I/scratch/ptc/ppm/work/mpich2-1.4.1p1/src/mpl/include -I/scratch/ptc/ppm/work/mpich2-1.4.1p1/src/openpa/src -I/scratch/ptc/ppm/work/mpich2-1.4.1p1/src/openpa/src -I/scratch/ptc/ppm/work/mpich2-1.4.1p1/src/mpid/ch3/include -I/scratch/ptc/ppm/work/mpich2-1.4.1p1/src/mpid/ch3/include -I/scratch/ptc/ppm/work/mpich2-1.4.1p1/src/mpid/common/datatype -I/scratch/ptc/ppm/work/mpich2-1.4.1p1/src/mpid/common/datatype -I/scratch/ptc/ppm/work/mpich2-1.4.1p1/src/mpid/common/locks -I/scratch/ptc/ppm/work/mpich2-1.4.1p1/src/mpid/common/locks -I/scratch/ptc/ppm/work/mpich2-1.4.1p1/src/mpid/ch3/channels/nemesis/include -I/scratch/ptc/ppm/work/mpich2-1.4.1p1/src/mpid/ch3/channels/nemesis/include -I/scratch/ptc/ppm/work/mpich2-1.4.1p1/src/mpid/ch3/channels/nemesis/nemesis/include -I/scratch/ptc/ppm/work/mpich2-1.4.1p1/src/mpid/ch3/channels/nemesis/nemesis/include -I/scratch/ptc/ppm/work/mpich2-1.4.1p1/src/mpid/ch3/channels/nemesis/nemesis/utils/monitor -I/scratch/ptc/ppm/work/mpich2-1.4.1p1/src/mpid/ch3/channels/nemesis/nemesis/utils/monitor -I/scratch/ptc/ppm/work/mpich2-1.4.1p1/src/util/wrappers -I/scratch/ptc/ppm/work/mpich2-1.4.1p1/src/util/wrappers conftest.c >&5
configure:4343: $? = 0
configure:4360: result: yes
configure:4315: checking for inttypes.h
configure:4336: icc -c -D_LARGEFILE_SOURCE -D_LARGEFILE64_SOURCE -D_FILE_OFFSET_BITS=64 -O2 -O2  -I/scratch/ptc/ppm/work/mpich2-1.4.1p1/src/mpl/include -I/scratch/ptc/ppm/work/mpich2-1.4.1p1/src/mpl/include -I/scratch/ptc/ppm/work/mpich2-1.4.1p1/src/openpa/src -I/scratch/ptc/ppm/work/mpich2-1.4.1p1/src/openpa/src -I/scratch/ptc/ppm/work/mpich2-1.4.1p1/src/mpid/ch3/include -I/scratch/ptc/ppm/work/mpich2-1.4.1p1/src/mpid/ch3/include -I/scratch/ptc/ppm/work/mpich2-1.4.1p1/src/mpid/common/datatype -I/scratch/ptc/ppm/work/mpich2-1.4.1p1/src/mpid/common/datatype -I/scratch/ptc/ppm/work/mpich2-1.4.1p1/src/mpid/common/locks -I/scratch/ptc/ppm/work/mpich2-1.4.1p1/src/mpid/common/locks -I/scratch/ptc/ppm/work/mpich2-1.4.1p1/src/mpid/ch3/channels/nemesis/include -I/scratch/ptc/ppm/work/mpich2-1.4.1p1/src/mpid/ch3/channels/nemesis/include -I/scratch/ptc/ppm/work/mpich2-1.4.1p1/src/mpid/ch3/channels/nemesis/nemesis/include -I/scratch/ptc/ppm/work/mpich2-1.4.1p1/src/mpid/ch3/channels/nemesis/nemesis/include -I/scratch/ptc/ppm/work/mpich2-1.4.1p1/src/mpid/ch3/channels/nemesis/nemesis/utils/monitor -I/scratch/ptc/ppm/work/mpich2-1.4.1p1/src/mpid/ch3/channels/nemesis/nemesis/utils/monitor -I/scratch/ptc/ppm/work/mpich2-1.4.1p1/src/util/wrappers -I/scratch/ptc/ppm/work/mpich2-1.4.1p1/src/util/wrappers conftest.c >&5
configure:4343: $? = 0
configure:4360: result: yes
configure:4315: checking for stdint.h
configure:4336: icc -c -D_LARGEFILE_SOURCE -D_LARGEFILE64_SOURCE -D_FILE_OFFSET_BITS=64 -O2 -O2  -I/scratch/ptc/ppm/work/mpich2-1.4.1p1/src/mpl/include -I/scratch/ptc/ppm/work/mpich2-1.4.1p1/src/mpl/include -I/scratch/ptc/ppm/work/mpich2-1.4.1p1/src/openpa/src -I/scratch/ptc/ppm/work/mpich2-1.4.1p1/src/openpa/src -I/scratch/ptc/ppm/work/mpich2-1.4.1p1/src/mpid/ch3/include -I/scratch/ptc/ppm/work/mpich2-1.4.1p1/src/mpid/ch3/include -I/scratch/ptc/ppm/work/mpich2-1.4.1p1/src/mpid/common/datatype -I/scratch/ptc/ppm/work/mpich2-1.4.1p1/src/mpid/common/datatype -I/scratch/ptc/ppm/work/mpich2-1.4.1p1/src/mpid/common/locks -I/scratch/ptc/ppm/work/mpich2-1.4.1p1/src/mpid/common/locks -I/scratch/ptc/ppm/work/mpich2-1.4.1p1/src/mpid/ch3/channels/nemesis/include -I/scratch/ptc/ppm/work/mpich2-1.4.1p1/src/mpid/ch3/channels/nemesis/include -I/scratch/ptc/ppm/work/mpich2-1.4.1p1/src/mpid/ch3/channels/nemesis/nemesis/include -I/scratch/ptc/ppm/work/mpich2-1.4.1p1/src/mpid/ch3/channels/nemesis/nemesis/include -I/scratch/ptc/ppm/work/mpich2-1.4.1p1/src/mpid/ch3/channels/nemesis/nemesis/utils/monitor -I/scratch/ptc/ppm/work/mpich2-1.4.1p1/src/mpid/ch3/channels/nemesis/nemesis/utils/monitor -I/scratch/ptc/ppm/work/mpich2-1.4.1p1/src/util/wrappers -I/scratch/ptc/ppm/work/mpich2-1.4.1p1/src/util/wrappers conftest.c >&5
configure:4343: $? = 0
configure:4360: result: yes
configure:4315: checking for unistd.h
configure:4336: icc -c -D_LARGEFILE_SOURCE -D_LARGEFILE64_SOURCE -D_FILE_OFFSET_BITS=64 -O2 -O2  -I/scratch/ptc/ppm/work/mpich2-1.4.1p1/src/mpl/include -I/scratch/ptc/ppm/work/mpich2-1.4.1p1/src/mpl/include -I/scratch/ptc/ppm/work/mpich2-1.4.1p1/src/openpa/src -I/scratch/ptc/ppm/work/mpich2-1.4.1p1/src/openpa/src -I/scratch/ptc/ppm/work/mpich2-1.4.1p1/src/mpid/ch3/include -I/scratch/ptc/ppm/work/mpich2-1.4.1p1/src/mpid/ch3/include -I/scratch/ptc/ppm/work/mpich2-1.4.1p1/src/mpid/common/datatype -I/scratch/ptc/ppm/work/mpich2-1.4.1p1/src/mpid/common/datatype -I/scratch/ptc/ppm/work/mpich2-1.4.1p1/src/mpid/common/locks -I/scratch/ptc/ppm/work/mpich2-1.4.1p1/src/mpid/common/locks -I/scratch/ptc/ppm/work/mpich2-1.4.1p1/src/mpid/ch3/channels/nemesis/include -I/scratch/ptc/ppm/work/mpich2-1.4.1p1/src/mpid/ch3/channels/nemesis/include -I/scratch/ptc/ppm/work/mpich2-1.4.1p1/src/mpid/ch3/channels/nemesis/nemesis/include -I/scratch/ptc/ppm/work/mpich2-1.4.1p1/src/mpid/ch3/channels/nemesis/nemesis/include -I/scratch/ptc/ppm/work/mpich2-1.4.1p1/src/mpid/ch3/channels/nemesis/nemesis/utils/monitor -I/scratch/ptc/ppm/work/mpich2-1.4.1p1/src/mpid/ch3/channels/nemesis/nemesis/utils/monitor -I/scratch/ptc/ppm/work/mpich2-1.4.1p1/src/util/wrappers -I/scratch/ptc/ppm/work/mpich2-1.4.1p1/src/util/wrappers conftest.c >&5
configure:4343: $? = 0
configure:4360: result: yes
configure:4378: checking size of void *
configure:4683: icc -o conftest -D_LARGEFILE_SOURCE -D_LARGEFILE64_SOURCE -D_FILE_OFFSET_BITS=64 -O2 -O2  -I/scratch/ptc/ppm/work/mpich2-1.4.1p1/src/mpl/include -I/scratch/ptc/ppm/work/mpich2-1.4.1p1/src/mpl/include -I/scratch/ptc/ppm/work/mpich2-1.4.1p1/src/openpa/src -I/scratch/ptc/ppm/work/mpich2-1.4.1p1/src/openpa/src -I/scratch/ptc/ppm/work/mpich2-1.4.1p1/src/mpid/ch3/include -I/scratch/ptc/ppm/work/mpich2-1.4.1p1/src/mpid/ch3/include -I/scratch/ptc/ppm/work/mpich2-1.4.1p1/src/mpid/common/datatype -I/scratch/ptc/ppm/work/mpich2-1.4.1p1/src/mpid/common/datatype -I/scratch/ptc/ppm/work/mpich2-1.4.1p1/src/mpid/common/locks -I/scratch/ptc/ppm/work/mpich2-1.4.1p1/src/mpid/common/locks -I/scratch/ptc/ppm/work/mpich2-1.4.1p1/src/mpid/ch3/channels/nemesis/include -I/scratch/ptc/ppm/work/mpich2-1.4.1p1/src/mpid/ch3/channels/nemesis/include -I/scratch/ptc/ppm/work/mpich2-1.4.1p1/src/mpid/ch3/channels/nemesis/nemesis/include -I/scratch/ptc/ppm/work/mpich2-1.4.1p1/src/mpid/ch3/channels/nemesis/nemesis/include -I/scratch/ptc/ppm/work/mpich2-1.4.1p1/src/mpid/ch3/channels/nemesis/nemesis/utils/monitor -I/scratch/ptc/ppm/work/mpich2-1.4.1p1/src/mpid/ch3/channels/nemesis/nemesis/utils/monitor -I/scratch/ptc/ppm/work/mpich2-1.4.1p1/src/util/wrappers -I/scratch/ptc/ppm/work/mpich2-1.4.1p1/src/util/wrappers   conftest.c -lrt -lpthread   >&5
configure:4687: $? = 0
configure:4693: ./conftest
configure:4697: $? = 0
configure:4723: result: 8
configure:4733: checking for long pointer
configure:4741: result: yes
configure:4752: checking for system
configure:4808: icc -o conftest -D_LARGEFILE_SOURCE -D_LARGEFILE64_SOURCE -D_FILE_OFFSET_BITS=64 -O2 -O2  -I/scratch/ptc/ppm/work/mpich2-1.4.1p1/src/mpl/include -I/scratch/ptc/ppm/work/mpich2-1.4.1p1/src/mpl/include -I/scratch/ptc/ppm/work/mpich2-1.4.1p1/src/openpa/src -I/scratch/ptc/ppm/work/mpich2-1.4.1p1/src/openpa/src -I/scratch/ptc/ppm/work/mpich2-1.4.1p1/src/mpid/ch3/include -I/scratch/ptc/ppm/work/mpich2-1.4.1p1/src/mpid/ch3/include -I/scratch/ptc/ppm/work/mpich2-1.4.1p1/src/mpid/common/datatype -I/scratch/ptc/ppm/work/mpich2-1.4.1p1/src/mpid/common/datatype -I/scratch/ptc/ppm/work/mpich2-1.4.1p1/src/mpid/common/locks -I/scratch/ptc/ppm/work/mpich2-1.4.1p1/src/mpid/common/locks -I/scratch/ptc/ppm/work/mpich2-1.4.1p1/src/mpid/ch3/channels/nemesis/include -I/scratch/ptc/ppm/work/mpich2-1.4.1p1/src/mpid/ch3/channels/nemesis/include -I/scratch/ptc/ppm/work/mpich2-1.4.1p1/src/mpid/ch3/channels/nemesis/nemesis/include -I/scratch/ptc/ppm/work/mpich2-1.4.1p1/src/mpid/ch3/channels/nemesis/nemesis/include -I/scratch/ptc/ppm/work/mpich2-1.4.1p1/src/mpid/ch3/channels/nemesis/nemesis/utils/monitor -I/scratch/ptc/ppm/work/mpich2-1.4.1p1/src/mpid/ch3/channels/nemesis/nemesis/utils/monitor -I/scratch/ptc/ppm/work/mpich2-1.4.1p1/src/util/wrappers -I/scratch/ptc/ppm/work/mpich2-1.4.1p1/src/util/wrappers   conftest.c -lrt -lpthread   >&5
configure:4815: $? = 0
configure:4837: result: yes
configure:4857: checking for unistd.h
configure:4864: result: yes
configure:4857: checking for stdlib.h
configure:4864: result: yes
configure:4857: checking for string.h
configure:4864: result: yes
configure:5304: creating ./config.status

## ---------------------- ##
## Running config.status. ##
## ---------------------- ##

This file was extended by config.status, which was
generated by GNU Autoconf 2.63.  Invocation command line was

  CONFIG_FILES    = 
  CONFIG_HEADERS  = 
  CONFIG_LINKS    = 
  CONFIG_COMMANDS = 
  $ ./config.status 

on mitsuko.aer.mw.tum.de

config.status:782: creating Makefile
config.status:782: creating src/Makefile
config.status:782: creating contrib/life/Makefile
config.status:782: creating contrib/mandel/Makefile
config.status:782: creating contrib/mastermind/Makefile
config.status:782: creating contrib/test/Makefile
config.status:782: creating etc/mpe_mpianim.conf
config.status:782: creating etc/mpe_graphics.conf
config.status:782: creating mpe_graphics_conf.h

## ---------------- ##
## Cache variables. ##
## ---------------- ##

ac_cv_c_compiler_gnu=yes
ac_cv_c_const=yes
ac_cv_env_CC_set=set
ac_cv_env_CC_value=icc
ac_cv_env_CFLAGS_set=set
ac_cv_env_CFLAGS_value='-D_LARGEFILE_SOURCE -D_LARGEFILE64_SOURCE -D_FILE_OFFSET_BITS=64 -O2 -O2'
ac_cv_env_CPPFLAGS_set=set
ac_cv_env_CPPFLAGS_value=' -I/scratch/ptc/ppm/work/mpich2-1.4.1p1/src/mpl/include -I/scratch/ptc/ppm/work/mpich2-1.4.1p1/src/mpl/include -I/scratch/ptc/ppm/work/mpich2-1.4.1p1/src/openpa/src -I/scratch/ptc/ppm/work/mpich2-1.4.1p1/src/openpa/src -I/scratch/ptc/ppm/work/mpich2-1.4.1p1/src/mpid/ch3/include -I/scratch/ptc/ppm/work/mpich2-1.4.1p1/src/mpid/ch3/include -I/scratch/ptc/ppm/work/mpich2-1.4.1p1/src/mpid/common/datatype -I/scratch/ptc/ppm/work/mpich2-1.4.1p1/src/mpid/common/datatype -I/scratch/ptc/ppm/work/mpich2-1.4.1p1/src/mpid/common/locks -I/scratch/ptc/ppm/work/mpich2-1.4.1p1/src/mpid/common/locks -I/scratch/ptc/ppm/work/mpich2-1.4.1p1/src/mpid/ch3/channels/nemesis/include -I/scratch/ptc/ppm/work/mpich2-1.4.1p1/src/mpid/ch3/channels/nemesis/include -I/scratch/ptc/ppm/work/mpich2-1.4.1p1/src/mpid/ch3/channels/nemesis/nemesis/include -I/scratch/ptc/ppm/work/mpich2-1.4.1p1/src/mpid/ch3/channels/nemesis/nemesis/include -I/scratch/ptc/ppm/work/mpich2-1.4.1p1/src/mpid/ch3/channels/nemesis/nemesis/utils/monitor -I/scratch/ptc/ppm/work/mpich2-1.4.1p1/src/mpid/ch3/channels/nemesis/nemesis/utils/monitor -I/scratch/ptc/ppm/work/mpich2-1.4.1p1/src/util/wrappers -I/scratch/ptc/ppm/work/mpich2-1.4.1p1/src/util/wrappers'
ac_cv_env_CPP_set=
ac_cv_env_CPP_value=
ac_cv_env_LDFLAGS_set=set
ac_cv_env_LDFLAGS_value=' '
ac_cv_env_LIBS_set=set
ac_cv_env_LIBS_value='-lrt -lpthread  '
ac_cv_env_XMKMF_set=
ac_cv_env_XMKMF_value=
ac_cv_env_build_alias_set=
ac_cv_env_build_alias_value=
ac_cv_env_host_alias_set=
ac_cv_env_host_alias_value=
ac_cv_env_target_alias_set=
ac_cv_env_target_alias_value=
ac_cv_func_system=yes
ac_cv_have_x='have_x=yes	ac_x_includes='\'''\''	ac_x_libraries='\'''\'''
ac_cv_header_inttypes_h=yes
ac_cv_header_memory_h=yes
ac_cv_header_stdc=yes
ac_cv_header_stdint_h=yes
ac_cv_header_stdlib_h=yes
ac_cv_header_string_h=yes
ac_cv_header_strings_h=yes
ac_cv_header_sys_stat_h=yes
ac_cv_header_sys_types_h=yes
ac_cv_header_unistd_h=yes
ac_cv_objext=o
ac_cv_path_EGREP='/bin/grep -E'
ac_cv_path_GREP=/bin/grep
ac_cv_prog_AR=ar
ac_cv_prog_CPP='icc -E'
ac_cv_prog_ac_ct_CC=icc
ac_cv_prog_ac_ct_RANLIB=ranlib
ac_cv_prog_cc_c89=
ac_cv_prog_cc_g=yes
ac_cv_prog_cc_icc_c_o=yes
ac_cv_sizeof_void_p=8

## ----------------- ##
## Output variables. ##
## ----------------- ##

ANIM_LIBNAME='ampe'
ANIM_LIBS='-lampe -lmpe -lX11'
AR='ar'
CC='icc'
CC_DOES_C_O='yes'
CFLAGS='-D_LARGEFILE_SOURCE -D_LARGEFILE64_SOURCE -D_FILE_OFFSET_BITS=64 -O2 -O2'
CLINKER='icc'
CPP='icc -E'
CPPFLAGS=' -I/scratch/ptc/ppm/work/mpich2-1.4.1p1/src/mpl/include -I/scratch/ptc/ppm/work/mpich2-1.4.1p1/src/mpl/include -I/scratch/ptc/ppm/work/mpich2-1.4.1p1/src/openpa/src -I/scratch/ptc/ppm/work/mpich2-1.4.1p1/src/openpa/src -I/scratch/ptc/ppm/work/mpich2-1.4.1p1/src/mpid/ch3/include -I/scratch/ptc/ppm/work/mpich2-1.4.1p1/src/mpid/ch3/include -I/scratch/ptc/ppm/work/mpich2-1.4.1p1/src/mpid/common/datatype -I/scratch/ptc/ppm/work/mpich2-1.4.1p1/src/mpid/common/datatype -I/scratch/ptc/ppm/work/mpich2-1.4.1p1/src/mpid/common/locks -I/scratch/ptc/ppm/work/mpich2-1.4.1p1/src/mpid/common/locks -I/scratch/ptc/ppm/work/mpich2-1.4.1p1/src/mpid/ch3/channels/nemesis/include -I/scratch/ptc/ppm/work/mpich2-1.4.1p1/src/mpid/ch3/channels/nemesis/include -I/scratch/ptc/ppm/work/mpich2-1.4.1p1/src/mpid/ch3/channels/nemesis/nemesis/include -I/scratch/ptc/ppm/work/mpich2-1.4.1p1/src/mpid/ch3/channels/nemesis/nemesis/include -I/scratch/ptc/ppm/work/mpich2-1.4.1p1/src/mpid/ch3/channels/nemesis/nemesis/utils/monitor -I/scratch/ptc/ppm/work/mpich2-1.4.1p1/src/mpid/ch3/channels/nemesis/nemesis/utils/monitor -I/scratch/ptc/ppm/work/mpich2-1.4.1p1/src/util/wrappers -I/scratch/ptc/ppm/work/mpich2-1.4.1p1/src/util/wrappers'
CPRP='cp'
DEBUG_LIBS=''
DEFS='-DHAVE_CONFIG_H'
ECHO_C=''
ECHO_N='-n'
ECHO_T=''
EGREP='/bin/grep -E'
EXEEXT=''
F77='ifort'
FFLAGS='  -O2'
FINC_PATH_LEADER='-I'
FLIB_PATH_LEADER='-L'
FLINKER='ifort'
GREP='/bin/grep'
LDFLAGS=' '
LIBOBJS=''
LIBS='-lrt -lpthread  '
LTLIBOBJS=''
MAKE='make --no-print-directory'
MKDIR='mkdir'
MPE_BUILD_FORTRAN2C='yes'
MPE_CLINKER='/scratch/ptc/ppm/work/mpich2-1.4.1p1/bin/mpicc -mpe='
MPE_FLINKER='/scratch/ptc/ppm/work/mpich2-1.4.1p1/bin/mpif77 -mpe='
MPI_CC='/scratch/ptc/ppm/work/mpich2-1.4.1p1/bin/mpicc'
MPI_CFLAGS=''
MPI_F77='/scratch/ptc/ppm/work/mpich2-1.4.1p1/bin/mpif77'
MPI_FFLAGS=''
MPI_IMPL='MPICH2'
MPI_LIBS=''
MV='mv'
OBJEXT='o'
PACKAGE_BUGREPORT=''
PACKAGE_NAME=''
PACKAGE_STRING=''
PACKAGE_TARNAME=''
PACKAGE_VERSION=''
PATH_SEPARATOR=':'
PROF_LIBNAME='mpe'
PROF_LIBS='-lmpe'
RANLIB='ranlib'
RM='rm'
SHELL='/bin/sh'
VPATH='VPATH=.:$(srcdir)'
XGRAPH_LIBS='-lmpe -lX11'
XMKMF=''
X_INC=''
X_LIB='-lX11'
ac_ct_CC='icc'
binbuild_dir='/scratch/ptc/ppm/work/mpich2-1.4.1p1/src/mpe2/bin'
bindir='${exec_prefix}/bin'
build_alias=''
datadir='${datarootdir}'
datarootdir='${prefix}/share'
docdir='${datarootdir}/doc/${PACKAGE}'
dvidir='${docdir}'
etcbuild_dir='/scratch/ptc/ppm/work/mpich2-1.4.1p1/src/mpe2/etc'
exec_prefix='${prefix}'
host_alias=''
htmldir='${docdir}'
includebuild_dir='/scratch/ptc/ppm/work/mpich2-1.4.1p1/src/mpe2/include'
includedir='${prefix}/include'
infodir='${datarootdir}/info'
libbuild_dir='/scratch/ptc/ppm/work/mpich2-1.4.1p1/src/mpe2/lib'
libdir='${exec_prefix}/lib'
libexecdir='${exec_prefix}/libexec'
localedir='${datarootdir}/locale'
localstatedir='${prefix}/var'
mandir='${datarootdir}/man'
oldincludedir='/usr/include'
pdfdir='${docdir}'
prefix='/scratch/ptc/prefix-O2/mpich2/1.4.1p1'
program_transform_name='s,x,x,'
psdir='${docdir}'
sbinbuild_dir='/scratch/ptc/ppm/work/mpich2-1.4.1p1/src/mpe2/sbin'
sbindir='${exec_prefix}/sbin'
sharedstatedir='${prefix}/com'
sysconfdir='${prefix}/etc'
target_alias=''
top_srcdir_abs='/scratch/ptc/ppm/work/mpich2-1.4.1p1/src/mpe2/src/graphics'

## ----------- ##
## confdefs.h. ##
## ----------- ##

#define PACKAGE_NAME ""
#define PACKAGE_TARNAME ""
#define PACKAGE_VERSION ""
#define PACKAGE_STRING ""
#define PACKAGE_BUGREPORT ""
#define STDC_HEADERS 1
#define HAVE_SYS_TYPES_H 1
#define HAVE_SYS_STAT_H 1
#define HAVE_STDLIB_H 1
#define HAVE_STRING_H 1
#define HAVE_MEMORY_H 1
#define HAVE_STRINGS_H 1
#define HAVE_INTTYPES_H 1
#define HAVE_STDINT_H 1
#define HAVE_UNISTD_H 1
#define SIZEOF_VOID_P 8
#define POINTER_64_BITS 1
#define HAVE_SYSTEM 1
#define HAVE_UNISTD_H 1
#define HAVE_STDLIB_H 1
#define HAVE_STRING_H 1
#define HAVE_MPI_COMM_F2C 1

configure: exit 0
