This file contains any messages produced by compilers while
running configure, to aid debugging if configure makes a mistake.

It was created by OpenPA configure 1.0.2, which was
generated by GNU Autoconf 2.63.  Invocation command line was

  $ /scratch/ptc/ppm/work/mpich2-1.4.1p1/src/openpa/configure --with-atomic-primitives=auto_allow_emulation --prefix=/scratch/ptc/prefix-O2/mpich2/1.4.1p1 FC=ifort CFLAGS=-D_LARGEFILE_SOURCE -D_LARGEFILE64_SOURCE -D_FILE_OFFSET_BITS=64 -O2  CC=icc CFLAGS=-D_LARGEFILE_SOURCE -D_LARGEFILE64_SOURCE -D_FILE_OFFSET_BITS=64 -O2  CXX=icpc CXXFLAGS=-O2  --enable-fc --enable-fast=defopt --enable-timer-type=gettimeofday --with-mpe RSHCOMMAND=/usr/bin/ssh --disable-dependencies --disable-option-checking

## --------- ##
## Platform. ##
## --------- ##

hostname = mitsuko.aer.mw.tum.de
uname -m = x86_64
uname -r = 2.6.32-431.1.2.el6.x86_64
uname -s = Linux
uname -v = #1 SMP Thu Dec 12 13:59:19 CST 2013

/usr/bin/uname -p = unknown
/bin/uname -X     = unknown

/bin/arch              = x86_64
/usr/bin/arch -k       = unknown
/usr/convex/getsysinfo = unknown
/usr/bin/hostinfo      = unknown
/bin/machine           = unknown
/usr/bin/oslevel       = unknown
/bin/universe          = unknown

PATH: /scratch/utils/SublimeText2
PATH: /scratch2/utils/swftools-2013-02-19-1826/work/bin
PATH: /global/tecplotchorus2012r3/bin
PATH: /global/ANSYS/v145/CFD-Post/bin
PATH: /global/ANSYS/v145/icemcfd/linux64_amd/bin
PATH: /global/ANSYS/v145/fluent/bin
PATH: /scratch2/utils/matlab2009/bin
PATH: /scratch2/utils/nasm/bin
PATH: /global/tecplot2012/bin
PATH: /scratch2/utils/tgif-QPL-4.2.2
PATH: /scratch2/utils/Adobe/Reader9/bin
PATH: /scratch2/project/trunk/punto/local/bin
PATH: /scratch2/ptc/prefix-O2/mpich2/1.4.1p1/bin
PATH: /global/intel/composer_xe_2013.3.163/bin/intel64
PATH: /global/intel/composerxe/bin
PATH: /global/bin
PATH: /global/texlive/2013/bin/x86_64-linux
PATH: /global/bin
PATH: /global/texlive/2013/bin/x86_64-linux
PATH: /global/bin
PATH: /global/texlive/2013/bin/x86_64-linux
PATH: /usr/lib64/qt-3.3/bin
PATH: /usr/local/bin
PATH: /usr/bin
PATH: /bin
PATH: /usr/local/sbin
PATH: /usr/sbin
PATH: /sbin
PATH: /global/ANSYS/v145/icemcfd/linux64_amd/bin
PATH: /global/ANSYS/v145/CFX/bin
PATH: /global/intel/composer_xe_2013.3.163/bin
PATH: /global/tecplot2013/bin
PATH: /global/tecplotchorusde2013r1/bin
PATH: /global/ANSYS/v145/icemcfd/linux64_amd/bin
PATH: /global/ANSYS/v145/CFX/bin
PATH: /global/intel/composer_xe_2013.3.163/bin
PATH: /global/tecplot2013/bin
PATH: /global/tecplotchorusde2013r1/bin
PATH: /global/ANSYS/v145/icemcfd/linux64_amd/bin
PATH: /global/ANSYS/v145/CFX/bin
PATH: /global/intel/composer_xe_2013.3.163/bin
PATH: /global/tecplot2013/bin
PATH: /global/tecplotchorusde2013r1/bin


## ----------- ##
## Core tests. ##
## ----------- ##

configure:2093: checking for a BSD-compatible install
configure:2161: result: /usr/bin/install -c
configure:2172: checking whether build environment is sane
configure:2232: result: yes
configure:2373: checking for a thread-safe mkdir -p
configure:2412: result: /bin/mkdir -p
configure:2425: checking for gawk
configure:2441: found /usr/bin/gawk
configure:2452: result: gawk
configure:2463: checking whether make sets $(MAKE)
configure:2485: result: yes
configure:2603: checking build system type
configure:2621: result: x86_64-unknown-linux-gnu
configure:2643: checking host system type
configure:2658: result: x86_64-unknown-linux-gnu
configure:2692: checking for style of include used by make
configure:2720: result: GNU
configure:2790: checking for gcc
configure:2817: result: icc
configure:3049: checking for C compiler version
configure:3057: icc --version >&5
icc (ICC) 13.1.1 20130313
Copyright (C) 1985-2013 Intel Corporation.  All rights reserved.

configure:3061: $? = 0
configure:3068: icc -v >&5
icc version 13.1.1 (gcc version 4.4.7 compatibility)
configure:3072: $? = 0
configure:3079: icc -V >&5
Intel(R) C Intel(R) 64 Compiler XE for applications running on Intel(R) 64, Version 13.1.1.163 Build 20130313
Copyright (C) 1985-2013 Intel Corporation.  All rights reserved.
FOR NON-COMMERCIAL USE ONLY

configure:3083: $? = 0
configure:3106: checking for C compiler default output file name
configure:3128: icc -D_LARGEFILE_SOURCE -D_LARGEFILE64_SOURCE -D_FILE_OFFSET_BITS=64 -O2    conftest.c  >&5
configure:3132: $? = 0
configure:3170: result: a.out
configure:3189: checking whether the C compiler works
configure:3199: ./a.out
configure:3203: $? = 0
configure:3222: result: yes
configure:3229: checking whether we are cross compiling
configure:3231: result: no
configure:3234: checking for suffix of executables
configure:3241: icc -o conftest -D_LARGEFILE_SOURCE -D_LARGEFILE64_SOURCE -D_FILE_OFFSET_BITS=64 -O2    conftest.c  >&5
configure:3245: $? = 0
configure:3271: result: 
configure:3277: checking for suffix of object files
configure:3303: icc -c -D_LARGEFILE_SOURCE -D_LARGEFILE64_SOURCE -D_FILE_OFFSET_BITS=64 -O2   conftest.c >&5
configure:3307: $? = 0
configure:3332: result: o
configure:3336: checking whether we are using the GNU C compiler
configure:3365: icc -c -D_LARGEFILE_SOURCE -D_LARGEFILE64_SOURCE -D_FILE_OFFSET_BITS=64 -O2   conftest.c >&5
configure:3372: $? = 0
configure:3389: result: yes
configure:3398: checking whether icc accepts -g
configure:3428: icc -c -g  conftest.c >&5
configure:3435: $? = 0
configure:3536: result: yes
configure:3553: checking for icc option to accept ISO C89
configure:3627: icc  -c -D_LARGEFILE_SOURCE -D_LARGEFILE64_SOURCE -D_FILE_OFFSET_BITS=64 -O2   conftest.c >&5
configure:3634: $? = 0
configure:3657: result: none needed
configure:3677: checking dependency style of icc
configure:3787: result: gcc3
configure:3802: checking for a sed that does not truncate output
configure:3868: result: /bin/sed
configure:3886: checking for grep that handles long lines and -e
configure:3946: result: /bin/grep
configure:3951: checking for egrep
configure:4015: result: /bin/grep -E
configure:4020: checking for fgrep
configure:4084: result: /bin/grep -F
configure:4119: checking for ld used by icc
configure:4186: result: /usr/bin/ld
configure:4195: checking if the linker (/usr/bin/ld) is GNU ld
configure:4210: result: yes
configure:4222: checking for BSD- or MS-compatible name lister (nm)
configure:4271: result: /usr/bin/nm -B
configure:4389: checking the name lister (/usr/bin/nm -B) interface
configure:4396: icc -c -D_LARGEFILE_SOURCE -D_LARGEFILE64_SOURCE -D_FILE_OFFSET_BITS=64 -O2   conftest.c >&5
configure:4399: /usr/bin/nm -B "conftest.o"
configure:4402: output
0000000000000000 B some_variable
configure:4409: result: BSD nm
configure:4412: checking whether ln -s works
configure:4416: result: yes
configure:4424: checking the maximum length of command line arguments
configure:4544: result: 1966080
configure:4561: checking whether the shell understands some XSI constructs
configure:4571: result: yes
configure:4575: checking whether the shell understands "+="
configure:4581: result: yes
configure:4616: checking for /usr/bin/ld option to reload object files
configure:4623: result: -r
configure:4692: checking for objdump
configure:4708: found /usr/bin/objdump
configure:4719: result: objdump
configure:4751: checking how to recognize dependent libraries
configure:4947: result: pass_all
configure:5007: checking for ar
configure:5023: found /usr/bin/ar
configure:5034: result: ar
configure:5112: checking for strip
configure:5128: found /usr/bin/strip
configure:5139: result: strip
configure:5211: checking for ranlib
configure:5227: found /usr/bin/ranlib
configure:5238: result: ranlib
configure:5328: checking command to parse /usr/bin/nm -B output from icc object
configure:5446: icc -c -D_LARGEFILE_SOURCE -D_LARGEFILE64_SOURCE -D_FILE_OFFSET_BITS=64 -O2   conftest.c >&5
configure:5449: $? = 0
configure:5453: /usr/bin/nm -B conftest.o \| sed -n -e 's/^.*[	 ]\([ABCDGIRSTW][ABCDGIRSTW]*\)[	 ][	 ]*\([_A-Za-z][_A-Za-z0-9]*\)$/\1 \2 \2/p' \> conftest.nm
configure:5456: $? = 0
configure:5510: icc -o conftest -D_LARGEFILE_SOURCE -D_LARGEFILE64_SOURCE -D_FILE_OFFSET_BITS=64 -O2    conftest.c conftstm.o >&5
configure:5513: $? = 0
configure:5551: result: ok
configure:5647: icc -c -D_LARGEFILE_SOURCE -D_LARGEFILE64_SOURCE -D_FILE_OFFSET_BITS=64 -O2   conftest.c >&5
configure:5650: $? = 0
configure:6418: checking how to run the C preprocessor
configure:6458: icc -E  conftest.c
configure:6465: $? = 0
configure:6496: icc -E  conftest.c
conftest.c(10): error #2379: cannot open source file "ac_nonexistent.h"
  #include <ac_nonexistent.h>
                             ^

configure:6503: $? = 2
configure: failed program was:
| /* confdefs.h.  */
| #define PACKAGE_NAME "OpenPA"
| #define PACKAGE_TARNAME "openpa"
| #define PACKAGE_VERSION "1.0.2"
| #define PACKAGE_STRING "OpenPA 1.0.2"
| #define PACKAGE_BUGREPORT "https://trac.mcs.anl.gov/projects/openpa/newticket"
| #define PACKAGE "openpa"
| #define VERSION "1.0.2"
| /* end confdefs.h.  */
| #include <ac_nonexistent.h>
configure:6536: result: icc -E
configure:6565: icc -E  conftest.c
configure:6572: $? = 0
configure:6603: icc -E  conftest.c
conftest.c(10): error #2379: cannot open source file "ac_nonexistent.h"
  #include <ac_nonexistent.h>
                             ^

configure:6610: $? = 2
configure: failed program was:
| /* confdefs.h.  */
| #define PACKAGE_NAME "OpenPA"
| #define PACKAGE_TARNAME "openpa"
| #define PACKAGE_VERSION "1.0.2"
| #define PACKAGE_STRING "OpenPA 1.0.2"
| #define PACKAGE_BUGREPORT "https://trac.mcs.anl.gov/projects/openpa/newticket"
| #define PACKAGE "openpa"
| #define VERSION "1.0.2"
| /* end confdefs.h.  */
| #include <ac_nonexistent.h>
configure:6650: checking for ANSI C header files
configure:6680: icc -c -D_LARGEFILE_SOURCE -D_LARGEFILE64_SOURCE -D_FILE_OFFSET_BITS=64 -O2   conftest.c >&5
configure:6687: $? = 0
configure:6786: icc -o conftest -D_LARGEFILE_SOURCE -D_LARGEFILE64_SOURCE -D_FILE_OFFSET_BITS=64 -O2    conftest.c  >&5
configure:6790: $? = 0
configure:6796: ./conftest
configure:6800: $? = 0
configure:6818: result: yes
configure:6842: checking for sys/types.h
configure:6863: icc -c -D_LARGEFILE_SOURCE -D_LARGEFILE64_SOURCE -D_FILE_OFFSET_BITS=64 -O2   conftest.c >&5
configure:6870: $? = 0
configure:6887: result: yes
configure:6842: checking for sys/stat.h
configure:6863: icc -c -D_LARGEFILE_SOURCE -D_LARGEFILE64_SOURCE -D_FILE_OFFSET_BITS=64 -O2   conftest.c >&5
configure:6870: $? = 0
configure:6887: result: yes
configure:6842: checking for stdlib.h
configure:6863: icc -c -D_LARGEFILE_SOURCE -D_LARGEFILE64_SOURCE -D_FILE_OFFSET_BITS=64 -O2   conftest.c >&5
configure:6870: $? = 0
configure:6887: result: yes
configure:6842: checking for string.h
configure:6863: icc -c -D_LARGEFILE_SOURCE -D_LARGEFILE64_SOURCE -D_FILE_OFFSET_BITS=64 -O2   conftest.c >&5
configure:6870: $? = 0
configure:6887: result: yes
configure:6842: checking for memory.h
configure:6863: icc -c -D_LARGEFILE_SOURCE -D_LARGEFILE64_SOURCE -D_FILE_OFFSET_BITS=64 -O2   conftest.c >&5
configure:6870: $? = 0
configure:6887: result: yes
configure:6842: checking for strings.h
configure:6863: icc -c -D_LARGEFILE_SOURCE -D_LARGEFILE64_SOURCE -D_FILE_OFFSET_BITS=64 -O2   conftest.c >&5
configure:6870: $? = 0
configure:6887: result: yes
configure:6842: checking for inttypes.h
configure:6863: icc -c -D_LARGEFILE_SOURCE -D_LARGEFILE64_SOURCE -D_FILE_OFFSET_BITS=64 -O2   conftest.c >&5
configure:6870: $? = 0
configure:6887: result: yes
configure:6842: checking for stdint.h
configure:6863: icc -c -D_LARGEFILE_SOURCE -D_LARGEFILE64_SOURCE -D_FILE_OFFSET_BITS=64 -O2   conftest.c >&5
configure:6870: $? = 0
configure:6887: result: yes
configure:6842: checking for unistd.h
configure:6863: icc -c -D_LARGEFILE_SOURCE -D_LARGEFILE64_SOURCE -D_FILE_OFFSET_BITS=64 -O2   conftest.c >&5
configure:6870: $? = 0
configure:6887: result: yes
configure:6905: checking for dlfcn.h
configure:6926: icc -c -D_LARGEFILE_SOURCE -D_LARGEFILE64_SOURCE -D_FILE_OFFSET_BITS=64 -O2   conftest.c >&5
configure:6933: $? = 0
configure:6950: result: yes
configure:7135: checking for objdir
configure:7150: result: .libs
configure:7446: checking if icc supports -fno-rtti -fno-exceptions
configure:7464: icc -c -D_LARGEFILE_SOURCE -D_LARGEFILE64_SOURCE -D_FILE_OFFSET_BITS=64 -O2   -fno-rtti -fno-exceptions conftest.c >&5
configure:7468: $? = 0
configure:7481: result: yes
configure:7501: checking for icc option to produce PIC
configure:7773: result: -fPIC -DPIC
configure:7785: checking if icc PIC flag -fPIC -DPIC works
configure:7803: icc -c -D_LARGEFILE_SOURCE -D_LARGEFILE64_SOURCE -D_FILE_OFFSET_BITS=64 -O2   -fPIC -DPIC -DPIC conftest.c >&5
configure:7807: $? = 0
configure:7820: result: yes
configure:7844: checking if icc static flag -static works
configure:7872: result: no
configure:7887: checking if icc supports -c -o file.o
configure:7908: icc -c -D_LARGEFILE_SOURCE -D_LARGEFILE64_SOURCE -D_FILE_OFFSET_BITS=64 -O2   -o out/conftest2.o conftest.c >&5
configure:7912: $? = 0
configure:7934: result: yes
configure:7942: checking if icc supports -c -o file.o
configure:7989: result: yes
configure:8022: checking whether the icc linker (/usr/bin/ld -m elf_x86_64) supports shared libraries
configure:9096: result: yes
configure:9335: checking dynamic linker characteristics
configure:9778: icc -o conftest -D_LARGEFILE_SOURCE -D_LARGEFILE64_SOURCE -D_FILE_OFFSET_BITS=64 -O2    -Wl,-rpath -Wl,/foo conftest.c  >&5
configure:9785: $? = 0
configure:10018: result: GNU/Linux ld.so
configure:10120: checking how to hardcode library paths into programs
configure:10145: result: immediate
configure:10978: checking whether stripping libraries is possible
configure:10983: result: yes
configure:11018: checking if libtool supports shared libraries
configure:11020: result: yes
configure:11023: checking whether to build shared libraries
configure:11044: result: no
configure:11047: checking whether to build static libraries
configure:11051: result: yes
configure:11167: checking for gcc
configure:11194: result: icc
configure:11426: checking for C compiler version
configure:11434: icc --version >&5
icc (ICC) 13.1.1 20130313
Copyright (C) 1985-2013 Intel Corporation.  All rights reserved.

configure:11438: $? = 0
configure:11445: icc -v >&5
icc version 13.1.1 (gcc version 4.4.7 compatibility)
configure:11449: $? = 0
configure:11456: icc -V >&5
Intel(R) C Intel(R) 64 Compiler XE for applications running on Intel(R) 64, Version 13.1.1.163 Build 20130313
Copyright (C) 1985-2013 Intel Corporation.  All rights reserved.
FOR NON-COMMERCIAL USE ONLY

configure:11460: $? = 0
configure:11463: checking whether we are using the GNU C compiler
configure:11516: result: yes
configure:11525: checking whether icc accepts -g
configure:11663: result: yes
configure:11680: checking for icc option to accept ISO C89
configure:11784: result: none needed
configure:11804: checking dependency style of icc
configure:11914: result: gcc3
configure:11931: checking whether to enable assertions
configure:11943: result: yes
configure:11970: checking pthread.h usability
configure:11987: icc -c -D_LARGEFILE_SOURCE -D_LARGEFILE64_SOURCE -D_FILE_OFFSET_BITS=64 -O2   conftest.c >&5
configure:11994: $? = 0
configure:12008: result: yes
configure:12012: checking pthread.h presence
configure:12027: icc -E  conftest.c
configure:12034: $? = 0
configure:12048: result: yes
configure:12081: checking for pthread.h
configure:12090: result: yes
configure:11970: checking atomic.h usability
configure:11987: icc -c -D_LARGEFILE_SOURCE -D_LARGEFILE64_SOURCE -D_FILE_OFFSET_BITS=64 -O2   conftest.c >&5
conftest.c(56): catastrophic error: cannot open source file "atomic.h"
  #include <atomic.h>
                     ^

compilation aborted for conftest.c (code 4)
configure:11994: $? = 4
configure: failed program was:
| /* confdefs.h.  */
| #define PACKAGE_NAME "OpenPA"
| #define PACKAGE_TARNAME "openpa"
| #define PACKAGE_VERSION "1.0.2"
| #define PACKAGE_STRING "OpenPA 1.0.2"
| #define PACKAGE_BUGREPORT "https://trac.mcs.anl.gov/projects/openpa/newticket"
| #define PACKAGE "openpa"
| #define VERSION "1.0.2"
| #define STDC_HEADERS 1
| #define HAVE_SYS_TYPES_H 1
| #define HAVE_SYS_STAT_H 1
| #define HAVE_STDLIB_H 1
| #define HAVE_STRING_H 1
| #define HAVE_MEMORY_H 1
| #define HAVE_STRINGS_H 1
| #define HAVE_INTTYPES_H 1
| #define HAVE_STDINT_H 1
| #define HAVE_UNISTD_H 1
| #define HAVE_DLFCN_H 1
| #define LT_OBJDIR ".libs/"
| #define HAVE_PTHREAD_H 1
| /* end confdefs.h.  */
| #include <stdio.h>
| #ifdef HAVE_SYS_TYPES_H
| # include <sys/types.h>
| #endif
| #ifdef HAVE_SYS_STAT_H
| # include <sys/stat.h>
| #endif
| #ifdef STDC_HEADERS
| # include <stdlib.h>
| # include <stddef.h>
| #else
| # ifdef HAVE_STDLIB_H
| #  include <stdlib.h>
| # endif
| #endif
| #ifdef HAVE_STRING_H
| # if !defined STDC_HEADERS && defined HAVE_MEMORY_H
| #  include <memory.h>
| # endif
| # include <string.h>
| #endif
| #ifdef HAVE_STRINGS_H
| # include <strings.h>
| #endif
| #ifdef HAVE_INTTYPES_H
| # include <inttypes.h>
| #endif
| #ifdef HAVE_STDINT_H
| # include <stdint.h>
| #endif
| #ifdef HAVE_UNISTD_H
| # include <unistd.h>
| #endif
| #include <atomic.h>
configure:12008: result: no
configure:12012: checking atomic.h presence
configure:12027: icc -E  conftest.c
conftest.c(23): error #2379: cannot open source file "atomic.h"
  #include <atomic.h>
                     ^

configure:12034: $? = 2
configure: failed program was:
| /* confdefs.h.  */
| #define PACKAGE_NAME "OpenPA"
| #define PACKAGE_TARNAME "openpa"
| #define PACKAGE_VERSION "1.0.2"
| #define PACKAGE_STRING "OpenPA 1.0.2"
| #define PACKAGE_BUGREPORT "https://trac.mcs.anl.gov/projects/openpa/newticket"
| #define PACKAGE "openpa"
| #define VERSION "1.0.2"
| #define STDC_HEADERS 1
| #define HAVE_SYS_TYPES_H 1
| #define HAVE_SYS_STAT_H 1
| #define HAVE_STDLIB_H 1
| #define HAVE_STRING_H 1
| #define HAVE_MEMORY_H 1
| #define HAVE_STRINGS_H 1
| #define HAVE_INTTYPES_H 1
| #define HAVE_STDINT_H 1
| #define HAVE_UNISTD_H 1
| #define HAVE_DLFCN_H 1
| #define LT_OBJDIR ".libs/"
| #define HAVE_PTHREAD_H 1
| /* end confdefs.h.  */
| #include <atomic.h>
configure:12048: result: no
configure:12081: checking for atomic.h
configure:12090: result: no
configure:11970: checking intrin.h usability
configure:11987: icc -c -D_LARGEFILE_SOURCE -D_LARGEFILE64_SOURCE -D_FILE_OFFSET_BITS=64 -O2   conftest.c >&5
conftest.c(56): catastrophic error: cannot open source file "intrin.h"
  #include <intrin.h>
                     ^

compilation aborted for conftest.c (code 4)
configure:11994: $? = 4
configure: failed program was:
| /* confdefs.h.  */
| #define PACKAGE_NAME "OpenPA"
| #define PACKAGE_TARNAME "openpa"
| #define PACKAGE_VERSION "1.0.2"
| #define PACKAGE_STRING "OpenPA 1.0.2"
| #define PACKAGE_BUGREPORT "https://trac.mcs.anl.gov/projects/openpa/newticket"
| #define PACKAGE "openpa"
| #define VERSION "1.0.2"
| #define STDC_HEADERS 1
| #define HAVE_SYS_TYPES_H 1
| #define HAVE_SYS_STAT_H 1
| #define HAVE_STDLIB_H 1
| #define HAVE_STRING_H 1
| #define HAVE_MEMORY_H 1
| #define HAVE_STRINGS_H 1
| #define HAVE_INTTYPES_H 1
| #define HAVE_STDINT_H 1
| #define HAVE_UNISTD_H 1
| #define HAVE_DLFCN_H 1
| #define LT_OBJDIR ".libs/"
| #define HAVE_PTHREAD_H 1
| /* end confdefs.h.  */
| #include <stdio.h>
| #ifdef HAVE_SYS_TYPES_H
| # include <sys/types.h>
| #endif
| #ifdef HAVE_SYS_STAT_H
| # include <sys/stat.h>
| #endif
| #ifdef STDC_HEADERS
| # include <stdlib.h>
| # include <stddef.h>
| #else
| # ifdef HAVE_STDLIB_H
| #  include <stdlib.h>
| # endif
| #endif
| #ifdef HAVE_STRING_H
| # if !defined STDC_HEADERS && defined HAVE_MEMORY_H
| #  include <memory.h>
| # endif
| # include <string.h>
| #endif
| #ifdef HAVE_STRINGS_H
| # include <strings.h>
| #endif
| #ifdef HAVE_INTTYPES_H
| # include <inttypes.h>
| #endif
| #ifdef HAVE_STDINT_H
| # include <stdint.h>
| #endif
| #ifdef HAVE_UNISTD_H
| # include <unistd.h>
| #endif
| #include <intrin.h>
configure:12008: result: no
configure:12012: checking intrin.h presence
configure:12027: icc -E  conftest.c
conftest.c(23): error #2379: cannot open source file "intrin.h"
  #include <intrin.h>
                     ^

configure:12034: $? = 2
configure: failed program was:
| /* confdefs.h.  */
| #define PACKAGE_NAME "OpenPA"
| #define PACKAGE_TARNAME "openpa"
| #define PACKAGE_VERSION "1.0.2"
| #define PACKAGE_STRING "OpenPA 1.0.2"
| #define PACKAGE_BUGREPORT "https://trac.mcs.anl.gov/projects/openpa/newticket"
| #define PACKAGE "openpa"
| #define VERSION "1.0.2"
| #define STDC_HEADERS 1
| #define HAVE_SYS_TYPES_H 1
| #define HAVE_SYS_STAT_H 1
| #define HAVE_STDLIB_H 1
| #define HAVE_STRING_H 1
| #define HAVE_MEMORY_H 1
| #define HAVE_STRINGS_H 1
| #define HAVE_INTTYPES_H 1
| #define HAVE_STDINT_H 1
| #define HAVE_UNISTD_H 1
| #define HAVE_DLFCN_H 1
| #define LT_OBJDIR ".libs/"
| #define HAVE_PTHREAD_H 1
| /* end confdefs.h.  */
| #include <intrin.h>
configure:12048: result: no
configure:12081: checking for intrin.h
configure:12090: result: no
configure:11959: checking for inttypes.h
configure:11966: result: yes
configure:11959: checking for stdint.h
configure:11966: result: yes
configure:11970: checking stddef.h usability
configure:11987: icc -c -D_LARGEFILE_SOURCE -D_LARGEFILE64_SOURCE -D_FILE_OFFSET_BITS=64 -O2   conftest.c >&5
configure:11994: $? = 0
configure:12008: result: yes
configure:12012: checking stddef.h presence
configure:12027: icc -E  conftest.c
configure:12034: $? = 0
configure:12048: result: yes
configure:12081: checking for stddef.h
configure:12090: result: yes
configure:12106: checking for C/C++ restrict keyword
configure:12141: icc -c -D_LARGEFILE_SOURCE -D_LARGEFILE64_SOURCE -D_FILE_OFFSET_BITS=64 -O2   conftest.c >&5
configure:12148: $? = 0
configure:12166: result: __restrict
configure:12182: checking for inline
configure:12208: icc -c -D_LARGEFILE_SOURCE -D_LARGEFILE64_SOURCE -D_FILE_OFFSET_BITS=64 -O2   conftest.c >&5
configure:12215: $? = 0
configure:12233: result: inline
configure:12255: checking for an ANSI C-conforming const
configure:12330: icc -c -D_LARGEFILE_SOURCE -D_LARGEFILE64_SOURCE -D_FILE_OFFSET_BITS=64 -O2   conftest.c >&5
conftest.c(56): warning #592: variable "t" is used before its value is set
      *t++ = 0;
       ^

conftest.c(72): warning #592: variable "b" is used before its value is set
      struct s *b; b->j = 5;
                   ^

conftest.c(78): warning #592: variable "cs" is used before its value is set
    return !cs[0] && !zero.x;
            ^

configure:12337: $? = 0
configure:12352: result: yes
configure:12364: checking for pthread_create in -lpthread
configure:12399: icc -o conftest -D_LARGEFILE_SOURCE -D_LARGEFILE64_SOURCE -D_FILE_OFFSET_BITS=64 -O2    conftest.c -lpthread   >&5
configure:12406: $? = 0
configure:12427: result: yes
configure:12443: checking for pthread_yield
configure:12499: icc -o conftest -D_LARGEFILE_SOURCE -D_LARGEFILE64_SOURCE -D_FILE_OFFSET_BITS=64 -O2    conftest.c -lpthread  >&5
configure:12506: $? = 0
configure:12528: result: yes
configure:12782: checking if 100 threads can be run at once
configure:12830: icc -o conftest -D_LARGEFILE_SOURCE -D_LARGEFILE64_SOURCE -D_FILE_OFFSET_BITS=64 -O2    conftest.c -lpthread  >&5
configure:12834: $? = 0
configure:12840: ./conftest
configure:12844: $? = 0
configure:12846: result: yes
configure:12963: checking size of void *
configure:13268: icc -o conftest -D_LARGEFILE_SOURCE -D_LARGEFILE64_SOURCE -D_FILE_OFFSET_BITS=64 -O2    conftest.c -lpthread  >&5
configure:13272: $? = 0
configure:13278: ./conftest
configure:13282: $? = 0
configure:13308: result: 8
configure:13322: checking size of int
configure:13627: icc -o conftest -D_LARGEFILE_SOURCE -D_LARGEFILE64_SOURCE -D_FILE_OFFSET_BITS=64 -O2    conftest.c -lpthread  >&5
configure:13631: $? = 0
configure:13637: ./conftest
configure:13641: $? = 0
configure:13667: result: 4
configure:13679: checking whether __attribute__ allowed
configure:13706: icc -c -D_LARGEFILE_SOURCE -D_LARGEFILE64_SOURCE -D_FILE_OFFSET_BITS=64 -O2   conftest.c >&5
configure:13713: $? = 0
configure:13728: result: yes
configure:13730: checking whether __attribute__((format)) allowed
configure:13757: icc -c -D_LARGEFILE_SOURCE -D_LARGEFILE64_SOURCE -D_FILE_OFFSET_BITS=64 -O2   conftest.c >&5
configure:13764: $? = 0
configure:13779: result: yes
configure:13790: checking if compiler rejects bogus asm statements
configure:13815: icc -o conftest -D_LARGEFILE_SOURCE -D_LARGEFILE64_SOURCE -D_FILE_OFFSET_BITS=64 -O2    conftest.c -lpthread  >&5
/tmp/iccLdlcoxas_.s: Assembler messages:
/tmp/iccLdlcoxas_.s:26: Error: no such instruction: `illegal_asm_stmt'
configure:13822: $? = 1
configure: failed program was:
| /* confdefs.h.  */
| #define PACKAGE_NAME "OpenPA"
| #define PACKAGE_TARNAME "openpa"
| #define PACKAGE_VERSION "1.0.2"
| #define PACKAGE_STRING "OpenPA 1.0.2"
| #define PACKAGE_BUGREPORT "https://trac.mcs.anl.gov/projects/openpa/newticket"
| #define PACKAGE "openpa"
| #define VERSION "1.0.2"
| #define STDC_HEADERS 1
| #define HAVE_SYS_TYPES_H 1
| #define HAVE_SYS_STAT_H 1
| #define HAVE_STDLIB_H 1
| #define HAVE_STRING_H 1
| #define HAVE_MEMORY_H 1
| #define HAVE_STRINGS_H 1
| #define HAVE_INTTYPES_H 1
| #define HAVE_STDINT_H 1
| #define HAVE_UNISTD_H 1
| #define HAVE_DLFCN_H 1
| #define LT_OBJDIR ".libs/"
| #define HAVE_PTHREAD_H 1
| #define HAVE_INTTYPES_H 1
| #define HAVE_STDINT_H 1
| #define HAVE_STDDEF_H 1
| #define restrict __restrict
| #define HAVE_LIBPTHREAD 1
| #define HAVE_PTHREAD_YIELD 1
| #define MAX_NTHREADS 100
| #define SIZEOF_VOID_P 8
| #define SIZEOF_INT 4
| #define HAVE_GCC_ATTRIBUTE 1
| /* end confdefs.h.  */
| 
| int
| main ()
| {
| 
|     __asm__ __volatile__ ("ILLEGAL_ASM_STMT");
| 
|   ;
|   return 0;
| }
configure:13839: result: yes
configure:13899: checking for support for gcc x86/x86_64 primitives
configure:14066: icc -o conftest -D_LARGEFILE_SOURCE -D_LARGEFILE64_SOURCE -D_FILE_OFFSET_BITS=64 -O2  -I./src   conftest.c -lpthread  >&5
configure:14070: $? = 0
configure:14076: ./conftest
configure:14080: $? = 0
configure:14088: result: yes
configure:14116: checking for support for gcc x86 primitives for pre-Pentium 4
configure:14283: icc -o conftest -D_LARGEFILE_SOURCE -D_LARGEFILE64_SOURCE -D_FILE_OFFSET_BITS=64 -O2  -I./src   conftest.c -lpthread  >&5
configure:14287: $? = 0
configure:14293: ./conftest
configure:14297: $? = 0
configure:14305: result: yes
configure:14332: checking for support for gcc ia64 primitives
configure:14398: icc -o conftest -D_LARGEFILE_SOURCE -D_LARGEFILE64_SOURCE -D_FILE_OFFSET_BITS=64 -O2  -I./src   conftest.c -lpthread  >&5
/tmp/iccf0TQSwas_.s: Assembler messages:
/tmp/iccf0TQSwas_.s:33: Error: no such instruction: `zxt4 8(%rsp)=8(%rsp)'
/tmp/iccf0TQSwas_.s:33: Error: invalid character '=' in operand 1
/tmp/iccf0TQSwas_.s:33: Error: no such instruction: `cmpxchg4.rel %edx=[%rax],%ecx,ar.ccv'
/tmp/iccf0TQSwas_.s:39: Error: no such instruction: `fetchadd4.rel %edx=[%rax],$1'
/tmp/iccf0TQSwas_.s:42: Error: no such instruction: `fetchadd4.rel %ecx=[%rax],$-1'
/tmp/iccf0TQSwas_.s:45: Error: no such instruction: `fetchadd4.rel %esi=[%rax],$-1'
/tmp/iccf0TQSwas_.s:52: Error: no such instruction: `zxt4 8(%rsp)=8(%rsp)'
/tmp/iccf0TQSwas_.s:52: Error: invalid character '=' in operand 1
/tmp/iccf0TQSwas_.s:52: Error: no such instruction: `cmpxchg4.rel %edx=[%rax],%ecx,ar.ccv'
/tmp/iccf0TQSwas_.s:58: Error: no such instruction: `fetchadd4.rel %edx=[%rax],$1'
/tmp/iccf0TQSwas_.s:62: Error: no such instruction: `fetchadd4.rel %ecx=[%rax],$-1'
/tmp/iccf0TQSwas_.s:66: Error: no such instruction: `zxt4 8(%rsp)=8(%rsp)'
/tmp/iccf0TQSwas_.s:66: Error: invalid character '=' in operand 1
/tmp/iccf0TQSwas_.s:66: Error: no such instruction: `cmpxchg4.rel %edi=[%rax],%esi,ar.ccv'
/tmp/iccf0TQSwas_.s:70: Error: no such instruction: `xchg8 %r8d=[%rax],%r8d'
/tmp/iccf0TQSwas_.s:74: Error: no such instruction: `mf'
/tmp/iccf0TQSwas_.s:77: Error: no such instruction: `mf'
/tmp/iccf0TQSwas_.s:80: Error: no such instruction: `mf'
configure:14405: $? = 1
configure: failed program was:
| /* confdefs.h.  */
| #define PACKAGE_NAME "OpenPA"
| #define PACKAGE_TARNAME "openpa"
| #define PACKAGE_VERSION "1.0.2"
| #define PACKAGE_STRING "OpenPA 1.0.2"
| #define PACKAGE_BUGREPORT "https://trac.mcs.anl.gov/projects/openpa/newticket"
| #define PACKAGE "openpa"
| #define VERSION "1.0.2"
| #define STDC_HEADERS 1
| #define HAVE_SYS_TYPES_H 1
| #define HAVE_SYS_STAT_H 1
| #define HAVE_STDLIB_H 1
| #define HAVE_STRING_H 1
| #define HAVE_MEMORY_H 1
| #define HAVE_STRINGS_H 1
| #define HAVE_INTTYPES_H 1
| #define HAVE_STDINT_H 1
| #define HAVE_UNISTD_H 1
| #define HAVE_DLFCN_H 1
| #define LT_OBJDIR ".libs/"
| #define HAVE_PTHREAD_H 1
| #define HAVE_INTTYPES_H 1
| #define HAVE_STDINT_H 1
| #define HAVE_STDDEF_H 1
| #define restrict __restrict
| #define HAVE_LIBPTHREAD 1
| #define HAVE_PTHREAD_YIELD 1
| #define MAX_NTHREADS 100
| #define SIZEOF_VOID_P 8
| #define SIZEOF_INT 4
| #define HAVE_GCC_ATTRIBUTE 1
| #define HAVE_GCC_X86_32_64 1
| #define HAVE_GCC_X86_32_64_P3 1
| /* end confdefs.h.  */
| 
| #define OPA_SIZEOF_INT SIZEOF_INT
| #define OPA_SIZEOF_VOID_P SIZEOF_VOID_P
| #ifndef _opa_inline
| #define _opa_inline inline
| #endif
| #ifndef _opa_restrict
| #define _opa_restrict restrict
| #endif
| #ifndef _opa_const
| #define _opa_const const
| #endif
| #ifdef HAVE_GCC_ATTRIBUTE
| #define OPA_HAVE_GCC_ATTRIBUTE 1
| #endif
| #include "opa_util.h" /* for OPA_ATTRIBUTE and friends */
| #include "primitives/opa_gcc_ia64.h"
| 
| int
| main ()
| {
| 
|     OPA_int_t a, b;
|     int c;
| 
|     OPA_store_int(&a, 0);
|     OPA_store_int(&b, 1);
|     c = OPA_load_int(&a);
| 
|     OPA_add_int(&a, 10);
|     OPA_incr_int(&a);
|     OPA_decr_int(&a);
| 
|     c = OPA_decr_and_test_int(&a);
|     c = OPA_fetch_and_add_int(&a, 10);
|     c = OPA_fetch_and_incr_int(&a);
|     c = OPA_fetch_and_decr_int(&a);
| 
|     c = OPA_cas_int(&a, 10, 11);
|     c = OPA_swap_int(&a, OPA_load_int(&b));
| 
|     OPA_write_barrier();
|     OPA_read_barrier();
|     OPA_read_write_barrier();
| 
|   ;
|   return 0;
| }
| 
configure:14426: result: no
configure:14443: checking for support for gcc PowerPC atomics
configure:14509: icc -o conftest -D_LARGEFILE_SOURCE -D_LARGEFILE64_SOURCE -D_FILE_OFFSET_BITS=64 -O2  -I./src   conftest.c -lpthread  >&5
/tmp/iccFYe5nAas_.s: Assembler messages:
/tmp/iccFYe5nAas_.s:30: Error: no such instruction: `lwarx %edx,0,%rax'
/tmp/iccFYe5nAas_.s:35: Error: no such instruction: `stwcx. %edx,0,%rax'
/tmp/iccFYe5nAas_.s:36: Error: no such instruction: `beq 1f'
/tmp/iccFYe5nAas_.s:37: Error: no such instruction: `li %ecx,0'
/tmp/iccFYe5nAas_.s:45: Error: no such instruction: `lwarx %edx,0,%rax'
/tmp/iccFYe5nAas_.s:50: Error: no such instruction: `stwcx. %edx,0,%rax'
/tmp/iccFYe5nAas_.s:51: Error: no such instruction: `beq 1f'
/tmp/iccFYe5nAas_.s:52: Error: no such instruction: `li %ecx,0'
/tmp/iccFYe5nAas_.s:60: Error: no such instruction: `lwarx %edx,0,%rax'
/tmp/iccFYe5nAas_.s:65: Error: no such instruction: `stwcx. %edx,0,%rax'
/tmp/iccFYe5nAas_.s:66: Error: no such instruction: `beq 1f'
/tmp/iccFYe5nAas_.s:67: Error: no such instruction: `li %ecx,0'
/tmp/iccFYe5nAas_.s:75: Error: no such instruction: `lwarx %edx,0,%rax'
/tmp/iccFYe5nAas_.s:80: Error: no such instruction: `stwcx. %edx,0,%rax'
/tmp/iccFYe5nAas_.s:81: Error: no such instruction: `beq 1f'
/tmp/iccFYe5nAas_.s:82: Error: no such instruction: `li %ecx,0'
/tmp/iccFYe5nAas_.s:90: Error: no such instruction: `lwarx %edx,0,%rax'
/tmp/iccFYe5nAas_.s:95: Error: no such instruction: `stwcx. %edx,0,%rax'
/tmp/iccFYe5nAas_.s:96: Error: no such instruction: `beq 1f'
/tmp/iccFYe5nAas_.s:97: Error: no such instruction: `li %ecx,0'
/tmp/iccFYe5nAas_.s:105: Error: no such instruction: `lwarx %edx,0,%rax'
/tmp/iccFYe5nAas_.s:110: Error: no such instruction: `stwcx. %edx,0,%rax'
/tmp/iccFYe5nAas_.s:111: Error: no such instruction: `beq 1f'
/tmp/iccFYe5nAas_.s:112: Error: no such instruction: `li %ecx,0'
/tmp/iccFYe5nAas_.s:120: Error: no such instruction: `lwarx %edx,0,%rax'
/tmp/iccFYe5nAas_.s:125: Error: no such instruction: `stwcx. %edx,0,%rax'
/tmp/iccFYe5nAas_.s:126: Error: no such instruction: `beq 1f'
/tmp/iccFYe5nAas_.s:127: Error: no such instruction: `li %ecx,0'
/tmp/iccFYe5nAas_.s:135: Error: no such instruction: `lwarx %edx,0,%rax'
/tmp/iccFYe5nAas_.s:143: Error: no such instruction: `stwcx. %edx,0,%rax'
/tmp/iccFYe5nAas_.s:144: Error: no such instruction: `beq 1f'
/tmp/iccFYe5nAas_.s:145: Error: no such instruction: `li %ecx,0'
/tmp/iccFYe5nAas_.s:153: Error: no such instruction: `lwarx %edx,0,%rax'
/tmp/iccFYe5nAas_.s:161: Error: no such instruction: `lwarx %ecx,0,%rax'
/tmp/iccFYe5nAas_.s:165: Error: no such instruction: `stwcx. %edx,0,%rax'
/tmp/iccFYe5nAas_.s:166: Error: no such instruction: `beq 1f'
/tmp/iccFYe5nAas_.s:167: Error: no such instruction: `li %esi,0'
/tmp/iccFYe5nAas_.s:175: Error: no such instruction: `sync'
/tmp/iccFYe5nAas_.s:179: Error: no such instruction: `sync'
/tmp/iccFYe5nAas_.s:182: Error: no such instruction: `sync'
configure:14516: $? = 1
configure: failed program was:
| /* confdefs.h.  */
| #define PACKAGE_NAME "OpenPA"
| #define PACKAGE_TARNAME "openpa"
| #define PACKAGE_VERSION "1.0.2"
| #define PACKAGE_STRING "OpenPA 1.0.2"
| #define PACKAGE_BUGREPORT "https://trac.mcs.anl.gov/projects/openpa/newticket"
| #define PACKAGE "openpa"
| #define VERSION "1.0.2"
| #define STDC_HEADERS 1
| #define HAVE_SYS_TYPES_H 1
| #define HAVE_SYS_STAT_H 1
| #define HAVE_STDLIB_H 1
| #define HAVE_STRING_H 1
| #define HAVE_MEMORY_H 1
| #define HAVE_STRINGS_H 1
| #define HAVE_INTTYPES_H 1
| #define HAVE_STDINT_H 1
| #define HAVE_UNISTD_H 1
| #define HAVE_DLFCN_H 1
| #define LT_OBJDIR ".libs/"
| #define HAVE_PTHREAD_H 1
| #define HAVE_INTTYPES_H 1
| #define HAVE_STDINT_H 1
| #define HAVE_STDDEF_H 1
| #define restrict __restrict
| #define HAVE_LIBPTHREAD 1
| #define HAVE_PTHREAD_YIELD 1
| #define MAX_NTHREADS 100
| #define SIZEOF_VOID_P 8
| #define SIZEOF_INT 4
| #define HAVE_GCC_ATTRIBUTE 1
| #define HAVE_GCC_X86_32_64 1
| #define HAVE_GCC_X86_32_64_P3 1
| /* end confdefs.h.  */
| 
| #define OPA_SIZEOF_INT SIZEOF_INT
| #define OPA_SIZEOF_VOID_P SIZEOF_VOID_P
| #ifndef _opa_inline
| #define _opa_inline inline
| #endif
| #ifndef _opa_restrict
| #define _opa_restrict restrict
| #endif
| #ifndef _opa_const
| #define _opa_const const
| #endif
| #ifdef HAVE_GCC_ATTRIBUTE
| #define OPA_HAVE_GCC_ATTRIBUTE 1
| #endif
| #include "opa_util.h" /* for OPA_ATTRIBUTE and friends */
| #include "primitives/opa_gcc_ppc.h"
| 
| int
| main ()
| {
| 
|     OPA_int_t a, b;
|     int c;
| 
|     OPA_store_int(&a, 0);
|     OPA_store_int(&b, 1);
|     c = OPA_load_int(&a);
| 
|     OPA_add_int(&a, 10);
|     OPA_incr_int(&a);
|     OPA_decr_int(&a);
| 
|     c = OPA_decr_and_test_int(&a);
|     c = OPA_fetch_and_add_int(&a, 10);
|     c = OPA_fetch_and_incr_int(&a);
|     c = OPA_fetch_and_decr_int(&a);
| 
|     c = OPA_cas_int(&a, 10, 11);
|     c = OPA_swap_int(&a, OPA_load_int(&b));
| 
|     OPA_write_barrier();
|     OPA_read_barrier();
|     OPA_read_write_barrier();
| 
|   ;
|   return 0;
| }
| 
configure:14537: result: no
configure:14554: checking for support for gcc SiCortex atomics
configure:14620: icc -o conftest -D_LARGEFILE_SOURCE -D_LARGEFILE64_SOURCE -D_FILE_OFFSET_BITS=64 -O2  -I./src   conftest.c -lpthread  >&5
/tmp/iccsVc06Las_.s: Assembler messages:
/tmp/iccsVc06Las_.s:30: Error: expected comma after "mips3"
/tmp/iccsVc06Las_.s:31: Error: expected comma after "noreorder"
/tmp/iccsVc06Las_.s:32: Error: no such instruction: `ll %rsi,4(%rsp)'
/tmp/iccsVc06Las_.s:33: Error: no such instruction: `addu %rcx,%rsi,$10'
/tmp/iccsVc06Las_.s:34: Error: no such instruction: `sc %rcx,4(%rsp)'
/tmp/iccsVc06Las_.s:35: Error: no such instruction: `beqz %rcx,1b'
/tmp/iccsVc06Las_.s:37: Error: expected comma after "reorder"
/tmp/iccsVc06Las_.s:38: Error: expected comma after "mips0"
/tmp/iccsVc06Las_.s:42: Error: expected comma after "mips3"
/tmp/iccsVc06Las_.s:43: Error: expected comma after "noreorder"
/tmp/iccsVc06Las_.s:44: Error: no such instruction: `ll %r8,4(%rsp)'
/tmp/iccsVc06Las_.s:45: Error: no such instruction: `addu %rdi,%r8,$1'
/tmp/iccsVc06Las_.s:46: Error: no such instruction: `sc %rdi,4(%rsp)'
/tmp/iccsVc06Las_.s:47: Error: no such instruction: `beqz %rdi,1b'
/tmp/iccsVc06Las_.s:49: Error: expected comma after "reorder"
/tmp/iccsVc06Las_.s:50: Error: expected comma after "mips0"
/tmp/iccsVc06Las_.s:54: Error: expected comma after "mips3"
/tmp/iccsVc06Las_.s:55: Error: expected comma after "noreorder"
/tmp/iccsVc06Las_.s:56: Error: no such instruction: `ll %r11,4(%rsp)'
/tmp/iccsVc06Las_.s:57: Error: no such instruction: `addu %r10,%r11,%r9d'
/tmp/iccsVc06Las_.s:58: Error: no such instruction: `sc %r10,4(%rsp)'
/tmp/iccsVc06Las_.s:59: Error: no such instruction: `beqz %r10,1b'
/tmp/iccsVc06Las_.s:61: Error: expected comma after "reorder"
/tmp/iccsVc06Las_.s:62: Error: expected comma after "mips0"
/tmp/iccsVc06Las_.s:66: Error: expected comma after "mips3"
/tmp/iccsVc06Las_.s:67: Error: expected comma after "noreorder"
/tmp/iccsVc06Las_.s:68: Error: no such instruction: `ll %rcx,4(%rsp)'
/tmp/iccsVc06Las_.s:69: Error: no such instruction: `addu %rdx,%rcx,%eax'
/tmp/iccsVc06Las_.s:70: Error: no such instruction: `sc %rdx,4(%rsp)'
/tmp/iccsVc06Las_.s:71: Error: no such instruction: `beqz %rdx,1b'
/tmp/iccsVc06Las_.s:73: Error: expected comma after "reorder"
/tmp/iccsVc06Las_.s:74: Error: expected comma after "mips0"
/tmp/iccsVc06Las_.s:79: Error: expected comma after "mips3"
/tmp/iccsVc06Las_.s:80: Error: expected comma after "noreorder"
/tmp/iccsVc06Las_.s:81: Error: no such instruction: `ll %rdi,4(%rsp)'
/tmp/iccsVc06Las_.s:82: Error: no such instruction: `addu %rsi,%rdi,$10'
/tmp/iccsVc06Las_.s:83: Error: no such instruction: `sc %rsi,4(%rsp)'
/tmp/iccsVc06Las_.s:84: Error: no such instruction: `beqz %rsi,1b'
/tmp/iccsVc06Las_.s:86: Error: expected comma after "reorder"
/tmp/iccsVc06Las_.s:87: Error: expected comma after "mips0"
/tmp/iccsVc06Las_.s:92: Error: expected comma after "mips3"
/tmp/iccsVc06Las_.s:93: Error: expected comma after "noreorder"
/tmp/iccsVc06Las_.s:94: Error: no such instruction: `ll %r9,4(%rsp)'
/tmp/iccsVc06Las_.s:95: Error: no such instruction: `addu %r8,%r9,$1'
/tmp/iccsVc06Las_.s:96: Error: no such instruction: `sc %r8,4(%rsp)'
/tmp/iccsVc06Las_.s:97: Error: no such instruction: `beqz %r8,1b'
/tmp/iccsVc06Las_.s:99: Error: expected comma after "reorder"
/tmp/iccsVc06Las_.s:100: Error: expected comma after "mips0"
/tmp/iccsVc06Las_.s:104: Error: expected comma after "mips3"
/tmp/iccsVc06Las_.s:105: Error: expected comma after "noreorder"
/tmp/iccsVc06Las_.s:106: Error: no such instruction: `ll %rax,4(%rsp)'
/tmp/iccsVc06Las_.s:107: Error: no such instruction: `addu %r11,%rax,%r10d'
/tmp/iccsVc06Las_.s:108: Error: no such instruction: `sc %r11,4(%rsp)'
/tmp/iccsVc06Las_.s:109: Error: no such instruction: `beqz %r11,1b'
/tmp/iccsVc06Las_.s:111: Error: expected comma after "reorder"
/tmp/iccsVc06Las_.s:112: Error: expected comma after "mips0"
/tmp/iccsVc06Las_.s:116: Error: expected comma after "mips3"
/tmp/iccsVc06Las_.s:117: Error: expected comma after "noreorder"
/tmp/iccsVc06Las_.s:118: Error: no such instruction: `ll %rsi,4(%rsp)'
/tmp/iccsVc06Las_.s:119: Error: no such instruction: `bne %rsi,$10,1f'
/tmp/iccsVc06Las_.s:120: Error: no such instruction: `move %rcx,%edx'
/tmp/iccsVc06Las_.s:121: Error: no such instruction: `sc %rcx,4(%rsp)'
/tmp/iccsVc06Las_.s:122: Error: no such instruction: `beqz %rcx,1b'
/tmp/iccsVc06Las_.s:124: Error: expected comma after "reorder"
/tmp/iccsVc06Las_.s:126: Error: expected comma after "mips0"
/tmp/iccsVc06Las_.s:132: Error: expected comma after "mips3"
/tmp/iccsVc06Las_.s:133: Error: expected comma after "noreorder"
/tmp/iccsVc06Las_.s:134: Error: no such instruction: `ll %r9,4(%rsp)'
/tmp/iccsVc06Las_.s:135: Error: no such instruction: `move %r8,%edi'
/tmp/iccsVc06Las_.s:136: Error: no such instruction: `sc %r8,4(%rsp)'
/tmp/iccsVc06Las_.s:137: Error: no such instruction: `beqz %r8,1b'
/tmp/iccsVc06Las_.s:139: Error: expected comma after "reorder"
/tmp/iccsVc06Las_.s:140: Error: expected comma after "mips0"
/tmp/iccsVc06Las_.s:144: Error: no such instruction: `sync'
/tmp/iccsVc06Las_.s:147: Error: no such instruction: `sync'
/tmp/iccsVc06Las_.s:150: Error: no such instruction: `sync'
configure:14627: $? = 1
configure: failed program was:
| /* confdefs.h.  */
| #define PACKAGE_NAME "OpenPA"
| #define PACKAGE_TARNAME "openpa"
| #define PACKAGE_VERSION "1.0.2"
| #define PACKAGE_STRING "OpenPA 1.0.2"
| #define PACKAGE_BUGREPORT "https://trac.mcs.anl.gov/projects/openpa/newticket"
| #define PACKAGE "openpa"
| #define VERSION "1.0.2"
| #define STDC_HEADERS 1
| #define HAVE_SYS_TYPES_H 1
| #define HAVE_SYS_STAT_H 1
| #define HAVE_STDLIB_H 1
| #define HAVE_STRING_H 1
| #define HAVE_MEMORY_H 1
| #define HAVE_STRINGS_H 1
| #define HAVE_INTTYPES_H 1
| #define HAVE_STDINT_H 1
| #define HAVE_UNISTD_H 1
| #define HAVE_DLFCN_H 1
| #define LT_OBJDIR ".libs/"
| #define HAVE_PTHREAD_H 1
| #define HAVE_INTTYPES_H 1
| #define HAVE_STDINT_H 1
| #define HAVE_STDDEF_H 1
| #define restrict __restrict
| #define HAVE_LIBPTHREAD 1
| #define HAVE_PTHREAD_YIELD 1
| #define MAX_NTHREADS 100
| #define SIZEOF_VOID_P 8
| #define SIZEOF_INT 4
| #define HAVE_GCC_ATTRIBUTE 1
| #define HAVE_GCC_X86_32_64 1
| #define HAVE_GCC_X86_32_64_P3 1
| /* end confdefs.h.  */
| 
| #define OPA_SIZEOF_INT SIZEOF_INT
| #define OPA_SIZEOF_VOID_P SIZEOF_VOID_P
| #ifndef _opa_inline
| #define _opa_inline inline
| #endif
| #ifndef _opa_restrict
| #define _opa_restrict restrict
| #endif
| #ifndef _opa_const
| #define _opa_const const
| #endif
| #ifdef HAVE_GCC_ATTRIBUTE
| #define OPA_HAVE_GCC_ATTRIBUTE 1
| #endif
| #include "opa_util.h" /* for OPA_ATTRIBUTE and friends */
| #include "primitives/opa_gcc_sicortex.h"
| 
| int
| main ()
| {
| 
|     OPA_int_t a, b;
|     int c;
| 
|     OPA_store_int(&a, 0);
|     OPA_store_int(&b, 1);
|     c = OPA_load_int(&a);
| 
|     OPA_add_int(&a, 10);
|     OPA_incr_int(&a);
|     OPA_decr_int(&a);
| 
|     c = OPA_decr_and_test_int(&a);
|     c = OPA_fetch_and_add_int(&a, 10);
|     c = OPA_fetch_and_incr_int(&a);
|     c = OPA_fetch_and_decr_int(&a);
| 
|     c = OPA_cas_int(&a, 10, 11);
|     c = OPA_swap_int(&a, OPA_load_int(&b));
| 
|     OPA_write_barrier();
|     OPA_read_barrier();
|     OPA_read_write_barrier();
| 
|   ;
|   return 0;
| }
| 
configure:14648: result: no
configure:14667: checking for support for gcc atomic intrinsics
configure:14733: icc -o conftest -D_LARGEFILE_SOURCE -D_LARGEFILE64_SOURCE -D_FILE_OFFSET_BITS=64 -O2  -I./src   conftest.c -lpthread  >&5
./src/primitives/opa_gcc_intrinsics.h(47): warning #2206: extra arguments ignored
      return __sync_fetch_and_add(&ptr->v, val, /* protected variables: */ &ptr->v);
                                                                           ^

./src/primitives/opa_gcc_intrinsics.h(52): warning #2206: extra arguments ignored
      return __sync_sub_and_fetch(&ptr->v, 1, /* protected variables: */ &ptr->v) == 0;
                                                                         ^

./src/primitives/opa_gcc_intrinsics.h(64): warning #2206: extra arguments ignored
      return __sync_val_compare_and_swap(&ptr->v, oldv, newv, /* protected variables: */ &ptr->v);
                                                                                         ^

./src/primitives/opa_gcc_intrinsics.h(69): warning #2206: extra arguments ignored
      return __sync_val_compare_and_swap(&ptr->v, oldv, newv, /* protected variables: */ &ptr->v);
                                                                                         ^

configure:14740: $? = 0
configure:14754: result: yes
configure:14778: checking for support for Windows NT atomic intrinsics
configure:14844: icc -o conftest -D_LARGEFILE_SOURCE -D_LARGEFILE64_SOURCE -D_FILE_OFFSET_BITS=64 -O2  -I./src   conftest.c -lpthread  >&5
./src/primitives/opa_nt_intrinsics.h(11): catastrophic error: cannot open source file "windows.h"
  #include<windows.h>
                     ^

compilation aborted for conftest.c (code 4)
configure:14851: $? = 4
configure: failed program was:
| /* confdefs.h.  */
| #define PACKAGE_NAME "OpenPA"
| #define PACKAGE_TARNAME "openpa"
| #define PACKAGE_VERSION "1.0.2"
| #define PACKAGE_STRING "OpenPA 1.0.2"
| #define PACKAGE_BUGREPORT "https://trac.mcs.anl.gov/projects/openpa/newticket"
| #define PACKAGE "openpa"
| #define VERSION "1.0.2"
| #define STDC_HEADERS 1
| #define HAVE_SYS_TYPES_H 1
| #define HAVE_SYS_STAT_H 1
| #define HAVE_STDLIB_H 1
| #define HAVE_STRING_H 1
| #define HAVE_MEMORY_H 1
| #define HAVE_STRINGS_H 1
| #define HAVE_INTTYPES_H 1
| #define HAVE_STDINT_H 1
| #define HAVE_UNISTD_H 1
| #define HAVE_DLFCN_H 1
| #define LT_OBJDIR ".libs/"
| #define HAVE_PTHREAD_H 1
| #define HAVE_INTTYPES_H 1
| #define HAVE_STDINT_H 1
| #define HAVE_STDDEF_H 1
| #define restrict __restrict
| #define HAVE_LIBPTHREAD 1
| #define HAVE_PTHREAD_YIELD 1
| #define MAX_NTHREADS 100
| #define SIZEOF_VOID_P 8
| #define SIZEOF_INT 4
| #define HAVE_GCC_ATTRIBUTE 1
| #define HAVE_GCC_X86_32_64 1
| #define HAVE_GCC_X86_32_64_P3 1
| #define HAVE_GCC_INTRINSIC_ATOMICS 1
| /* end confdefs.h.  */
| 
| #define OPA_SIZEOF_INT SIZEOF_INT
| #define OPA_SIZEOF_VOID_P SIZEOF_VOID_P
| #ifndef _opa_inline
| #define _opa_inline inline
| #endif
| #ifndef _opa_restrict
| #define _opa_restrict restrict
| #endif
| #ifndef _opa_const
| #define _opa_const const
| #endif
| #ifdef HAVE_GCC_ATTRIBUTE
| #define OPA_HAVE_GCC_ATTRIBUTE 1
| #endif
| #include "opa_util.h" /* for OPA_ATTRIBUTE and friends */
| #include "primitives/opa_nt_intrinsics.h"
| 
| int
| main ()
| {
| 
|     OPA_int_t a, b;
|     int c;
| 
|     OPA_store_int(&a, 0);
|     OPA_store_int(&b, 1);
|     c = OPA_load_int(&a);
| 
|     OPA_add_int(&a, 10);
|     OPA_incr_int(&a);
|     OPA_decr_int(&a);
| 
|     c = OPA_decr_and_test_int(&a);
|     c = OPA_fetch_and_add_int(&a, 10);
|     c = OPA_fetch_and_incr_int(&a);
|     c = OPA_fetch_and_decr_int(&a);
| 
|     c = OPA_cas_int(&a, 10, 11);
|     c = OPA_swap_int(&a, OPA_load_int(&b));
| 
|     OPA_write_barrier();
|     OPA_read_barrier();
|     OPA_read_write_barrier();
| 
|   ;
|   return 0;
| }
| 
configure:14872: result: no
configure:14889: checking for support for Sun atomic operations library
configure:14955: icc -o conftest -D_LARGEFILE_SOURCE -D_LARGEFILE64_SOURCE -D_FILE_OFFSET_BITS=64 -O2  -I./src   conftest.c -lpthread  >&5
./src/primitives/opa_sun_atomic_ops.h(11): catastrophic error: cannot open source file "atomic.h"
  #include <atomic.h>
                     ^

compilation aborted for conftest.c (code 4)
configure:14962: $? = 4
configure: failed program was:
| /* confdefs.h.  */
| #define PACKAGE_NAME "OpenPA"
| #define PACKAGE_TARNAME "openpa"
| #define PACKAGE_VERSION "1.0.2"
| #define PACKAGE_STRING "OpenPA 1.0.2"
| #define PACKAGE_BUGREPORT "https://trac.mcs.anl.gov/projects/openpa/newticket"
| #define PACKAGE "openpa"
| #define VERSION "1.0.2"
| #define STDC_HEADERS 1
| #define HAVE_SYS_TYPES_H 1
| #define HAVE_SYS_STAT_H 1
| #define HAVE_STDLIB_H 1
| #define HAVE_STRING_H 1
| #define HAVE_MEMORY_H 1
| #define HAVE_STRINGS_H 1
| #define HAVE_INTTYPES_H 1
| #define HAVE_STDINT_H 1
| #define HAVE_UNISTD_H 1
| #define HAVE_DLFCN_H 1
| #define LT_OBJDIR ".libs/"
| #define HAVE_PTHREAD_H 1
| #define HAVE_INTTYPES_H 1
| #define HAVE_STDINT_H 1
| #define HAVE_STDDEF_H 1
| #define restrict __restrict
| #define HAVE_LIBPTHREAD 1
| #define HAVE_PTHREAD_YIELD 1
| #define MAX_NTHREADS 100
| #define SIZEOF_VOID_P 8
| #define SIZEOF_INT 4
| #define HAVE_GCC_ATTRIBUTE 1
| #define HAVE_GCC_X86_32_64 1
| #define HAVE_GCC_X86_32_64_P3 1
| #define HAVE_GCC_INTRINSIC_ATOMICS 1
| /* end confdefs.h.  */
| 
| #define OPA_SIZEOF_INT SIZEOF_INT
| #define OPA_SIZEOF_VOID_P SIZEOF_VOID_P
| #ifndef _opa_inline
| #define _opa_inline inline
| #endif
| #ifndef _opa_restrict
| #define _opa_restrict restrict
| #endif
| #ifndef _opa_const
| #define _opa_const const
| #endif
| #ifdef HAVE_GCC_ATTRIBUTE
| #define OPA_HAVE_GCC_ATTRIBUTE 1
| #endif
| #include "opa_util.h" /* for OPA_ATTRIBUTE and friends */
| #include "primitives/opa_sun_atomic_ops.h"
| 
| int
| main ()
| {
| 
|     OPA_int_t a, b;
|     int c;
| 
|     OPA_store_int(&a, 0);
|     OPA_store_int(&b, 1);
|     c = OPA_load_int(&a);
| 
|     OPA_add_int(&a, 10);
|     OPA_incr_int(&a);
|     OPA_decr_int(&a);
| 
|     c = OPA_decr_and_test_int(&a);
|     c = OPA_fetch_and_add_int(&a, 10);
|     c = OPA_fetch_and_incr_int(&a);
|     c = OPA_fetch_and_decr_int(&a);
| 
|     c = OPA_cas_int(&a, 10, 11);
|     c = OPA_swap_int(&a, OPA_load_int(&b));
| 
|     OPA_write_barrier();
|     OPA_read_barrier();
|     OPA_read_write_barrier();
| 
|   ;
|   return 0;
| }
| 
configure:14983: result: no
configure:15077: checking whether to enable strict fairness checks
configure:15095: result: no
configure:15233: creating ./config.status

## ---------------------- ##
## Running config.status. ##
## ---------------------- ##

This file was extended by OpenPA config.status 1.0.2, which was
generated by GNU Autoconf 2.63.  Invocation command line was

  CONFIG_FILES    = 
  CONFIG_HEADERS  = 
  CONFIG_LINKS    = 
  CONFIG_COMMANDS = 
  $ ./config.status 

on mitsuko.aer.mw.tum.de

config.status:1005: creating Makefile
config.status:1005: creating src/Makefile
config.status:1005: creating test/Makefile
config.status:1005: creating openpa.pc
config.status:1005: creating src/config.h
config.status:1227: src/config.h is unchanged
config.status:1279: executing depfiles commands
config.status:1279: executing libtool commands
config.status:1279: executing src/opa_config.h commands
config.status:2089: creating src/opa_config.h - prefix OPA for src/config.h defines
config.status:2111: src/opa_config.h is unchanged

## ---------------- ##
## Cache variables. ##
## ---------------- ##

ac_cv_build=x86_64-unknown-linux-gnu
ac_cv_c_compiler_gnu=yes
ac_cv_c_const=yes
ac_cv_c_inline=inline
ac_cv_c_restrict=__restrict
ac_cv_env_CC_set=set
ac_cv_env_CC_value=icc
ac_cv_env_CFLAGS_set=set
ac_cv_env_CFLAGS_value='-D_LARGEFILE_SOURCE -D_LARGEFILE64_SOURCE -D_FILE_OFFSET_BITS=64 -O2 '
ac_cv_env_CPPFLAGS_set=
ac_cv_env_CPPFLAGS_value=
ac_cv_env_CPP_set=
ac_cv_env_CPP_value=
ac_cv_env_LDFLAGS_set=
ac_cv_env_LDFLAGS_value=
ac_cv_env_LIBS_set=
ac_cv_env_LIBS_value=
ac_cv_env_build_alias_set=
ac_cv_env_build_alias_value=
ac_cv_env_host_alias_set=
ac_cv_env_host_alias_value=
ac_cv_env_target_alias_set=
ac_cv_env_target_alias_value=
ac_cv_func_pthread_yield=yes
ac_cv_header_atomic_h=no
ac_cv_header_dlfcn_h=yes
ac_cv_header_intrin_h=no
ac_cv_header_inttypes_h=yes
ac_cv_header_memory_h=yes
ac_cv_header_pthread_h=yes
ac_cv_header_stdc=yes
ac_cv_header_stddef_h=yes
ac_cv_header_stdint_h=yes
ac_cv_header_stdlib_h=yes
ac_cv_header_string_h=yes
ac_cv_header_strings_h=yes
ac_cv_header_sys_stat_h=yes
ac_cv_header_sys_types_h=yes
ac_cv_header_unistd_h=yes
ac_cv_host=x86_64-unknown-linux-gnu
ac_cv_lib_pthread_pthread_create=yes
ac_cv_objext=o
ac_cv_path_EGREP='/bin/grep -E'
ac_cv_path_FGREP='/bin/grep -F'
ac_cv_path_GREP=/bin/grep
ac_cv_path_SED=/bin/sed
ac_cv_path_install='/usr/bin/install -c'
ac_cv_path_mkdir=/bin/mkdir
ac_cv_prog_AWK=gawk
ac_cv_prog_CPP='icc -E'
ac_cv_prog_ac_ct_AR=ar
ac_cv_prog_ac_ct_CC=icc
ac_cv_prog_ac_ct_OBJDUMP=objdump
ac_cv_prog_ac_ct_RANLIB=ranlib
ac_cv_prog_ac_ct_STRIP=strip
ac_cv_prog_cc_c89=
ac_cv_prog_cc_g=yes
ac_cv_prog_make_make_set=yes
ac_cv_sizeof_int=4
ac_cv_sizeof_void_p=8
am_cv_CC_dependencies_compiler_type=gcc3
lt_cv_deplibs_check_method=pass_all
lt_cv_file_magic_cmd='$MAGIC_CMD'
lt_cv_file_magic_test_file=
lt_cv_ld_reload_flag=-r
lt_cv_nm_interface='BSD nm'
lt_cv_objdir=.libs
lt_cv_path_LD=/usr/bin/ld
lt_cv_path_NM='/usr/bin/nm -B'
lt_cv_prog_compiler_c_o=yes
lt_cv_prog_compiler_pic_works=yes
lt_cv_prog_compiler_rtti_exceptions=yes
lt_cv_prog_compiler_static_works=no
lt_cv_prog_gnu_ld=yes
lt_cv_sys_global_symbol_pipe='sed -n -e '\''s/^.*[	 ]\([ABCDGIRSTW][ABCDGIRSTW]*\)[	 ][	 ]*\([_A-Za-z][_A-Za-z0-9]*\)$/\1 \2 \2/p'\'''
lt_cv_sys_global_symbol_to_c_name_address='sed -n -e '\''s/^: \([^ ]*\) $/  {\"\1\", (void *) 0},/p'\'' -e '\''s/^[ABCDGIRSTW]* \([^ ]*\) \([^ ]*\)$/  {"\2", (void *) \&\2},/p'\'''
lt_cv_sys_global_symbol_to_c_name_address_lib_prefix='sed -n -e '\''s/^: \([^ ]*\) $/  {\"\1\", (void *) 0},/p'\'' -e '\''s/^[ABCDGIRSTW]* \([^ ]*\) \(lib[^ ]*\)$/  {"\2", (void *) \&\2},/p'\'' -e '\''s/^[ABCDGIRSTW]* \([^ ]*\) \([^ ]*\)$/  {"lib\2", (void *) \&\2},/p'\'''
lt_cv_sys_global_symbol_to_cdecl='sed -n -e '\''s/^T .* \(.*\)$/extern int \1();/p'\'' -e '\''s/^[ABCDGIRSTW]* .* \(.*\)$/extern char \1;/p'\'''
lt_cv_sys_max_cmd_len=1966080
pac_cv_gnu_attr_format=yes
pac_cv_gnu_attr_pure=yes

## ----------------- ##
## Output variables. ##
## ----------------- ##

ACLOCAL='${SHELL} /scratch/ptc/ppm/work/mpich2-1.4.1p1/src/openpa/confdb/missing --run aclocal-1.11'
AMDEPBACKSLASH='\'
AMDEP_FALSE='#'
AMDEP_TRUE=''
AMTAR='${SHELL} /scratch/ptc/ppm/work/mpich2-1.4.1p1/src/openpa/confdb/missing --run tar'
AR='ar'
AUTOCONF='${SHELL} /scratch/ptc/ppm/work/mpich2-1.4.1p1/src/openpa/confdb/missing --run autoconf'
AUTOHEADER='${SHELL} /scratch/ptc/ppm/work/mpich2-1.4.1p1/src/openpa/confdb/missing --run autoheader'
AUTOMAKE='${SHELL} /scratch/ptc/ppm/work/mpich2-1.4.1p1/src/openpa/confdb/missing --run automake-1.11'
AWK='gawk'
CC='icc'
CCDEPMODE='depmode=gcc3'
CFLAGS='-D_LARGEFILE_SOURCE -D_LARGEFILE64_SOURCE -D_FILE_OFFSET_BITS=64 -O2 '
CPP='icc -E'
CPPFLAGS=''
CYGPATH_W='echo'
DEFS='-DHAVE_CONFIG_H'
DEPDIR='.deps'
DSYMUTIL=''
DUMPBIN=''
ECHO_C=''
ECHO_N='-n'
ECHO_T=''
EGREP='/bin/grep -E'
EXEEXT=''
FGREP='/bin/grep -F'
GREP='/bin/grep'
INSTALL_DATA='${INSTALL} -m 644'
INSTALL_PROGRAM='${INSTALL}'
INSTALL_SCRIPT='${INSTALL}'
INSTALL_STRIP_PROGRAM='$(install_sh) -c -s'
LD='/usr/bin/ld -m elf_x86_64'
LDFLAGS=''
LIBOBJS=''
LIBS='-lpthread '
LIBTOOL='$(SHELL) $(top_builddir)/libtool'
LIPO=''
LN_S='ln -s'
LTLIBOBJS=''
MAKEINFO='${SHELL} /scratch/ptc/ppm/work/mpich2-1.4.1p1/src/openpa/confdb/missing --run makeinfo'
MKDIR_P='/bin/mkdir -p'
NM='/usr/bin/nm -B'
NMEDIT=''
OBJDUMP='objdump'
OBJEXT='o'
OTOOL64=''
OTOOL=''
PACKAGE='openpa'
PACKAGE_BUGREPORT='https://trac.mcs.anl.gov/projects/openpa/newticket'
PACKAGE_NAME='OpenPA'
PACKAGE_STRING='OpenPA 1.0.2'
PACKAGE_TARNAME='openpa'
PACKAGE_VERSION='1.0.2'
PATH_SEPARATOR=':'
RANLIB='ranlib'
SED='/bin/sed'
SET_MAKE=''
SHELL='/bin/sh'
STRIP='strip'
VERSION='1.0.2'
ac_ct_CC='icc'
ac_ct_DUMPBIN=''
am__EXEEXT_FALSE=''
am__EXEEXT_TRUE='#'
am__fastdepCC_FALSE='#'
am__fastdepCC_TRUE=''
am__include='include'
am__isrc=''
am__leading_dot='.'
am__quote=''
am__tar='${AMTAR} chof - "$$tardir"'
am__untar='${AMTAR} xf -'
bindir='${exec_prefix}/bin'
build='x86_64-unknown-linux-gnu'
build_alias=''
build_cpu='x86_64'
build_os='linux-gnu'
build_vendor='unknown'
datadir='${datarootdir}'
datarootdir='${prefix}/share'
docdir='${datarootdir}/doc/${PACKAGE_TARNAME}'
dvidir='${docdir}'
exec_prefix='${prefix}'
external_pkg_config_libs=''
host='x86_64-unknown-linux-gnu'
host_alias=''
host_cpu='x86_64'
host_os='linux-gnu'
host_vendor='unknown'
htmldir='${docdir}'
includedir='${prefix}/include'
infodir='${datarootdir}/info'
install_sh='${SHELL} /scratch/ptc/ppm/work/mpich2-1.4.1p1/src/openpa/confdb/install-sh'
internal_pkg_config_libs=''
libdir='${exec_prefix}/lib'
libexecdir='${exec_prefix}/libexec'
libopa_so_version='1:0'
localedir='${datarootdir}/locale'
localstatedir='${prefix}/var'
lt_ECHO='echo'
mandir='${datarootdir}/man'
mkdir_p='/bin/mkdir -p'
oldincludedir='/usr/include'
pdfdir='${docdir}'
prefix='/scratch/ptc/prefix-O2/mpich2/1.4.1p1'
program_transform_name='s,x,x,'
psdir='${docdir}'
sbindir='${exec_prefix}/sbin'
sharedstatedir='${prefix}/com'
sysconfdir='${prefix}/etc'
target_alias=''

## ----------- ##
## confdefs.h. ##
## ----------- ##

#define PACKAGE_NAME "OpenPA"
#define PACKAGE_TARNAME "openpa"
#define PACKAGE_VERSION "1.0.2"
#define PACKAGE_STRING "OpenPA 1.0.2"
#define PACKAGE_BUGREPORT "https://trac.mcs.anl.gov/projects/openpa/newticket"
#define PACKAGE "openpa"
#define VERSION "1.0.2"
#define STDC_HEADERS 1
#define HAVE_SYS_TYPES_H 1
#define HAVE_SYS_STAT_H 1
#define HAVE_STDLIB_H 1
#define HAVE_STRING_H 1
#define HAVE_MEMORY_H 1
#define HAVE_STRINGS_H 1
#define HAVE_INTTYPES_H 1
#define HAVE_STDINT_H 1
#define HAVE_UNISTD_H 1
#define HAVE_DLFCN_H 1
#define LT_OBJDIR ".libs/"
#define HAVE_PTHREAD_H 1
#define HAVE_INTTYPES_H 1
#define HAVE_STDINT_H 1
#define HAVE_STDDEF_H 1
#define restrict __restrict
#define HAVE_LIBPTHREAD 1
#define HAVE_PTHREAD_YIELD 1
#define MAX_NTHREADS 100
#define SIZEOF_VOID_P 8
#define SIZEOF_INT 4
#define HAVE_GCC_ATTRIBUTE 1
#define HAVE_GCC_X86_32_64 1
#define HAVE_GCC_X86_32_64_P3 1
#define HAVE_GCC_INTRINSIC_ATOMICS 1

configure: exit 0
